[2025-07-14 10:38:24] root: INFO: Starting Flye 2.9.5-b1801
[2025-07-14 10:38:24] root: DEBUG: Cmd: /net/ostrom/data/bcc/charliew/.conda/envs/flye_2.9.5/bin/flye --nano-hq S-1030_3_20k_30k.fastq --threads 24 --genome-size 10m --out-dir S-1030_3_20k_30k.assembly
[2025-07-14 10:38:24] root: DEBUG: Python version: 3.12.5 | packaged by conda-forge | (main, Aug  8 2024, 18:36:51) [GCC 12.4.0]
[2025-07-14 10:38:24] root: INFO: >>>STAGE: configure
[2025-07-14 10:38:24] root: INFO: Configuring run
[2025-07-14 10:38:43] root: INFO: Total read length: 7094216826
[2025-07-14 10:38:43] root: INFO: Input genome size: 10000000
[2025-07-14 10:38:43] root: INFO: Estimated coverage: 709
[2025-07-14 10:38:43] root: INFO: Reads N50/N90: 24542 / 20843
[2025-07-14 10:38:43] root: INFO: Minimum overlap set to 10000
[2025-07-14 10:38:43] root: INFO: >>>STAGE: assembly
[2025-07-14 10:38:43] root: INFO: Assembling disjointigs
[2025-07-14 10:38:43] root: DEBUG: -----Begin assembly log------
[2025-07-14 10:38:43] root: DEBUG: Running: flye-modules assemble --reads /net/bmc-lab3/data/bcc/charliew/ont_flye/ont_flye_workflow/work/b2/e077db41962c8c110319ee14706942/S-1030_3_20k_30k.fastq --out-asm /net/bmc-lab3/data/bcc/charliew/ont_flye/ont_flye_workflow/work/b2/e077db41962c8c110319ee14706942/S-1030_3_20k_30k.assembly/00-assembly/draft_assembly.fasta --config /home/charliew/.conda/envs/flye_2.9.5/lib/python3.12/site-packages/flye/config/bin_cfg/asm_nano_hq.cfg --log /net/bmc-lab3/data/bcc/charliew/ont_flye/ont_flye_workflow/work/b2/e077db41962c8c110319ee14706942/S-1030_3_20k_30k.assembly/flye.log --threads 24 --genome-size 10000000 --min-ovlp 10000
[2025-07-14 10:38:43] DEBUG: Build date: Aug 30 2024 21:28:54
[2025-07-14 10:38:43] DEBUG: Total RAM: 376 Gb
[2025-07-14 10:38:43] DEBUG: Available RAM: 352 Gb
[2025-07-14 10:38:43] DEBUG: Total CPUs: 96
[2025-07-14 10:38:43] DEBUG: Loading /home/charliew/.conda/envs/flye_2.9.5/lib/python3.12/site-packages/flye/config/bin_cfg/asm_nano_hq.cfg
[2025-07-14 10:38:43] DEBUG: Loading /home/charliew/.conda/envs/flye_2.9.5/lib/python3.12/site-packages/flye/config/bin_cfg/asm_defaults.cfg
[2025-07-14 10:38:43] DEBUG: 	big_genome_threshold=29000000
[2025-07-14 10:38:43] DEBUG: 	meta_read_filter_kmer_freq=100
[2025-07-14 10:38:43] DEBUG: 	chain_large_gap_penalty=2
[2025-07-14 10:38:43] DEBUG: 	chain_small_gap_penalty=0.5
[2025-07-14 10:38:43] DEBUG: 	chain_gap_jump_threshold=100
[2025-07-14 10:38:43] DEBUG: 	max_jump_gap=500
[2025-07-14 10:38:43] DEBUG: 	max_coverage_drop_rate=5
[2025-07-14 10:38:43] DEBUG: 	max_extensions_drop_rate=5
[2025-07-14 10:38:43] DEBUG: 	chimera_window=100
[2025-07-14 10:38:43] DEBUG: 	chimera_overhang=1000
[2025-07-14 10:38:43] DEBUG: 	min_reads_in_disjointig=4
[2025-07-14 10:38:43] DEBUG: 	max_inner_reads=10
[2025-07-14 10:38:43] DEBUG: 	max_inner_fraction=0.25
[2025-07-14 10:38:43] DEBUG: 	aggressive_dup_filter=1
[2025-07-14 10:38:43] DEBUG: 	max_separation=500
[2025-07-14 10:38:43] DEBUG: 	unique_edge_length=50000
[2025-07-14 10:38:43] DEBUG: 	min_repeat_res_support=0.51
[2025-07-14 10:38:43] DEBUG: 	out_paths_ratio=5
[2025-07-14 10:38:43] DEBUG: 	graph_cov_drop_rate=5
[2025-07-14 10:38:43] DEBUG: 	coverage_estimate_window=100
[2025-07-14 10:38:43] DEBUG: 	max_bubble_length=50000
[2025-07-14 10:38:43] DEBUG: 	loop_coverage_rate=1.5
[2025-07-14 10:38:43] DEBUG: 	repeat_edge_cov_mult=1.75
[2025-07-14 10:38:43] DEBUG: 	weak_detach_rate=5
[2025-07-14 10:38:43] DEBUG: 	tip_coverage_rate=2
[2025-07-14 10:38:43] DEBUG: 	tip_length_rate=2
[2025-07-14 10:38:43] DEBUG: 	output_gfa_before_rr=1
[2025-07-14 10:38:43] DEBUG: 	remove_alt_edges=0
[2025-07-14 10:38:43] DEBUG: 	low_cutoff_warning=0
[2025-07-14 10:38:43] DEBUG: 	kmer_size=17
[2025-07-14 10:38:43] DEBUG: 	use_minimizers=1
[2025-07-14 10:38:43] DEBUG: 	minimizer_window=10
[2025-07-14 10:38:43] DEBUG: 	reads_base_alignment=1
[2025-07-14 10:38:43] DEBUG: 	meta_read_top_kmer_rate=0.75
[2025-07-14 10:38:43] DEBUG: 	maximum_jump=1500
[2025-07-14 10:38:43] DEBUG: 	maximum_overhang=1500
[2025-07-14 10:38:43] DEBUG: 	repeat_kmer_rate=100
[2025-07-14 10:38:43] DEBUG: 	assemble_ovlp_divergence=0.05
[2025-07-14 10:38:43] DEBUG: 	assemble_divergence_relative=1
[2025-07-14 10:38:43] DEBUG: 	repeat_graph_ovlp_divergence=0.05
[2025-07-14 10:38:43] DEBUG: 	read_align_ovlp_divergence=0.10
[2025-07-14 10:38:43] DEBUG: 	hpc_scoring_on=1
[2025-07-14 10:38:43] DEBUG: 	add_unassembled_reads=0
[2025-07-14 10:38:43] DEBUG: 	extend_contigs_with_repeats=0
[2025-07-14 10:38:43] DEBUG: 	min_read_cov_cutoff=3
[2025-07-14 10:38:43] DEBUG: 	short_tip_length=20000
[2025-07-14 10:38:43] DEBUG: 	long_tip_length=100000
[2025-07-14 10:38:43] DEBUG: Running with k-mer size: 17
[2025-07-14 10:38:43] DEBUG: Running with minimum overlap 10000
[2025-07-14 10:38:43] DEBUG: Metagenome mode: N
[2025-07-14 10:38:43] DEBUG: Short mode: N
[2025-07-14 10:38:43] INFO: Reading sequences
[2025-07-14 10:39:03] DEBUG: Building positional index
[2025-07-14 10:39:03] DEBUG: Total sequence: 7094216826 bp
[2025-07-14 10:39:03] INFO: Building minimizer index
[2025-07-14 10:39:03] INFO: Pre-calculating index storage
[2025-07-14 10:39:33] DEBUG: Mean k-mer frequency: 12.6227
[2025-07-14 10:39:33] DEBUG: Repetitive k-mer frequency: 1262
[2025-07-14 10:39:33] DEBUG: Filtered 465104735 repetitive k-mers (0.362509)
[2025-07-14 10:39:35] INFO: Filling index
[2025-07-14 10:40:01] DEBUG: Sorting k-mer index
[2025-07-14 10:40:11] DEBUG: Selected k-mers: 101629462
[2025-07-14 10:40:11] DEBUG: K-mer index size: 817910173
[2025-07-14 10:40:11] DEBUG: Mean k-mer frequency: 8.04796
[2025-07-14 10:40:11] DEBUG: Minimizer rate: 8.67359
[2025-07-14 10:40:11] DEBUG: Peak RAM usage: 9 Gb
[2025-07-14 10:40:11] DEBUG: Estimating k-mer identity bias
[2025-07-14 10:41:23] DEBUG: Initial divergence estimate : 0.0523734
[2025-07-14 10:41:23] DEBUG: Relative threshold: Y
[2025-07-14 10:41:23] DEBUG: Max divergence threshold set to 0.102373
[2025-07-14 10:41:23] INFO: Extending reads
[2025-07-14 10:41:23] DEBUG: Estimating overlap coverage
[2025-07-14 10:57:16] INFO: Overlap-based coverage: 388
[2025-07-14 10:57:16] INFO: Median overlap divergence: 0.0558728
[2025-07-14 10:57:16] DEBUG: Sequence divergence distribution: 

    |    *               |                                                                               
    |    *               |                                                                               
    |    *               |                                                                               
    |    **              |                                                                               
    |    **              |                                                                               
    |   ***              |                                                                               
    |   ***              |                                                                               
    |   ***              |                                                                               
    |   ***              |                                                                               
    |   ****             |                                                                               
    |   ****             |                                                                               
    |   ****       * * * |                                                                               
    |   *****    *** * **|                                                                               
    |   *****************|                                                                               
    |   *******************                                                                              
    |   ********************                                                                             
    |  **********************                                                                            
    |  **********************                                                                            
    |  **************************                                                                        
    |**************************************   *  *         *       *      *                              
    ----------------------------------------------------------------------------------------------------
    0%        5%        10%       15%       20%       25%       30%       35%       40%       45%       

    Q25 = 0.028, Q50 = 0.056, Q75 = 0.087

[2025-07-14 12:26:05] DEBUG: Assembled disjointig 1
	With 1290 reads
	Start read: +2302c9d9-93a7-4d2b-9c8a-948aa76b6efc
	At position: 1264
	leftTip: 0 rightTip: 1
	Suspicious: 0
	Short ext: 0
	Mean extensions: 374
	Avg overlap len: 26991
	Min overlap len: 16278
	Inner reads: 0
	Length: 2947139
[2025-07-14 12:26:06] DEBUG: Inner: 95016 covered: 268738 total: 582514
[2025-07-14 12:26:06] DEBUG: Discarded disjointig with 1290 reads and 1288 inner overlaps
[2025-07-14 12:26:06] DEBUG: Discarded disjointig with 1292 reads and 1290 inner overlaps
[2025-07-14 12:26:06] DEBUG: Discarded disjointig with 1294 reads and 1292 inner overlaps
[2025-07-14 12:26:06] DEBUG: Discarded disjointig with 1287 reads and 1285 inner overlaps
[2025-07-14 12:26:06] DEBUG: Discarded disjointig with 1291 reads and 1289 inner overlaps
[2025-07-14 12:26:06] DEBUG: Discarded disjointig with 1292 reads and 1290 inner overlaps
[2025-07-14 12:26:06] DEBUG: Discarded disjointig with 1156 reads and 1154 inner overlaps
[2025-07-14 12:26:06] DEBUG: Discarded disjointig with 1288 reads and 1286 inner overlaps
[2025-07-14 12:26:06] DEBUG: Discarded disjointig with 1276 reads and 1274 inner overlaps
[2025-07-14 12:26:06] DEBUG: Discarded disjointig with 1289 reads and 1287 inner overlaps
[2025-07-14 12:26:06] DEBUG: Discarded disjointig with 1141 reads and 1139 inner overlaps
[2025-07-14 12:26:06] DEBUG: Discarded disjointig with 1288 reads and 1286 inner overlaps
[2025-07-14 12:26:06] DEBUG: Discarded disjointig with 1234 reads and 1232 inner overlaps
[2025-07-14 12:26:06] DEBUG: Discarded disjointig with 1289 reads and 1287 inner overlaps
[2025-07-14 12:26:06] DEBUG: Discarded disjointig with 1221 reads and 1219 inner overlaps
[2025-07-14 12:26:06] DEBUG: Discarded disjointig with 1289 reads and 1287 inner overlaps
[2025-07-14 12:26:06] DEBUG: Discarded disjointig with 1288 reads and 1286 inner overlaps
[2025-07-14 12:26:06] DEBUG: Discarded disjointig with 1288 reads and 1286 inner overlaps
[2025-07-14 12:26:06] DEBUG: Discarded disjointig with 1281 reads and 1279 inner overlaps
[2025-07-14 12:26:06] DEBUG: Discarded disjointig with 1289 reads and 1287 inner overlaps
[2025-07-14 12:26:06] DEBUG: Discarded disjointig with 1286 reads and 1284 inner overlaps
[2025-07-14 12:26:06] DEBUG: Discarded disjointig with 1291 reads and 1289 inner overlaps
[2025-07-14 12:26:07] DEBUG: Discarded disjointig with 1248 reads and 1246 inner overlaps
[2025-07-14 13:35:00] DEBUG: Assembled disjointig 2
	With 1008 reads
	Start read: +985c00e6-1809-49ad-baf4-99f68c1bb7da
	At position: 109
	leftTip: 0 rightTip: 1
	Suspicious: 1
	Short ext: 1
	Mean extensions: 358
	Avg overlap len: 26816
	Min overlap len: 1341
	Inner reads: 0
	Length: 2420304
[2025-07-14 13:35:00] DEBUG: Inner: 170522 covered: 386910 total: 582514
[2025-07-14 13:35:00] DEBUG: Discarded disjointig with 1011 reads and 1009 inner overlaps
[2025-07-14 13:35:00] DEBUG: Discarded disjointig with 901 reads and 899 inner overlaps
[2025-07-14 13:35:00] DEBUG: Discarded disjointig with 997 reads and 995 inner overlaps
[2025-07-14 13:35:00] DEBUG: Discarded disjointig with 1007 reads and 1005 inner overlaps
[2025-07-14 13:35:00] DEBUG: Discarded disjointig with 1008 reads and 1006 inner overlaps
[2025-07-14 13:35:00] DEBUG: Discarded disjointig with 1010 reads and 1008 inner overlaps
[2025-07-14 13:35:00] DEBUG: Discarded disjointig with 993 reads and 991 inner overlaps
[2025-07-14 13:35:00] DEBUG: Discarded disjointig with 1010 reads and 1008 inner overlaps
[2025-07-14 13:35:00] DEBUG: Discarded disjointig with 905 reads and 903 inner overlaps
[2025-07-14 13:35:00] DEBUG: Discarded disjointig with 945 reads and 943 inner overlaps
[2025-07-14 13:35:00] DEBUG: Discarded disjointig with 988 reads and 986 inner overlaps
[2025-07-14 13:35:00] DEBUG: Discarded disjointig with 1008 reads and 1006 inner overlaps
[2025-07-14 13:35:00] DEBUG: Discarded disjointig with 1006 reads and 1004 inner overlaps
[2025-07-14 13:35:00] DEBUG: Discarded disjointig with 1011 reads and 1009 inner overlaps
[2025-07-14 13:35:00] DEBUG: Discarded disjointig with 1008 reads and 1006 inner overlaps
[2025-07-14 13:35:00] DEBUG: Discarded disjointig with 1008 reads and 1006 inner overlaps
[2025-07-14 13:35:00] DEBUG: Discarded disjointig with 999 reads and 997 inner overlaps
[2025-07-14 13:35:00] DEBUG: Discarded disjointig with 1007 reads and 1005 inner overlaps
[2025-07-14 13:35:00] DEBUG: Discarded disjointig with 882 reads and 880 inner overlaps
[2025-07-14 13:35:00] DEBUG: Discarded disjointig with 963 reads and 961 inner overlaps
[2025-07-14 13:35:00] DEBUG: Discarded disjointig with 1011 reads and 1009 inner overlaps
[2025-07-14 13:35:04] DEBUG: Discarded disjointig with 1012 reads and 1010 inner overlaps
[2025-07-14 13:35:09] DEBUG: Discarded disjointig with 1012 reads and 1009 inner overlaps
[2025-07-14 13:58:14] INFO: Assembled 2 disjointigs
[2025-07-14 13:58:15] INFO: Generating sequence
[2025-07-14 13:58:16] DEBUG: Building positional index
[2025-07-14 13:58:16] DEBUG: Total sequence: 5346491 bp
[2025-07-14 13:58:16] DEBUG: Mean k-mer frequency: 1.01441
[2025-07-14 13:58:16] DEBUG: Repetitive k-mer frequency: 101
[2025-07-14 13:58:16] DEBUG: Filtered 0 repetitive k-mers (0)
[2025-07-14 13:58:17] DEBUG: Sorting k-mer index
[2025-07-14 13:58:17] DEBUG: Selected k-mers: 958254
[2025-07-14 13:58:17] DEBUG: K-mer index size: 972066
[2025-07-14 13:58:17] DEBUG: Mean k-mer frequency: 1.01441
[2025-07-14 13:58:17] DEBUG: Minimizer rate: 5.50013
[2025-07-14 13:58:17] INFO: Filtering contained disjointigs
[2025-07-14 13:58:18] DEBUG: Computing transitive closure for overlaps
[2025-07-14 13:58:18] DEBUG: Found 0 overlaps
[2025-07-14 13:58:18] DEBUG: Left 0 overlaps after filtering
[2025-07-14 13:58:18] INFO: Contained seqs: 0
[2025-07-14 13:58:18] DEBUG: Writing FASTA
[2025-07-14 13:58:18] DEBUG: Peak RAM usage: 13 Gb
-----------End assembly log------------
[2025-07-14 13:58:19] root: DEBUG: Disjointigs length: 5346491, N50: 2926136
[2025-07-14 13:58:19] root: INFO: >>>STAGE: consensus
[2025-07-14 13:58:19] root: INFO: Running Minimap2
[2025-07-14 14:00:40] root: INFO: Computing consensus
[2025-07-14 14:06:12] root: INFO: Alignment error rate: 0.039023
[2025-07-14 14:06:12] root: INFO: >>>STAGE: repeat
[2025-07-14 14:06:12] root: INFO: Building and resolving repeat graph
[2025-07-14 14:06:12] root: DEBUG: -----Begin repeat analyser log------
[2025-07-14 14:06:12] root: DEBUG: Running: flye-modules repeat --disjointigs /net/bmc-lab3/data/bcc/charliew/ont_flye/ont_flye_workflow/work/b2/e077db41962c8c110319ee14706942/S-1030_3_20k_30k.assembly/10-consensus/consensus.fasta --reads /net/bmc-lab3/data/bcc/charliew/ont_flye/ont_flye_workflow/work/b2/e077db41962c8c110319ee14706942/S-1030_3_20k_30k.fastq --out-dir /net/bmc-lab3/data/bcc/charliew/ont_flye/ont_flye_workflow/work/b2/e077db41962c8c110319ee14706942/S-1030_3_20k_30k.assembly/20-repeat --config /home/charliew/.conda/envs/flye_2.9.5/lib/python3.12/site-packages/flye/config/bin_cfg/asm_nano_hq.cfg --log /net/bmc-lab3/data/bcc/charliew/ont_flye/ont_flye_workflow/work/b2/e077db41962c8c110319ee14706942/S-1030_3_20k_30k.assembly/flye.log --threads 24 --min-ovlp 10000
[2025-07-14 14:06:12] DEBUG: Build date: Aug 30 2024 21:29:19
[2025-07-14 14:06:12] DEBUG: Total RAM: 376 Gb
[2025-07-14 14:06:12] DEBUG: Available RAM: 327 Gb
[2025-07-14 14:06:12] DEBUG: Total CPUs: 96
[2025-07-14 14:06:12] DEBUG: Loading /home/charliew/.conda/envs/flye_2.9.5/lib/python3.12/site-packages/flye/config/bin_cfg/asm_nano_hq.cfg
[2025-07-14 14:06:12] DEBUG: Loading /home/charliew/.conda/envs/flye_2.9.5/lib/python3.12/site-packages/flye/config/bin_cfg/asm_defaults.cfg
[2025-07-14 14:06:12] DEBUG: 	big_genome_threshold=29000000
[2025-07-14 14:06:12] DEBUG: 	meta_read_filter_kmer_freq=100
[2025-07-14 14:06:12] DEBUG: 	chain_large_gap_penalty=2
[2025-07-14 14:06:12] DEBUG: 	chain_small_gap_penalty=0.5
[2025-07-14 14:06:12] DEBUG: 	chain_gap_jump_threshold=100
[2025-07-14 14:06:12] DEBUG: 	max_jump_gap=500
[2025-07-14 14:06:12] DEBUG: 	max_coverage_drop_rate=5
[2025-07-14 14:06:12] DEBUG: 	max_extensions_drop_rate=5
[2025-07-14 14:06:12] DEBUG: 	chimera_window=100
[2025-07-14 14:06:12] DEBUG: 	chimera_overhang=1000
[2025-07-14 14:06:12] DEBUG: 	min_reads_in_disjointig=4
[2025-07-14 14:06:12] DEBUG: 	max_inner_reads=10
[2025-07-14 14:06:12] DEBUG: 	max_inner_fraction=0.25
[2025-07-14 14:06:12] DEBUG: 	aggressive_dup_filter=1
[2025-07-14 14:06:12] DEBUG: 	max_separation=500
[2025-07-14 14:06:12] DEBUG: 	unique_edge_length=50000
[2025-07-14 14:06:12] DEBUG: 	min_repeat_res_support=0.51
[2025-07-14 14:06:12] DEBUG: 	out_paths_ratio=5
[2025-07-14 14:06:12] DEBUG: 	graph_cov_drop_rate=5
[2025-07-14 14:06:12] DEBUG: 	coverage_estimate_window=100
[2025-07-14 14:06:12] DEBUG: 	max_bubble_length=50000
[2025-07-14 14:06:12] DEBUG: 	loop_coverage_rate=1.5
[2025-07-14 14:06:12] DEBUG: 	repeat_edge_cov_mult=1.75
[2025-07-14 14:06:12] DEBUG: 	weak_detach_rate=5
[2025-07-14 14:06:12] DEBUG: 	tip_coverage_rate=2
[2025-07-14 14:06:12] DEBUG: 	tip_length_rate=2
[2025-07-14 14:06:12] DEBUG: 	output_gfa_before_rr=1
[2025-07-14 14:06:12] DEBUG: 	remove_alt_edges=0
[2025-07-14 14:06:12] DEBUG: 	low_cutoff_warning=0
[2025-07-14 14:06:12] DEBUG: 	kmer_size=17
[2025-07-14 14:06:12] DEBUG: 	use_minimizers=1
[2025-07-14 14:06:12] DEBUG: 	minimizer_window=10
[2025-07-14 14:06:12] DEBUG: 	reads_base_alignment=1
[2025-07-14 14:06:12] DEBUG: 	meta_read_top_kmer_rate=0.75
[2025-07-14 14:06:12] DEBUG: 	maximum_jump=1500
[2025-07-14 14:06:12] DEBUG: 	maximum_overhang=1500
[2025-07-14 14:06:12] DEBUG: 	repeat_kmer_rate=100
[2025-07-14 14:06:12] DEBUG: 	assemble_ovlp_divergence=0.05
[2025-07-14 14:06:12] DEBUG: 	assemble_divergence_relative=1
[2025-07-14 14:06:12] DEBUG: 	repeat_graph_ovlp_divergence=0.05
[2025-07-14 14:06:12] DEBUG: 	read_align_ovlp_divergence=0.10
[2025-07-14 14:06:12] DEBUG: 	hpc_scoring_on=1
[2025-07-14 14:06:12] DEBUG: 	add_unassembled_reads=0
[2025-07-14 14:06:12] DEBUG: 	extend_contigs_with_repeats=0
[2025-07-14 14:06:12] DEBUG: 	min_read_cov_cutoff=3
[2025-07-14 14:06:12] DEBUG: 	short_tip_length=20000
[2025-07-14 14:06:12] DEBUG: 	long_tip_length=100000
[2025-07-14 14:06:12] DEBUG: Running with k-mer size: 17
[2025-07-14 14:06:12] DEBUG: Selected minimum overlap 10000
[2025-07-14 14:06:12] DEBUG: Metagenome mode: N
[2025-07-14 14:06:12] INFO: Parsing disjointigs
[2025-07-14 14:06:12] DEBUG: Building positional index
[2025-07-14 14:06:12] DEBUG: Total sequence: 5356403 bp
[2025-07-14 14:06:12] INFO: Building repeat graph
[2025-07-14 14:06:13] DEBUG: Mean k-mer frequency: 1.01758
[2025-07-14 14:06:13] DEBUG: Repetitive k-mer frequency: 101
[2025-07-14 14:06:13] DEBUG: Filtered 0 repetitive k-mers (0)
[2025-07-14 14:06:13] DEBUG: Sorting k-mer index
[2025-07-14 14:06:13] DEBUG: Selected k-mers: 956936
[2025-07-14 14:06:13] DEBUG: K-mer index size: 973756
[2025-07-14 14:06:13] DEBUG: Mean k-mer frequency: 1.01758
[2025-07-14 14:06:13] DEBUG: Minimizer rate: 5.50076
[2025-07-14 14:06:14] DEBUG: Computing transitive closure for overlaps
[2025-07-14 14:06:14] DEBUG: Found 52 overlaps
[2025-07-14 14:06:14] DEBUG: Left 20 overlaps after filtering
[2025-07-14 14:06:14] INFO: Median overlap divergence: 0.0311722
[2025-07-14 14:06:14] DEBUG: Sequence divergence distribution: 

    |      *   |                                                                                         
    |      *   |                                                                                         
    |      *   |                                                                                         
    |      *   |                                                                                         
    |      *   |                                                                                         
    |      *   |                                                                                         
    |      *   |                                                                                         
    |      *   |                                                                                         
    |      *   |                                                                                         
    |      *   |                                                                                         
    |      *   |                                                                                         
    |      *   |                                                                                         
    |      *   |                                                                                         
    |    ***   |                                                                                         
    |    ***   |                                                                                         
    |    ***   |                                                                                         
    |    ***   |                                                                                         
    |    ***   |                                                                                         
    |    ***   |                                                                                         
    |    ***   |                                                                                         
    ----------------------------------------------------------------------------------------------------
    0%        5%        10%       15%       20%       25%       30%       35%       40%       45%       

    Q25 = 0.026, Q50 = 0.031, Q75 = 0.031

[2025-07-14 14:06:14] DEBUG: Computing gluepoints
[2025-07-14 14:06:14] DEBUG: Added 0 gluepoint projections
[2025-07-14 14:06:14] DEBUG: Created 56 gluepoints
[2025-07-14 14:06:14] DEBUG: Artificial loops removed: 0 left, 0 right, 0 both
[2025-07-14 14:06:14] DEBUG: Initializing edges
[2025-07-14 14:06:14] DEBUG: Edges length checksum: 18446744070433629515
[2025-07-14 14:06:14] DEBUG: Filtered 0 singleton segments
[2025-07-14 14:06:14] DEBUG: Removed 0 simple and 0 double chimeric junctions
[2025-07-14 14:06:14] DEBUG: Collapsed 1 edges
[2025-07-14 14:06:14] DEBUG:  	6	+disjointig_1	2078	44261	42183	
[2025-07-14 14:06:14] DEBUG:  	3	+disjointig_1	44261	47515	3254	
[2025-07-14 14:06:14] DEBUG: *	4	+disjointig_1	47515	2931524	2884009	
[2025-07-14 14:06:14] DEBUG:  	6	+disjointig_2	2124	30152	28028	
[2025-07-14 14:06:14] DEBUG:  	3	+disjointig_2	30152	33405	3253	
[2025-07-14 14:06:14] DEBUG: *	5	+disjointig_2	33405	2424877	2391472	
[2025-07-14 14:06:14] DEBUG: Total edges: 6
[2025-07-14 14:06:15] INFO: Parsing reads
[2025-07-14 14:06:33] DEBUG: Building positional index
[2025-07-14 14:06:33] DEBUG: Total sequence: 7094216826 bp
[2025-07-14 14:06:33] DEBUG: Building positional index
[2025-07-14 14:06:33] DEBUG: Total sequence: 5352199 bp
[2025-07-14 14:06:33] INFO: Aligning reads to the graph
[2025-07-14 14:06:33] DEBUG: Mean k-mer frequency: 1.01677
[2025-07-14 14:06:33] DEBUG: Repetitive k-mer frequency: 101
[2025-07-14 14:06:33] DEBUG: Filtered 0 repetitive k-mers (0)
[2025-07-14 14:06:34] DEBUG: Sorting k-mer index
[2025-07-14 14:06:34] DEBUG: Selected k-mers: 956907
[2025-07-14 14:06:34] DEBUG: K-mer index size: 972959
[2025-07-14 14:06:34] DEBUG: Mean k-mer frequency: 1.01677
[2025-07-14 14:06:34] DEBUG: Minimizer rate: 5.50095
[2025-07-14 14:08:50] DEBUG: Total reads : 291257
[2025-07-14 14:08:50] DEBUG: Read with aligned parts : 95189
[2025-07-14 14:08:50] DEBUG: Aligned in one piece : 93371
[2025-07-14 14:08:50] INFO: Aligned read sequence: 2292188630 / 7094216826 (0.323107)
[2025-07-14 14:08:50] INFO: Median overlap divergence: 0.0139593
[2025-07-14 14:08:50] DEBUG: Sequence divergence distribution: 

    |  *                 |                                                                               
    |  *                 |                                                                               
    |  *                 |                                                                               
    |  *                 |                                                                               
    |  *                 |                                                                               
    |  *                 |                                                                               
    | **                 |                                                                               
    | **                 |                                                                               
    | **                 |                                                                               
    | **                 |                                                                               
    | **                 |                                                                               
    | ***                |                                                                               
    | ***                |                                                                               
    | ***                |                                                                               
    | ***                |                                                                               
    | ****               |                                                                               
    | ****               |                                                                               
    | *****              |                                                                               
    | *********          |                                                                               
    |************************************ ******* * *                                                    
    ----------------------------------------------------------------------------------------------------
    0%        5%        10%       15%       20%       25%       30%       35%       40%       45%       

    Q25 = 0.01, Q50 = 0.014, Q75 = 0.023

[2025-07-14 14:08:50] INFO: Mean edge coverage: 432
[2025-07-14 14:08:50] DEBUG: 3	len:3253	cov:805	mult:1.86343
[2025-07-14 14:08:50] DEBUG: -3	len:3253	cov:805	mult:1.86343
[2025-07-14 14:08:50] DEBUG: 4	len:2884009	cov:433	mult:1.00231
[2025-07-14 14:08:50] DEBUG: -4	len:2884009	cov:433	mult:1.00231
[2025-07-14 14:08:50] DEBUG: 5	len:2391472	cov:415	mult:0.960648
[2025-07-14 14:08:50] DEBUG: -5	len:2391472	cov:415	mult:0.960648
[2025-07-14 14:08:50] DEBUG: 6	len:7021	cov:6141	mult:14.2153
[2025-07-14 14:08:50] DEBUG: -6	len:7021	cov:6141	mult:14.2153
[2025-07-14 14:08:50] DEBUG: Unique coverage threshold 757
[2025-07-14 14:08:50] INFO: Simplifying the graph
[2025-07-14 14:08:50] DEBUG: Read coverage cutoff: 86
[2025-07-14 14:08:50] DEBUG: [SIMPL] Removed 0 paths with low coverage
[2025-07-14 14:08:50] DEBUG: [SIMPL] Masked 0 heterozygous loops
[2025-07-14 14:08:50] DEBUG: [SIMPL] Masked 0 simple bubbles
[2025-07-14 14:08:50] DEBUG: Finding repeats
[2025-07-14 14:08:50] DEBUG: Read coverage cutoff: 86
[2025-07-14 14:08:50] DEBUG: High-cov: 3	3253	805
[2025-07-14 14:08:50] DEBUG: High-cov: 6	7021	6141
[2025-07-14 14:08:50] DEBUG: Repeat detection iteration 1
[2025-07-14 14:08:50] DEBUG: Writing Dot
[2025-07-14 14:08:50] DEBUG: Writing FASTA
[2025-07-14 14:08:50] DEBUG: Writing Gfa
[2025-07-14 14:08:50] DEBUG: [SIMPL] == Iteration 1 ==
[2025-07-14 14:08:50] DEBUG: Splitting nodes
[2025-07-14 14:08:50] DEBUG: [SIMPL] Split 0 nodes
[2025-07-14 14:08:50] DEBUG: [SIMPL] Clipped 0 short and 0 long tips
[2025-07-14 14:08:50] DEBUG: [SIMPL] Masked 0 heterozygous loops
[2025-07-14 14:08:50] DEBUG: [SIMPL] Masked 0 simple bubbles
[2025-07-14 14:08:50] DEBUG: Finding repeats
[2025-07-14 14:08:50] DEBUG: Read coverage cutoff: 86
[2025-07-14 14:08:50] DEBUG: High-cov: 3	3253	805
[2025-07-14 14:08:50] DEBUG: High-cov: 6	7021	6141
[2025-07-14 14:08:50] DEBUG: Repeat detection iteration 1
[2025-07-14 14:08:50] DEBUG: Total unique edges: 2
[2025-07-14 14:08:50] DEBUG: [SIMPL] Resolved repeats: 0
[2025-07-14 14:08:50] DEBUG: RR links: 0
[2025-07-14 14:08:50] DEBUG: Unresolved: 0
[2025-07-14 14:08:50] DEBUG: Removed 0 simple and 0 double chimeric junctions
[2025-07-14 14:08:50] DEBUG: [SIMPL] Collapsed 0 haplotypes
[2025-07-14 14:08:50] DEBUG: [SIMPL] Resolved 0 simple repeats
[2025-07-14 14:08:50] DEBUG: Read coverage cutoff: 86
[2025-07-14 14:08:50] DEBUG: [SIMPL] Removed 0 paths with low coverage
[2025-07-14 14:08:50] DEBUG: Finding repeats
[2025-07-14 14:08:50] DEBUG: Read coverage cutoff: 86
[2025-07-14 14:08:50] DEBUG: High-cov: 3	3253	805
[2025-07-14 14:08:50] DEBUG: High-cov: 6	7021	6141
[2025-07-14 14:08:50] DEBUG: Repeat detection iteration 1
[2025-07-14 14:08:50] DEBUG: Writing Dot
[2025-07-14 14:08:51] DEBUG: Writing FASTA
[2025-07-14 14:08:51] DEBUG: Peak RAM usage: 2 Gb
-----------End assembly log------------
[2025-07-14 14:08:52] root: INFO: >>>STAGE: contigger
[2025-07-14 14:08:52] root: INFO: Generating contigs
[2025-07-14 14:08:52] root: DEBUG: -----Begin contigger analyser log------
[2025-07-14 14:08:52] root: DEBUG: Running: flye-modules contigger --graph-edges /net/bmc-lab3/data/bcc/charliew/ont_flye/ont_flye_workflow/work/b2/e077db41962c8c110319ee14706942/S-1030_3_20k_30k.assembly/20-repeat/repeat_graph_edges.fasta --reads /net/bmc-lab3/data/bcc/charliew/ont_flye/ont_flye_workflow/work/b2/e077db41962c8c110319ee14706942/S-1030_3_20k_30k.fastq --out-dir /net/bmc-lab3/data/bcc/charliew/ont_flye/ont_flye_workflow/work/b2/e077db41962c8c110319ee14706942/S-1030_3_20k_30k.assembly/30-contigger --config /home/charliew/.conda/envs/flye_2.9.5/lib/python3.12/site-packages/flye/config/bin_cfg/asm_nano_hq.cfg --repeat-graph /net/bmc-lab3/data/bcc/charliew/ont_flye/ont_flye_workflow/work/b2/e077db41962c8c110319ee14706942/S-1030_3_20k_30k.assembly/20-repeat/repeat_graph_dump --graph-aln /net/bmc-lab3/data/bcc/charliew/ont_flye/ont_flye_workflow/work/b2/e077db41962c8c110319ee14706942/S-1030_3_20k_30k.assembly/20-repeat/read_alignment_dump --log /net/bmc-lab3/data/bcc/charliew/ont_flye/ont_flye_workflow/work/b2/e077db41962c8c110319ee14706942/S-1030_3_20k_30k.assembly/flye.log --threads 24 --min-ovlp 10000
[2025-07-14 14:08:52] DEBUG: Build date: Aug 30 2024 21:29:44
[2025-07-14 14:08:52] DEBUG: Total RAM: 376 Gb
[2025-07-14 14:08:52] DEBUG: Available RAM: 319 Gb
[2025-07-14 14:08:52] DEBUG: Total CPUs: 96
[2025-07-14 14:08:52] DEBUG: Loading /home/charliew/.conda/envs/flye_2.9.5/lib/python3.12/site-packages/flye/config/bin_cfg/asm_nano_hq.cfg
[2025-07-14 14:08:52] DEBUG: Loading /home/charliew/.conda/envs/flye_2.9.5/lib/python3.12/site-packages/flye/config/bin_cfg/asm_defaults.cfg
[2025-07-14 14:08:52] DEBUG: 	big_genome_threshold=29000000
[2025-07-14 14:08:52] DEBUG: 	meta_read_filter_kmer_freq=100
[2025-07-14 14:08:52] DEBUG: 	chain_large_gap_penalty=2
[2025-07-14 14:08:52] DEBUG: 	chain_small_gap_penalty=0.5
[2025-07-14 14:08:52] DEBUG: 	chain_gap_jump_threshold=100
[2025-07-14 14:08:52] DEBUG: 	max_jump_gap=500
[2025-07-14 14:08:52] DEBUG: 	max_coverage_drop_rate=5
[2025-07-14 14:08:52] DEBUG: 	max_extensions_drop_rate=5
[2025-07-14 14:08:52] DEBUG: 	chimera_window=100
[2025-07-14 14:08:52] DEBUG: 	chimera_overhang=1000
[2025-07-14 14:08:52] DEBUG: 	min_reads_in_disjointig=4
[2025-07-14 14:08:52] DEBUG: 	max_inner_reads=10
[2025-07-14 14:08:52] DEBUG: 	max_inner_fraction=0.25
[2025-07-14 14:08:52] DEBUG: 	aggressive_dup_filter=1
[2025-07-14 14:08:52] DEBUG: 	max_separation=500
[2025-07-14 14:08:52] DEBUG: 	unique_edge_length=50000
[2025-07-14 14:08:52] DEBUG: 	min_repeat_res_support=0.51
[2025-07-14 14:08:52] DEBUG: 	out_paths_ratio=5
[2025-07-14 14:08:52] DEBUG: 	graph_cov_drop_rate=5
[2025-07-14 14:08:52] DEBUG: 	coverage_estimate_window=100
[2025-07-14 14:08:52] DEBUG: 	max_bubble_length=50000
[2025-07-14 14:08:52] DEBUG: 	loop_coverage_rate=1.5
[2025-07-14 14:08:52] DEBUG: 	repeat_edge_cov_mult=1.75
[2025-07-14 14:08:52] DEBUG: 	weak_detach_rate=5
[2025-07-14 14:08:52] DEBUG: 	tip_coverage_rate=2
[2025-07-14 14:08:52] DEBUG: 	tip_length_rate=2
[2025-07-14 14:08:52] DEBUG: 	output_gfa_before_rr=1
[2025-07-14 14:08:52] DEBUG: 	remove_alt_edges=0
[2025-07-14 14:08:52] DEBUG: 	low_cutoff_warning=0
[2025-07-14 14:08:52] DEBUG: 	kmer_size=17
[2025-07-14 14:08:52] DEBUG: 	use_minimizers=1
[2025-07-14 14:08:52] DEBUG: 	minimizer_window=10
[2025-07-14 14:08:52] DEBUG: 	reads_base_alignment=1
[2025-07-14 14:08:52] DEBUG: 	meta_read_top_kmer_rate=0.75
[2025-07-14 14:08:52] DEBUG: 	maximum_jump=1500
[2025-07-14 14:08:52] DEBUG: 	maximum_overhang=1500
[2025-07-14 14:08:52] DEBUG: 	repeat_kmer_rate=100
[2025-07-14 14:08:52] DEBUG: 	assemble_ovlp_divergence=0.05
[2025-07-14 14:08:52] DEBUG: 	assemble_divergence_relative=1
[2025-07-14 14:08:52] DEBUG: 	repeat_graph_ovlp_divergence=0.05
[2025-07-14 14:08:52] DEBUG: 	read_align_ovlp_divergence=0.10
[2025-07-14 14:08:52] DEBUG: 	hpc_scoring_on=1
[2025-07-14 14:08:52] DEBUG: 	add_unassembled_reads=0
[2025-07-14 14:08:52] DEBUG: 	extend_contigs_with_repeats=0
[2025-07-14 14:08:52] DEBUG: 	min_read_cov_cutoff=3
[2025-07-14 14:08:52] DEBUG: 	short_tip_length=20000
[2025-07-14 14:08:52] DEBUG: 	long_tip_length=100000
[2025-07-14 14:08:52] DEBUG: Running with k-mer size: 17
[2025-07-14 14:08:52] DEBUG: Selected minimum overlap 10000
[2025-07-14 14:08:52] INFO: Reading sequences
[2025-07-14 14:09:09] DEBUG: Building positional index
[2025-07-14 14:09:10] DEBUG: Total sequence: 7094216826 bp
[2025-07-14 14:09:10] DEBUG: Flipped 0
[2025-07-14 14:09:10] DEBUG: UPath 1: 3
[2025-07-14 14:09:10] DEBUG: UPath 2: 4
[2025-07-14 14:09:10] DEBUG: UPath 3: 5
[2025-07-14 14:09:10] DEBUG: UPath 4: 6
[2025-07-14 14:09:10] DEBUG: Final graph contains 4 egdes
[2025-07-14 14:09:10] DEBUG: Extending contigs into repeats
[2025-07-14 14:09:10] DEBUG: Covered 2 repetitive contigs
[2025-07-14 14:09:10] INFO: Generated 2 contigs
[2025-07-14 14:09:10] DEBUG: Writing FASTA
[2025-07-14 14:09:10] DEBUG: Generating scaffold connections
[2025-07-14 14:09:10] INFO: Added 0 scaffold connections
[2025-07-14 14:09:10] DEBUG: Writing Dot
[2025-07-14 14:09:10] DEBUG: Writing FASTA
[2025-07-14 14:09:10] DEBUG: Writing Gfa
[2025-07-14 14:09:10] DEBUG: Peak RAM usage: 1 Gb
-----------End assembly log------------
[2025-07-14 14:09:11] root: INFO: >>>STAGE: polishing
[2025-07-14 14:09:11] root: INFO: Polishing genome (1/1)
[2025-07-14 14:09:11] root: INFO: Running minimap2
[2025-07-14 14:11:13] root: INFO: Separating alignment into bubbles
[2025-07-14 14:18:14] root: DEBUG: Generated 349566 bubbles
[2025-07-14 14:18:14] root: DEBUG: Split 6 long bubbles
[2025-07-14 14:18:14] root: DEBUG: Skipped 1 empty bubbles
[2025-07-14 14:18:14] root: DEBUG: Skipped 1 bubbles with long branches
[2025-07-14 14:18:14] root: INFO: Alignment error rate: 0.034248
[2025-07-14 14:18:14] root: INFO: Correcting bubbles
[2025-07-14 14:18:43] root: DEBUG: Mean contig coverage: 434, selected threshold: 87
[2025-07-14 14:18:43] root: DEBUG: Filtered 0 contigs of total length 0
[2025-07-14 14:18:43] root: DEBUG: Generating polished GFA
[2025-07-14 14:18:46] root: DEBUG: 0 sequences remained unpolished
[2025-07-14 14:18:46] root: INFO: >>>STAGE: finalize
[2025-07-14 14:18:46] root: DEBUG: ---Output dir contents:----
[2025-07-14 14:18:46] root: DEBUG: S-1030_3_20k_30k.assembly/
[2025-07-14 14:18:46] root: DEBUG:     35.0 K      flye.log
[2025-07-14 14:18:46] root: DEBUG:     93.0 B      params.json
[2025-07-14 14:18:46] root: DEBUG:     866.0 B     assembly_graph.gv
[2025-07-14 14:18:46] root: DEBUG:     5.0 M       assembly_graph.gfa
[2025-07-14 14:18:46] root: DEBUG:     5.0 M       assembly.fasta
[2025-07-14 14:18:46] root: DEBUG:     00-assembly/
[2025-07-14 14:18:46] root: DEBUG:         5.0 M       draft_assembly.fasta
[2025-07-14 14:18:46] root: DEBUG:         65.0 B      draft_assembly.fasta.fai
[2025-07-14 14:18:46] root: DEBUG:     10-consensus/
[2025-07-14 14:18:46] root: DEBUG:         1.0 K       minimap.stderr
[2025-07-14 14:18:46] root: DEBUG:         212.0 K     minimap.bam.bai
[2025-07-14 14:18:46] root: DEBUG:         5.0 M       consensus.fasta
[2025-07-14 14:18:46] root: DEBUG:     20-repeat/
[2025-07-14 14:18:46] root: DEBUG:         866.0 B     graph_before_rr.gv
[2025-07-14 14:18:46] root: DEBUG:         5.0 M       graph_before_rr.fasta
[2025-07-14 14:18:46] root: DEBUG:         5.0 M       graph_before_rr.gfa
[2025-07-14 14:18:46] root: DEBUG:         866.0 B     graph_after_rr.gv
[2025-07-14 14:18:46] root: DEBUG:         2.0 K       repeat_graph_dump
[2025-07-14 14:18:46] root: DEBUG:         29.0 M      read_alignment_dump
[2025-07-14 14:18:46] root: DEBUG:         5.0 M       repeat_graph_edges.fasta
[2025-07-14 14:18:46] root: DEBUG:     30-contigger/
[2025-07-14 14:18:46] root: DEBUG:         5.0 M       contigs.fasta
[2025-07-14 14:18:46] root: DEBUG:         163.0 B     contigs_stats.txt
[2025-07-14 14:18:46] root: DEBUG:         0.0 B       scaffolds_links.txt
[2025-07-14 14:18:46] root: DEBUG:         866.0 B     graph_final.gv
[2025-07-14 14:18:46] root: DEBUG:         5.0 M       graph_final.fasta
[2025-07-14 14:18:46] root: DEBUG:         5.0 M       graph_final.gfa
[2025-07-14 14:18:46] root: DEBUG:         57.0 B      contigs.fasta.fai
[2025-07-14 14:18:46] root: DEBUG:     40-polishing/
[2025-07-14 14:18:46] root: DEBUG:         1.0 K       minimap.stderr
[2025-07-14 14:18:46] root: DEBUG:         205.0 K     minimap_1.bam.bai
[2025-07-14 14:18:46] root: DEBUG:         68.0 B      contigs_stats.txt
[2025-07-14 14:18:46] root: DEBUG:         1.0 M       base_coverage.bed.gz
[2025-07-14 14:18:46] root: DEBUG:         5.0 M       filtered_contigs.fasta
[2025-07-14 14:18:46] root: DEBUG:         68.0 B      filtered_stats.txt
[2025-07-14 14:18:46] root: DEBUG:         57.0 B      filtered_contigs.fasta.fai
[2025-07-14 14:18:46] root: DEBUG:         2.0 K       edges_aln.bam.bai
[2025-07-14 14:18:46] root: DEBUG:         5.0 M       polished_edges.gfa
[2025-07-14 14:18:46] root: DEBUG: --------------------------
[2025-07-14 14:18:46] root: INFO: Assembly statistics:

	Total length:	5310410
	Fragments:	2
	Fragments N50:	2913841
	Largest frg:	2913841
	Scaffolds:	0
	Mean coverage:	434

[2025-07-14 14:18:46] root: INFO: Final assembly: /net/bmc-lab3/data/bcc/charliew/ont_flye/ont_flye_workflow/work/b2/e077db41962c8c110319ee14706942/S-1030_3_20k_30k.assembly/assembly.fasta
