[2025-07-14 06:12:36] root: INFO: Starting Flye 2.9.5-b1801
[2025-07-14 06:12:36] root: DEBUG: Cmd: /net/ostrom/data/bcc/charliew/.conda/envs/flye_2.9.5/bin/flye --nano-hq S-1030_3_40k_50k.fastq --threads 24 --genome-size 10m --out-dir S-1030_3_40k_50k.assembly
[2025-07-14 06:12:36] root: DEBUG: Python version: 3.12.5 | packaged by conda-forge | (main, Aug  8 2024, 18:36:51) [GCC 12.4.0]
[2025-07-14 06:12:36] root: INFO: >>>STAGE: configure
[2025-07-14 06:12:36] root: INFO: Configuring run
[2025-07-14 06:12:44] root: INFO: Total read length: 3222448861
[2025-07-14 06:12:44] root: INFO: Input genome size: 10000000
[2025-07-14 06:12:44] root: INFO: Estimated coverage: 322
[2025-07-14 06:12:44] root: INFO: Reads N50/N90: 44440 / 40821
[2025-07-14 06:12:44] root: INFO: Minimum overlap set to 10000
[2025-07-14 06:12:44] root: INFO: >>>STAGE: assembly
[2025-07-14 06:12:44] root: INFO: Assembling disjointigs
[2025-07-14 06:12:44] root: DEBUG: -----Begin assembly log------
[2025-07-14 06:12:44] root: DEBUG: Running: flye-modules assemble --reads /net/bmc-lab3/data/bcc/charliew/ont_flye/ont_flye_workflow/work/50/ddfaf7f9435d20a970af0c49efa7ec/S-1030_3_40k_50k.fastq --out-asm /net/bmc-lab3/data/bcc/charliew/ont_flye/ont_flye_workflow/work/50/ddfaf7f9435d20a970af0c49efa7ec/S-1030_3_40k_50k.assembly/00-assembly/draft_assembly.fasta --config /home/charliew/.conda/envs/flye_2.9.5/lib/python3.12/site-packages/flye/config/bin_cfg/asm_nano_hq.cfg --log /net/bmc-lab3/data/bcc/charliew/ont_flye/ont_flye_workflow/work/50/ddfaf7f9435d20a970af0c49efa7ec/S-1030_3_40k_50k.assembly/flye.log --threads 24 --genome-size 10000000 --min-ovlp 10000
[2025-07-14 06:12:44] DEBUG: Build date: Aug 30 2024 21:28:54
[2025-07-14 06:12:44] DEBUG: Total RAM: 376 Gb
[2025-07-14 06:12:44] DEBUG: Available RAM: 367 Gb
[2025-07-14 06:12:44] DEBUG: Total CPUs: 96
[2025-07-14 06:12:44] DEBUG: Loading /home/charliew/.conda/envs/flye_2.9.5/lib/python3.12/site-packages/flye/config/bin_cfg/asm_nano_hq.cfg
[2025-07-14 06:12:44] DEBUG: Loading /home/charliew/.conda/envs/flye_2.9.5/lib/python3.12/site-packages/flye/config/bin_cfg/asm_defaults.cfg
[2025-07-14 06:12:44] DEBUG: 	big_genome_threshold=29000000
[2025-07-14 06:12:44] DEBUG: 	meta_read_filter_kmer_freq=100
[2025-07-14 06:12:44] DEBUG: 	chain_large_gap_penalty=2
[2025-07-14 06:12:44] DEBUG: 	chain_small_gap_penalty=0.5
[2025-07-14 06:12:44] DEBUG: 	chain_gap_jump_threshold=100
[2025-07-14 06:12:44] DEBUG: 	max_jump_gap=500
[2025-07-14 06:12:44] DEBUG: 	max_coverage_drop_rate=5
[2025-07-14 06:12:44] DEBUG: 	max_extensions_drop_rate=5
[2025-07-14 06:12:44] DEBUG: 	chimera_window=100
[2025-07-14 06:12:44] DEBUG: 	chimera_overhang=1000
[2025-07-14 06:12:44] DEBUG: 	min_reads_in_disjointig=4
[2025-07-14 06:12:44] DEBUG: 	max_inner_reads=10
[2025-07-14 06:12:44] DEBUG: 	max_inner_fraction=0.25
[2025-07-14 06:12:44] DEBUG: 	aggressive_dup_filter=1
[2025-07-14 06:12:44] DEBUG: 	max_separation=500
[2025-07-14 06:12:44] DEBUG: 	unique_edge_length=50000
[2025-07-14 06:12:44] DEBUG: 	min_repeat_res_support=0.51
[2025-07-14 06:12:44] DEBUG: 	out_paths_ratio=5
[2025-07-14 06:12:44] DEBUG: 	graph_cov_drop_rate=5
[2025-07-14 06:12:44] DEBUG: 	coverage_estimate_window=100
[2025-07-14 06:12:44] DEBUG: 	max_bubble_length=50000
[2025-07-14 06:12:44] DEBUG: 	loop_coverage_rate=1.5
[2025-07-14 06:12:44] DEBUG: 	repeat_edge_cov_mult=1.75
[2025-07-14 06:12:44] DEBUG: 	weak_detach_rate=5
[2025-07-14 06:12:44] DEBUG: 	tip_coverage_rate=2
[2025-07-14 06:12:44] DEBUG: 	tip_length_rate=2
[2025-07-14 06:12:44] DEBUG: 	output_gfa_before_rr=1
[2025-07-14 06:12:44] DEBUG: 	remove_alt_edges=0
[2025-07-14 06:12:44] DEBUG: 	low_cutoff_warning=0
[2025-07-14 06:12:44] DEBUG: 	kmer_size=17
[2025-07-14 06:12:44] DEBUG: 	use_minimizers=1
[2025-07-14 06:12:44] DEBUG: 	minimizer_window=10
[2025-07-14 06:12:44] DEBUG: 	reads_base_alignment=1
[2025-07-14 06:12:44] DEBUG: 	meta_read_top_kmer_rate=0.75
[2025-07-14 06:12:44] DEBUG: 	maximum_jump=1500
[2025-07-14 06:12:44] DEBUG: 	maximum_overhang=1500
[2025-07-14 06:12:44] DEBUG: 	repeat_kmer_rate=100
[2025-07-14 06:12:44] DEBUG: 	assemble_ovlp_divergence=0.05
[2025-07-14 06:12:44] DEBUG: 	assemble_divergence_relative=1
[2025-07-14 06:12:44] DEBUG: 	repeat_graph_ovlp_divergence=0.05
[2025-07-14 06:12:44] DEBUG: 	read_align_ovlp_divergence=0.10
[2025-07-14 06:12:44] DEBUG: 	hpc_scoring_on=1
[2025-07-14 06:12:44] DEBUG: 	add_unassembled_reads=0
[2025-07-14 06:12:44] DEBUG: 	extend_contigs_with_repeats=0
[2025-07-14 06:12:44] DEBUG: 	min_read_cov_cutoff=3
[2025-07-14 06:12:44] DEBUG: 	short_tip_length=20000
[2025-07-14 06:12:44] DEBUG: 	long_tip_length=100000
[2025-07-14 06:12:44] DEBUG: Running with k-mer size: 17
[2025-07-14 06:12:44] DEBUG: Running with minimum overlap 10000
[2025-07-14 06:12:44] DEBUG: Metagenome mode: N
[2025-07-14 06:12:44] DEBUG: Short mode: N
[2025-07-14 06:12:44] INFO: Reading sequences
[2025-07-14 06:12:53] DEBUG: Building positional index
[2025-07-14 06:12:53] DEBUG: Total sequence: 3222448861 bp
[2025-07-14 06:12:53] INFO: Building minimizer index
[2025-07-14 06:12:53] INFO: Pre-calculating index storage
[2025-07-14 06:13:10] DEBUG: Mean k-mer frequency: 9.55189
[2025-07-14 06:13:10] DEBUG: Repetitive k-mer frequency: 955
[2025-07-14 06:13:10] DEBUG: Filtered 127930331 repetitive k-mers (0.219016)
[2025-07-14 06:13:12] INFO: Filling index
[2025-07-14 06:13:30] DEBUG: Sorting k-mer index
[2025-07-14 06:13:34] DEBUG: Selected k-mers: 61141823
[2025-07-14 06:13:34] DEBUG: K-mer index size: 456183096
[2025-07-14 06:13:34] DEBUG: Mean k-mer frequency: 7.46106
[2025-07-14 06:13:34] DEBUG: Minimizer rate: 7.06394
[2025-07-14 06:13:34] DEBUG: Peak RAM usage: 4 Gb
[2025-07-14 06:13:34] DEBUG: Estimating k-mer identity bias
[2025-07-14 06:15:09] DEBUG: Initial divergence estimate : 0.0400748
[2025-07-14 06:15:09] DEBUG: Relative threshold: Y
[2025-07-14 06:15:09] DEBUG: Max divergence threshold set to 0.0900748
[2025-07-14 06:15:09] INFO: Extending reads
[2025-07-14 06:15:09] DEBUG: Estimating overlap coverage
[2025-07-14 06:38:51] INFO: Overlap-based coverage: 227
[2025-07-14 06:38:51] INFO: Median overlap divergence: 0.035257
[2025-07-14 06:38:51] DEBUG: Sequence divergence distribution: 

    |    *             |                                                                                 
    |    *             |                                                                                 
    |    *             |                                                                                 
    |    *             |                                                                                 
    |    *             |                                                                                 
    |    *             |                                                                                 
    |   ***            |                                                                                 
    |   ***            |                                                                                 
    |   ***            |                                                                                 
    |   ***            |                                                                                 
    |   ****           |                                                                                 
    |   ****           |                                                                                 
    |   ****           |                                                                                 
    |   *****          |                                                                                 
    |   *****          |                                                                                 
    |   ******         |                                                                                 
    |   *********     ***                                                                                
    |   *******************                                                                              
    |  ********************* *                                                                           
    |*********************************** *** *** **    **     *                                          
    ----------------------------------------------------------------------------------------------------
    0%        5%        10%       15%       20%       25%       30%       35%       40%       45%       

    Q25 = 0.023, Q50 = 0.035, Q75 = 0.073

[2025-07-14 06:53:21] DEBUG: Assembled disjointig 1
	With 1127 reads
	Start read: +9a15e752-648b-49ba-be11-704cba7966de
	At position: 791
	leftTip: 0 rightTip: 1
	Suspicious: 1
	Short ext: 0
	Mean extensions: 224
	Avg overlap len: 46395
	Min overlap len: 10528
	Inner reads: 0
	Length: 3008020
[2025-07-14 06:53:21] DEBUG: Inner: 29438 covered: 33412 total: 145008
[2025-07-14 06:53:21] DEBUG: Discarded disjointig with 1131 reads and 1129 inner overlaps
[2025-07-14 06:53:21] DEBUG: Discarded disjointig with 1130 reads and 1128 inner overlaps
[2025-07-14 06:53:21] DEBUG: Discarded disjointig with 1122 reads and 1120 inner overlaps
[2025-07-14 06:53:21] DEBUG: Discarded disjointig with 1120 reads and 1118 inner overlaps
[2025-07-14 06:53:21] DEBUG: Discarded disjointig with 780 reads and 778 inner overlaps
[2025-07-14 06:53:22] DEBUG: Discarded disjointig with 1116 reads and 1114 inner overlaps
[2025-07-14 06:53:23] DEBUG: Discarded disjointig with 402 reads and 400 inner overlaps
[2025-07-14 06:55:57] DEBUG: Assembled disjointig 2
	With 912 reads
	Start read: +a41193bd-597e-42e2-9ae4-a34742c67780
	At position: 397
	leftTip: 1 rightTip: 1
	Suspicious: 2
	Short ext: 0
	Mean extensions: 223
	Avg overlap len: 46394
	Min overlap len: 41941
	Inner reads: 0
	Length: 2392407
[2025-07-14 06:55:57] DEBUG: Inner: 53718 covered: 60228 total: 145008
[2025-07-14 06:55:57] DEBUG: Discarded disjointig with 689 reads and 687 inner overlaps
[2025-07-14 06:55:57] DEBUG: Discarded disjointig with 867 reads and 865 inner overlaps
[2025-07-14 06:55:57] DEBUG: Discarded disjointig with 916 reads and 914 inner overlaps
[2025-07-14 06:55:58] DEBUG: Discarded disjointig with 919 reads and 917 inner overlaps
[2025-07-14 06:55:58] DEBUG: Discarded disjointig with 916 reads and 914 inner overlaps
[2025-07-14 06:55:58] DEBUG: Discarded disjointig with 920 reads and 918 inner overlaps
[2025-07-14 06:55:58] DEBUG: Discarded disjointig with 745 reads and 743 inner overlaps
[2025-07-14 06:55:58] DEBUG: Discarded disjointig with 908 reads and 906 inner overlaps
[2025-07-14 06:55:58] DEBUG: Discarded disjointig with 171 reads and 169 inner overlaps
[2025-07-14 06:55:58] DEBUG: Discarded disjointig with 802 reads and 800 inner overlaps
[2025-07-14 06:55:58] DEBUG: Discarded disjointig with 917 reads and 915 inner overlaps
[2025-07-14 06:55:58] DEBUG: Discarded disjointig with 924 reads and 922 inner overlaps
[2025-07-14 06:55:58] DEBUG: Discarded disjointig with 908 reads and 906 inner overlaps
[2025-07-14 06:55:59] DEBUG: Discarded disjointig with 395 reads and 393 inner overlaps
[2025-07-14 06:55:59] DEBUG: Discarded disjointig with 542 reads and 540 inner overlaps
[2025-07-14 06:56:01] DEBUG: Discarded disjointig with 168 reads and 166 inner overlaps
[2025-07-14 07:00:18] DEBUG: Assembled disjointig 3
	With 893 reads
	Start read: +df43ec34-1cdc-489f-a539-3050cad47862
	At position: 444
	leftTip: 1 rightTip: 0
	Suspicious: 5
	Short ext: 0
	Mean extensions: 218
	Avg overlap len: 46394
	Min overlap len: 14658
	Inner reads: 0
	Length: 2355439
[2025-07-14 07:00:18] DEBUG: Inner: 76530 covered: 85720 total: 145008
[2025-07-14 07:00:18] DEBUG: Discarded disjointig with 887 reads and 885 inner overlaps
[2025-07-14 07:00:18] DEBUG: Discarded disjointig with 889 reads and 887 inner overlaps
[2025-07-14 07:00:18] DEBUG: Discarded disjointig with 885 reads and 883 inner overlaps
[2025-07-14 07:00:18] DEBUG: Discarded disjointig with 709 reads and 707 inner overlaps
[2025-07-14 07:00:18] DEBUG: Discarded disjointig with 890 reads and 888 inner overlaps
[2025-07-14 07:00:18] DEBUG: Discarded disjointig with 893 reads and 891 inner overlaps
[2025-07-14 07:00:18] DEBUG: Discarded disjointig with 133 reads and 131 inner overlaps
[2025-07-14 07:00:18] DEBUG: Discarded disjointig with 891 reads and 889 inner overlaps
[2025-07-14 07:00:18] DEBUG: Discarded disjointig with 886 reads and 884 inner overlaps
[2025-07-14 07:00:18] DEBUG: Discarded disjointig with 815 reads and 813 inner overlaps
[2025-07-14 07:00:18] DEBUG: Discarded disjointig with 889 reads and 887 inner overlaps
[2025-07-14 07:00:18] DEBUG: Discarded disjointig with 886 reads and 884 inner overlaps
[2025-07-14 07:00:18] DEBUG: Discarded disjointig with 889 reads and 887 inner overlaps
[2025-07-14 07:00:19] DEBUG: Discarded disjointig with 810 reads and 808 inner overlaps
[2025-07-14 07:00:19] DEBUG: Discarded disjointig with 885 reads and 883 inner overlaps
[2025-07-14 07:00:19] DEBUG: Discarded disjointig with 892 reads and 890 inner overlaps
[2025-07-14 07:00:19] DEBUG: Discarded disjointig with 892 reads and 890 inner overlaps
[2025-07-14 07:00:20] DEBUG: Discarded disjointig with 626 reads and 624 inner overlaps
[2025-07-14 07:00:20] DEBUG: Discarded disjointig with 357 reads and 355 inner overlaps
[2025-07-14 07:00:43] DEBUG: Assembled disjointig 4
	With 698 reads
	Start read: +97db08fe-b54d-486a-a84d-1f0fb853201b
	At position: 75
	leftTip: 0 rightTip: 0
	Suspicious: 0
	Short ext: 0
	Mean extensions: 216
	Avg overlap len: 46210
	Min overlap len: 11514
	Inner reads: 0
	Length: 1910300
[2025-07-14 07:00:43] DEBUG: Inner: 94120 covered: 105596 total: 145008
[2025-07-14 07:00:43] DEBUG: Discarded disjointig with 31 reads and 29 inner overlaps
[2025-07-14 07:00:43] DEBUG: Discarded disjointig with 31 reads and 29 inner overlaps
[2025-07-14 07:00:44] DEBUG: Discarded disjointig with 649 reads and 647 inner overlaps
[2025-07-14 07:00:44] DEBUG: Discarded disjointig with 182 reads and 180 inner overlaps
[2025-07-14 07:00:44] DEBUG: Discarded disjointig with 170 reads and 168 inner overlaps
[2025-07-14 07:00:44] DEBUG: Discarded disjointig with 32 reads and 30 inner overlaps
[2025-07-14 07:00:44] DEBUG: Discarded disjointig with 29 reads and 27 inner overlaps
[2025-07-14 07:00:44] DEBUG: Discarded disjointig with 37 reads and 35 inner overlaps
[2025-07-14 07:00:44] DEBUG: Discarded disjointig with 226 reads and 224 inner overlaps
[2025-07-14 07:00:44] DEBUG: Discarded disjointig with 536 reads and 534 inner overlaps
[2025-07-14 07:00:44] DEBUG: Discarded disjointig with 294 reads and 292 inner overlaps
[2025-07-14 07:00:44] DEBUG: Discarded disjointig with 408 reads and 406 inner overlaps
[2025-07-14 07:00:44] DEBUG: Discarded disjointig with 149 reads and 147 inner overlaps
[2025-07-14 07:00:44] DEBUG: Discarded disjointig with 177 reads and 175 inner overlaps
[2025-07-14 07:00:45] DEBUG: Discarded disjointig with 291 reads and 289 inner overlaps
[2025-07-14 07:00:45] DEBUG: Discarded disjointig with 647 reads and 645 inner overlaps
[2025-07-14 07:00:45] DEBUG: Discarded disjointig with 12 reads and 10 inner overlaps
[2025-07-14 07:00:45] DEBUG: Discarded disjointig with 21 reads and 19 inner overlaps
[2025-07-14 07:00:45] DEBUG: Discarded disjointig with 21 reads and 19 inner overlaps
[2025-07-14 07:00:45] DEBUG: Discarded disjointig with 14 reads and 12 inner overlaps
[2025-07-14 07:00:45] DEBUG: Discarded disjointig with 343 reads and 341 inner overlaps
[2025-07-14 07:00:46] DEBUG: Discarded disjointig with 22 reads and 20 inner overlaps
[2025-07-14 07:00:46] DEBUG: Discarded disjointig with 28 reads and 26 inner overlaps
[2025-07-14 07:06:33] DEBUG: Assembled disjointig 5
	With 3 reads
	Start read: +1afee4a2-7909-4617-b34f-b00ea1886264
	At position: 2
	leftTip: 0 rightTip: 0
	Suspicious: 0
	Short ext: 0
	Mean extensions: 256
	Avg overlap len: 33952
	Min overlap len: 24510
	Inner reads: 0
	Length: 66486
[2025-07-14 07:06:33] DEBUG: Inner: 94126 covered: 133192 total: 145008
[2025-07-14 07:09:00] INFO: Assembled 5 disjointigs
[2025-07-14 07:09:01] INFO: Generating sequence
[2025-07-14 07:09:02] DEBUG: Building positional index
[2025-07-14 07:09:02] DEBUG: Total sequence: 9733095 bp
[2025-07-14 07:09:02] DEBUG: Mean k-mer frequency: 1.04355
[2025-07-14 07:09:02] DEBUG: Repetitive k-mer frequency: 104
[2025-07-14 07:09:02] DEBUG: Filtered 702 repetitive k-mers (0.000396513)
[2025-07-14 07:09:03] DEBUG: Sorting k-mer index
[2025-07-14 07:09:03] DEBUG: Selected k-mers: 1696544
[2025-07-14 07:09:03] DEBUG: K-mer index size: 1769730
[2025-07-14 07:09:03] DEBUG: Mean k-mer frequency: 1.04314
[2025-07-14 07:09:03] DEBUG: Minimizer rate: 5.49976
[2025-07-14 07:09:03] INFO: Filtering contained disjointigs
[2025-07-14 07:09:04] DEBUG: Computing transitive closure for overlaps
[2025-07-14 07:09:04] DEBUG: Found 34 overlaps
[2025-07-14 07:09:04] DEBUG: Left 16 overlaps after filtering
[2025-07-14 07:09:04] INFO: Contained seqs: 1
[2025-07-14 07:09:04] DEBUG: Writing FASTA
[2025-07-14 07:09:04] DEBUG: Peak RAM usage: 6 Gb
-----------End assembly log------------
[2025-07-14 07:09:05] root: DEBUG: Disjointigs length: 9666576, N50: 2392667
[2025-07-14 07:09:05] root: INFO: >>>STAGE: consensus
[2025-07-14 07:09:05] root: INFO: Running Minimap2
[2025-07-14 07:10:48] root: INFO: Computing consensus
[2025-07-14 07:14:04] root: INFO: Alignment error rate: 0.036957
[2025-07-14 07:14:05] root: INFO: >>>STAGE: repeat
[2025-07-14 07:14:05] root: INFO: Building and resolving repeat graph
[2025-07-14 07:14:05] root: DEBUG: -----Begin repeat analyser log------
[2025-07-14 07:14:05] root: DEBUG: Running: flye-modules repeat --disjointigs /net/bmc-lab3/data/bcc/charliew/ont_flye/ont_flye_workflow/work/50/ddfaf7f9435d20a970af0c49efa7ec/S-1030_3_40k_50k.assembly/10-consensus/consensus.fasta --reads /net/bmc-lab3/data/bcc/charliew/ont_flye/ont_flye_workflow/work/50/ddfaf7f9435d20a970af0c49efa7ec/S-1030_3_40k_50k.fastq --out-dir /net/bmc-lab3/data/bcc/charliew/ont_flye/ont_flye_workflow/work/50/ddfaf7f9435d20a970af0c49efa7ec/S-1030_3_40k_50k.assembly/20-repeat --config /home/charliew/.conda/envs/flye_2.9.5/lib/python3.12/site-packages/flye/config/bin_cfg/asm_nano_hq.cfg --log /net/bmc-lab3/data/bcc/charliew/ont_flye/ont_flye_workflow/work/50/ddfaf7f9435d20a970af0c49efa7ec/S-1030_3_40k_50k.assembly/flye.log --threads 24 --min-ovlp 10000
[2025-07-14 07:14:05] DEBUG: Build date: Aug 30 2024 21:29:19
[2025-07-14 07:14:05] DEBUG: Total RAM: 376 Gb
[2025-07-14 07:14:05] DEBUG: Available RAM: 346 Gb
[2025-07-14 07:14:05] DEBUG: Total CPUs: 96
[2025-07-14 07:14:05] DEBUG: Loading /home/charliew/.conda/envs/flye_2.9.5/lib/python3.12/site-packages/flye/config/bin_cfg/asm_nano_hq.cfg
[2025-07-14 07:14:05] DEBUG: Loading /home/charliew/.conda/envs/flye_2.9.5/lib/python3.12/site-packages/flye/config/bin_cfg/asm_defaults.cfg
[2025-07-14 07:14:05] DEBUG: 	big_genome_threshold=29000000
[2025-07-14 07:14:05] DEBUG: 	meta_read_filter_kmer_freq=100
[2025-07-14 07:14:05] DEBUG: 	chain_large_gap_penalty=2
[2025-07-14 07:14:05] DEBUG: 	chain_small_gap_penalty=0.5
[2025-07-14 07:14:05] DEBUG: 	chain_gap_jump_threshold=100
[2025-07-14 07:14:05] DEBUG: 	max_jump_gap=500
[2025-07-14 07:14:05] DEBUG: 	max_coverage_drop_rate=5
[2025-07-14 07:14:05] DEBUG: 	max_extensions_drop_rate=5
[2025-07-14 07:14:05] DEBUG: 	chimera_window=100
[2025-07-14 07:14:05] DEBUG: 	chimera_overhang=1000
[2025-07-14 07:14:05] DEBUG: 	min_reads_in_disjointig=4
[2025-07-14 07:14:05] DEBUG: 	max_inner_reads=10
[2025-07-14 07:14:05] DEBUG: 	max_inner_fraction=0.25
[2025-07-14 07:14:05] DEBUG: 	aggressive_dup_filter=1
[2025-07-14 07:14:05] DEBUG: 	max_separation=500
[2025-07-14 07:14:05] DEBUG: 	unique_edge_length=50000
[2025-07-14 07:14:05] DEBUG: 	min_repeat_res_support=0.51
[2025-07-14 07:14:05] DEBUG: 	out_paths_ratio=5
[2025-07-14 07:14:05] DEBUG: 	graph_cov_drop_rate=5
[2025-07-14 07:14:05] DEBUG: 	coverage_estimate_window=100
[2025-07-14 07:14:05] DEBUG: 	max_bubble_length=50000
[2025-07-14 07:14:05] DEBUG: 	loop_coverage_rate=1.5
[2025-07-14 07:14:05] DEBUG: 	repeat_edge_cov_mult=1.75
[2025-07-14 07:14:05] DEBUG: 	weak_detach_rate=5
[2025-07-14 07:14:05] DEBUG: 	tip_coverage_rate=2
[2025-07-14 07:14:05] DEBUG: 	tip_length_rate=2
[2025-07-14 07:14:05] DEBUG: 	output_gfa_before_rr=1
[2025-07-14 07:14:05] DEBUG: 	remove_alt_edges=0
[2025-07-14 07:14:05] DEBUG: 	low_cutoff_warning=0
[2025-07-14 07:14:05] DEBUG: 	kmer_size=17
[2025-07-14 07:14:05] DEBUG: 	use_minimizers=1
[2025-07-14 07:14:05] DEBUG: 	minimizer_window=10
[2025-07-14 07:14:05] DEBUG: 	reads_base_alignment=1
[2025-07-14 07:14:05] DEBUG: 	meta_read_top_kmer_rate=0.75
[2025-07-14 07:14:05] DEBUG: 	maximum_jump=1500
[2025-07-14 07:14:05] DEBUG: 	maximum_overhang=1500
[2025-07-14 07:14:05] DEBUG: 	repeat_kmer_rate=100
[2025-07-14 07:14:05] DEBUG: 	assemble_ovlp_divergence=0.05
[2025-07-14 07:14:05] DEBUG: 	assemble_divergence_relative=1
[2025-07-14 07:14:05] DEBUG: 	repeat_graph_ovlp_divergence=0.05
[2025-07-14 07:14:05] DEBUG: 	read_align_ovlp_divergence=0.10
[2025-07-14 07:14:05] DEBUG: 	hpc_scoring_on=1
[2025-07-14 07:14:05] DEBUG: 	add_unassembled_reads=0
[2025-07-14 07:14:05] DEBUG: 	extend_contigs_with_repeats=0
[2025-07-14 07:14:05] DEBUG: 	min_read_cov_cutoff=3
[2025-07-14 07:14:05] DEBUG: 	short_tip_length=20000
[2025-07-14 07:14:05] DEBUG: 	long_tip_length=100000
[2025-07-14 07:14:05] DEBUG: Running with k-mer size: 17
[2025-07-14 07:14:05] DEBUG: Selected minimum overlap 10000
[2025-07-14 07:14:05] DEBUG: Metagenome mode: N
[2025-07-14 07:14:05] INFO: Parsing disjointigs
[2025-07-14 07:14:05] DEBUG: Building positional index
[2025-07-14 07:14:05] DEBUG: Total sequence: 9680945 bp
[2025-07-14 07:14:05] INFO: Building repeat graph
[2025-07-14 07:14:06] DEBUG: Mean k-mer frequency: 1.04323
[2025-07-14 07:14:06] DEBUG: Repetitive k-mer frequency: 104
[2025-07-14 07:14:06] DEBUG: Filtered 610 repetitive k-mers (0.000346389)
[2025-07-14 07:14:06] DEBUG: Sorting k-mer index
[2025-07-14 07:14:06] DEBUG: Selected k-mers: 1688048
[2025-07-14 07:14:06] DEBUG: K-mer index size: 1760417
[2025-07-14 07:14:06] DEBUG: Mean k-mer frequency: 1.04287
[2025-07-14 07:14:06] DEBUG: Minimizer rate: 5.49923
[2025-07-14 07:14:08] DEBUG: Computing transitive closure for overlaps
[2025-07-14 07:14:08] DEBUG: Found 328 overlaps
[2025-07-14 07:14:08] DEBUG: Left 128 overlaps after filtering
[2025-07-14 07:14:08] INFO: Median overlap divergence: 0.0238809
[2025-07-14 07:14:08] DEBUG: Sequence divergence distribution: 

    |    *     |                                                                                         
    |    *     |                                                                                         
    |    *     |                                                                                         
    |    *     |                                                                                         
    |*   *     |                                                                                         
    |*   *     |                                                                                         
    |*   *     |                                                                                         
    |*   *     |                                                                                         
    |*   **    |                                                                                         
    |*   **    |                                                                                         
    |*   **    |                                                                                         
    |*   **    |                                                                                         
    |**  **    |   *                                                                                     
    |**  **    |   *                                                                                     
    |**  **    |   *                                                                                     
    |**  **    |   *                                                                                     
    |*** ***** |   *                                                                                     
    |*** ***** |   *                                                                                     
    |*** ***** |   *                                                                                     
    |*** ***** |   *                                                                                     
    ----------------------------------------------------------------------------------------------------
    0%        5%        10%       15%       20%       25%       30%       35%       40%       45%       

    Q25 = 0.0071, Q50 = 0.024, Q75 = 0.033

[2025-07-14 07:14:08] DEBUG: Computing gluepoints
[2025-07-14 07:14:08] DEBUG: Added 0 gluepoint projections
[2025-07-14 07:14:08] DEBUG: Created 180 gluepoints
[2025-07-14 07:14:08] DEBUG: Artificial loops removed: 0 left, 0 right, 0 both
[2025-07-14 07:14:08] DEBUG: Initializing edges
[2025-07-14 07:14:08] DEBUG: Edges length checksum: 311868635
[2025-07-14 07:14:08] DEBUG: Filtered 0 singleton segments
[2025-07-14 07:14:08] DEBUG: Removed 0 simple and 0 double chimeric junctions
[2025-07-14 07:14:08] DEBUG: Collapsed 2 edges
[2025-07-14 07:14:08] DEBUG:  	14	+disjointig_1	106	126117	126011	
[2025-07-14 07:14:08] DEBUG:  	3	+disjointig_1	126117	128126	2009	
[2025-07-14 07:14:08] DEBUG: *	6	+disjointig_1	128126	3012784	2884658	
[2025-07-14 07:14:08] DEBUG: *	8	+disjointig_2	0	2396336	2396336	
[2025-07-14 07:14:08] DEBUG: *	9	+disjointig_3	0	632305	632305	
[2025-07-14 07:14:08] DEBUG:  	10	+disjointig_3	632305	633305	1000	
[2025-07-14 07:14:08] DEBUG:  	-11	+disjointig_3	633305	647312	14007	
[2025-07-14 07:14:08] DEBUG:  	10	+disjointig_3	647312	648312	1000	
[2025-07-14 07:14:08] DEBUG:  	-11	+disjointig_3	648312	662298	13986	
[2025-07-14 07:14:08] DEBUG:  	10	+disjointig_3	662298	663298	1000	
[2025-07-14 07:14:08] DEBUG: *	-4	+disjointig_3	663298	2284400	1621102	
[2025-07-14 07:14:08] DEBUG:  	-14	+disjointig_3	2284400	2291542	7142	
[2025-07-14 07:14:08] DEBUG: *	-1	+disjointig_3	2291542	2292443	901	
[2025-07-14 07:14:08] DEBUG:  	-14	+disjointig_3	2292443	2355186	62743	
[2025-07-14 07:14:08] DEBUG: *	13	+disjointig_4	49281	187258	137977	
[2025-07-14 07:14:08] DEBUG: *	-15	+disjointig_4	187258	1866780	1679522	
[2025-07-14 07:14:08] DEBUG:  	-3	+disjointig_4	1866780	1868938	2158	
[2025-07-14 07:14:08] DEBUG:  	-14	+disjointig_4	1868938	1911122	42184	
[2025-07-14 07:14:08] DEBUG: Total edges: 15
[2025-07-14 07:14:08] INFO: Parsing reads
[2025-07-14 07:14:17] DEBUG: Building positional index
[2025-07-14 07:14:17] DEBUG: Total sequence: 3222448861 bp
[2025-07-14 07:14:17] DEBUG: Building positional index
[2025-07-14 07:14:17] DEBUG: Total sequence: 9626041 bp
[2025-07-14 07:14:17] INFO: Aligning reads to the graph
[2025-07-14 07:14:18] DEBUG: Mean k-mer frequency: 1.03729
[2025-07-14 07:14:18] DEBUG: Repetitive k-mer frequency: 103
[2025-07-14 07:14:18] DEBUG: Filtered 488 repetitive k-mers (0.000278715)
[2025-07-14 07:14:18] DEBUG: Sorting k-mer index
[2025-07-14 07:14:18] DEBUG: Selected k-mers: 1687940
[2025-07-14 07:14:18] DEBUG: K-mer index size: 1750406
[2025-07-14 07:14:18] DEBUG: Mean k-mer frequency: 1.03701
[2025-07-14 07:14:18] DEBUG: Minimizer rate: 5.49932
[2025-07-14 07:15:26] DEBUG: Total reads : 72504
[2025-07-14 07:15:26] DEBUG: Read with aligned parts : 52856
[2025-07-14 07:15:26] DEBUG: Aligned in one piece : 50600
[2025-07-14 07:15:26] INFO: Aligned read sequence: 2323131440 / 3222448861 (0.720921)
[2025-07-14 07:15:26] INFO: Median overlap divergence: 0.0131207
[2025-07-14 07:15:26] DEBUG: Sequence divergence distribution: 

    |  *                 |                                                                               
    |  *                 |                                                                               
    |  *                 |                                                                               
    |  *                 |                                                                               
    |  *                 |                                                                               
    |  *                 |                                                                               
    | **                 |                                                                               
    | **                 |                                                                               
    | **                 |                                                                               
    | **                 |                                                                               
    | **                 |                                                                               
    | **                 |                                                                               
    | ***                |                                                                               
    | ***                |                                                                               
    | ***                |                                                                               
    | ***                |                                                                               
    | ****               |                                                                               
    | *****              |                                                                               
    | *******            |                                                                               
    |**************************************** ****  *  **                                                
    ----------------------------------------------------------------------------------------------------
    0%        5%        10%       15%       20%       25%       30%       35%       40%       45%       

    Q25 = 0.01, Q50 = 0.013, Q75 = 0.022

[2025-07-14 07:15:26] INFO: Mean edge coverage: 247
[2025-07-14 07:15:26] DEBUG: 1	len:901	cov:109	mult:0.441296
[2025-07-14 07:15:26] DEBUG: -1	len:901	cov:109	mult:0.441296
[2025-07-14 07:15:26] DEBUG: 3	len:2083	cov:259	mult:1.04858
[2025-07-14 07:15:26] DEBUG: -3	len:2083	cov:259	mult:1.04858
[2025-07-14 07:15:26] DEBUG: 4	len:1621102	cov:252	mult:1.02024
[2025-07-14 07:15:26] DEBUG: -4	len:1621102	cov:252	mult:1.02024
[2025-07-14 07:15:26] DEBUG: 6	len:2884658	cov:254	mult:1.02834
[2025-07-14 07:15:26] DEBUG: -6	len:2884658	cov:254	mult:1.02834
[2025-07-14 07:15:26] DEBUG: 8	len:2396336	cov:250	mult:1.01215
[2025-07-14 07:15:26] DEBUG: -8	len:2396336	cov:250	mult:1.01215
[2025-07-14 07:15:26] DEBUG: 9	len:632305	cov:235	mult:0.951417
[2025-07-14 07:15:26] DEBUG: -9	len:632305	cov:235	mult:0.951417
[2025-07-14 07:15:26] DEBUG: 10	len:1000	cov:685	mult:2.77328
[2025-07-14 07:15:26] DEBUG: -10	len:1000	cov:685	mult:2.77328
[2025-07-14 07:15:26] DEBUG: 11	len:13996	cov:453	mult:1.83401
[2025-07-14 07:15:26] DEBUG: -11	len:13996	cov:453	mult:1.83401
[2025-07-14 07:15:26] DEBUG: 13	len:137977	cov:199	mult:0.805668
[2025-07-14 07:15:26] DEBUG: -13	len:137977	cov:199	mult:0.805668
[2025-07-14 07:15:26] DEBUG: 14	len:7002	cov:2843	mult:11.5101
[2025-07-14 07:15:26] DEBUG: -14	len:7002	cov:2843	mult:11.5101
[2025-07-14 07:15:26] DEBUG: 15	len:1679522	cov:246	mult:0.995951
[2025-07-14 07:15:26] DEBUG: -15	len:1679522	cov:246	mult:0.995951
[2025-07-14 07:15:26] DEBUG: Unique coverage threshold 444
[2025-07-14 07:15:26] INFO: Simplifying the graph
[2025-07-14 07:15:26] DEBUG: Read coverage cutoff: 49
[2025-07-14 07:15:26] DEBUG: [SIMPL] Removed 0 paths with low coverage
[2025-07-14 07:15:26] DEBUG: [SIMPL] Masked 0 heterozygous loops
[2025-07-14 07:15:26] DEBUG: [SIMPL] Masked 0 simple bubbles
[2025-07-14 07:15:26] DEBUG: Finding repeats
[2025-07-14 07:15:26] DEBUG: Read coverage cutoff: 49
[2025-07-14 07:15:26] DEBUG: Short-loop: 1
[2025-07-14 07:15:26] DEBUG: High-cov: 10	1000	685
[2025-07-14 07:15:26] DEBUG: High-cov: 11	13996	453
[2025-07-14 07:15:26] DEBUG: High-cov: 14	7002	2843
[2025-07-14 07:15:26] DEBUG: Repeat detection iteration 1
[2025-07-14 07:15:26] DEBUG: Starting 3 aln:263
[2025-07-14 07:15:26] DEBUG: 	    T 6	num:113	flank:24700	span:5
[2025-07-14 07:15:26] DEBUG: 	      15	num:146	flank:22626	span:3
[2025-07-14 07:15:26] DEBUG: Mult: 3	2083	259	 (0,1)
[2025-07-14 07:15:26] DEBUG: Starting 15 aln:528
[2025-07-14 07:15:26] DEBUG: 	      -13	num:191	flank:22999	span:24
[2025-07-14 07:15:26] DEBUG: 	      13	num:191	flank:22859	span:7
[2025-07-14 07:15:26] DEBUG: Mult: 15	1679522	246	 (0,1)
[2025-07-14 07:15:26] DEBUG: Writing Dot
[2025-07-14 07:15:26] DEBUG: Writing FASTA
[2025-07-14 07:15:26] DEBUG: Writing Gfa
[2025-07-14 07:15:26] DEBUG: [SIMPL] == Iteration 1 ==
[2025-07-14 07:15:26] DEBUG: Splitting nodes
[2025-07-14 07:15:26] DEBUG: [SIMPL] Split 0 nodes
[2025-07-14 07:15:26] DEBUG: [SIMPL] Clipped 0 short and 0 long tips
[2025-07-14 07:15:26] DEBUG: [SIMPL] Masked 0 heterozygous loops
[2025-07-14 07:15:26] DEBUG: [SIMPL] Masked 0 simple bubbles
[2025-07-14 07:15:26] DEBUG: Finding repeats
[2025-07-14 07:15:26] DEBUG: Read coverage cutoff: 49
[2025-07-14 07:15:26] DEBUG: Short-loop: 1
[2025-07-14 07:15:26] DEBUG: High-cov: 10	1000	685
[2025-07-14 07:15:26] DEBUG: High-cov: 11	13996	453
[2025-07-14 07:15:26] DEBUG: High-cov: 14	7002	2843
[2025-07-14 07:15:26] DEBUG: Repeat detection iteration 1
[2025-07-14 07:15:26] DEBUG: Starting 3 aln:263
[2025-07-14 07:15:26] DEBUG: 	    T 6	num:113	flank:24700	span:5
[2025-07-14 07:15:26] DEBUG: 	      15	num:146	flank:22626	span:3
[2025-07-14 07:15:26] DEBUG: Mult: 3	2083	259	 (0,1)
[2025-07-14 07:15:26] DEBUG: Starting 15 aln:528
[2025-07-14 07:15:26] DEBUG: 	      -13	num:191	flank:22999	span:24
[2025-07-14 07:15:26] DEBUG: 	      13	num:191	flank:22859	span:7
[2025-07-14 07:15:26] DEBUG: Mult: 15	1679522	246	 (0,1)
[2025-07-14 07:15:26] DEBUG: Total unique edges: 5
[2025-07-14 07:15:26] DEBUG: 	Connection 4	-9	58	1
[2025-07-14 07:15:26] DEBUG: [SIMPL] Resolved repeats: 1
[2025-07-14 07:15:26] DEBUG: RR links: 116
[2025-07-14 07:15:26] DEBUG: Unresolved: 0
[2025-07-14 07:15:26] DEBUG: Removed 0 simple and 0 double chimeric junctions
[2025-07-14 07:15:26] DEBUG: [SIMPL] == Iteration 2 ==
[2025-07-14 07:15:26] DEBUG: Splitting nodes
[2025-07-14 07:15:26] DEBUG: [SIMPL] Split 0 nodes
[2025-07-14 07:15:26] DEBUG: [SIMPL] Clipped 0 short and 0 long tips
[2025-07-14 07:15:26] DEBUG: [SIMPL] Masked 0 heterozygous loops
[2025-07-14 07:15:26] DEBUG: [SIMPL] Masked 0 simple bubbles
[2025-07-14 07:15:26] DEBUG: Finding repeats
[2025-07-14 07:15:26] DEBUG: Read coverage cutoff: 49
[2025-07-14 07:15:26] DEBUG: Short-loop: 1
[2025-07-14 07:15:26] DEBUG: High-cov: -11 -> 10	14996	468
[2025-07-14 07:15:26] DEBUG: High-cov: 14	7002	2843
[2025-07-14 07:15:26] DEBUG: Repeat detection iteration 1
[2025-07-14 07:15:26] DEBUG: Starting 3 aln:263
[2025-07-14 07:15:26] DEBUG: 	    T 6	num:113	flank:24700	span:5
[2025-07-14 07:15:26] DEBUG: 	      15	num:146	flank:22626	span:3
[2025-07-14 07:15:26] DEBUG: Mult: 3	2083	259	 (0,1)
[2025-07-14 07:15:26] DEBUG: Starting 15 aln:528
[2025-07-14 07:15:26] DEBUG: 	      -13	num:191	flank:22999	span:24
[2025-07-14 07:15:26] DEBUG: 	      13	num:191	flank:22859	span:7
[2025-07-14 07:15:26] DEBUG: Mult: 15	1679522	246	 (0,1)
[2025-07-14 07:15:26] DEBUG: Total unique edges: 6
[2025-07-14 07:15:26] DEBUG: [SIMPL] Resolved repeats: 0
[2025-07-14 07:15:26] DEBUG: RR links: 0
[2025-07-14 07:15:26] DEBUG: Unresolved: 0
[2025-07-14 07:15:26] DEBUG: Removed 0 simple and 0 double chimeric junctions
[2025-07-14 07:15:26] DEBUG: [SIMPL] Collapsed 0 haplotypes
[2025-07-14 07:15:26] DEBUG: [SIMPL] Resolved 0 simple repeats
[2025-07-14 07:15:26] DEBUG: Read coverage cutoff: 49
[2025-07-14 07:15:26] DEBUG: [SIMPL] Removed 0 paths with low coverage
[2025-07-14 07:15:26] DEBUG: Finding repeats
[2025-07-14 07:15:26] DEBUG: Read coverage cutoff: 49
[2025-07-14 07:15:26] DEBUG: Short-loop: 1
[2025-07-14 07:15:26] DEBUG: High-cov: -11 -> 10	14996	468
[2025-07-14 07:15:26] DEBUG: High-cov: 14	7002	2843
[2025-07-14 07:15:26] DEBUG: Repeat detection iteration 1
[2025-07-14 07:15:26] DEBUG: Starting 3 aln:263
[2025-07-14 07:15:26] DEBUG: 	    T 6	num:113	flank:24700	span:5
[2025-07-14 07:15:26] DEBUG: 	      15	num:146	flank:22626	span:3
[2025-07-14 07:15:26] DEBUG: Mult: 3	2083	259	 (0,1)
[2025-07-14 07:15:26] DEBUG: Starting 15 aln:528
[2025-07-14 07:15:26] DEBUG: 	      -13	num:191	flank:22999	span:24
[2025-07-14 07:15:26] DEBUG: 	      13	num:191	flank:22859	span:7
[2025-07-14 07:15:26] DEBUG: Mult: 15	1679522	246	 (0,1)
[2025-07-14 07:15:26] DEBUG: Fixed: 15	1679522	246
[2025-07-14 07:15:26] DEBUG: Writing Dot
[2025-07-14 07:15:26] DEBUG: Writing FASTA
[2025-07-14 07:15:27] DEBUG: Peak RAM usage: 1 Gb
-----------End assembly log------------
[2025-07-14 07:15:27] root: INFO: >>>STAGE: contigger
[2025-07-14 07:15:27] root: INFO: Generating contigs
[2025-07-14 07:15:27] root: DEBUG: -----Begin contigger analyser log------
[2025-07-14 07:15:27] root: DEBUG: Running: flye-modules contigger --graph-edges /net/bmc-lab3/data/bcc/charliew/ont_flye/ont_flye_workflow/work/50/ddfaf7f9435d20a970af0c49efa7ec/S-1030_3_40k_50k.assembly/20-repeat/repeat_graph_edges.fasta --reads /net/bmc-lab3/data/bcc/charliew/ont_flye/ont_flye_workflow/work/50/ddfaf7f9435d20a970af0c49efa7ec/S-1030_3_40k_50k.fastq --out-dir /net/bmc-lab3/data/bcc/charliew/ont_flye/ont_flye_workflow/work/50/ddfaf7f9435d20a970af0c49efa7ec/S-1030_3_40k_50k.assembly/30-contigger --config /home/charliew/.conda/envs/flye_2.9.5/lib/python3.12/site-packages/flye/config/bin_cfg/asm_nano_hq.cfg --repeat-graph /net/bmc-lab3/data/bcc/charliew/ont_flye/ont_flye_workflow/work/50/ddfaf7f9435d20a970af0c49efa7ec/S-1030_3_40k_50k.assembly/20-repeat/repeat_graph_dump --graph-aln /net/bmc-lab3/data/bcc/charliew/ont_flye/ont_flye_workflow/work/50/ddfaf7f9435d20a970af0c49efa7ec/S-1030_3_40k_50k.assembly/20-repeat/read_alignment_dump --log /net/bmc-lab3/data/bcc/charliew/ont_flye/ont_flye_workflow/work/50/ddfaf7f9435d20a970af0c49efa7ec/S-1030_3_40k_50k.assembly/flye.log --threads 24 --min-ovlp 10000
[2025-07-14 07:15:27] DEBUG: Build date: Aug 30 2024 21:29:44
[2025-07-14 07:15:27] DEBUG: Total RAM: 376 Gb
[2025-07-14 07:15:27] DEBUG: Available RAM: 346 Gb
[2025-07-14 07:15:27] DEBUG: Total CPUs: 96
[2025-07-14 07:15:27] DEBUG: Loading /home/charliew/.conda/envs/flye_2.9.5/lib/python3.12/site-packages/flye/config/bin_cfg/asm_nano_hq.cfg
[2025-07-14 07:15:27] DEBUG: Loading /home/charliew/.conda/envs/flye_2.9.5/lib/python3.12/site-packages/flye/config/bin_cfg/asm_defaults.cfg
[2025-07-14 07:15:27] DEBUG: 	big_genome_threshold=29000000
[2025-07-14 07:15:27] DEBUG: 	meta_read_filter_kmer_freq=100
[2025-07-14 07:15:27] DEBUG: 	chain_large_gap_penalty=2
[2025-07-14 07:15:27] DEBUG: 	chain_small_gap_penalty=0.5
[2025-07-14 07:15:27] DEBUG: 	chain_gap_jump_threshold=100
[2025-07-14 07:15:27] DEBUG: 	max_jump_gap=500
[2025-07-14 07:15:27] DEBUG: 	max_coverage_drop_rate=5
[2025-07-14 07:15:27] DEBUG: 	max_extensions_drop_rate=5
[2025-07-14 07:15:27] DEBUG: 	chimera_window=100
[2025-07-14 07:15:27] DEBUG: 	chimera_overhang=1000
[2025-07-14 07:15:27] DEBUG: 	min_reads_in_disjointig=4
[2025-07-14 07:15:27] DEBUG: 	max_inner_reads=10
[2025-07-14 07:15:27] DEBUG: 	max_inner_fraction=0.25
[2025-07-14 07:15:27] DEBUG: 	aggressive_dup_filter=1
[2025-07-14 07:15:27] DEBUG: 	max_separation=500
[2025-07-14 07:15:27] DEBUG: 	unique_edge_length=50000
[2025-07-14 07:15:27] DEBUG: 	min_repeat_res_support=0.51
[2025-07-14 07:15:27] DEBUG: 	out_paths_ratio=5
[2025-07-14 07:15:27] DEBUG: 	graph_cov_drop_rate=5
[2025-07-14 07:15:27] DEBUG: 	coverage_estimate_window=100
[2025-07-14 07:15:27] DEBUG: 	max_bubble_length=50000
[2025-07-14 07:15:27] DEBUG: 	loop_coverage_rate=1.5
[2025-07-14 07:15:27] DEBUG: 	repeat_edge_cov_mult=1.75
[2025-07-14 07:15:27] DEBUG: 	weak_detach_rate=5
[2025-07-14 07:15:27] DEBUG: 	tip_coverage_rate=2
[2025-07-14 07:15:27] DEBUG: 	tip_length_rate=2
[2025-07-14 07:15:27] DEBUG: 	output_gfa_before_rr=1
[2025-07-14 07:15:27] DEBUG: 	remove_alt_edges=0
[2025-07-14 07:15:27] DEBUG: 	low_cutoff_warning=0
[2025-07-14 07:15:27] DEBUG: 	kmer_size=17
[2025-07-14 07:15:27] DEBUG: 	use_minimizers=1
[2025-07-14 07:15:27] DEBUG: 	minimizer_window=10
[2025-07-14 07:15:27] DEBUG: 	reads_base_alignment=1
[2025-07-14 07:15:27] DEBUG: 	meta_read_top_kmer_rate=0.75
[2025-07-14 07:15:27] DEBUG: 	maximum_jump=1500
[2025-07-14 07:15:27] DEBUG: 	maximum_overhang=1500
[2025-07-14 07:15:27] DEBUG: 	repeat_kmer_rate=100
[2025-07-14 07:15:27] DEBUG: 	assemble_ovlp_divergence=0.05
[2025-07-14 07:15:27] DEBUG: 	assemble_divergence_relative=1
[2025-07-14 07:15:27] DEBUG: 	repeat_graph_ovlp_divergence=0.05
[2025-07-14 07:15:27] DEBUG: 	read_align_ovlp_divergence=0.10
[2025-07-14 07:15:27] DEBUG: 	hpc_scoring_on=1
[2025-07-14 07:15:27] DEBUG: 	add_unassembled_reads=0
[2025-07-14 07:15:27] DEBUG: 	extend_contigs_with_repeats=0
[2025-07-14 07:15:27] DEBUG: 	min_read_cov_cutoff=3
[2025-07-14 07:15:27] DEBUG: 	short_tip_length=20000
[2025-07-14 07:15:27] DEBUG: 	long_tip_length=100000
[2025-07-14 07:15:27] DEBUG: Running with k-mer size: 17
[2025-07-14 07:15:27] DEBUG: Selected minimum overlap 10000
[2025-07-14 07:15:27] INFO: Reading sequences
[2025-07-14 07:15:36] DEBUG: Building positional index
[2025-07-14 07:15:36] DEBUG: Total sequence: 3222448861 bp
[2025-07-14 07:15:36] DEBUG: Flipped 0
[2025-07-14 07:15:36] DEBUG: UPath 1: 1
[2025-07-14 07:15:36] DEBUG: UPath 2: 3
[2025-07-14 07:15:36] DEBUG: UPath 3: 4 -> 16 -> -9
[2025-07-14 07:15:36] DEBUG: UPath 4: 6
[2025-07-14 07:15:36] DEBUG: UPath 5: 8
[2025-07-14 07:15:36] DEBUG: UPath 6: -11 -> 10
[2025-07-14 07:15:36] DEBUG: UPath 7: 13
[2025-07-14 07:15:36] DEBUG: UPath 8: 14
[2025-07-14 07:15:36] DEBUG: UPath 9: 15
[2025-07-14 07:15:36] DEBUG: Final graph contains 9 egdes
[2025-07-14 07:15:36] DEBUG: Extending contigs into repeats
[2025-07-14 07:15:36] DEBUG: Covered 3 repetitive contigs
[2025-07-14 07:15:36] INFO: Generated 6 contigs
[2025-07-14 07:15:36] DEBUG: Writing FASTA
[2025-07-14 07:15:36] DEBUG: Generating scaffold connections
[2025-07-14 07:15:36] INFO: Added 0 scaffold connections
[2025-07-14 07:15:36] DEBUG: Writing Dot
[2025-07-14 07:15:36] DEBUG: Writing FASTA
[2025-07-14 07:15:37] DEBUG: Writing Gfa
[2025-07-14 07:15:37] DEBUG: Peak RAM usage: 0 Gb
-----------End assembly log------------
[2025-07-14 07:15:37] root: INFO: >>>STAGE: polishing
[2025-07-14 07:15:37] root: INFO: Polishing genome (1/1)
[2025-07-14 07:15:37] root: INFO: Running minimap2
[2025-07-14 07:17:21] root: INFO: Separating alignment into bubbles
[2025-07-14 07:22:08] root: DEBUG: Generated 630150 bubbles
[2025-07-14 07:22:08] root: DEBUG: Split 2 long bubbles
[2025-07-14 07:22:08] root: DEBUG: Skipped 1 empty bubbles
[2025-07-14 07:22:08] root: DEBUG: Skipped 0 bubbles with long branches
[2025-07-14 07:22:08] root: INFO: Alignment error rate: 0.025254
[2025-07-14 07:22:08] root: INFO: Correcting bubbles
[2025-07-14 07:22:47] root: DEBUG: Mean contig coverage: 251, selected threshold: 50
[2025-07-14 07:22:48] root: DEBUG: Filtered 1 contigs of total length 15000
[2025-07-14 07:22:48] root: DEBUG: Generating polished GFA
[2025-07-14 07:22:51] root: DEBUG: 0 sequences remained unpolished
[2025-07-14 07:22:51] root: INFO: >>>STAGE: finalize
[2025-07-14 07:22:51] root: DEBUG: ---Output dir contents:----
[2025-07-14 07:22:51] root: DEBUG: S-1030_3_40k_50k.assembly/
[2025-07-14 07:22:51] root: DEBUG:     42.0 K      flye.log
[2025-07-14 07:22:51] root: DEBUG:     93.0 B      params.json
[2025-07-14 07:22:51] root: DEBUG:     1.0 K       assembly_graph.gv
[2025-07-14 07:22:51] root: DEBUG:     8.0 M       assembly_graph.gfa
[2025-07-14 07:22:51] root: DEBUG:     9.0 M       assembly.fasta
[2025-07-14 07:22:51] root: DEBUG:     00-assembly/
[2025-07-14 07:22:51] root: DEBUG:         9.0 M       draft_assembly.fasta
[2025-07-14 07:22:51] root: DEBUG:         135.0 B     draft_assembly.fasta.fai
[2025-07-14 07:22:51] root: DEBUG:     10-consensus/
[2025-07-14 07:22:51] root: DEBUG:         1.0 K       minimap.stderr
[2025-07-14 07:22:51] root: DEBUG:         85.0 K      minimap.bam.bai
[2025-07-14 07:22:51] root: DEBUG:         9.0 M       consensus.fasta
[2025-07-14 07:22:51] root: DEBUG:     20-repeat/
[2025-07-14 07:22:51] root: DEBUG:         1.0 K       graph_before_rr.gv
[2025-07-14 07:22:51] root: DEBUG:         9.0 M       graph_before_rr.fasta
[2025-07-14 07:22:51] root: DEBUG:         8.0 M       graph_before_rr.gfa
[2025-07-14 07:22:51] root: DEBUG:         2.0 K       graph_after_rr.gv
[2025-07-14 07:22:51] root: DEBUG:         8.0 K       repeat_graph_dump
[2025-07-14 07:22:51] root: DEBUG:         17.0 M      read_alignment_dump
[2025-07-14 07:22:51] root: DEBUG:         9.0 M       repeat_graph_edges.fasta
[2025-07-14 07:22:51] root: DEBUG:     30-contigger/
[2025-07-14 07:22:51] root: DEBUG:         9.0 M       contigs.fasta
[2025-07-14 07:22:51] root: DEBUG:         338.0 B     contigs_stats.txt
[2025-07-14 07:22:51] root: DEBUG:         0.0 B       scaffolds_links.txt
[2025-07-14 07:22:51] root: DEBUG:         1.0 K       graph_final.gv
[2025-07-14 07:22:51] root: DEBUG:         9.0 M       graph_final.fasta
[2025-07-14 07:22:51] root: DEBUG:         8.0 M       graph_final.gfa
[2025-07-14 07:22:51] root: DEBUG:         178.0 B     contigs.fasta.fai
[2025-07-14 07:22:51] root: DEBUG:     40-polishing/
[2025-07-14 07:22:51] root: DEBUG:         1.0 K       minimap.stderr
[2025-07-14 07:22:51] root: DEBUG:         91.0 K      minimap_1.bam.bai
[2025-07-14 07:22:51] root: DEBUG:         147.0 B     contigs_stats.txt
[2025-07-14 07:22:51] root: DEBUG:         3.0 M       base_coverage.bed.gz
[2025-07-14 07:22:51] root: DEBUG:         9.0 M       filtered_contigs.fasta
[2025-07-14 07:22:51] root: DEBUG:         130.0 B     filtered_stats.txt
[2025-07-14 07:22:51] root: DEBUG:         149.0 B     filtered_contigs.fasta.fai
[2025-07-14 07:22:51] root: DEBUG:         5.0 K       edges_aln.bam.bai
[2025-07-14 07:22:51] root: DEBUG:         8.0 M       polished_edges.gfa
[2025-07-14 07:22:51] root: DEBUG: --------------------------
[2025-07-14 07:22:51] root: INFO: Assembly statistics:

	Total length:	9520715
	Fragments:	5
	Fragments N50:	2396408
	Largest frg:	2930532
	Scaffolds:	0
	Mean coverage:	251

[2025-07-14 07:22:51] root: INFO: Final assembly: /net/bmc-lab3/data/bcc/charliew/ont_flye/ont_flye_workflow/work/50/ddfaf7f9435d20a970af0c49efa7ec/S-1030_3_40k_50k.assembly/assembly.fasta
