[2025-07-14 06:17:44] root: INFO: Starting Flye 2.9.5-b1801
[2025-07-14 06:17:44] root: DEBUG: Cmd: /net/ostrom/data/bcc/charliew/.conda/envs/flye_2.9.5/bin/flye --nano-hq S-1030_3_50k_Plus.fastq --threads 24 --genome-size 10m --out-dir S-1030_3_50k_Plus.assembly
[2025-07-14 06:17:44] root: DEBUG: Python version: 3.12.5 | packaged by conda-forge | (main, Aug  8 2024, 18:36:51) [GCC 12.4.0]
[2025-07-14 06:17:44] root: INFO: >>>STAGE: configure
[2025-07-14 06:17:44] root: INFO: Configuring run
[2025-07-14 06:17:54] root: INFO: Total read length: 4466716955
[2025-07-14 06:17:54] root: INFO: Input genome size: 10000000
[2025-07-14 06:17:54] root: INFO: Estimated coverage: 446
[2025-07-14 06:17:54] root: INFO: Reads N50/N90: 61795 / 51845
[2025-07-14 06:17:54] root: INFO: Minimum overlap set to 10000
[2025-07-14 06:17:54] root: INFO: >>>STAGE: assembly
[2025-07-14 06:17:55] root: INFO: Assembling disjointigs
[2025-07-14 06:17:55] root: DEBUG: -----Begin assembly log------
[2025-07-14 06:17:55] root: DEBUG: Running: flye-modules assemble --reads /net/bmc-lab3/data/bcc/charliew/ont_flye/ont_flye_workflow/work/1e/89905d1c712c602d5aaa04d9076086/S-1030_3_50k_Plus.fastq --out-asm /net/bmc-lab3/data/bcc/charliew/ont_flye/ont_flye_workflow/work/1e/89905d1c712c602d5aaa04d9076086/S-1030_3_50k_Plus.assembly/00-assembly/draft_assembly.fasta --config /home/charliew/.conda/envs/flye_2.9.5/lib/python3.12/site-packages/flye/config/bin_cfg/asm_nano_hq.cfg --log /net/bmc-lab3/data/bcc/charliew/ont_flye/ont_flye_workflow/work/1e/89905d1c712c602d5aaa04d9076086/S-1030_3_50k_Plus.assembly/flye.log --threads 24 --genome-size 10000000 --min-ovlp 10000
[2025-07-14 06:17:55] DEBUG: Build date: Aug 30 2024 21:28:54
[2025-07-14 06:17:55] DEBUG: Total RAM: 376 Gb
[2025-07-14 06:17:55] DEBUG: Available RAM: 353 Gb
[2025-07-14 06:17:55] DEBUG: Total CPUs: 96
[2025-07-14 06:17:55] DEBUG: Loading /home/charliew/.conda/envs/flye_2.9.5/lib/python3.12/site-packages/flye/config/bin_cfg/asm_nano_hq.cfg
[2025-07-14 06:17:55] DEBUG: Loading /home/charliew/.conda/envs/flye_2.9.5/lib/python3.12/site-packages/flye/config/bin_cfg/asm_defaults.cfg
[2025-07-14 06:17:55] DEBUG: 	big_genome_threshold=29000000
[2025-07-14 06:17:55] DEBUG: 	meta_read_filter_kmer_freq=100
[2025-07-14 06:17:55] DEBUG: 	chain_large_gap_penalty=2
[2025-07-14 06:17:55] DEBUG: 	chain_small_gap_penalty=0.5
[2025-07-14 06:17:55] DEBUG: 	chain_gap_jump_threshold=100
[2025-07-14 06:17:55] DEBUG: 	max_jump_gap=500
[2025-07-14 06:17:55] DEBUG: 	max_coverage_drop_rate=5
[2025-07-14 06:17:55] DEBUG: 	max_extensions_drop_rate=5
[2025-07-14 06:17:55] DEBUG: 	chimera_window=100
[2025-07-14 06:17:55] DEBUG: 	chimera_overhang=1000
[2025-07-14 06:17:55] DEBUG: 	min_reads_in_disjointig=4
[2025-07-14 06:17:55] DEBUG: 	max_inner_reads=10
[2025-07-14 06:17:55] DEBUG: 	max_inner_fraction=0.25
[2025-07-14 06:17:55] DEBUG: 	aggressive_dup_filter=1
[2025-07-14 06:17:55] DEBUG: 	max_separation=500
[2025-07-14 06:17:55] DEBUG: 	unique_edge_length=50000
[2025-07-14 06:17:55] DEBUG: 	min_repeat_res_support=0.51
[2025-07-14 06:17:55] DEBUG: 	out_paths_ratio=5
[2025-07-14 06:17:55] DEBUG: 	graph_cov_drop_rate=5
[2025-07-14 06:17:55] DEBUG: 	coverage_estimate_window=100
[2025-07-14 06:17:55] DEBUG: 	max_bubble_length=50000
[2025-07-14 06:17:55] DEBUG: 	loop_coverage_rate=1.5
[2025-07-14 06:17:55] DEBUG: 	repeat_edge_cov_mult=1.75
[2025-07-14 06:17:55] DEBUG: 	weak_detach_rate=5
[2025-07-14 06:17:55] DEBUG: 	tip_coverage_rate=2
[2025-07-14 06:17:55] DEBUG: 	tip_length_rate=2
[2025-07-14 06:17:55] DEBUG: 	output_gfa_before_rr=1
[2025-07-14 06:17:55] DEBUG: 	remove_alt_edges=0
[2025-07-14 06:17:55] DEBUG: 	low_cutoff_warning=0
[2025-07-14 06:17:55] DEBUG: 	kmer_size=17
[2025-07-14 06:17:55] DEBUG: 	use_minimizers=1
[2025-07-14 06:17:55] DEBUG: 	minimizer_window=10
[2025-07-14 06:17:55] DEBUG: 	reads_base_alignment=1
[2025-07-14 06:17:55] DEBUG: 	meta_read_top_kmer_rate=0.75
[2025-07-14 06:17:55] DEBUG: 	maximum_jump=1500
[2025-07-14 06:17:55] DEBUG: 	maximum_overhang=1500
[2025-07-14 06:17:55] DEBUG: 	repeat_kmer_rate=100
[2025-07-14 06:17:55] DEBUG: 	assemble_ovlp_divergence=0.05
[2025-07-14 06:17:55] DEBUG: 	assemble_divergence_relative=1
[2025-07-14 06:17:55] DEBUG: 	repeat_graph_ovlp_divergence=0.05
[2025-07-14 06:17:55] DEBUG: 	read_align_ovlp_divergence=0.10
[2025-07-14 06:17:55] DEBUG: 	hpc_scoring_on=1
[2025-07-14 06:17:55] DEBUG: 	add_unassembled_reads=0
[2025-07-14 06:17:55] DEBUG: 	extend_contigs_with_repeats=0
[2025-07-14 06:17:55] DEBUG: 	min_read_cov_cutoff=3
[2025-07-14 06:17:55] DEBUG: 	short_tip_length=20000
[2025-07-14 06:17:55] DEBUG: 	long_tip_length=100000
[2025-07-14 06:17:55] DEBUG: Running with k-mer size: 17
[2025-07-14 06:17:55] DEBUG: Running with minimum overlap 10000
[2025-07-14 06:17:55] DEBUG: Metagenome mode: N
[2025-07-14 06:17:55] DEBUG: Short mode: N
[2025-07-14 06:17:55] INFO: Reading sequences
[2025-07-14 06:18:05] DEBUG: Building positional index
[2025-07-14 06:18:06] DEBUG: Total sequence: 4466716955 bp
[2025-07-14 06:18:06] INFO: Building minimizer index
[2025-07-14 06:18:06] INFO: Pre-calculating index storage
[2025-07-14 06:18:27] DEBUG: Mean k-mer frequency: 8.909
[2025-07-14 06:18:27] DEBUG: Repetitive k-mer frequency: 890
[2025-07-14 06:18:27] DEBUG: Filtered 129918829 repetitive k-mers (0.160315)
[2025-07-14 06:18:29] INFO: Filling index
[2025-07-14 06:18:46] DEBUG: Sorting k-mer index
[2025-07-14 06:18:54] DEBUG: Selected k-mers: 90951934
[2025-07-14 06:18:54] DEBUG: K-mer index size: 680476601
[2025-07-14 06:18:54] DEBUG: Mean k-mer frequency: 7.48172
[2025-07-14 06:18:54] DEBUG: Minimizer rate: 6.5641
[2025-07-14 06:18:54] DEBUG: Peak RAM usage: 8 Gb
[2025-07-14 06:18:54] DEBUG: Estimating k-mer identity bias
[2025-07-14 06:20:49] DEBUG: Initial divergence estimate : 0.0350271
[2025-07-14 06:20:49] DEBUG: Relative threshold: Y
[2025-07-14 06:20:49] DEBUG: Max divergence threshold set to 0.0850271
[2025-07-14 06:20:49] INFO: Extending reads
[2025-07-14 06:20:49] DEBUG: Estimating overlap coverage
[2025-07-14 07:10:04] INFO: Overlap-based coverage: 297
[2025-07-14 07:10:04] INFO: Median overlap divergence: 0.03483
[2025-07-14 07:10:04] DEBUG: Sequence divergence distribution: 

    |    *            |                                                                                  
    |    *            |                                                                                  
    |    *            |                                                                                  
    |    *            |                                                                                  
    |    *            |                                                                                  
    |    *            |                                                                                  
    |   ***           |                                                                                  
    |   ***           |                                                                                  
    |   ***           |                                                                                  
    |   ***           |                                                                                  
    |   ****          |                                                                                  
    |   ****          |                                                                                  
    |   ****          |                                                                                  
    |   *****         |                                                                                  
    |   *****         |                                                                                  
    |   ******        |                                                                                  
    |   *********     |**                                                                                
    |   ******************                                                                               
    |  ***********************                                                                           
    | ************************************ *  *** *  *                                                 * 
    ----------------------------------------------------------------------------------------------------
    0%        5%        10%       15%       20%       25%       30%       35%       40%       45%       

    Q25 = 0.023, Q50 = 0.035, Q75 = 0.073

[2025-07-14 07:45:18] DEBUG: Assembled disjointig 1
	With 264 reads
	Start read: +c50cebd0-bed2-41b8-96e3-58607a9260ad
	At position: 1
	leftTip: 1 rightTip: 1
	Suspicious: 1
	Short ext: 0
	Mean extensions: 313
	Avg overlap len: 83045
	Min overlap len: 50849
	Inner reads: 0
	Length: 2393231
[2025-07-14 07:45:19] DEBUG: Inner: 22430 covered: 47254 total: 139678
[2025-07-14 07:45:19] DEBUG: Discarded disjointig with 242 reads and 240 inner overlaps
[2025-07-14 07:45:19] DEBUG: Discarded disjointig with 255 reads and 253 inner overlaps
[2025-07-14 07:45:19] DEBUG: Discarded disjointig with 263 reads and 256 inner overlaps
[2025-07-14 07:45:19] DEBUG: Discarded disjointig with 207 reads and 205 inner overlaps
[2025-07-14 07:45:19] DEBUG: Discarded disjointig with 264 reads and 262 inner overlaps
[2025-07-14 07:45:19] DEBUG: Discarded disjointig with 264 reads and 257 inner overlaps
[2025-07-14 07:45:19] DEBUG: Discarded disjointig with 263 reads and 256 inner overlaps
[2025-07-14 07:45:19] DEBUG: Discarded disjointig with 263 reads and 261 inner overlaps
[2025-07-14 07:45:19] DEBUG: Discarded disjointig with 263 reads and 256 inner overlaps
[2025-07-14 07:45:23] DEBUG: Discarded disjointig with 215 reads and 213 inner overlaps
[2025-07-14 07:45:23] DEBUG: Discarded disjointig with 268 reads and 261 inner overlaps
[2025-07-14 07:52:03] DEBUG: Assembled disjointig 2
	With 286 reads
	Start read: +0544cd63-73e1-430f-81a2-232bb30e4330
	At position: 264
	leftTip: 0 rightTip: 1
	Suspicious: 6
	Short ext: 0
	Mean extensions: 311
	Avg overlap len: 82450
	Min overlap len: 15309
	Inner reads: 0
	Length: 3003707
[2025-07-14 07:52:03] DEBUG: Inner: 49910 covered: 77916 total: 139678
[2025-07-14 07:52:03] DEBUG: Discarded disjointig with 287 reads and 285 inner overlaps
[2025-07-14 07:52:03] DEBUG: Discarded disjointig with 287 reads and 285 inner overlaps
[2025-07-14 07:52:03] DEBUG: Discarded disjointig with 213 reads and 211 inner overlaps
[2025-07-14 07:52:03] DEBUG: Discarded disjointig with 282 reads and 280 inner overlaps
[2025-07-14 07:52:03] DEBUG: Discarded disjointig with 164 reads and 162 inner overlaps
[2025-07-14 07:52:04] DEBUG: Discarded disjointig with 290 reads and 288 inner overlaps
[2025-07-14 07:52:04] DEBUG: Discarded disjointig with 290 reads and 288 inner overlaps
[2025-07-14 07:52:04] DEBUG: Discarded disjointig with 283 reads and 281 inner overlaps
[2025-07-14 07:52:04] DEBUG: Discarded disjointig with 289 reads and 287 inner overlaps
[2025-07-14 07:52:04] DEBUG: Discarded disjointig with 287 reads and 285 inner overlaps
[2025-07-14 07:52:04] DEBUG: Discarded disjointig with 283 reads and 281 inner overlaps
[2025-07-14 07:52:04] DEBUG: Discarded disjointig with 288 reads and 286 inner overlaps
[2025-07-14 07:52:04] DEBUG: Discarded disjointig with 175 reads and 173 inner overlaps
[2025-07-14 07:52:04] DEBUG: Discarded disjointig with 289 reads and 287 inner overlaps
[2025-07-14 07:52:04] DEBUG: Discarded disjointig with 285 reads and 283 inner overlaps
[2025-07-14 07:52:05] DEBUG: Discarded disjointig with 290 reads and 288 inner overlaps
[2025-07-14 07:52:05] DEBUG: Discarded disjointig with 236 reads and 234 inner overlaps
[2025-07-14 07:52:05] DEBUG: Discarded disjointig with 225 reads and 223 inner overlaps
[2025-07-14 07:52:05] DEBUG: Discarded disjointig with 279 reads and 277 inner overlaps
[2025-07-14 07:52:05] DEBUG: Discarded disjointig with 280 reads and 278 inner overlaps
[2025-07-14 07:52:05] DEBUG: Discarded disjointig with 174 reads and 172 inner overlaps
[2025-07-14 07:52:06] DEBUG: Discarded disjointig with 290 reads and 288 inner overlaps
[2025-07-14 07:52:10] DEBUG: Discarded disjointig with 102 reads and 100 inner overlaps
[2025-07-14 08:26:02] DEBUG: Assembled disjointig 3
	With 169 reads
	Start read: +3bf40448-1a2f-4dff-92f0-5e2bcc6f6bd0
	At position: 97
	leftTip: 0 rightTip: 0
	Suspicious: 2
	Short ext: 0
	Mean extensions: 307
	Avg overlap len: 79256
	Min overlap len: 29864
	Inner reads: 0
	Length: 1954691
[2025-07-14 08:26:02] DEBUG: Inner: 66842 covered: 114802 total: 139678
[2025-07-14 08:26:02] DEBUG: Discarded disjointig with 81 reads and 79 inner overlaps
[2025-07-14 08:26:03] DEBUG: Discarded disjointig with 169 reads and 167 inner overlaps
[2025-07-14 08:26:03] DEBUG: Discarded disjointig with 70 reads and 68 inner overlaps
[2025-07-14 08:26:03] DEBUG: Discarded disjointig with 168 reads and 166 inner overlaps
[2025-07-14 08:26:03] DEBUG: Discarded disjointig with 54 reads and 52 inner overlaps
[2025-07-14 08:26:03] DEBUG: Discarded disjointig with 169 reads and 167 inner overlaps
[2025-07-14 08:26:04] DEBUG: Discarded disjointig with 168 reads and 166 inner overlaps
[2025-07-14 08:26:04] DEBUG: Discarded disjointig with 170 reads and 168 inner overlaps
[2025-07-14 08:26:04] DEBUG: Discarded disjointig with 119 reads and 117 inner overlaps
[2025-07-14 08:26:04] DEBUG: Discarded disjointig with 73 reads and 71 inner overlaps
[2025-07-14 08:26:04] DEBUG: Discarded disjointig with 168 reads and 166 inner overlaps
[2025-07-14 08:26:05] DEBUG: Discarded disjointig with 168 reads and 166 inner overlaps
[2025-07-14 08:26:05] DEBUG: Discarded disjointig with 170 reads and 168 inner overlaps
[2025-07-14 08:26:05] DEBUG: Discarded disjointig with 76 reads and 74 inner overlaps
[2025-07-14 08:26:07] DEBUG: Discarded disjointig with 61 reads and 59 inner overlaps
[2025-07-14 08:26:19] DEBUG: Discarded disjointig with 97 reads and 95 inner overlaps
[2025-07-14 09:38:54] DEBUG: Assembled disjointig 4
	With 224 reads
	Start read: +0d604662-d183-4a97-9aa1-b5ace956b8ea
	At position: 80
	leftTip: 1 rightTip: 0
	Suspicious: 10
	Short ext: 0
	Mean extensions: 317
	Avg overlap len: 76400
	Min overlap len: 11657
	Inner reads: 0
	Length: 2386164
[2025-07-14 09:38:55] DEBUG: Inner: 87776 covered: 127996 total: 139678
[2025-07-14 09:38:55] DEBUG: Discarded disjointig with 228 reads and 222 inner overlaps
[2025-07-14 09:38:55] DEBUG: Discarded disjointig with 183 reads and 177 inner overlaps
[2025-07-14 09:38:55] DEBUG: Discarded disjointig with 186 reads and 180 inner overlaps
[2025-07-14 09:38:55] DEBUG: Discarded disjointig with 181 reads and 175 inner overlaps
[2025-07-14 09:38:55] DEBUG: Discarded disjointig with 223 reads and 221 inner overlaps
[2025-07-14 09:38:55] DEBUG: Discarded disjointig with 230 reads and 224 inner overlaps
[2025-07-14 09:38:55] DEBUG: Discarded disjointig with 228 reads and 222 inner overlaps
[2025-07-14 09:38:55] DEBUG: Discarded disjointig with 224 reads and 218 inner overlaps
[2025-07-14 09:38:55] DEBUG: Discarded disjointig with 162 reads and 160 inner overlaps
[2025-07-14 09:38:55] DEBUG: Discarded disjointig with 227 reads and 221 inner overlaps
[2025-07-14 09:38:55] DEBUG: Discarded disjointig with 226 reads and 220 inner overlaps
[2025-07-14 09:38:55] DEBUG: Discarded disjointig with 227 reads and 221 inner overlaps
[2025-07-14 09:38:55] DEBUG: Discarded disjointig with 229 reads and 223 inner overlaps
[2025-07-14 09:38:56] DEBUG: Discarded disjointig with 227 reads and 221 inner overlaps
[2025-07-14 09:38:56] DEBUG: Discarded disjointig with 215 reads and 209 inner overlaps
[2025-07-14 09:38:56] DEBUG: Discarded disjointig with 227 reads and 221 inner overlaps
[2025-07-14 09:38:56] DEBUG: Discarded disjointig with 228 reads and 222 inner overlaps
[2025-07-14 09:38:56] DEBUG: Discarded disjointig with 171 reads and 166 inner overlaps
[2025-07-14 09:38:56] DEBUG: Discarded disjointig with 227 reads and 221 inner overlaps
[2025-07-14 09:38:56] DEBUG: Discarded disjointig with 227 reads and 221 inner overlaps
[2025-07-14 09:38:56] DEBUG: Discarded disjointig with 228 reads and 222 inner overlaps
[2025-07-14 09:38:56] DEBUG: Discarded disjointig with 225 reads and 223 inner overlaps
[2025-07-14 09:38:56] DEBUG: Discarded disjointig with 228 reads and 222 inner overlaps
[2025-07-14 09:49:13] INFO: Assembled 4 disjointigs
[2025-07-14 09:49:15] INFO: Generating sequence
[2025-07-14 09:49:16] DEBUG: Building positional index
[2025-07-14 09:49:16] DEBUG: Total sequence: 9640656 bp
[2025-07-14 09:49:16] DEBUG: Mean k-mer frequency: 1.03118
[2025-07-14 09:49:16] DEBUG: Repetitive k-mer frequency: 103
[2025-07-14 09:49:16] DEBUG: Filtered 131 repetitive k-mers (7.47104e-05)
[2025-07-14 09:49:17] DEBUG: Sorting k-mer index
[2025-07-14 09:49:17] DEBUG: Selected k-mers: 1700423
[2025-07-14 09:49:17] DEBUG: K-mer index size: 1753306
[2025-07-14 09:49:17] DEBUG: Mean k-mer frequency: 1.0311
[2025-07-14 09:49:17] DEBUG: Minimizer rate: 5.49856
[2025-07-14 09:49:17] INFO: Filtering contained disjointigs
[2025-07-14 09:49:19] DEBUG: Computing transitive closure for overlaps
[2025-07-14 09:49:19] DEBUG: Found 0 overlaps
[2025-07-14 09:49:19] DEBUG: Left 0 overlaps after filtering
[2025-07-14 09:49:19] INFO: Contained seqs: 0
[2025-07-14 09:49:19] DEBUG: Writing FASTA
[2025-07-14 09:49:19] DEBUG: Peak RAM usage: 12 Gb
-----------End assembly log------------
[2025-07-14 09:49:20] root: DEBUG: Disjointigs length: 9640656, N50: 2392973
[2025-07-14 09:49:20] root: INFO: >>>STAGE: consensus
[2025-07-14 09:49:20] root: INFO: Running Minimap2
[2025-07-14 09:53:45] root: INFO: Computing consensus
[2025-07-14 10:05:43] root: INFO: Alignment error rate: 0.040644
[2025-07-14 10:05:43] root: INFO: >>>STAGE: repeat
[2025-07-14 10:05:43] root: INFO: Building and resolving repeat graph
[2025-07-14 10:05:43] root: DEBUG: -----Begin repeat analyser log------
[2025-07-14 10:05:43] root: DEBUG: Running: flye-modules repeat --disjointigs /net/bmc-lab3/data/bcc/charliew/ont_flye/ont_flye_workflow/work/1e/89905d1c712c602d5aaa04d9076086/S-1030_3_50k_Plus.assembly/10-consensus/consensus.fasta --reads /net/bmc-lab3/data/bcc/charliew/ont_flye/ont_flye_workflow/work/1e/89905d1c712c602d5aaa04d9076086/S-1030_3_50k_Plus.fastq --out-dir /net/bmc-lab3/data/bcc/charliew/ont_flye/ont_flye_workflow/work/1e/89905d1c712c602d5aaa04d9076086/S-1030_3_50k_Plus.assembly/20-repeat --config /home/charliew/.conda/envs/flye_2.9.5/lib/python3.12/site-packages/flye/config/bin_cfg/asm_nano_hq.cfg --log /net/bmc-lab3/data/bcc/charliew/ont_flye/ont_flye_workflow/work/1e/89905d1c712c602d5aaa04d9076086/S-1030_3_50k_Plus.assembly/flye.log --threads 24 --min-ovlp 10000
[2025-07-14 10:05:43] DEBUG: Build date: Aug 30 2024 21:29:19
[2025-07-14 10:05:43] DEBUG: Total RAM: 376 Gb
[2025-07-14 10:05:43] DEBUG: Available RAM: 303 Gb
[2025-07-14 10:05:43] DEBUG: Total CPUs: 96
[2025-07-14 10:05:43] DEBUG: Loading /home/charliew/.conda/envs/flye_2.9.5/lib/python3.12/site-packages/flye/config/bin_cfg/asm_nano_hq.cfg
[2025-07-14 10:05:43] DEBUG: Loading /home/charliew/.conda/envs/flye_2.9.5/lib/python3.12/site-packages/flye/config/bin_cfg/asm_defaults.cfg
[2025-07-14 10:05:43] DEBUG: 	big_genome_threshold=29000000
[2025-07-14 10:05:43] DEBUG: 	meta_read_filter_kmer_freq=100
[2025-07-14 10:05:43] DEBUG: 	chain_large_gap_penalty=2
[2025-07-14 10:05:43] DEBUG: 	chain_small_gap_penalty=0.5
[2025-07-14 10:05:43] DEBUG: 	chain_gap_jump_threshold=100
[2025-07-14 10:05:43] DEBUG: 	max_jump_gap=500
[2025-07-14 10:05:43] DEBUG: 	max_coverage_drop_rate=5
[2025-07-14 10:05:43] DEBUG: 	max_extensions_drop_rate=5
[2025-07-14 10:05:43] DEBUG: 	chimera_window=100
[2025-07-14 10:05:43] DEBUG: 	chimera_overhang=1000
[2025-07-14 10:05:43] DEBUG: 	min_reads_in_disjointig=4
[2025-07-14 10:05:43] DEBUG: 	max_inner_reads=10
[2025-07-14 10:05:43] DEBUG: 	max_inner_fraction=0.25
[2025-07-14 10:05:43] DEBUG: 	aggressive_dup_filter=1
[2025-07-14 10:05:43] DEBUG: 	max_separation=500
[2025-07-14 10:05:43] DEBUG: 	unique_edge_length=50000
[2025-07-14 10:05:43] DEBUG: 	min_repeat_res_support=0.51
[2025-07-14 10:05:43] DEBUG: 	out_paths_ratio=5
[2025-07-14 10:05:43] DEBUG: 	graph_cov_drop_rate=5
[2025-07-14 10:05:43] DEBUG: 	coverage_estimate_window=100
[2025-07-14 10:05:43] DEBUG: 	max_bubble_length=50000
[2025-07-14 10:05:43] DEBUG: 	loop_coverage_rate=1.5
[2025-07-14 10:05:43] DEBUG: 	repeat_edge_cov_mult=1.75
[2025-07-14 10:05:43] DEBUG: 	weak_detach_rate=5
[2025-07-14 10:05:43] DEBUG: 	tip_coverage_rate=2
[2025-07-14 10:05:43] DEBUG: 	tip_length_rate=2
[2025-07-14 10:05:43] DEBUG: 	output_gfa_before_rr=1
[2025-07-14 10:05:43] DEBUG: 	remove_alt_edges=0
[2025-07-14 10:05:43] DEBUG: 	low_cutoff_warning=0
[2025-07-14 10:05:43] DEBUG: 	kmer_size=17
[2025-07-14 10:05:43] DEBUG: 	use_minimizers=1
[2025-07-14 10:05:43] DEBUG: 	minimizer_window=10
[2025-07-14 10:05:43] DEBUG: 	reads_base_alignment=1
[2025-07-14 10:05:43] DEBUG: 	meta_read_top_kmer_rate=0.75
[2025-07-14 10:05:43] DEBUG: 	maximum_jump=1500
[2025-07-14 10:05:43] DEBUG: 	maximum_overhang=1500
[2025-07-14 10:05:43] DEBUG: 	repeat_kmer_rate=100
[2025-07-14 10:05:43] DEBUG: 	assemble_ovlp_divergence=0.05
[2025-07-14 10:05:43] DEBUG: 	assemble_divergence_relative=1
[2025-07-14 10:05:43] DEBUG: 	repeat_graph_ovlp_divergence=0.05
[2025-07-14 10:05:43] DEBUG: 	read_align_ovlp_divergence=0.10
[2025-07-14 10:05:43] DEBUG: 	hpc_scoring_on=1
[2025-07-14 10:05:43] DEBUG: 	add_unassembled_reads=0
[2025-07-14 10:05:43] DEBUG: 	extend_contigs_with_repeats=0
[2025-07-14 10:05:43] DEBUG: 	min_read_cov_cutoff=3
[2025-07-14 10:05:43] DEBUG: 	short_tip_length=20000
[2025-07-14 10:05:43] DEBUG: 	long_tip_length=100000
[2025-07-14 10:05:43] DEBUG: Running with k-mer size: 17
[2025-07-14 10:05:43] DEBUG: Selected minimum overlap 10000
[2025-07-14 10:05:43] DEBUG: Metagenome mode: N
[2025-07-14 10:05:43] INFO: Parsing disjointigs
[2025-07-14 10:05:44] DEBUG: Building positional index
[2025-07-14 10:05:44] DEBUG: Total sequence: 9654678 bp
[2025-07-14 10:05:44] INFO: Building repeat graph
[2025-07-14 10:05:44] DEBUG: Mean k-mer frequency: 1.04067
[2025-07-14 10:05:44] DEBUG: Repetitive k-mer frequency: 104
[2025-07-14 10:05:44] DEBUG: Filtered 472 repetitive k-mers (0.000268758)
[2025-07-14 10:05:45] DEBUG: Sorting k-mer index
[2025-07-14 10:05:45] DEBUG: Selected k-mers: 1687579
[2025-07-14 10:05:45] DEBUG: K-mer index size: 1755752
[2025-07-14 10:05:45] DEBUG: Mean k-mer frequency: 1.0404
[2025-07-14 10:05:45] DEBUG: Minimizer rate: 5.49888
[2025-07-14 10:05:47] DEBUG: Computing transitive closure for overlaps
[2025-07-14 10:05:47] DEBUG: Found 126 overlaps
[2025-07-14 10:05:47] DEBUG: Left 48 overlaps after filtering
[2025-07-14 10:05:47] INFO: Median overlap divergence: 0.0385769
[2025-07-14 10:05:47] DEBUG: Sequence divergence distribution: 

    |*         |                                                                                         
    |*         |                                                                                         
    |*         |                                                                                         
    |*         |                                                                                         
    |*         |                                                                                         
    |*         |                                                                                         
    |*         |                                                                                         
    |*         |                                                                                         
    |*         |                                                                                         
    |*         |                                                                                         
    |*      ** |                                                                                         
    |*      ** |                                                                                         
    |*      ** |                                                                                         
    |*      ** |                                                                                         
    |*      ** |                                                                                         
    |*      ** *  *                                                                                      
    |*      ** *  *                                                                                      
    |*      ** *  *                                                                                      
    |*      ** *  *                                                                                      
    |*      ** *  *                                                                                      
    ----------------------------------------------------------------------------------------------------
    0%        5%        10%       15%       20%       25%       30%       35%       40%       45%       

    Q25 = 0.0016, Q50 = 0.039, Q75 = 0.041

[2025-07-14 10:05:47] DEBUG: Computing gluepoints
[2025-07-14 10:05:47] DEBUG: Added 22 gluepoint projections
[2025-07-14 10:05:47] DEBUG: Added 11 gluepoint projections
[2025-07-14 10:05:47] DEBUG: Added 1 gluepoint projections
[2025-07-14 10:05:47] DEBUG: Added 0 gluepoint projections
[2025-07-14 10:05:47] DEBUG: Created 204 gluepoints
[2025-07-14 10:05:47] DEBUG: Artificial loops removed: 0 left, 0 right, 0 both
[2025-07-14 10:05:47] DEBUG: Initializing edges
[2025-07-14 10:05:47] DEBUG: Edges length checksum: 8649509596
[2025-07-14 10:05:47] DEBUG: Filtered 0 singleton segments
[2025-07-14 10:05:47] DEBUG: Removed 0 simple and 0 double chimeric junctions
[2025-07-14 10:05:47] DEBUG: Collapsed 2 edges
[2025-07-14 10:05:47] DEBUG: *	1	+disjointig_1	0	2396304	2396304	
[2025-07-14 10:05:47] DEBUG:  	4	+disjointig_2	1461	2448	987	
[2025-07-14 10:05:47] DEBUG:  	11	+disjointig_2	2448	8493	6045	
[2025-07-14 10:05:47] DEBUG:  	4	+disjointig_2	8493	9293	800	
[2025-07-14 10:05:47] DEBUG:  	11	+disjointig_2	9293	15529	6236	
[2025-07-14 10:05:47] DEBUG:  	4	+disjointig_2	15529	16514	985	
[2025-07-14 10:05:47] DEBUG:  	11	+disjointig_2	16514	22564	6050	
[2025-07-14 10:05:47] DEBUG:  	4	+disjointig_2	22564	23549	985	
[2025-07-14 10:05:47] DEBUG:  	11	+disjointig_2	23549	29593	6044	
[2025-07-14 10:05:47] DEBUG:  	4	+disjointig_2	29593	30580	987	
[2025-07-14 10:05:47] DEBUG:  	11	+disjointig_2	30580	36628	6048	
[2025-07-14 10:05:47] DEBUG:  	4	+disjointig_2	36628	37319	691	
[2025-07-14 10:05:47] DEBUG:  	11	+disjointig_2	37319	43663	6344	
[2025-07-14 10:05:47] DEBUG:  	4	+disjointig_2	43663	44352	689	
[2025-07-14 10:05:47] DEBUG:  	11	+disjointig_2	44352	50697	6345	
[2025-07-14 10:05:47] DEBUG:  	4	+disjointig_2	50697	51382	685	
[2025-07-14 10:05:47] DEBUG:  	11	+disjointig_2	51382	57726	6344	
[2025-07-14 10:05:47] DEBUG:  	4	+disjointig_2	57726	58417	691	
[2025-07-14 10:05:47] DEBUG:  	11	+disjointig_2	58417	64764	6347	
[2025-07-14 10:05:47] DEBUG:  	4	+disjointig_2	64764	65408	644	
[2025-07-14 10:05:47] DEBUG:  	5	+disjointig_2	65408	67417	2009	
[2025-07-14 10:05:47] DEBUG: *	7	+disjointig_2	67417	2952091	2884674	
[2025-07-14 10:05:47] DEBUG: *	10	+disjointig_3	80126	218102	137976	
[2025-07-14 10:05:47] DEBUG: *	-12	+disjointig_3	218102	1897604	1679502	
[2025-07-14 10:05:47] DEBUG:  	-5	+disjointig_3	1897604	1899762	2158	
[2025-07-14 10:05:47] DEBUG:  	-4	+disjointig_3	1899762	1900453	691	
[2025-07-14 10:05:47] DEBUG:  	-11	+disjointig_3	1900453	1906797	6344	
[2025-07-14 10:05:47] DEBUG:  	-4	+disjointig_3	1906797	1907484	687	
[2025-07-14 10:05:47] DEBUG:  	-11	+disjointig_3	1907484	1913862	6378	
[2025-07-14 10:05:47] DEBUG:  	-4	+disjointig_3	1913862	1914521	659	
[2025-07-14 10:05:47] DEBUG:  	-11	+disjointig_3	1914521	1920866	6345	
[2025-07-14 10:05:47] DEBUG:  	-4	+disjointig_3	1920866	1921555	689	
[2025-07-14 10:05:47] DEBUG:  	-11	+disjointig_3	1921555	1927901	6346	
[2025-07-14 10:05:47] DEBUG:  	-4	+disjointig_3	1927901	1928592	691	
[2025-07-14 10:05:47] DEBUG:  	-11	+disjointig_3	1928592	1934638	6046	
[2025-07-14 10:05:47] DEBUG:  	-4	+disjointig_3	1934638	1935620	982	
[2025-07-14 10:05:47] DEBUG:  	-11	+disjointig_3	1935620	1941857	6237	
[2025-07-14 10:05:47] DEBUG:  	-4	+disjointig_3	1941857	1942655	798	
[2025-07-14 10:05:47] DEBUG:  	-11	+disjointig_3	1942655	1948890	6235	
[2025-07-14 10:05:47] DEBUG:  	-4	+disjointig_3	1948890	1949688	798	
[2025-07-14 10:05:47] DEBUG:  	-11	+disjointig_3	1949688	1955738	6050	
[2025-07-14 10:05:47] DEBUG:  	-4	+disjointig_3	1955738	1956725	987	
[2025-07-14 10:05:47] DEBUG: *	-6	+disjointig_4	0	2269655	2269655	
[2025-07-14 10:05:47] DEBUG:  	-4	+disjointig_4	2269655	2270398	743	
[2025-07-14 10:05:47] DEBUG:  	-11	+disjointig_4	2270398	2276797	6399	
[2025-07-14 10:05:47] DEBUG:  	-4	+disjointig_4	2276797	2278438	1641	
[2025-07-14 10:05:47] DEBUG:  	-11	+disjointig_4	2278438	2284851	6413	
[2025-07-14 10:05:47] DEBUG:  	-4	+disjointig_4	2284851	2285495	644	
[2025-07-14 10:05:47] DEBUG:  	-11	+disjointig_4	2285495	2291903	6408	
[2025-07-14 10:05:47] DEBUG:  	-4	+disjointig_4	2291903	2292551	648	
[2025-07-14 10:05:47] DEBUG:  	-11	+disjointig_4	2292551	2298985	6434	
[2025-07-14 10:05:47] DEBUG:  	-4	+disjointig_4	2298985	2299601	616	
[2025-07-14 10:05:47] DEBUG:  	-11	+disjointig_4	2299601	2306007	6406	
[2025-07-14 10:05:47] DEBUG:  	-4	+disjointig_4	2306007	2306651	644	
[2025-07-14 10:05:47] DEBUG:  	-11	+disjointig_4	2306651	2313059	6408	
[2025-07-14 10:05:47] DEBUG:  	-4	+disjointig_4	2313059	2313703	644	
[2025-07-14 10:05:47] DEBUG:  	-11	+disjointig_4	2313703	2319836	6133	
[2025-07-14 10:05:47] DEBUG:  	-4	+disjointig_4	2319836	2320759	923	
[2025-07-14 10:05:47] DEBUG:  	-11	+disjointig_4	2320759	2327193	6434	
[2025-07-14 10:05:47] DEBUG:  	-4	+disjointig_4	2327193	2327809	616	
[2025-07-14 10:05:47] DEBUG:  	-11	+disjointig_4	2327809	2334117	6308	
[2025-07-14 10:05:47] DEBUG:  	-4	+disjointig_4	2334117	2334858	741	
[2025-07-14 10:05:47] DEBUG:  	-11	+disjointig_4	2334858	2340991	6133	
[2025-07-14 10:05:47] DEBUG:  	-4	+disjointig_4	2340991	2341910	919	
[2025-07-14 10:05:47] DEBUG:  	-11	+disjointig_4	2341910	2348043	6133	
[2025-07-14 10:05:47] DEBUG: Total edges: 12
[2025-07-14 10:05:47] INFO: Parsing reads
[2025-07-14 10:06:08] DEBUG: Building positional index
[2025-07-14 10:06:08] DEBUG: Total sequence: 4466716955 bp
[2025-07-14 10:06:08] DEBUG: Building positional index
[2025-07-14 10:06:08] DEBUG: Total sequence: 9571576 bp
[2025-07-14 10:06:08] INFO: Aligning reads to the graph
[2025-07-14 10:06:08] DEBUG: Mean k-mer frequency: 1.03162
[2025-07-14 10:06:08] DEBUG: Repetitive k-mer frequency: 103
[2025-07-14 10:06:08] DEBUG: Filtered 333 repetitive k-mers (0.000191277)
[2025-07-14 10:06:09] DEBUG: Sorting k-mer index
[2025-07-14 10:06:09] DEBUG: Selected k-mers: 1687561
[2025-07-14 10:06:09] DEBUG: K-mer index size: 1740598
[2025-07-14 10:06:09] DEBUG: Mean k-mer frequency: 1.03143
[2025-07-14 10:06:09] DEBUG: Minimizer rate: 5.49902
[2025-07-14 10:09:22] DEBUG: Total reads : 69839
[2025-07-14 10:09:22] DEBUG: Read with aligned parts : 55788
[2025-07-14 10:09:22] DEBUG: Aligned in one piece : 48690
[2025-07-14 10:09:22] INFO: Aligned read sequence: 3528576019 / 4466716955 (0.789971)
[2025-07-14 10:09:22] INFO: Median overlap divergence: 0.0136472
[2025-07-14 10:09:22] DEBUG: Sequence divergence distribution: 

    |  *                 |                                                                               
    |  *                 |                                                                               
    |  *                 |                                                                               
    |  *                 |                                                                               
    |  *                 |                                                                               
    |  *                 |                                                                               
    | **                 |                                                                               
    | **                 |                                                                               
    | **                 |                                                                               
    | **                 |                                                                               
    | **                 |                                                                               
    | **                 |                                                                               
    | ***                |                                                                               
    | ***                |                                                                               
    | ***                |                                                                               
    | ***                |                                                                               
    | ****               |                                                                               
    | *****              |                                                                               
    | *******       **   |                                                                               
    |********************************************* ***  ***  *                                           
    ----------------------------------------------------------------------------------------------------
    0%        5%        10%       15%       20%       25%       30%       35%       40%       45%       

    Q25 = 0.01, Q50 = 0.014, Q75 = 0.025

[2025-07-14 10:09:22] INFO: Mean edge coverage: 376
[2025-07-14 10:09:22] DEBUG: 1	len:2396304	cov:380	mult:1.01064
[2025-07-14 10:09:22] DEBUG: -1	len:2396304	cov:380	mult:1.01064
[2025-07-14 10:09:22] DEBUG: 4	len:771	cov:4598	mult:12.2287
[2025-07-14 10:09:22] DEBUG: -4	len:771	cov:4598	mult:12.2287
[2025-07-14 10:09:22] DEBUG: 5	len:2083	cov:392	mult:1.04255
[2025-07-14 10:09:22] DEBUG: -5	len:2083	cov:392	mult:1.04255
[2025-07-14 10:09:22] DEBUG: 6	len:2269655	cov:385	mult:1.02394
[2025-07-14 10:09:22] DEBUG: -6	len:2269655	cov:385	mult:1.02394
[2025-07-14 10:09:22] DEBUG: 7	len:2884674	cov:384	mult:1.02128
[2025-07-14 10:09:22] DEBUG: -7	len:2884674	cov:384	mult:1.02128
[2025-07-14 10:09:22] DEBUG: 10	len:137976	cov:317	mult:0.843085
[2025-07-14 10:09:22] DEBUG: -10	len:137976	cov:317	mult:0.843085
[2025-07-14 10:09:22] DEBUG: 11	len:6264	cov:4062	mult:10.8032
[2025-07-14 10:09:22] DEBUG: -11	len:6264	cov:4062	mult:10.8032
[2025-07-14 10:09:22] DEBUG: 12	len:1679502	cov:377	mult:1.00266
[2025-07-14 10:09:22] DEBUG: -12	len:1679502	cov:377	mult:1.00266
[2025-07-14 10:09:22] DEBUG: Unique coverage threshold 673
[2025-07-14 10:09:22] INFO: Simplifying the graph
[2025-07-14 10:09:22] DEBUG: Read coverage cutoff: 75
[2025-07-14 10:09:22] DEBUG: [SIMPL] Removed 0 paths with low coverage
[2025-07-14 10:09:22] DEBUG: [SIMPL] Masked 0 heterozygous loops
[2025-07-14 10:09:22] DEBUG: [SIMPL] Masked 0 simple bubbles
[2025-07-14 10:09:22] DEBUG: Finding repeats
[2025-07-14 10:09:22] DEBUG: Read coverage cutoff: 75
[2025-07-14 10:09:22] DEBUG: High-cov: 4	771	4598
[2025-07-14 10:09:22] DEBUG: Short-loop: 4
[2025-07-14 10:09:22] DEBUG: High-cov: 11	6264	4062
[2025-07-14 10:09:22] DEBUG: Repeat detection iteration 1
[2025-07-14 10:09:22] DEBUG: Starting 5 aln:396
[2025-07-14 10:09:22] DEBUG: 	    T 7	num:192	flank:48015	span:5
[2025-07-14 10:09:22] DEBUG: 	      12	num:200	flank:39042	span:3
[2025-07-14 10:09:22] DEBUG: Mult: 5	2083	392	 (0,1)
[2025-07-14 10:09:22] DEBUG: Starting 12 aln:755
[2025-07-14 10:09:22] DEBUG: 	      10	num:279	flank:41451	span:7
[2025-07-14 10:09:22] DEBUG: 	      -10	num:276	flank:42011	span:9
[2025-07-14 10:09:22] DEBUG: Mult: 12	1679502	377	 (0,1)
[2025-07-14 10:09:22] DEBUG: Writing Dot
[2025-07-14 10:09:22] DEBUG: Writing FASTA
[2025-07-14 10:09:23] DEBUG: Writing Gfa
[2025-07-14 10:09:23] DEBUG: [SIMPL] == Iteration 1 ==
[2025-07-14 10:09:23] DEBUG: Splitting nodes
[2025-07-14 10:09:23] DEBUG: [SIMPL] Split 0 nodes
[2025-07-14 10:09:23] DEBUG: [SIMPL] Clipped 0 short and 0 long tips
[2025-07-14 10:09:23] DEBUG: [SIMPL] Masked 0 heterozygous loops
[2025-07-14 10:09:23] DEBUG: [SIMPL] Masked 0 simple bubbles
[2025-07-14 10:09:23] DEBUG: Finding repeats
[2025-07-14 10:09:23] DEBUG: Read coverage cutoff: 75
[2025-07-14 10:09:23] DEBUG: High-cov: 4	771	4598
[2025-07-14 10:09:23] DEBUG: Short-loop: 4
[2025-07-14 10:09:23] DEBUG: High-cov: 11	6264	4062
[2025-07-14 10:09:23] DEBUG: Repeat detection iteration 1
[2025-07-14 10:09:23] DEBUG: Starting 5 aln:396
[2025-07-14 10:09:23] DEBUG: 	    T 7	num:192	flank:48015	span:5
[2025-07-14 10:09:23] DEBUG: 	      12	num:200	flank:39042	span:3
[2025-07-14 10:09:23] DEBUG: Mult: 5	2083	392	 (0,1)
[2025-07-14 10:09:23] DEBUG: Starting 12 aln:755
[2025-07-14 10:09:23] DEBUG: 	      10	num:279	flank:41451	span:7
[2025-07-14 10:09:23] DEBUG: 	      -10	num:276	flank:42011	span:9
[2025-07-14 10:09:23] DEBUG: Mult: 12	1679502	377	 (0,1)
[2025-07-14 10:09:23] DEBUG: Total unique edges: 4
[2025-07-14 10:09:23] DEBUG: [SIMPL] Resolved repeats: 0
[2025-07-14 10:09:23] DEBUG: RR links: 0
[2025-07-14 10:09:23] DEBUG: Unresolved: 0
[2025-07-14 10:09:23] DEBUG: Removed 0 simple and 0 double chimeric junctions
[2025-07-14 10:09:23] DEBUG: [SIMPL] Collapsed 0 haplotypes
[2025-07-14 10:09:23] DEBUG: [SIMPL] Resolved 0 simple repeats
[2025-07-14 10:09:23] DEBUG: Read coverage cutoff: 75
[2025-07-14 10:09:23] DEBUG: [SIMPL] Removed 0 paths with low coverage
[2025-07-14 10:09:23] DEBUG: Finding repeats
[2025-07-14 10:09:23] DEBUG: Read coverage cutoff: 75
[2025-07-14 10:09:23] DEBUG: High-cov: 4	771	4598
[2025-07-14 10:09:23] DEBUG: Short-loop: 4
[2025-07-14 10:09:23] DEBUG: High-cov: 11	6264	4062
[2025-07-14 10:09:23] DEBUG: Repeat detection iteration 1
[2025-07-14 10:09:23] DEBUG: Starting 5 aln:396
[2025-07-14 10:09:23] DEBUG: 	    T 7	num:192	flank:48015	span:5
[2025-07-14 10:09:23] DEBUG: 	      12	num:200	flank:39042	span:3
[2025-07-14 10:09:23] DEBUG: Mult: 5	2083	392	 (0,1)
[2025-07-14 10:09:23] DEBUG: Starting 12 aln:755
[2025-07-14 10:09:23] DEBUG: 	      10	num:279	flank:41451	span:7
[2025-07-14 10:09:23] DEBUG: 	      -10	num:276	flank:42011	span:9
[2025-07-14 10:09:23] DEBUG: Mult: 12	1679502	377	 (0,1)
[2025-07-14 10:09:23] DEBUG: Fixed: 12	1679502	377
[2025-07-14 10:09:23] DEBUG: Writing Dot
[2025-07-14 10:09:23] DEBUG: Writing FASTA
[2025-07-14 10:09:24] DEBUG: Peak RAM usage: 1 Gb
-----------End assembly log------------
[2025-07-14 10:09:24] root: INFO: >>>STAGE: contigger
[2025-07-14 10:09:24] root: INFO: Generating contigs
[2025-07-14 10:09:24] root: DEBUG: -----Begin contigger analyser log------
[2025-07-14 10:09:24] root: DEBUG: Running: flye-modules contigger --graph-edges /net/bmc-lab3/data/bcc/charliew/ont_flye/ont_flye_workflow/work/1e/89905d1c712c602d5aaa04d9076086/S-1030_3_50k_Plus.assembly/20-repeat/repeat_graph_edges.fasta --reads /net/bmc-lab3/data/bcc/charliew/ont_flye/ont_flye_workflow/work/1e/89905d1c712c602d5aaa04d9076086/S-1030_3_50k_Plus.fastq --out-dir /net/bmc-lab3/data/bcc/charliew/ont_flye/ont_flye_workflow/work/1e/89905d1c712c602d5aaa04d9076086/S-1030_3_50k_Plus.assembly/30-contigger --config /home/charliew/.conda/envs/flye_2.9.5/lib/python3.12/site-packages/flye/config/bin_cfg/asm_nano_hq.cfg --repeat-graph /net/bmc-lab3/data/bcc/charliew/ont_flye/ont_flye_workflow/work/1e/89905d1c712c602d5aaa04d9076086/S-1030_3_50k_Plus.assembly/20-repeat/repeat_graph_dump --graph-aln /net/bmc-lab3/data/bcc/charliew/ont_flye/ont_flye_workflow/work/1e/89905d1c712c602d5aaa04d9076086/S-1030_3_50k_Plus.assembly/20-repeat/read_alignment_dump --log /net/bmc-lab3/data/bcc/charliew/ont_flye/ont_flye_workflow/work/1e/89905d1c712c602d5aaa04d9076086/S-1030_3_50k_Plus.assembly/flye.log --threads 24 --min-ovlp 10000
[2025-07-14 10:09:24] DEBUG: Build date: Aug 30 2024 21:29:44
[2025-07-14 10:09:24] DEBUG: Total RAM: 376 Gb
[2025-07-14 10:09:24] DEBUG: Available RAM: 303 Gb
[2025-07-14 10:09:24] DEBUG: Total CPUs: 96
[2025-07-14 10:09:24] DEBUG: Loading /home/charliew/.conda/envs/flye_2.9.5/lib/python3.12/site-packages/flye/config/bin_cfg/asm_nano_hq.cfg
[2025-07-14 10:09:24] DEBUG: Loading /home/charliew/.conda/envs/flye_2.9.5/lib/python3.12/site-packages/flye/config/bin_cfg/asm_defaults.cfg
[2025-07-14 10:09:24] DEBUG: 	big_genome_threshold=29000000
[2025-07-14 10:09:24] DEBUG: 	meta_read_filter_kmer_freq=100
[2025-07-14 10:09:24] DEBUG: 	chain_large_gap_penalty=2
[2025-07-14 10:09:24] DEBUG: 	chain_small_gap_penalty=0.5
[2025-07-14 10:09:24] DEBUG: 	chain_gap_jump_threshold=100
[2025-07-14 10:09:24] DEBUG: 	max_jump_gap=500
[2025-07-14 10:09:24] DEBUG: 	max_coverage_drop_rate=5
[2025-07-14 10:09:24] DEBUG: 	max_extensions_drop_rate=5
[2025-07-14 10:09:24] DEBUG: 	chimera_window=100
[2025-07-14 10:09:24] DEBUG: 	chimera_overhang=1000
[2025-07-14 10:09:24] DEBUG: 	min_reads_in_disjointig=4
[2025-07-14 10:09:24] DEBUG: 	max_inner_reads=10
[2025-07-14 10:09:24] DEBUG: 	max_inner_fraction=0.25
[2025-07-14 10:09:24] DEBUG: 	aggressive_dup_filter=1
[2025-07-14 10:09:24] DEBUG: 	max_separation=500
[2025-07-14 10:09:24] DEBUG: 	unique_edge_length=50000
[2025-07-14 10:09:24] DEBUG: 	min_repeat_res_support=0.51
[2025-07-14 10:09:24] DEBUG: 	out_paths_ratio=5
[2025-07-14 10:09:24] DEBUG: 	graph_cov_drop_rate=5
[2025-07-14 10:09:24] DEBUG: 	coverage_estimate_window=100
[2025-07-14 10:09:24] DEBUG: 	max_bubble_length=50000
[2025-07-14 10:09:24] DEBUG: 	loop_coverage_rate=1.5
[2025-07-14 10:09:24] DEBUG: 	repeat_edge_cov_mult=1.75
[2025-07-14 10:09:24] DEBUG: 	weak_detach_rate=5
[2025-07-14 10:09:24] DEBUG: 	tip_coverage_rate=2
[2025-07-14 10:09:24] DEBUG: 	tip_length_rate=2
[2025-07-14 10:09:24] DEBUG: 	output_gfa_before_rr=1
[2025-07-14 10:09:24] DEBUG: 	remove_alt_edges=0
[2025-07-14 10:09:24] DEBUG: 	low_cutoff_warning=0
[2025-07-14 10:09:24] DEBUG: 	kmer_size=17
[2025-07-14 10:09:24] DEBUG: 	use_minimizers=1
[2025-07-14 10:09:24] DEBUG: 	minimizer_window=10
[2025-07-14 10:09:24] DEBUG: 	reads_base_alignment=1
[2025-07-14 10:09:24] DEBUG: 	meta_read_top_kmer_rate=0.75
[2025-07-14 10:09:24] DEBUG: 	maximum_jump=1500
[2025-07-14 10:09:24] DEBUG: 	maximum_overhang=1500
[2025-07-14 10:09:24] DEBUG: 	repeat_kmer_rate=100
[2025-07-14 10:09:24] DEBUG: 	assemble_ovlp_divergence=0.05
[2025-07-14 10:09:24] DEBUG: 	assemble_divergence_relative=1
[2025-07-14 10:09:24] DEBUG: 	repeat_graph_ovlp_divergence=0.05
[2025-07-14 10:09:24] DEBUG: 	read_align_ovlp_divergence=0.10
[2025-07-14 10:09:24] DEBUG: 	hpc_scoring_on=1
[2025-07-14 10:09:24] DEBUG: 	add_unassembled_reads=0
[2025-07-14 10:09:24] DEBUG: 	extend_contigs_with_repeats=0
[2025-07-14 10:09:24] DEBUG: 	min_read_cov_cutoff=3
[2025-07-14 10:09:24] DEBUG: 	short_tip_length=20000
[2025-07-14 10:09:24] DEBUG: 	long_tip_length=100000
[2025-07-14 10:09:24] DEBUG: Running with k-mer size: 17
[2025-07-14 10:09:24] DEBUG: Selected minimum overlap 10000
[2025-07-14 10:09:24] INFO: Reading sequences
[2025-07-14 10:09:43] DEBUG: Building positional index
[2025-07-14 10:09:44] DEBUG: Total sequence: 4466716955 bp
[2025-07-14 10:09:44] DEBUG: Flipped 0
[2025-07-14 10:09:44] DEBUG: UPath 1: 1
[2025-07-14 10:09:44] DEBUG: UPath 2: 4
[2025-07-14 10:09:44] DEBUG: UPath 3: 5
[2025-07-14 10:09:44] DEBUG: UPath 4: 6
[2025-07-14 10:09:44] DEBUG: UPath 5: 7
[2025-07-14 10:09:44] DEBUG: UPath 6: 10
[2025-07-14 10:09:44] DEBUG: UPath 7: 11
[2025-07-14 10:09:44] DEBUG: UPath 8: 12
[2025-07-14 10:09:44] DEBUG: Final graph contains 8 egdes
[2025-07-14 10:09:44] DEBUG: Extending contigs into repeats
[2025-07-14 10:09:45] DEBUG: Covered 3 repetitive contigs
[2025-07-14 10:09:45] INFO: Generated 5 contigs
[2025-07-14 10:09:45] DEBUG: Writing FASTA
[2025-07-14 10:09:45] DEBUG: Generating scaffold connections
[2025-07-14 10:09:45] INFO: Added 0 scaffold connections
[2025-07-14 10:09:45] DEBUG: Writing Dot
[2025-07-14 10:09:45] DEBUG: Writing FASTA
[2025-07-14 10:09:45] DEBUG: Writing Gfa
[2025-07-14 10:09:45] DEBUG: Peak RAM usage: 1 Gb
-----------End assembly log------------
[2025-07-14 10:09:46] root: INFO: >>>STAGE: polishing
[2025-07-14 10:09:46] root: INFO: Polishing genome (1/1)
[2025-07-14 10:09:46] root: INFO: Running minimap2
[2025-07-14 10:14:12] root: INFO: Separating alignment into bubbles
[2025-07-14 10:28:54] root: DEBUG: Generated 632501 bubbles
[2025-07-14 10:28:54] root: DEBUG: Split 5 long bubbles
[2025-07-14 10:28:54] root: DEBUG: Skipped 0 empty bubbles
[2025-07-14 10:28:54] root: DEBUG: Skipped 0 bubbles with long branches
[2025-07-14 10:28:54] root: INFO: Alignment error rate: 0.029600
[2025-07-14 10:28:54] root: INFO: Correcting bubbles
[2025-07-14 10:30:43] root: DEBUG: Mean contig coverage: 387, selected threshold: 77
[2025-07-14 10:30:43] root: DEBUG: Filtered 0 contigs of total length 0
[2025-07-14 10:30:43] root: DEBUG: Generating polished GFA
[2025-07-14 10:30:48] root: DEBUG: 0 sequences remained unpolished
[2025-07-14 10:30:48] root: INFO: >>>STAGE: finalize
[2025-07-14 10:30:48] root: DEBUG: ---Output dir contents:----
[2025-07-14 10:30:48] root: DEBUG: S-1030_3_50k_Plus.assembly/
[2025-07-14 10:30:48] root: DEBUG:     44.0 K      flye.log
[2025-07-14 10:30:48] root: DEBUG:     93.0 B      params.json
[2025-07-14 10:30:48] root: DEBUG:     1.0 K       assembly_graph.gv
[2025-07-14 10:30:48] root: DEBUG:     8.0 M       assembly_graph.gfa
[2025-07-14 10:30:48] root: DEBUG:     9.0 M       assembly.fasta
[2025-07-14 10:30:48] root: DEBUG:     00-assembly/
[2025-07-14 10:30:48] root: DEBUG:         9.0 M       draft_assembly.fasta
[2025-07-14 10:30:48] root: DEBUG:         135.0 B     draft_assembly.fasta.fai
[2025-07-14 10:30:48] root: DEBUG:     10-consensus/
[2025-07-14 10:30:48] root: DEBUG:         1.0 K       minimap.stderr
[2025-07-14 10:30:48] root: DEBUG:         162.0 K     minimap.bam.bai
[2025-07-14 10:30:48] root: DEBUG:         9.0 M       consensus.fasta
[2025-07-14 10:30:48] root: DEBUG:     20-repeat/
[2025-07-14 10:30:48] root: DEBUG:         1.0 K       graph_before_rr.gv
[2025-07-14 10:30:48] root: DEBUG:         9.0 M       graph_before_rr.fasta
[2025-07-14 10:30:48] root: DEBUG:         8.0 M       graph_before_rr.gfa
[2025-07-14 10:30:48] root: DEBUG:         1.0 K       graph_after_rr.gv
[2025-07-14 10:30:48] root: DEBUG:         10.0 K      repeat_graph_dump
[2025-07-14 10:30:48] root: DEBUG:         20.0 M      read_alignment_dump
[2025-07-14 10:30:48] root: DEBUG:         9.0 M       repeat_graph_edges.fasta
[2025-07-14 10:30:48] root: DEBUG:     30-contigger/
[2025-07-14 10:30:48] root: DEBUG:         9.0 M       contigs.fasta
[2025-07-14 10:30:48] root: DEBUG:         378.0 B     contigs_stats.txt
[2025-07-14 10:30:48] root: DEBUG:         0.0 B       scaffolds_links.txt
[2025-07-14 10:30:48] root: DEBUG:         1.0 K       graph_final.gv
[2025-07-14 10:30:48] root: DEBUG:         9.0 M       graph_final.fasta
[2025-07-14 10:30:48] root: DEBUG:         8.0 M       graph_final.gfa
[2025-07-14 10:30:48] root: DEBUG:         149.0 B     contigs.fasta.fai
[2025-07-14 10:30:48] root: DEBUG:     40-polishing/
[2025-07-14 10:30:48] root: DEBUG:         1.0 K       minimap.stderr
[2025-07-14 10:30:48] root: DEBUG:         162.0 K     minimap_1.bam.bai
[2025-07-14 10:30:48] root: DEBUG:         130.0 B     contigs_stats.txt
[2025-07-14 10:30:48] root: DEBUG:         3.0 M       base_coverage.bed.gz
[2025-07-14 10:30:48] root: DEBUG:         9.0 M       filtered_contigs.fasta
[2025-07-14 10:30:48] root: DEBUG:         130.0 B     filtered_stats.txt
[2025-07-14 10:30:48] root: DEBUG:         149.0 B     filtered_contigs.fasta.fai
[2025-07-14 10:30:48] root: DEBUG:         4.0 K       edges_aln.bam.bai
[2025-07-14 10:30:48] root: DEBUG:         8.0 M       polished_edges.gfa
[2025-07-14 10:30:48] root: DEBUG: --------------------------
[2025-07-14 10:30:48] root: INFO: Assembly statistics:

	Total length:	9566956
	Fragments:	5
	Fragments N50:	2396382
	Largest frg:	2958975
	Scaffolds:	0
	Mean coverage:	387

[2025-07-14 10:30:48] root: INFO: Final assembly: /net/bmc-lab3/data/bcc/charliew/ont_flye/ont_flye_workflow/work/1e/89905d1c712c602d5aaa04d9076086/S-1030_3_50k_Plus.assembly/assembly.fasta
