[2025-07-14 10:38:24] root: INFO: Starting Flye 2.9.5-b1801
[2025-07-14 10:38:24] root: DEBUG: Cmd: /net/ostrom/data/bcc/charliew/.conda/envs/flye_2.9.5/bin/flye --nano-hq S-1030_3_5k_20k.fastq --threads 24 --genome-size 10m --out-dir S-1030_3_5k_20k.assembly
[2025-07-14 10:38:24] root: DEBUG: Python version: 3.12.5 | packaged by conda-forge | (main, Aug  8 2024, 18:36:51) [GCC 12.4.0]
[2025-07-14 10:38:24] root: INFO: >>>STAGE: configure
[2025-07-14 10:38:24] root: INFO: Configuring run
[2025-07-14 10:39:12] root: INFO: Total read length: 15613405873
[2025-07-14 10:39:12] root: INFO: Input genome size: 10000000
[2025-07-14 10:39:12] root: INFO: Estimated coverage: 1561
[2025-07-14 10:39:12] root: WARNING: Expected read coverage is 1561, the assembly is not guaranteed to be optimal in this setting. Are you sure that the genome size was entered correctly?
[2025-07-14 10:39:12] root: INFO: Reads N50/N90: 11952 / 6305
[2025-07-14 10:39:12] root: INFO: Minimum overlap set to 6000
[2025-07-14 10:39:13] root: INFO: >>>STAGE: assembly
[2025-07-14 10:39:13] root: INFO: Assembling disjointigs
[2025-07-14 10:39:13] root: DEBUG: -----Begin assembly log------
[2025-07-14 10:39:13] root: DEBUG: Running: flye-modules assemble --reads /net/bmc-lab3/data/bcc/charliew/ont_flye/ont_flye_workflow/work/cb/cb9c6f8cc3350d5b8819c09cc26b3e/S-1030_3_5k_20k.fastq --out-asm /net/bmc-lab3/data/bcc/charliew/ont_flye/ont_flye_workflow/work/cb/cb9c6f8cc3350d5b8819c09cc26b3e/S-1030_3_5k_20k.assembly/00-assembly/draft_assembly.fasta --config /home/charliew/.conda/envs/flye_2.9.5/lib/python3.12/site-packages/flye/config/bin_cfg/asm_nano_hq.cfg --log /net/bmc-lab3/data/bcc/charliew/ont_flye/ont_flye_workflow/work/cb/cb9c6f8cc3350d5b8819c09cc26b3e/S-1030_3_5k_20k.assembly/flye.log --threads 24 --genome-size 10000000 --min-ovlp 6000
[2025-07-14 10:39:13] DEBUG: Build date: Aug 30 2024 21:28:54
[2025-07-14 10:39:13] DEBUG: Total RAM: 376 Gb
[2025-07-14 10:39:13] DEBUG: Available RAM: 343 Gb
[2025-07-14 10:39:13] DEBUG: Total CPUs: 96
[2025-07-14 10:39:13] DEBUG: Loading /home/charliew/.conda/envs/flye_2.9.5/lib/python3.12/site-packages/flye/config/bin_cfg/asm_nano_hq.cfg
[2025-07-14 10:39:13] DEBUG: Loading /home/charliew/.conda/envs/flye_2.9.5/lib/python3.12/site-packages/flye/config/bin_cfg/asm_defaults.cfg
[2025-07-14 10:39:13] DEBUG: 	big_genome_threshold=29000000
[2025-07-14 10:39:13] DEBUG: 	meta_read_filter_kmer_freq=100
[2025-07-14 10:39:13] DEBUG: 	chain_large_gap_penalty=2
[2025-07-14 10:39:13] DEBUG: 	chain_small_gap_penalty=0.5
[2025-07-14 10:39:13] DEBUG: 	chain_gap_jump_threshold=100
[2025-07-14 10:39:13] DEBUG: 	max_jump_gap=500
[2025-07-14 10:39:13] DEBUG: 	max_coverage_drop_rate=5
[2025-07-14 10:39:13] DEBUG: 	max_extensions_drop_rate=5
[2025-07-14 10:39:13] DEBUG: 	chimera_window=100
[2025-07-14 10:39:13] DEBUG: 	chimera_overhang=1000
[2025-07-14 10:39:13] DEBUG: 	min_reads_in_disjointig=4
[2025-07-14 10:39:13] DEBUG: 	max_inner_reads=10
[2025-07-14 10:39:13] DEBUG: 	max_inner_fraction=0.25
[2025-07-14 10:39:13] DEBUG: 	aggressive_dup_filter=1
[2025-07-14 10:39:13] DEBUG: 	max_separation=500
[2025-07-14 10:39:13] DEBUG: 	unique_edge_length=50000
[2025-07-14 10:39:13] DEBUG: 	min_repeat_res_support=0.51
[2025-07-14 10:39:13] DEBUG: 	out_paths_ratio=5
[2025-07-14 10:39:13] DEBUG: 	graph_cov_drop_rate=5
[2025-07-14 10:39:13] DEBUG: 	coverage_estimate_window=100
[2025-07-14 10:39:13] DEBUG: 	max_bubble_length=50000
[2025-07-14 10:39:13] DEBUG: 	loop_coverage_rate=1.5
[2025-07-14 10:39:13] DEBUG: 	repeat_edge_cov_mult=1.75
[2025-07-14 10:39:13] DEBUG: 	weak_detach_rate=5
[2025-07-14 10:39:13] DEBUG: 	tip_coverage_rate=2
[2025-07-14 10:39:13] DEBUG: 	tip_length_rate=2
[2025-07-14 10:39:13] DEBUG: 	output_gfa_before_rr=1
[2025-07-14 10:39:13] DEBUG: 	remove_alt_edges=0
[2025-07-14 10:39:13] DEBUG: 	low_cutoff_warning=0
[2025-07-14 10:39:13] DEBUG: 	kmer_size=17
[2025-07-14 10:39:13] DEBUG: 	use_minimizers=1
[2025-07-14 10:39:13] DEBUG: 	minimizer_window=10
[2025-07-14 10:39:13] DEBUG: 	reads_base_alignment=1
[2025-07-14 10:39:13] DEBUG: 	meta_read_top_kmer_rate=0.75
[2025-07-14 10:39:13] DEBUG: 	maximum_jump=1500
[2025-07-14 10:39:13] DEBUG: 	maximum_overhang=1500
[2025-07-14 10:39:13] DEBUG: 	repeat_kmer_rate=100
[2025-07-14 10:39:13] DEBUG: 	assemble_ovlp_divergence=0.05
[2025-07-14 10:39:13] DEBUG: 	assemble_divergence_relative=1
[2025-07-14 10:39:13] DEBUG: 	repeat_graph_ovlp_divergence=0.05
[2025-07-14 10:39:13] DEBUG: 	read_align_ovlp_divergence=0.10
[2025-07-14 10:39:13] DEBUG: 	hpc_scoring_on=1
[2025-07-14 10:39:13] DEBUG: 	add_unassembled_reads=0
[2025-07-14 10:39:13] DEBUG: 	extend_contigs_with_repeats=0
[2025-07-14 10:39:13] DEBUG: 	min_read_cov_cutoff=3
[2025-07-14 10:39:13] DEBUG: 	short_tip_length=20000
[2025-07-14 10:39:13] DEBUG: 	long_tip_length=100000
[2025-07-14 10:39:13] DEBUG: Running with k-mer size: 17
[2025-07-14 10:39:13] DEBUG: Running with minimum overlap 6000
[2025-07-14 10:39:13] DEBUG: Metagenome mode: N
[2025-07-14 10:39:13] DEBUG: Short mode: N
[2025-07-14 10:39:13] INFO: Reading sequences
[2025-07-14 10:40:13] DEBUG: Building positional index
[2025-07-14 10:40:14] DEBUG: Total sequence: 14406378889 bp
[2025-07-14 10:40:14] INFO: Building minimizer index
[2025-07-14 10:40:14] INFO: Pre-calculating index storage
[2025-07-14 10:41:34] DEBUG: Mean k-mer frequency: 15.9032
[2025-07-14 10:41:34] DEBUG: Repetitive k-mer frequency: 1590
[2025-07-14 10:41:34] DEBUG: Filtered 1185976308 repetitive k-mers (0.456021)
[2025-07-14 10:41:41] INFO: Filling index
[2025-07-14 10:42:41] DEBUG: Sorting k-mer index
[2025-07-14 10:42:59] DEBUG: Selected k-mers: 163509353
[2025-07-14 10:42:59] DEBUG: K-mer index size: 1414726449
[2025-07-14 10:42:59] DEBUG: Mean k-mer frequency: 8.65227
[2025-07-14 10:42:59] DEBUG: Minimizer rate: 10.1832
[2025-07-14 10:42:59] DEBUG: Peak RAM usage: 18 Gb
[2025-07-14 10:42:59] DEBUG: Estimating k-mer identity bias
[2025-07-14 10:43:23] DEBUG: Initial divergence estimate : 0.0620627
[2025-07-14 10:43:23] DEBUG: Relative threshold: Y
[2025-07-14 10:43:23] DEBUG: Max divergence threshold set to 0.112063
[2025-07-14 10:43:23] INFO: Extending reads
[2025-07-14 10:43:23] DEBUG: Estimating overlap coverage
[2025-07-14 10:50:53] INFO: Overlap-based coverage: 369
[2025-07-14 10:50:53] INFO: Median overlap divergence: 0.0604765
[2025-07-14 10:50:53] DEBUG: Sequence divergence distribution: 

    |    **                |                                                                             
    |    **                |                                                                             
    |    **                |                                                                             
    |    **                |                                                                             
    |    **                |                                                                             
    |    **                |                                                                             
    |    **                |                                                                             
    |    ***     ** *      |                                                                             
    |    ***     ** *      |                                                                             
    |   ******   *****     |                                                                             
    |   ******   ***** *   |                                                                             
    |   ****** *********   |                                                                             
    |   *****************  |                                                                             
    |   ****************** |                                                                             
    |   *******************|                                                                             
    |   ********************                                                                             
    |  *********************                                                                             
    |  **********************                                                                            
    |  ************************* *                                                                       
    | ***********************************  **                *                                           
    ----------------------------------------------------------------------------------------------------
    0%        5%        10%       15%       20%       25%       30%       35%       40%       45%       

    Q25 = 0.031, Q50 = 0.06, Q75 = 0.084

[2025-07-14 10:53:29] DEBUG: Assembled disjointig 1
	With 19 reads
	Start read: +64229f86-b449-4b80-8dba-6e3e552f423e
	At position: 15
	leftTip: 0 rightTip: 0
	Suspicious: 4
	Short ext: 1
	Mean extensions: 333
	Avg overlap len: 9653
	Min overlap len: 5706
	Inner reads: 0
	Length: 101809
[2025-07-14 10:53:29] DEBUG: Inner: 10946 covered: 17476 total: 2542090
[2025-07-14 10:55:26] DEBUG: Assembled disjointig 2
	With 327 reads
	Start read: +a9f1dbf6-ba5f-4094-89c7-390cd8be296d
	At position: 327
	leftTip: 0 rightTip: 1
	Suspicious: 0
	Short ext: 0
	Mean extensions: 512
	Avg overlap len: 17562
	Min overlap len: 8903
	Inner reads: 0
	Length: 659834
[2025-07-14 10:55:26] DEBUG: Inner: 83942 covered: 94544 total: 2542090
[2025-07-14 10:55:26] DEBUG: Discarded disjointig with 328 reads and 326 inner overlaps
[2025-07-14 10:55:27] DEBUG: Discarded disjointig with 222 reads and 220 inner overlaps
[2025-07-14 10:58:25] DEBUG: Assembled disjointig 3
	With 947 reads
	Start read: +fce7c5a3-834f-400f-bf22-cc842028afeb
	At position: 158
	leftTip: 0 rightTip: 0
	Suspicious: 2
	Short ext: 2
	Mean extensions: 517
	Avg overlap len: 17523
	Min overlap len: 5956
	Inner reads: 0
	Length: 1877992
[2025-07-14 10:58:26] DEBUG: Inner: 300022 covered: 322418 total: 2542090
[2025-07-14 10:58:27] DEBUG: Discarded disjointig with 586 reads and 584 inner overlaps
[2025-07-14 10:58:27] DEBUG: Discarded disjointig with 719 reads and 717 inner overlaps
[2025-07-14 10:58:27] DEBUG: Discarded disjointig with 449 reads and 447 inner overlaps
[2025-07-14 10:58:27] DEBUG: Discarded disjointig with 769 reads and 767 inner overlaps
[2025-07-14 10:58:27] DEBUG: Discarded disjointig with 592 reads and 590 inner overlaps
[2025-07-14 10:58:28] DEBUG: Discarded disjointig with 586 reads and 584 inner overlaps
[2025-07-14 10:58:28] DEBUG: Discarded disjointig with 310 reads and 308 inner overlaps
[2025-07-14 11:01:59] DEBUG: Assembled disjointig 4
	With 1467 reads
	Start read: +33ce9763-baea-4b38-9e7e-508abd09701c
	At position: 26
	leftTip: 1 rightTip: 0
	Suspicious: 0
	Short ext: 0
	Mean extensions: 537
	Avg overlap len: 17555
	Min overlap len: 6112
	Inner reads: 0
	Length: 2901738
[2025-07-14 11:02:01] DEBUG: Inner: 646844 covered: 687624 total: 2542090
[2025-07-14 11:02:01] DEBUG: Discarded disjointig with 510 reads and 508 inner overlaps
[2025-07-14 11:02:01] DEBUG: Discarded disjointig with 574 reads and 572 inner overlaps
[2025-07-14 11:02:01] DEBUG: Discarded disjointig with 802 reads and 800 inner overlaps
[2025-07-14 11:02:02] DEBUG: Discarded disjointig with 554 reads and 552 inner overlaps
[2025-07-14 11:02:02] DEBUG: Discarded disjointig with 548 reads and 546 inner overlaps
[2025-07-14 11:02:02] DEBUG: Discarded disjointig with 763 reads and 761 inner overlaps
[2025-07-14 11:02:02] DEBUG: Discarded disjointig with 554 reads and 552 inner overlaps
[2025-07-14 11:02:02] DEBUG: Discarded disjointig with 562 reads and 560 inner overlaps
[2025-07-14 11:02:02] DEBUG: Discarded disjointig with 497 reads and 495 inner overlaps
[2025-07-14 11:02:02] DEBUG: Discarded disjointig with 832 reads and 830 inner overlaps
[2025-07-14 11:02:03] DEBUG: Discarded disjointig with 533 reads and 531 inner overlaps
[2025-07-14 11:02:03] DEBUG: Discarded disjointig with 534 reads and 532 inner overlaps
[2025-07-14 11:02:03] DEBUG: Discarded disjointig with 1137 reads and 1135 inner overlaps
[2025-07-14 11:02:03] DEBUG: Discarded disjointig with 860 reads and 858 inner overlaps
[2025-07-14 11:02:06] DEBUG: Discarded disjointig with 631 reads and 629 inner overlaps
[2025-07-14 11:05:15] DEBUG: Assembled disjointig 5
	With 837 reads
	Start read: +71e7b1ab-01fc-4f33-a6e5-3c4d9fddae27
	At position: 746
	leftTip: 0 rightTip: 0
	Suspicious: 0
	Short ext: 0
	Mean extensions: 533
	Avg overlap len: 17538
	Min overlap len: 6423
	Inner reads: 0
	Length: 1662121
[2025-07-14 11:05:17] DEBUG: Inner: 838026 covered: 894940 total: 2542090
[2025-07-14 11:05:17] DEBUG: Discarded disjointig with 105 reads and 103 inner overlaps
[2025-07-14 11:05:17] DEBUG: Discarded disjointig with 836 reads and 834 inner overlaps
[2025-07-14 11:05:17] DEBUG: Discarded disjointig with 604 reads and 602 inner overlaps
[2025-07-14 11:05:17] DEBUG: Discarded disjointig with 607 reads and 605 inner overlaps
[2025-07-14 11:05:17] DEBUG: Discarded disjointig with 458 reads and 456 inner overlaps
[2025-07-14 11:05:17] DEBUG: Discarded disjointig with 462 reads and 460 inner overlaps
[2025-07-14 11:05:18] DEBUG: Discarded disjointig with 351 reads and 349 inner overlaps
[2025-07-14 11:05:18] DEBUG: Discarded disjointig with 705 reads and 703 inner overlaps
[2025-07-14 11:05:18] DEBUG: Discarded disjointig with 460 reads and 458 inner overlaps
[2025-07-14 11:05:18] DEBUG: Discarded disjointig with 109 reads and 107 inner overlaps
[2025-07-14 11:05:20] DEBUG: Discarded disjointig with 205 reads and 203 inner overlaps
[2025-07-14 11:05:20] DEBUG: Discarded disjointig with 417 reads and 415 inner overlaps
[2025-07-14 11:08:12] DEBUG: Assembled disjointig 6
	With 4 reads
	Start read: +9ff2510b-3995-4497-8622-50b07122a5c1
	At position: 3
	leftTip: 1 rightTip: 1
	Suspicious: 0
	Short ext: 0
	Mean extensions: 359
	Avg overlap len: 6329
	Min overlap len: 6297
	Inner reads: 0
	Length: 17984
[2025-07-14 11:08:12] DEBUG: Inner: 841228 covered: 906124 total: 2542090
[2025-07-14 11:09:06] DEBUG: Assembled disjointig 7
	With 1211 reads
	Start read: +fcd287c7-7c9d-4c3f-8391-3c2b86385403
	At position: 1
	leftTip: 1 rightTip: 0
	Suspicious: 1
	Short ext: 1
	Mean extensions: 517
	Avg overlap len: 17528
	Min overlap len: 2040
	Inner reads: 0
	Length: 2400603
[2025-07-14 11:09:08] DEBUG: Inner: 1114952 covered: 1189714 total: 2542090
[2025-07-14 11:09:08] DEBUG: Discarded disjointig with 1212 reads and 1210 inner overlaps
[2025-07-14 11:09:08] DEBUG: Discarded disjointig with 750 reads and 748 inner overlaps
[2025-07-14 11:09:08] DEBUG: Discarded disjointig with 748 reads and 746 inner overlaps
[2025-07-14 11:09:08] DEBUG: Discarded disjointig with 750 reads and 748 inner overlaps
[2025-07-14 11:09:08] DEBUG: Discarded disjointig with 36 reads and 34 inner overlaps
[2025-07-14 11:09:08] DEBUG: Discarded disjointig with 136 reads and 134 inner overlaps
[2025-07-14 11:09:08] DEBUG: Discarded disjointig with 589 reads and 587 inner overlaps
[2025-07-14 11:09:08] DEBUG: Discarded disjointig with 889 reads and 887 inner overlaps
[2025-07-14 11:09:08] DEBUG: Discarded disjointig with 237 reads and 235 inner overlaps
[2025-07-14 11:09:08] DEBUG: Discarded disjointig with 751 reads and 749 inner overlaps
[2025-07-14 11:09:08] DEBUG: Discarded disjointig with 890 reads and 888 inner overlaps
[2025-07-14 11:09:09] DEBUG: Discarded disjointig with 440 reads and 438 inner overlaps
[2025-07-14 11:09:09] DEBUG: Discarded disjointig with 161 reads and 159 inner overlaps
[2025-07-14 11:09:09] DEBUG: Discarded disjointig with 813 reads and 811 inner overlaps
[2025-07-14 11:09:10] DEBUG: Discarded disjointig with 351 reads and 349 inner overlaps
[2025-07-14 11:09:10] DEBUG: Discarded disjointig with 590 reads and 588 inner overlaps
[2025-07-14 11:09:10] DEBUG: Discarded disjointig with 907 reads and 904 inner overlaps
[2025-07-14 11:09:10] DEBUG: Discarded disjointig with 487 reads and 485 inner overlaps
[2025-07-14 11:09:11] DEBUG: Discarded disjointig with 350 reads and 348 inner overlaps
[2025-07-14 11:09:14] DEBUG: Discarded disjointig with 251 reads and 249 inner overlaps
[2025-07-14 11:09:19] DEBUG: Discarded disjointig with 172 reads and 169 inner overlaps
[2025-07-14 11:09:32] DEBUG: Discarded disjointig with 173 reads and 169 inner overlaps
[2025-07-14 13:15:59] DEBUG: Assembled disjointig 8
	With 12 reads
	Start read: +b61566d8-0038-4e17-bea5-9266ff80f739
	At position: 1
	leftTip: 1 rightTip: 0
	Suspicious: 11
	Short ext: 1
	Mean extensions: 62
	Avg overlap len: 9501
	Min overlap len: 4867
	Inner reads: 0
	Length: 58613
[2025-07-14 13:15:59] DEBUG: Inner: 1115466 covered: 2514784 total: 2542090
[2025-07-14 13:15:59] INFO: Assembled 8 disjointigs
[2025-07-14 13:16:05] INFO: Generating sequence
[2025-07-14 13:16:07] DEBUG: Building positional index
[2025-07-14 13:16:07] DEBUG: Total sequence: 9678923 bp
[2025-07-14 13:16:08] DEBUG: Mean k-mer frequency: 1.02925
[2025-07-14 13:16:08] DEBUG: Repetitive k-mer frequency: 102
[2025-07-14 13:16:08] DEBUG: Filtered 0 repetitive k-mers (0)
[2025-07-14 13:16:08] DEBUG: Sorting k-mer index
[2025-07-14 13:16:08] DEBUG: Selected k-mers: 1710566
[2025-07-14 13:16:08] DEBUG: K-mer index size: 1760609
[2025-07-14 13:16:08] DEBUG: Mean k-mer frequency: 1.02926
[2025-07-14 13:16:08] DEBUG: Minimizer rate: 5.49749
[2025-07-14 13:16:08] INFO: Filtering contained disjointigs
[2025-07-14 13:16:10] DEBUG: Computing transitive closure for overlaps
[2025-07-14 13:16:10] DEBUG: Found 18 overlaps
[2025-07-14 13:16:10] DEBUG: Left 12 overlaps after filtering
[2025-07-14 13:16:10] INFO: Contained seqs: 0
[2025-07-14 13:16:10] DEBUG: Writing FASTA
[2025-07-14 13:16:10] DEBUG: Peak RAM usage: 24 Gb
-----------End assembly log------------
[2025-07-14 13:16:16] root: DEBUG: Disjointigs length: 9678923, N50: 2399589
[2025-07-14 13:16:16] root: INFO: >>>STAGE: consensus
[2025-07-14 13:16:16] root: INFO: Running Minimap2
[2025-07-14 13:31:38] root: INFO: Computing consensus
[2025-07-14 13:46:50] root: INFO: Alignment error rate: 0.048752
[2025-07-14 13:46:52] root: INFO: >>>STAGE: repeat
[2025-07-14 13:46:52] root: INFO: Building and resolving repeat graph
[2025-07-14 13:46:52] root: DEBUG: -----Begin repeat analyser log------
[2025-07-14 13:46:52] root: DEBUG: Running: flye-modules repeat --disjointigs /net/bmc-lab3/data/bcc/charliew/ont_flye/ont_flye_workflow/work/cb/cb9c6f8cc3350d5b8819c09cc26b3e/S-1030_3_5k_20k.assembly/10-consensus/consensus.fasta --reads /net/bmc-lab3/data/bcc/charliew/ont_flye/ont_flye_workflow/work/cb/cb9c6f8cc3350d5b8819c09cc26b3e/S-1030_3_5k_20k.fastq --out-dir /net/bmc-lab3/data/bcc/charliew/ont_flye/ont_flye_workflow/work/cb/cb9c6f8cc3350d5b8819c09cc26b3e/S-1030_3_5k_20k.assembly/20-repeat --config /home/charliew/.conda/envs/flye_2.9.5/lib/python3.12/site-packages/flye/config/bin_cfg/asm_nano_hq.cfg --log /net/bmc-lab3/data/bcc/charliew/ont_flye/ont_flye_workflow/work/cb/cb9c6f8cc3350d5b8819c09cc26b3e/S-1030_3_5k_20k.assembly/flye.log --threads 24 --min-ovlp 6000
[2025-07-14 13:46:52] DEBUG: Build date: Aug 30 2024 21:29:19
[2025-07-14 13:46:52] DEBUG: Total RAM: 376 Gb
[2025-07-14 13:46:52] DEBUG: Available RAM: 343 Gb
[2025-07-14 13:46:52] DEBUG: Total CPUs: 96
[2025-07-14 13:46:52] DEBUG: Loading /home/charliew/.conda/envs/flye_2.9.5/lib/python3.12/site-packages/flye/config/bin_cfg/asm_nano_hq.cfg
[2025-07-14 13:46:52] DEBUG: Loading /home/charliew/.conda/envs/flye_2.9.5/lib/python3.12/site-packages/flye/config/bin_cfg/asm_defaults.cfg
[2025-07-14 13:46:52] DEBUG: 	big_genome_threshold=29000000
[2025-07-14 13:46:52] DEBUG: 	meta_read_filter_kmer_freq=100
[2025-07-14 13:46:52] DEBUG: 	chain_large_gap_penalty=2
[2025-07-14 13:46:52] DEBUG: 	chain_small_gap_penalty=0.5
[2025-07-14 13:46:52] DEBUG: 	chain_gap_jump_threshold=100
[2025-07-14 13:46:52] DEBUG: 	max_jump_gap=500
[2025-07-14 13:46:52] DEBUG: 	max_coverage_drop_rate=5
[2025-07-14 13:46:52] DEBUG: 	max_extensions_drop_rate=5
[2025-07-14 13:46:52] DEBUG: 	chimera_window=100
[2025-07-14 13:46:52] DEBUG: 	chimera_overhang=1000
[2025-07-14 13:46:52] DEBUG: 	min_reads_in_disjointig=4
[2025-07-14 13:46:52] DEBUG: 	max_inner_reads=10
[2025-07-14 13:46:52] DEBUG: 	max_inner_fraction=0.25
[2025-07-14 13:46:52] DEBUG: 	aggressive_dup_filter=1
[2025-07-14 13:46:52] DEBUG: 	max_separation=500
[2025-07-14 13:46:52] DEBUG: 	unique_edge_length=50000
[2025-07-14 13:46:52] DEBUG: 	min_repeat_res_support=0.51
[2025-07-14 13:46:52] DEBUG: 	out_paths_ratio=5
[2025-07-14 13:46:52] DEBUG: 	graph_cov_drop_rate=5
[2025-07-14 13:46:52] DEBUG: 	coverage_estimate_window=100
[2025-07-14 13:46:52] DEBUG: 	max_bubble_length=50000
[2025-07-14 13:46:52] DEBUG: 	loop_coverage_rate=1.5
[2025-07-14 13:46:52] DEBUG: 	repeat_edge_cov_mult=1.75
[2025-07-14 13:46:52] DEBUG: 	weak_detach_rate=5
[2025-07-14 13:46:52] DEBUG: 	tip_coverage_rate=2
[2025-07-14 13:46:52] DEBUG: 	tip_length_rate=2
[2025-07-14 13:46:52] DEBUG: 	output_gfa_before_rr=1
[2025-07-14 13:46:52] DEBUG: 	remove_alt_edges=0
[2025-07-14 13:46:52] DEBUG: 	low_cutoff_warning=0
[2025-07-14 13:46:52] DEBUG: 	kmer_size=17
[2025-07-14 13:46:52] DEBUG: 	use_minimizers=1
[2025-07-14 13:46:52] DEBUG: 	minimizer_window=10
[2025-07-14 13:46:52] DEBUG: 	reads_base_alignment=1
[2025-07-14 13:46:52] DEBUG: 	meta_read_top_kmer_rate=0.75
[2025-07-14 13:46:52] DEBUG: 	maximum_jump=1500
[2025-07-14 13:46:52] DEBUG: 	maximum_overhang=1500
[2025-07-14 13:46:52] DEBUG: 	repeat_kmer_rate=100
[2025-07-14 13:46:52] DEBUG: 	assemble_ovlp_divergence=0.05
[2025-07-14 13:46:52] DEBUG: 	assemble_divergence_relative=1
[2025-07-14 13:46:52] DEBUG: 	repeat_graph_ovlp_divergence=0.05
[2025-07-14 13:46:52] DEBUG: 	read_align_ovlp_divergence=0.10
[2025-07-14 13:46:52] DEBUG: 	hpc_scoring_on=1
[2025-07-14 13:46:52] DEBUG: 	add_unassembled_reads=0
[2025-07-14 13:46:52] DEBUG: 	extend_contigs_with_repeats=0
[2025-07-14 13:46:52] DEBUG: 	min_read_cov_cutoff=3
[2025-07-14 13:46:52] DEBUG: 	short_tip_length=20000
[2025-07-14 13:46:52] DEBUG: 	long_tip_length=100000
[2025-07-14 13:46:52] DEBUG: Running with k-mer size: 17
[2025-07-14 13:46:52] DEBUG: Selected minimum overlap 6000
[2025-07-14 13:46:52] DEBUG: Metagenome mode: N
[2025-07-14 13:46:52] INFO: Parsing disjointigs
[2025-07-14 13:46:52] DEBUG: Building positional index
[2025-07-14 13:46:52] DEBUG: Total sequence: 9676706 bp
[2025-07-14 13:46:52] INFO: Building repeat graph
[2025-07-14 13:46:52] DEBUG: Mean k-mer frequency: 1.03501
[2025-07-14 13:46:52] DEBUG: Repetitive k-mer frequency: 103
[2025-07-14 13:46:52] DEBUG: Filtered 0 repetitive k-mers (0)
[2025-07-14 13:46:53] DEBUG: Sorting k-mer index
[2025-07-14 13:46:53] DEBUG: Selected k-mers: 1700226
[2025-07-14 13:46:53] DEBUG: K-mer index size: 1759753
[2025-07-14 13:46:53] DEBUG: Mean k-mer frequency: 1.03501
[2025-07-14 13:46:53] DEBUG: Minimizer rate: 5.4989
[2025-07-14 13:46:55] DEBUG: Computing transitive closure for overlaps
[2025-07-14 13:46:55] DEBUG: Found 482 overlaps
[2025-07-14 13:46:55] DEBUG: Left 196 overlaps after filtering
[2025-07-14 13:46:55] INFO: Median overlap divergence: 0.0261574
[2025-07-14 13:46:55] DEBUG: Sequence divergence distribution: 

    |*         |                                                                                         
    |*         |                                                                                         
    |*         |                                                                                         
    |*         |                                                                                         
    |*         |                                                                                         
    |*         |                                                                                         
    |*         |                                                                                         
    |*         |                                                                                         
    |*         |                                                                                         
    |*         |                                                                                         
    |*         |                                                                                         
    |*    *    |                                                                                         
    |*    *    |                                                                                         
    |*    *    |                                                                                         
    |*    *    |                                                                                         
    |*   ** *  |     *     *                                                                             
    |*   ** *  |     *     *                                                                             
    |* * ****  |    **     **                                                                            
    |* * ****  |    **     **                                                                            
    |* * ****  |    **     **                                                                            
    ----------------------------------------------------------------------------------------------------
    0%        5%        10%       15%       20%       25%       30%       35%       40%       45%       

    Q25 = 0.0012, Q50 = 0.026, Q75 = 0.037

[2025-07-14 13:46:55] DEBUG: Computing gluepoints
[2025-07-14 13:46:55] DEBUG: Added 19 gluepoint projections
[2025-07-14 13:46:55] DEBUG: Added 1 gluepoint projections
[2025-07-14 13:46:55] DEBUG: Added 0 gluepoint projections
[2025-07-14 13:46:55] DEBUG: Created 336 gluepoints
[2025-07-14 13:46:55] DEBUG: Artificial loops removed: 20 left, 20 right, 0 both
[2025-07-14 13:46:55] DEBUG: Initializing edges
[2025-07-14 13:46:55] DEBUG: Edges length checksum: 7183170980
[2025-07-14 13:46:55] DEBUG: Filtered 0 singleton segments
[2025-07-14 13:46:55] DEBUG: Removed 0 simple and 0 double chimeric junctions
[2025-07-14 13:46:55] DEBUG: Collapsed 9 edges
[2025-07-14 13:46:55] DEBUG:  	2	+disjointig_1	2151	2700	549	
[2025-07-14 13:46:55] DEBUG:  	-28	+disjointig_1	2700	9673	6973	
[2025-07-14 13:46:55] DEBUG:  	4	+disjointig_1	9673	13744	4071	
[2025-07-14 13:46:55] DEBUG:  	6	+disjointig_1	13744	16547	2803	
[2025-07-14 13:46:55] DEBUG:  	-4	+disjointig_1	16547	20596	4049	
[2025-07-14 13:46:55] DEBUG: *	5	+disjointig_1	20596	23765	3169	
[2025-07-14 13:46:55] DEBUG:  	-4	+disjointig_1	23765	26007	2242	
[2025-07-14 13:46:55] DEBUG:  	28	+disjointig_1	26007	32981	6974	
[2025-07-14 13:46:55] DEBUG:  	2	+disjointig_1	32981	33564	583	
[2025-07-14 13:46:55] DEBUG:  	-28	+disjointig_1	33564	40534	6970	
[2025-07-14 13:46:55] DEBUG:  	4	+disjointig_1	40534	44605	4071	
[2025-07-14 13:46:55] DEBUG:  	6	+disjointig_1	44605	47501	2896	
[2025-07-14 13:46:55] DEBUG:  	-4	+disjointig_1	47501	49732	2231	
[2025-07-14 13:46:55] DEBUG:  	28	+disjointig_1	49732	56532	6800	
[2025-07-14 13:46:55] DEBUG:  	2	+disjointig_1	56532	57060	528	
[2025-07-14 13:46:55] DEBUG:  	-28	+disjointig_1	57060	64033	6973	
[2025-07-14 13:46:55] DEBUG:  	4	+disjointig_1	64033	67478	3445	
[2025-07-14 13:46:55] DEBUG:  	6	+disjointig_1	67478	70430	2952	
[2025-07-14 13:46:55] DEBUG:  	-4	+disjointig_1	70430	74501	4071	
[2025-07-14 13:46:55] DEBUG:  	10	+disjointig_2	5452	6452	1000	
[2025-07-14 13:46:55] DEBUG:  	29	+disjointig_2	6452	12945	6493	
[2025-07-14 13:46:55] DEBUG:  	10	+disjointig_2	12945	13945	1000	
[2025-07-14 13:46:55] DEBUG:  	29	+disjointig_2	13945	20438	6493	
[2025-07-14 13:46:55] DEBUG:  	10	+disjointig_2	20438	21438	1000	
[2025-07-14 13:46:55] DEBUG:  	29	+disjointig_2	21438	27942	6504	
[2025-07-14 13:46:55] DEBUG:  	10	+disjointig_2	27942	28942	1000	
[2025-07-14 13:46:55] DEBUG: *	12	+disjointig_2	28942	661248	632306	
[2025-07-14 13:46:55] DEBUG:  	30	+disjointig_3	2917	38169	35252	
[2025-07-14 13:46:55] DEBUG:  	17	+disjointig_3	38169	39650	1481	
[2025-07-14 13:46:55] DEBUG:  	19	+disjointig_3	39650	40327	677	
[2025-07-14 13:46:55] DEBUG: *	31	+disjointig_3	40327	1719543	1679216	
[2025-07-14 13:46:55] DEBUG: *	24	+disjointig_3	1719543	1857521	137978	
[2025-07-14 13:46:55] DEBUG: *	-22	+disjointig_4	0	2885360	2885360	
[2025-07-14 13:46:55] DEBUG:  	-19	+disjointig_4	2885360	2886083	723	
[2025-07-14 13:46:55] DEBUG:  	-17	+disjointig_4	2886083	2887369	1286	
[2025-07-14 13:46:55] DEBUG:  	-30	+disjointig_4	2887369	2901402	14033	
[2025-07-14 13:46:55] DEBUG:  	-10	+disjointig_5	2997	3997	1000	
[2025-07-14 13:46:55] DEBUG:  	-29	+disjointig_5	3997	10489	6492	
[2025-07-14 13:46:55] DEBUG:  	-10	+disjointig_5	10489	11489	1000	
[2025-07-14 13:46:55] DEBUG:  	-29	+disjointig_5	11489	17982	6493	
[2025-07-14 13:46:55] DEBUG:  	-10	+disjointig_5	17982	18982	1000	
[2025-07-14 13:46:55] DEBUG: *	11	+disjointig_5	18982	1640319	1621337	
[2025-07-14 13:46:55] DEBUG:  	-30	+disjointig_5	1640319	1662640	22321	
[2025-07-14 13:46:55] DEBUG: *	25	+disjointig_6	0	17609	17609	
[2025-07-14 13:46:55] DEBUG: *	-20	+disjointig_7	0	2393250	2393250	
[2025-07-14 13:46:55] DEBUG:  	-17	+disjointig_7	2393250	2394541	1291	
[2025-07-14 13:46:55] DEBUG:  	-30	+disjointig_7	2394541	2401701	7160	
[2025-07-14 13:46:55] DEBUG: *	32	+disjointig_8	18225	53899	35674	
[2025-07-14 13:46:55] DEBUG: Total edges: 32
[2025-07-14 13:46:55] INFO: Parsing reads
[2025-07-14 13:47:48] DEBUG: Building positional index
[2025-07-14 13:47:48] DEBUG: Total sequence: 15613405873 bp
[2025-07-14 13:47:49] DEBUG: Building positional index
[2025-07-14 13:47:49] DEBUG: Total sequence: 9598779 bp
[2025-07-14 13:47:49] INFO: Aligning reads to the graph
[2025-07-14 13:47:49] DEBUG: Mean k-mer frequency: 1.02704
[2025-07-14 13:47:49] DEBUG: Repetitive k-mer frequency: 102
[2025-07-14 13:47:49] DEBUG: Filtered 0 repetitive k-mers (0)
[2025-07-14 13:47:49] DEBUG: Sorting k-mer index
[2025-07-14 13:47:49] DEBUG: Selected k-mers: 1699485
[2025-07-14 13:47:49] DEBUG: K-mer index size: 1745443
[2025-07-14 13:47:49] DEBUG: Mean k-mer frequency: 1.02704
[2025-07-14 13:47:49] DEBUG: Minimizer rate: 5.49934
[2025-07-14 13:52:39] DEBUG: Total reads : 1271045
[2025-07-14 13:52:39] DEBUG: Read with aligned parts : 1147899
[2025-07-14 13:52:39] DEBUG: Aligned in one piece : 1099462
[2025-07-14 13:52:39] INFO: Aligned read sequence: 13087820755 / 14406378889 (0.908474)
[2025-07-14 13:52:39] INFO: Median overlap divergence: 0.0125296
[2025-07-14 13:52:39] DEBUG: Sequence divergence distribution: 

    | *                  |                                                                               
    | *                  |                                                                               
    | *                  |                                                                               
    | **                 |                                                                               
    | **                 |                                                                               
    | **                 |                                                                               
    | **                 |                                                                               
    | **                 |                                                                               
    | **                 |                                                                               
    | **                 |                                                                               
    | **                 |                                                                               
    | **                 |                                                                               
    | ***                |                                                                               
    | ***                |                                                                               
    | ***                |                                                                               
    | ****               |                                                                               
    | ****               |                                                                               
    |******              |                                                                               
    |***********         |                                                                               
    |*************************************************   * *                                             
    ----------------------------------------------------------------------------------------------------
    0%        5%        10%       15%       20%       25%       30%       35%       40%       45%       

    Q25 = 0.0087, Q50 = 0.013, Q75 = 0.021

[2025-07-14 13:52:40] INFO: Mean edge coverage: 1374
[2025-07-14 13:52:40] DEBUG: 2	len:553	cov:27888	mult:20.2969
[2025-07-14 13:52:40] DEBUG: 4	len:3454	cov:21439	mult:15.6033
[2025-07-14 13:52:40] DEBUG: -4	len:3454	cov:21439	mult:15.6033
[2025-07-14 13:52:40] DEBUG: 5	len:3169	cov:15	mult:0.010917
[2025-07-14 13:52:40] DEBUG: -5	len:3169	cov:15	mult:0.010917
[2025-07-14 13:52:40] DEBUG: 6	len:2883	cov:15975	mult:11.6266
[2025-07-14 13:52:40] DEBUG: 10	len:1000	cov:2857	mult:2.07933
[2025-07-14 13:52:40] DEBUG: -10	len:1000	cov:2857	mult:2.07933
[2025-07-14 13:52:40] DEBUG: 11	len:1621337	cov:678	mult:0.49345
[2025-07-14 13:52:40] DEBUG: -11	len:1621337	cov:678	mult:0.49345
[2025-07-14 13:52:40] DEBUG: 12	len:632306	cov:658	mult:0.478894
[2025-07-14 13:52:40] DEBUG: -12	len:632306	cov:658	mult:0.478894
[2025-07-14 13:52:40] DEBUG: 17	len:1352	cov:1462	mult:1.06405
[2025-07-14 13:52:40] DEBUG: -17	len:1352	cov:1462	mult:1.06405
[2025-07-14 13:52:40] DEBUG: 19	len:700	cov:717	mult:0.521834
[2025-07-14 13:52:40] DEBUG: -19	len:700	cov:717	mult:0.521834
[2025-07-14 13:52:40] DEBUG: 20	len:2393250	cov:660	mult:0.480349
[2025-07-14 13:52:40] DEBUG: -20	len:2393250	cov:660	mult:0.480349
[2025-07-14 13:52:40] DEBUG: 22	len:2885360	cov:685	mult:0.498544
[2025-07-14 13:52:40] DEBUG: -22	len:2885360	cov:685	mult:0.498544
[2025-07-14 13:52:40] DEBUG: 24	len:137978	cov:630	mult:0.458515
[2025-07-14 13:52:40] DEBUG: -24	len:137978	cov:630	mult:0.458515
[2025-07-14 13:52:40] DEBUG: 25	len:17609	cov:1052	mult:0.765648
[2025-07-14 13:52:40] DEBUG: -25	len:17609	cov:1052	mult:0.765648
[2025-07-14 13:52:40] DEBUG: 28	len:6938	cov:22298	mult:16.2285
[2025-07-14 13:52:40] DEBUG: -28	len:6938	cov:22298	mult:16.2285
[2025-07-14 13:52:40] DEBUG: 29	len:6495	cov:2309	mult:1.68049
[2025-07-14 13:52:40] DEBUG: -29	len:6495	cov:2309	mult:1.68049
[2025-07-14 13:52:40] DEBUG: 30	len:7160	cov:9074	mult:6.60408
[2025-07-14 13:52:40] DEBUG: -30	len:7160	cov:9074	mult:6.60408
[2025-07-14 13:52:40] DEBUG: 31	len:1679216	cov:663	mult:0.482533
[2025-07-14 13:52:40] DEBUG: -31	len:1679216	cov:663	mult:0.482533
[2025-07-14 13:52:40] DEBUG: 32	len:35674	cov:173035	mult:125.935
[2025-07-14 13:52:40] DEBUG: -32	len:35674	cov:173035	mult:125.935
[2025-07-14 13:52:40] DEBUG: Unique coverage threshold 2558
[2025-07-14 13:52:40] INFO: Simplifying the graph
[2025-07-14 13:52:40] DEBUG: Read coverage cutoff: 275
[2025-07-14 13:52:40] DEBUG: [SIMPL] Removed 0 paths with low coverage
[2025-07-14 13:52:40] DEBUG: [SIMPL] Masked 0 heterozygous loops
[2025-07-14 13:52:40] DEBUG: [SIMPL] Masked 0 simple bubbles
[2025-07-14 13:52:40] DEBUG: Finding repeats
[2025-07-14 13:52:41] DEBUG: Read coverage cutoff: 275
[2025-07-14 13:52:41] DEBUG: Low-coverage: 5 15
[2025-07-14 13:52:41] DEBUG: High-cov: 2	553	27888
[2025-07-14 13:52:41] DEBUG: Self-compl: 2
[2025-07-14 13:52:41] DEBUG: High-cov: 4	3454	21439
[2025-07-14 13:52:41] DEBUG: High-cov: 6	2883	15975
[2025-07-14 13:52:41] DEBUG: Self-compl: 6
[2025-07-14 13:52:41] DEBUG: High-cov: 10	1000	2857
[2025-07-14 13:52:41] DEBUG: High-cov: 28	6938	22298
[2025-07-14 13:52:41] DEBUG: Tandem: 29
[2025-07-14 13:52:41] DEBUG: High-cov: 30	7160	9074
[2025-07-14 13:52:41] DEBUG: High-cov: 32	35674	173035
[2025-07-14 13:52:41] DEBUG: Repeat detection iteration 1
[2025-07-14 13:52:41] DEBUG: Starting 19 aln:752
[2025-07-14 13:52:41] DEBUG: 	      31	num:333	flank:9184	span:3
[2025-07-14 13:52:41] DEBUG: 	    T 22	num:366	flank:9610	span:7
[2025-07-14 13:52:41] DEBUG: Mult: 19	700	717	 (0,1)
[2025-07-14 13:52:41] DEBUG: Starting 17 aln:1515
[2025-07-14 13:52:41] DEBUG: 	      31	num:311	flank:9041	span:657
[2025-07-14 13:52:41] DEBUG: 	    T 22	num:324	flank:9156	span:704
[2025-07-14 13:52:41] DEBUG: 	    T 20	num:744	flank:3169	span:13
[2025-07-14 13:52:41] DEBUG: Mult: 17	1352	1462	 (0,1)
[2025-07-14 13:52:41] DEBUG: Starting 31 aln:1706
[2025-07-14 13:52:41] DEBUG: 	      24	num:679	flank:9667	span:3
[2025-07-14 13:52:41] DEBUG: 	      -24	num:694	flank:8756	span:19
[2025-07-14 13:52:41] DEBUG: Mult: 31	1679216	663	 (0,1)
[2025-07-14 13:52:41] DEBUG: Writing Dot
[2025-07-14 13:52:41] DEBUG: Writing FASTA
[2025-07-14 13:52:41] DEBUG: Writing Gfa
[2025-07-14 13:52:41] DEBUG: [SIMPL] == Iteration 1 ==
[2025-07-14 13:52:41] DEBUG: Splitting nodes
[2025-07-14 13:52:41] DEBUG: [SIMPL] Split 0 nodes
[2025-07-14 13:52:42] DEBUG: [SIMPL] Clipped 0 short and 0 long tips
[2025-07-14 13:52:42] DEBUG: [SIMPL] Masked 0 heterozygous loops
[2025-07-14 13:52:42] DEBUG: [SIMPL] Masked 0 simple bubbles
[2025-07-14 13:52:42] DEBUG: Finding repeats
[2025-07-14 13:52:42] DEBUG: Read coverage cutoff: 275
[2025-07-14 13:52:42] DEBUG: Low-coverage: 5 15
[2025-07-14 13:52:42] DEBUG: High-cov: 2	553	27888
[2025-07-14 13:52:42] DEBUG: Self-compl: 2
[2025-07-14 13:52:42] DEBUG: High-cov: 4	3454	21439
[2025-07-14 13:52:42] DEBUG: High-cov: 6	2883	15975
[2025-07-14 13:52:42] DEBUG: Self-compl: 6
[2025-07-14 13:52:42] DEBUG: High-cov: 10	1000	2857
[2025-07-14 13:52:42] DEBUG: High-cov: 28	6938	22298
[2025-07-14 13:52:42] DEBUG: Tandem: 29
[2025-07-14 13:52:42] DEBUG: High-cov: 30	7160	9074
[2025-07-14 13:52:42] DEBUG: High-cov: 32	35674	173035
[2025-07-14 13:52:42] DEBUG: Repeat detection iteration 1
[2025-07-14 13:52:42] DEBUG: Starting 19 aln:752
[2025-07-14 13:52:42] DEBUG: 	      31	num:333	flank:9184	span:3
[2025-07-14 13:52:42] DEBUG: 	    T 22	num:366	flank:9610	span:7
[2025-07-14 13:52:42] DEBUG: Mult: 19	700	717	 (0,1)
[2025-07-14 13:52:42] DEBUG: Starting 17 aln:1515
[2025-07-14 13:52:42] DEBUG: 	      31	num:311	flank:9041	span:657
[2025-07-14 13:52:42] DEBUG: 	    T 22	num:324	flank:9156	span:704
[2025-07-14 13:52:42] DEBUG: 	    T 20	num:744	flank:3169	span:13
[2025-07-14 13:52:42] DEBUG: Mult: 17	1352	1462	 (0,1)
[2025-07-14 13:52:42] DEBUG: Starting 31 aln:1706
[2025-07-14 13:52:42] DEBUG: 	      24	num:679	flank:9667	span:3
[2025-07-14 13:52:42] DEBUG: 	      -24	num:694	flank:8756	span:19
[2025-07-14 13:52:42] DEBUG: Mult: 31	1679216	663	 (0,1)
[2025-07-14 13:52:42] DEBUG: Total unique edges: 6
[2025-07-14 13:52:42] DEBUG: 	Connection -11	12	2	1
[2025-07-14 13:52:42] DEBUG: [SIMPL] Resolved repeats: 1
[2025-07-14 13:52:42] DEBUG: RR links: 4
[2025-07-14 13:52:42] DEBUG: Unresolved: 0
[2025-07-14 13:52:42] DEBUG: Removed 0 simple and 0 double chimeric junctions
[2025-07-14 13:52:42] DEBUG: [SIMPL] == Iteration 2 ==
[2025-07-14 13:52:42] DEBUG: Splitting nodes
[2025-07-14 13:52:42] DEBUG: [SIMPL] Split 0 nodes
[2025-07-14 13:52:43] DEBUG: [SIMPL] Clipped 0 short and 0 long tips
[2025-07-14 13:52:43] DEBUG: [SIMPL] Masked 0 heterozygous loops
[2025-07-14 13:52:43] DEBUG: [SIMPL] Masked 0 simple bubbles
[2025-07-14 13:52:43] DEBUG: Finding repeats
[2025-07-14 13:52:43] DEBUG: Read coverage cutoff: 275
[2025-07-14 13:52:43] DEBUG: Low-coverage: 5 15
[2025-07-14 13:52:43] DEBUG: High-cov: 2	553	27888
[2025-07-14 13:52:43] DEBUG: Self-compl: 2
[2025-07-14 13:52:43] DEBUG: High-cov: 4	3454	21439
[2025-07-14 13:52:43] DEBUG: High-cov: 6	2883	15975
[2025-07-14 13:52:43] DEBUG: Self-compl: 6
[2025-07-14 13:52:43] DEBUG: Tandem: 29 -> 10
[2025-07-14 13:52:43] DEBUG: High-cov: 28	6938	22298
[2025-07-14 13:52:43] DEBUG: High-cov: 30	7160	9074
[2025-07-14 13:52:43] DEBUG: High-cov: 32	35674	173035
[2025-07-14 13:52:43] DEBUG: Repeat detection iteration 1
[2025-07-14 13:52:43] DEBUG: Starting 19 aln:752
[2025-07-14 13:52:43] DEBUG: 	      31	num:333	flank:9184	span:3
[2025-07-14 13:52:43] DEBUG: 	    T 22	num:366	flank:9610	span:7
[2025-07-14 13:52:43] DEBUG: Mult: 19	700	717	 (0,1)
[2025-07-14 13:52:43] DEBUG: Starting 17 aln:1515
[2025-07-14 13:52:43] DEBUG: 	      31	num:311	flank:9041	span:657
[2025-07-14 13:52:43] DEBUG: 	    T 22	num:324	flank:9156	span:704
[2025-07-14 13:52:43] DEBUG: 	    T 20	num:744	flank:3169	span:13
[2025-07-14 13:52:43] DEBUG: Mult: 17	1352	1462	 (0,1)
[2025-07-14 13:52:43] DEBUG: Starting 31 aln:1706
[2025-07-14 13:52:43] DEBUG: 	      24	num:679	flank:9667	span:3
[2025-07-14 13:52:43] DEBUG: 	      -24	num:694	flank:8756	span:19
[2025-07-14 13:52:43] DEBUG: Mult: 31	1679216	663	 (0,1)
[2025-07-14 13:52:43] DEBUG: Total unique edges: 7
[2025-07-14 13:52:43] DEBUG: [SIMPL] Resolved repeats: 0
[2025-07-14 13:52:43] DEBUG: RR links: 0
[2025-07-14 13:52:43] DEBUG: Unresolved: 0
[2025-07-14 13:52:43] DEBUG: Removed 0 simple and 0 double chimeric junctions
[2025-07-14 13:52:44] DEBUG: [SIMPL] Collapsed 0 haplotypes
[2025-07-14 13:52:44] DEBUG: [SIMPL] Resolved 0 simple repeats
[2025-07-14 13:52:44] DEBUG: Read coverage cutoff: 275
[2025-07-14 13:52:44] DEBUG: [SIMPL] Removed 0 paths with low coverage
[2025-07-14 13:52:44] DEBUG: Finding repeats
[2025-07-14 13:52:44] DEBUG: Read coverage cutoff: 275
[2025-07-14 13:52:44] DEBUG: Low-coverage: 5 15
[2025-07-14 13:52:44] DEBUG: High-cov: 2	553	27888
[2025-07-14 13:52:44] DEBUG: Self-compl: 2
[2025-07-14 13:52:44] DEBUG: High-cov: 4	3454	21439
[2025-07-14 13:52:44] DEBUG: High-cov: 6	2883	15975
[2025-07-14 13:52:44] DEBUG: Self-compl: 6
[2025-07-14 13:52:44] DEBUG: Tandem: 29 -> 10
[2025-07-14 13:52:44] DEBUG: High-cov: 28	6938	22298
[2025-07-14 13:52:44] DEBUG: High-cov: 30	7160	9074
[2025-07-14 13:52:44] DEBUG: High-cov: 32	35674	173035
[2025-07-14 13:52:44] DEBUG: Repeat detection iteration 1
[2025-07-14 13:52:44] DEBUG: Starting 19 aln:752
[2025-07-14 13:52:44] DEBUG: 	      31	num:333	flank:9184	span:3
[2025-07-14 13:52:44] DEBUG: 	    T 22	num:366	flank:9610	span:7
[2025-07-14 13:52:44] DEBUG: Mult: 19	700	717	 (0,1)
[2025-07-14 13:52:44] DEBUG: Starting 17 aln:1515
[2025-07-14 13:52:44] DEBUG: 	      31	num:311	flank:9041	span:657
[2025-07-14 13:52:44] DEBUG: 	    T 22	num:324	flank:9156	span:704
[2025-07-14 13:52:44] DEBUG: 	    T 20	num:744	flank:3169	span:13
[2025-07-14 13:52:44] DEBUG: Mult: 17	1352	1462	 (0,1)
[2025-07-14 13:52:44] DEBUG: Starting 31 aln:1706
[2025-07-14 13:52:44] DEBUG: 	      24	num:679	flank:9667	span:3
[2025-07-14 13:52:44] DEBUG: 	      -24	num:694	flank:8756	span:19
[2025-07-14 13:52:44] DEBUG: Mult: 31	1679216	663	 (0,1)
[2025-07-14 13:52:44] DEBUG: Fixed: 31	1679216	663
[2025-07-14 13:52:44] DEBUG: Writing Dot
[2025-07-14 13:52:51] DEBUG: Writing FASTA
[2025-07-14 13:52:51] DEBUG: Peak RAM usage: 5 Gb
-----------End assembly log------------
[2025-07-14 13:52:57] root: INFO: >>>STAGE: contigger
[2025-07-14 13:52:57] root: INFO: Generating contigs
[2025-07-14 13:52:57] root: DEBUG: -----Begin contigger analyser log------
[2025-07-14 13:52:57] root: DEBUG: Running: flye-modules contigger --graph-edges /net/bmc-lab3/data/bcc/charliew/ont_flye/ont_flye_workflow/work/cb/cb9c6f8cc3350d5b8819c09cc26b3e/S-1030_3_5k_20k.assembly/20-repeat/repeat_graph_edges.fasta --reads /net/bmc-lab3/data/bcc/charliew/ont_flye/ont_flye_workflow/work/cb/cb9c6f8cc3350d5b8819c09cc26b3e/S-1030_3_5k_20k.fastq --out-dir /net/bmc-lab3/data/bcc/charliew/ont_flye/ont_flye_workflow/work/cb/cb9c6f8cc3350d5b8819c09cc26b3e/S-1030_3_5k_20k.assembly/30-contigger --config /home/charliew/.conda/envs/flye_2.9.5/lib/python3.12/site-packages/flye/config/bin_cfg/asm_nano_hq.cfg --repeat-graph /net/bmc-lab3/data/bcc/charliew/ont_flye/ont_flye_workflow/work/cb/cb9c6f8cc3350d5b8819c09cc26b3e/S-1030_3_5k_20k.assembly/20-repeat/repeat_graph_dump --graph-aln /net/bmc-lab3/data/bcc/charliew/ont_flye/ont_flye_workflow/work/cb/cb9c6f8cc3350d5b8819c09cc26b3e/S-1030_3_5k_20k.assembly/20-repeat/read_alignment_dump --log /net/bmc-lab3/data/bcc/charliew/ont_flye/ont_flye_workflow/work/cb/cb9c6f8cc3350d5b8819c09cc26b3e/S-1030_3_5k_20k.assembly/flye.log --threads 24 --min-ovlp 6000
[2025-07-14 13:52:57] DEBUG: Build date: Aug 30 2024 21:29:44
[2025-07-14 13:52:57] DEBUG: Total RAM: 376 Gb
[2025-07-14 13:52:57] DEBUG: Available RAM: 349 Gb
[2025-07-14 13:52:57] DEBUG: Total CPUs: 96
[2025-07-14 13:52:57] DEBUG: Loading /home/charliew/.conda/envs/flye_2.9.5/lib/python3.12/site-packages/flye/config/bin_cfg/asm_nano_hq.cfg
[2025-07-14 13:52:57] DEBUG: Loading /home/charliew/.conda/envs/flye_2.9.5/lib/python3.12/site-packages/flye/config/bin_cfg/asm_defaults.cfg
[2025-07-14 13:52:57] DEBUG: 	big_genome_threshold=29000000
[2025-07-14 13:52:57] DEBUG: 	meta_read_filter_kmer_freq=100
[2025-07-14 13:52:57] DEBUG: 	chain_large_gap_penalty=2
[2025-07-14 13:52:57] DEBUG: 	chain_small_gap_penalty=0.5
[2025-07-14 13:52:57] DEBUG: 	chain_gap_jump_threshold=100
[2025-07-14 13:52:57] DEBUG: 	max_jump_gap=500
[2025-07-14 13:52:57] DEBUG: 	max_coverage_drop_rate=5
[2025-07-14 13:52:57] DEBUG: 	max_extensions_drop_rate=5
[2025-07-14 13:52:57] DEBUG: 	chimera_window=100
[2025-07-14 13:52:57] DEBUG: 	chimera_overhang=1000
[2025-07-14 13:52:57] DEBUG: 	min_reads_in_disjointig=4
[2025-07-14 13:52:57] DEBUG: 	max_inner_reads=10
[2025-07-14 13:52:57] DEBUG: 	max_inner_fraction=0.25
[2025-07-14 13:52:57] DEBUG: 	aggressive_dup_filter=1
[2025-07-14 13:52:57] DEBUG: 	max_separation=500
[2025-07-14 13:52:57] DEBUG: 	unique_edge_length=50000
[2025-07-14 13:52:57] DEBUG: 	min_repeat_res_support=0.51
[2025-07-14 13:52:57] DEBUG: 	out_paths_ratio=5
[2025-07-14 13:52:57] DEBUG: 	graph_cov_drop_rate=5
[2025-07-14 13:52:57] DEBUG: 	coverage_estimate_window=100
[2025-07-14 13:52:57] DEBUG: 	max_bubble_length=50000
[2025-07-14 13:52:57] DEBUG: 	loop_coverage_rate=1.5
[2025-07-14 13:52:57] DEBUG: 	repeat_edge_cov_mult=1.75
[2025-07-14 13:52:57] DEBUG: 	weak_detach_rate=5
[2025-07-14 13:52:57] DEBUG: 	tip_coverage_rate=2
[2025-07-14 13:52:57] DEBUG: 	tip_length_rate=2
[2025-07-14 13:52:57] DEBUG: 	output_gfa_before_rr=1
[2025-07-14 13:52:57] DEBUG: 	remove_alt_edges=0
[2025-07-14 13:52:57] DEBUG: 	low_cutoff_warning=0
[2025-07-14 13:52:57] DEBUG: 	kmer_size=17
[2025-07-14 13:52:57] DEBUG: 	use_minimizers=1
[2025-07-14 13:52:57] DEBUG: 	minimizer_window=10
[2025-07-14 13:52:57] DEBUG: 	reads_base_alignment=1
[2025-07-14 13:52:57] DEBUG: 	meta_read_top_kmer_rate=0.75
[2025-07-14 13:52:57] DEBUG: 	maximum_jump=1500
[2025-07-14 13:52:57] DEBUG: 	maximum_overhang=1500
[2025-07-14 13:52:57] DEBUG: 	repeat_kmer_rate=100
[2025-07-14 13:52:57] DEBUG: 	assemble_ovlp_divergence=0.05
[2025-07-14 13:52:57] DEBUG: 	assemble_divergence_relative=1
[2025-07-14 13:52:57] DEBUG: 	repeat_graph_ovlp_divergence=0.05
[2025-07-14 13:52:57] DEBUG: 	read_align_ovlp_divergence=0.10
[2025-07-14 13:52:57] DEBUG: 	hpc_scoring_on=1
[2025-07-14 13:52:57] DEBUG: 	add_unassembled_reads=0
[2025-07-14 13:52:57] DEBUG: 	extend_contigs_with_repeats=0
[2025-07-14 13:52:57] DEBUG: 	min_read_cov_cutoff=3
[2025-07-14 13:52:57] DEBUG: 	short_tip_length=20000
[2025-07-14 13:52:57] DEBUG: 	long_tip_length=100000
[2025-07-14 13:52:57] DEBUG: Running with k-mer size: 17
[2025-07-14 13:52:57] DEBUG: Selected minimum overlap 6000
[2025-07-14 13:52:57] INFO: Reading sequences
[2025-07-14 13:53:46] DEBUG: Building positional index
[2025-07-14 13:53:47] DEBUG: Total sequence: 15613405873 bp
[2025-07-14 13:53:56] DEBUG: Flipped 0
[2025-07-14 13:53:56] DEBUG: UPath 1: 2
[2025-07-14 13:53:56] DEBUG: UPath 2: 4
[2025-07-14 13:53:56] DEBUG: UPath 3: 5
[2025-07-14 13:53:56] DEBUG: UPath 4: 6
[2025-07-14 13:53:56] DEBUG: UPath 5: 29 -> 10
[2025-07-14 13:53:56] DEBUG: UPath 6: -12 -> 33 -> 11
[2025-07-14 13:53:56] DEBUG: UPath 7: 17
[2025-07-14 13:53:56] DEBUG: UPath 8: 19
[2025-07-14 13:53:56] DEBUG: UPath 9: 20
[2025-07-14 13:53:56] DEBUG: UPath 10: 22
[2025-07-14 13:53:56] DEBUG: UPath 11: 24
[2025-07-14 13:53:56] DEBUG: UPath 12: 25
[2025-07-14 13:53:56] DEBUG: UPath 13: 28
[2025-07-14 13:53:56] DEBUG: UPath 14: 30
[2025-07-14 13:53:56] DEBUG: UPath 15: 31
[2025-07-14 13:53:56] DEBUG: UPath 16: 32
[2025-07-14 13:53:56] DEBUG: Final graph contains 15 egdes
[2025-07-14 13:53:56] DEBUG: Extending contigs into repeats
[2025-07-14 13:53:56] DEBUG: Covered 3 repetitive contigs
[2025-07-14 13:53:56] INFO: Generated 13 contigs
[2025-07-14 13:53:56] DEBUG: Writing FASTA
[2025-07-14 13:53:56] DEBUG: Generating scaffold connections
[2025-07-14 13:53:56] INFO: Added 0 scaffold connections
[2025-07-14 13:53:56] DEBUG: Writing Dot
[2025-07-14 13:53:56] DEBUG: Writing FASTA
[2025-07-14 13:53:56] DEBUG: Writing Gfa
[2025-07-14 13:53:56] DEBUG: Peak RAM usage: 4 Gb
-----------End assembly log------------
[2025-07-14 13:54:00] root: INFO: >>>STAGE: polishing
[2025-07-14 13:54:00] root: INFO: Polishing genome (1/1)
[2025-07-14 13:54:00] root: INFO: Running minimap2
[2025-07-14 14:02:14] root: INFO: Separating alignment into bubbles
[2025-07-14 14:29:22] root: DEBUG: Generated 627333 bubbles
[2025-07-14 14:29:22] root: DEBUG: Split 9 long bubbles
[2025-07-14 14:29:22] root: DEBUG: Skipped 8 empty bubbles
[2025-07-14 14:29:22] root: DEBUG: Skipped 0 bubbles with long branches
[2025-07-14 14:29:22] root: INFO: Alignment error rate: 0.028379
[2025-07-14 14:29:22] root: INFO: Correcting bubbles
[2025-07-14 14:29:58] root: DEBUG: Mean contig coverage: 1611, selected threshold: 322
[2025-07-14 14:29:58] root: DEBUG: Filtered 0 contigs of total length 0
[2025-07-14 14:29:58] root: DEBUG: Generating polished GFA
[2025-07-14 14:30:02] root: DEBUG: 1 sequences remained unpolished
[2025-07-14 14:30:02] root: INFO: >>>STAGE: finalize
[2025-07-14 14:30:02] root: DEBUG: ---Output dir contents:----
[2025-07-14 14:30:02] root: DEBUG: S-1030_3_5k_20k.assembly/
[2025-07-14 14:30:02] root: DEBUG:     49.0 K      flye.log
[2025-07-14 14:30:02] root: DEBUG:     92.0 B      params.json
[2025-07-14 14:30:02] root: DEBUG:     2.0 K       assembly_graph.gv
[2025-07-14 14:30:02] root: DEBUG:     9.0 M       assembly_graph.gfa
[2025-07-14 14:30:02] root: DEBUG:     9.0 M       assembly.fasta
[2025-07-14 14:30:02] root: DEBUG:     00-assembly/
[2025-07-14 14:30:02] root: DEBUG:         9.0 M       draft_assembly.fasta
[2025-07-14 14:30:02] root: DEBUG:         267.0 B     draft_assembly.fasta.fai
[2025-07-14 14:30:02] root: DEBUG:     10-consensus/
[2025-07-14 14:30:02] root: DEBUG:         1.0 K       minimap.stderr
[2025-07-14 14:30:02] root: DEBUG:         4.0 M       minimap.bam.bai
[2025-07-14 14:30:02] root: DEBUG:         9.0 M       consensus.fasta
[2025-07-14 14:30:02] root: DEBUG:     20-repeat/
[2025-07-14 14:30:02] root: DEBUG:         3.0 K       graph_before_rr.gv
[2025-07-14 14:30:02] root: DEBUG:         9.0 M       graph_before_rr.fasta
[2025-07-14 14:30:02] root: DEBUG:         9.0 M       graph_before_rr.gfa
[2025-07-14 14:30:02] root: DEBUG:         3.0 K       graph_after_rr.gv
[2025-07-14 14:30:02] root: DEBUG:         9.0 K       repeat_graph_dump
[2025-07-14 14:30:02] root: DEBUG:         393.0 M     read_alignment_dump
[2025-07-14 14:30:02] root: DEBUG:         9.0 M       repeat_graph_edges.fasta
[2025-07-14 14:30:02] root: DEBUG:     30-contigger/
[2025-07-14 14:30:02] root: DEBUG:         9.0 M       contigs.fasta
[2025-07-14 14:30:02] root: DEBUG:         594.0 B     contigs_stats.txt
[2025-07-14 14:30:02] root: DEBUG:         0.0 B       scaffolds_links.txt
[2025-07-14 14:30:02] root: DEBUG:         2.0 K       graph_final.gv
[2025-07-14 14:30:02] root: DEBUG:         9.0 M       graph_final.fasta
[2025-07-14 14:30:02] root: DEBUG:         9.0 M       graph_final.gfa
[2025-07-14 14:30:02] root: DEBUG:         380.0 B     contigs.fasta.fai
[2025-07-14 14:30:02] root: DEBUG:     40-polishing/
[2025-07-14 14:30:02] root: DEBUG:         1.0 K       minimap.stderr
[2025-07-14 14:30:02] root: DEBUG:         3.0 M       minimap_1.bam.bai
[2025-07-14 14:30:02] root: DEBUG:         275.0 B     contigs_stats.txt
[2025-07-14 14:30:02] root: DEBUG:         2.0 M       base_coverage.bed.gz
[2025-07-14 14:30:02] root: DEBUG:         9.0 M       filtered_contigs.fasta
[2025-07-14 14:30:02] root: DEBUG:         275.0 B     filtered_stats.txt
[2025-07-14 14:30:02] root: DEBUG:         348.0 B     filtered_contigs.fasta.fai
[2025-07-14 14:30:02] root: DEBUG:         5.0 K       edges_aln.bam.bai
[2025-07-14 14:30:02] root: DEBUG:         9.0 M       polished_edges.gfa
[2025-07-14 14:30:02] root: DEBUG: --------------------------
[2025-07-14 14:30:02] root: INFO: Assembly statistics:

	Total length:	9493315
	Fragments:	12
	Fragments N50:	2396236
	Largest frg:	2903722
	Scaffolds:	0
	Mean coverage:	1611

[2025-07-14 14:30:02] root: INFO: Final assembly: /net/bmc-lab3/data/bcc/charliew/ont_flye/ont_flye_workflow/work/cb/cb9c6f8cc3350d5b8819c09cc26b3e/S-1030_3_5k_20k.assembly/assembly.fasta
