[2025-07-14 05:26:13] root: INFO: Starting Flye 2.9.5-b1801
[2025-07-14 05:26:13] root: DEBUG: Cmd: /net/ostrom/data/bcc/charliew/.conda/envs/flye_2.9.5/bin/flye --nano-hq sHF171_40k_50k.fastq --threads 24 --genome-size 10m --out-dir sHF171_40k_50k.assembly
[2025-07-14 05:26:13] root: DEBUG: Python version: 3.12.5 | packaged by conda-forge | (main, Aug  8 2024, 18:36:51) [GCC 12.4.0]
[2025-07-14 05:26:13] root: INFO: >>>STAGE: configure
[2025-07-14 05:26:13] root: INFO: Configuring run
[2025-07-14 05:26:16] root: INFO: Total read length: 909975345
[2025-07-14 05:26:16] root: INFO: Input genome size: 10000000
[2025-07-14 05:26:16] root: INFO: Estimated coverage: 90
[2025-07-14 05:26:16] root: INFO: Reads N50/N90: 44190 / 40758
[2025-07-14 05:26:16] root: INFO: Minimum overlap set to 10000
[2025-07-14 05:26:16] root: INFO: >>>STAGE: assembly
[2025-07-14 05:26:16] root: INFO: Assembling disjointigs
[2025-07-14 05:26:16] root: DEBUG: -----Begin assembly log------
[2025-07-14 05:26:16] root: DEBUG: Running: flye-modules assemble --reads /net/bmc-lab3/data/bcc/charliew/ont_flye/ont_flye_workflow/work/68/5f34ea6106bc171bfb7a70c826ef95/sHF171_40k_50k.fastq --out-asm /net/bmc-lab3/data/bcc/charliew/ont_flye/ont_flye_workflow/work/68/5f34ea6106bc171bfb7a70c826ef95/sHF171_40k_50k.assembly/00-assembly/draft_assembly.fasta --config /home/charliew/.conda/envs/flye_2.9.5/lib/python3.12/site-packages/flye/config/bin_cfg/asm_nano_hq.cfg --log /net/bmc-lab3/data/bcc/charliew/ont_flye/ont_flye_workflow/work/68/5f34ea6106bc171bfb7a70c826ef95/sHF171_40k_50k.assembly/flye.log --threads 24 --genome-size 10000000 --min-ovlp 10000
[2025-07-14 05:26:16] DEBUG: Build date: Aug 30 2024 21:28:54
[2025-07-14 05:26:16] DEBUG: Total RAM: 376 Gb
[2025-07-14 05:26:16] DEBUG: Available RAM: 370 Gb
[2025-07-14 05:26:16] DEBUG: Total CPUs: 96
[2025-07-14 05:26:16] DEBUG: Loading /home/charliew/.conda/envs/flye_2.9.5/lib/python3.12/site-packages/flye/config/bin_cfg/asm_nano_hq.cfg
[2025-07-14 05:26:16] DEBUG: Loading /home/charliew/.conda/envs/flye_2.9.5/lib/python3.12/site-packages/flye/config/bin_cfg/asm_defaults.cfg
[2025-07-14 05:26:16] DEBUG: 	big_genome_threshold=29000000
[2025-07-14 05:26:16] DEBUG: 	meta_read_filter_kmer_freq=100
[2025-07-14 05:26:16] DEBUG: 	chain_large_gap_penalty=2
[2025-07-14 05:26:16] DEBUG: 	chain_small_gap_penalty=0.5
[2025-07-14 05:26:16] DEBUG: 	chain_gap_jump_threshold=100
[2025-07-14 05:26:16] DEBUG: 	max_jump_gap=500
[2025-07-14 05:26:16] DEBUG: 	max_coverage_drop_rate=5
[2025-07-14 05:26:16] DEBUG: 	max_extensions_drop_rate=5
[2025-07-14 05:26:16] DEBUG: 	chimera_window=100
[2025-07-14 05:26:16] DEBUG: 	chimera_overhang=1000
[2025-07-14 05:26:16] DEBUG: 	min_reads_in_disjointig=4
[2025-07-14 05:26:16] DEBUG: 	max_inner_reads=10
[2025-07-14 05:26:16] DEBUG: 	max_inner_fraction=0.25
[2025-07-14 05:26:16] DEBUG: 	aggressive_dup_filter=1
[2025-07-14 05:26:16] DEBUG: 	max_separation=500
[2025-07-14 05:26:16] DEBUG: 	unique_edge_length=50000
[2025-07-14 05:26:16] DEBUG: 	min_repeat_res_support=0.51
[2025-07-14 05:26:16] DEBUG: 	out_paths_ratio=5
[2025-07-14 05:26:16] DEBUG: 	graph_cov_drop_rate=5
[2025-07-14 05:26:16] DEBUG: 	coverage_estimate_window=100
[2025-07-14 05:26:16] DEBUG: 	max_bubble_length=50000
[2025-07-14 05:26:16] DEBUG: 	loop_coverage_rate=1.5
[2025-07-14 05:26:16] DEBUG: 	repeat_edge_cov_mult=1.75
[2025-07-14 05:26:16] DEBUG: 	weak_detach_rate=5
[2025-07-14 05:26:16] DEBUG: 	tip_coverage_rate=2
[2025-07-14 05:26:16] DEBUG: 	tip_length_rate=2
[2025-07-14 05:26:16] DEBUG: 	output_gfa_before_rr=1
[2025-07-14 05:26:16] DEBUG: 	remove_alt_edges=0
[2025-07-14 05:26:16] DEBUG: 	low_cutoff_warning=0
[2025-07-14 05:26:16] DEBUG: 	kmer_size=17
[2025-07-14 05:26:16] DEBUG: 	use_minimizers=1
[2025-07-14 05:26:16] DEBUG: 	minimizer_window=10
[2025-07-14 05:26:16] DEBUG: 	reads_base_alignment=1
[2025-07-14 05:26:16] DEBUG: 	meta_read_top_kmer_rate=0.75
[2025-07-14 05:26:16] DEBUG: 	maximum_jump=1500
[2025-07-14 05:26:16] DEBUG: 	maximum_overhang=1500
[2025-07-14 05:26:16] DEBUG: 	repeat_kmer_rate=100
[2025-07-14 05:26:16] DEBUG: 	assemble_ovlp_divergence=0.05
[2025-07-14 05:26:16] DEBUG: 	assemble_divergence_relative=1
[2025-07-14 05:26:16] DEBUG: 	repeat_graph_ovlp_divergence=0.05
[2025-07-14 05:26:16] DEBUG: 	read_align_ovlp_divergence=0.10
[2025-07-14 05:26:16] DEBUG: 	hpc_scoring_on=1
[2025-07-14 05:26:16] DEBUG: 	add_unassembled_reads=0
[2025-07-14 05:26:16] DEBUG: 	extend_contigs_with_repeats=0
[2025-07-14 05:26:16] DEBUG: 	min_read_cov_cutoff=3
[2025-07-14 05:26:16] DEBUG: 	short_tip_length=20000
[2025-07-14 05:26:16] DEBUG: 	long_tip_length=100000
[2025-07-14 05:26:16] DEBUG: Running with k-mer size: 17
[2025-07-14 05:26:16] DEBUG: Running with minimum overlap 10000
[2025-07-14 05:26:16] DEBUG: Metagenome mode: N
[2025-07-14 05:26:16] DEBUG: Short mode: N
[2025-07-14 05:26:16] INFO: Reading sequences
[2025-07-14 05:26:19] DEBUG: Building positional index
[2025-07-14 05:26:19] DEBUG: Total sequence: 909975345 bp
[2025-07-14 05:26:19] INFO: Building minimizer index
[2025-07-14 05:26:19] INFO: Pre-calculating index storage
[2025-07-14 05:26:25] DEBUG: Mean k-mer frequency: 7.19588
[2025-07-14 05:26:25] DEBUG: Repetitive k-mer frequency: 719
[2025-07-14 05:26:25] DEBUG: Filtered 25885377 repetitive k-mers (0.1568)
[2025-07-14 05:26:26] INFO: Filling index
[2025-07-14 05:26:31] DEBUG: Sorting k-mer index
[2025-07-14 05:26:32] DEBUG: Selected k-mers: 22933908
[2025-07-14 05:26:32] DEBUG: K-mer index size: 139199723
[2025-07-14 05:26:32] DEBUG: Mean k-mer frequency: 6.0696
[2025-07-14 05:26:32] DEBUG: Minimizer rate: 6.53719
[2025-07-14 05:26:32] DEBUG: Peak RAM usage: 1 Gb
[2025-07-14 05:26:32] DEBUG: Estimating k-mer identity bias
[2025-07-14 05:27:11] DEBUG: Initial divergence estimate : 0.0339511
[2025-07-14 05:27:11] DEBUG: Relative threshold: Y
[2025-07-14 05:27:11] DEBUG: Max divergence threshold set to 0.0839511
[2025-07-14 05:27:11] INFO: Extending reads
[2025-07-14 05:27:11] DEBUG: Estimating overlap coverage
[2025-07-14 05:35:33] INFO: Overlap-based coverage: 68
[2025-07-14 05:35:33] INFO: Median overlap divergence: 0.0323434
[2025-07-14 05:35:33] DEBUG: Sequence divergence distribution: 

    |    *           |                                                                                   
    |    *           |                                                                                   
    |    **          |                                                                                   
    |    **          |                                                                                   
    |    **          |                                                                                   
    |    **          |                                                                                   
    |    **          |                                                                                   
    |    **          |                                                                                   
    |    ***         |                                                                                   
    |    ***         |                                                                                   
    |    ***         |                                                                                   
    |   ****         |                                                                                   
    |   ****         |                                                                                   
    |   *****        |                                                                                   
    |   *****        |                                                                                   
    |   ******       |                                                                                   
    |   *******   *  |                                                                                   
    |   ***************                                                                                  
    |   ********************                                                                             
    |*********************************** ****** *      **                                                
    ----------------------------------------------------------------------------------------------------
    0%        5%        10%       15%       20%       25%       30%       35%       40%       45%       

    Q25 = 0.024, Q50 = 0.032, Q75 = 0.061

[2025-07-14 05:35:42] DEBUG: Assembled disjointig 1
	With 11 reads
	Start read: +4221e385-8761-4d1b-ae4a-589bef941b9b
	At position: 6
	leftTip: 0 rightTip: 0
	Suspicious: 0
	Short ext: 0
	Mean extensions: 72
	Avg overlap len: 44836
	Min overlap len: 39867
	Inner reads: 0
	Length: 69121
[2025-07-14 05:35:42] DEBUG: Inner: 188 covered: 448 total: 41106
[2025-07-14 05:35:42] DEBUG: Discarded disjointig with 8 reads and 6 inner overlaps
[2025-07-14 05:37:20] DEBUG: Assembled disjointig 2
	With 546 reads
	Start read: +1600b4b6-6e44-48be-bbe5-950c1859d1b2
	At position: 41
	leftTip: 0 rightTip: 0
	Suspicious: 0
	Short ext: 0
	Mean extensions: 66
	Avg overlap len: 44112
	Min overlap len: 35632
	Inner reads: 0
	Length: 1955049
[2025-07-14 05:37:20] DEBUG: Inner: 5822 covered: 6950 total: 41106
[2025-07-14 05:37:20] DEBUG: Discarded disjointig with 409 reads and 407 inner overlaps
[2025-07-14 05:37:20] DEBUG: Discarded disjointig with 412 reads and 410 inner overlaps
[2025-07-14 05:37:21] DEBUG: Discarded disjointig with 322 reads and 320 inner overlaps
[2025-07-14 05:37:21] DEBUG: Assembled disjointig 3
	With 665 reads
	Start read: +cd5d22bc-c730-48cd-895b-4e88b3f19f2f
	At position: 171
	leftTip: 1 rightTip: 1
	Suspicious: 2
	Short ext: 0
	Mean extensions: 66
	Avg overlap len: 44114
	Min overlap len: 36654
	Inner reads: 0
	Length: 2391226
[2025-07-14 05:37:21] DEBUG: Inner: 12888 covered: 15134 total: 41106
[2025-07-14 05:37:21] DEBUG: Discarded disjointig with 308 reads and 306 inner overlaps
[2025-07-14 05:37:21] DEBUG: Discarded disjointig with 591 reads and 589 inner overlaps
[2025-07-14 05:37:21] DEBUG: Discarded disjointig with 452 reads and 450 inner overlaps
[2025-07-14 05:37:22] DEBUG: Discarded disjointig with 452 reads and 450 inner overlaps
[2025-07-14 05:37:26] DEBUG: Assembled disjointig 4
	With 805 reads
	Start read: +bea2bd92-c836-4beb-ac28-ede5822c2f61
	At position: 719
	leftTip: 0 rightTip: 1
	Suspicious: 1
	Short ext: 0
	Mean extensions: 66
	Avg overlap len: 44196
	Min overlap len: 36837
	Inner reads: 0
	Length: 2927455
[2025-07-14 05:37:26] DEBUG: Inner: 21598 covered: 25132 total: 41106
[2025-07-14 05:37:26] DEBUG: Discarded disjointig with 418 reads and 416 inner overlaps
[2025-07-14 05:37:26] DEBUG: Discarded disjointig with 17 reads and 15 inner overlaps
[2025-07-14 05:37:26] DEBUG: Discarded disjointig with 139 reads and 137 inner overlaps
[2025-07-14 05:37:26] DEBUG: Discarded disjointig with 640 reads and 638 inner overlaps
[2025-07-14 05:37:27] DEBUG: Discarded disjointig with 28 reads and 26 inner overlaps
[2025-07-14 05:37:27] DEBUG: Discarded disjointig with 427 reads and 425 inner overlaps
[2025-07-14 05:37:27] DEBUG: Discarded disjointig with 230 reads and 228 inner overlaps
[2025-07-14 05:37:27] DEBUG: Discarded disjointig with 310 reads and 308 inner overlaps
[2025-07-14 05:37:27] DEBUG: Discarded disjointig with 21 reads and 19 inner overlaps
[2025-07-14 05:37:27] DEBUG: Discarded disjointig with 272 reads and 270 inner overlaps
[2025-07-14 05:38:16] DEBUG: Assembled disjointig 5
	With 670 reads
	Start read: +cefd0839-fc47-4d09-b591-838ffc8992c1
	At position: 463
	leftTip: 0 rightTip: 0
	Suspicious: 2
	Short ext: 0
	Mean extensions: 69
	Avg overlap len: 44373
	Min overlap len: 16618
	Inner reads: 0
	Length: 2352561
[2025-07-14 05:38:16] DEBUG: Inner: 28692 covered: 33136 total: 41106
[2025-07-14 05:38:16] DEBUG: Discarded disjointig with 655 reads and 653 inner overlaps
[2025-07-14 05:38:16] DEBUG: Discarded disjointig with 669 reads and 667 inner overlaps
[2025-07-14 05:38:16] DEBUG: Discarded disjointig with 660 reads and 658 inner overlaps
[2025-07-14 05:38:16] DEBUG: Discarded disjointig with 658 reads and 656 inner overlaps
[2025-07-14 05:38:16] DEBUG: Discarded disjointig with 655 reads and 653 inner overlaps
[2025-07-14 05:38:16] DEBUG: Discarded disjointig with 378 reads and 376 inner overlaps
[2025-07-14 05:38:16] DEBUG: Discarded disjointig with 657 reads and 655 inner overlaps
[2025-07-14 05:38:16] DEBUG: Discarded disjointig with 377 reads and 375 inner overlaps
[2025-07-14 05:38:16] DEBUG: Discarded disjointig with 408 reads and 406 inner overlaps
[2025-07-14 05:38:16] DEBUG: Discarded disjointig with 652 reads and 650 inner overlaps
[2025-07-14 05:38:16] DEBUG: Discarded disjointig with 660 reads and 658 inner overlaps
[2025-07-14 05:38:16] DEBUG: Discarded disjointig with 329 reads and 327 inner overlaps
[2025-07-14 05:38:16] DEBUG: Discarded disjointig with 479 reads and 477 inner overlaps
[2025-07-14 05:38:16] DEBUG: Discarded disjointig with 320 reads and 318 inner overlaps
[2025-07-14 05:38:16] DEBUG: Discarded disjointig with 666 reads and 664 inner overlaps
[2025-07-14 05:38:16] DEBUG: Discarded disjointig with 410 reads and 408 inner overlaps
[2025-07-14 05:38:16] DEBUG: Discarded disjointig with 672 reads and 670 inner overlaps
[2025-07-14 05:38:16] DEBUG: Discarded disjointig with 96 reads and 94 inner overlaps
[2025-07-14 05:38:16] DEBUG: Discarded disjointig with 349 reads and 347 inner overlaps
[2025-07-14 05:38:16] DEBUG: Discarded disjointig with 664 reads and 662 inner overlaps
[2025-07-14 05:38:16] DEBUG: Discarded disjointig with 491 reads and 489 inner overlaps
[2025-07-14 05:38:16] DEBUG: Discarded disjointig with 292 reads and 290 inner overlaps
[2025-07-14 05:38:17] DEBUG: Discarded disjointig with 596 reads and 594 inner overlaps
[2025-07-14 07:04:06] DEBUG: Assembled disjointig 6
	With 10 reads
	Start read: +4bc995de-1e08-46d2-a5c2-9a2bdc83eaa1
	At position: 5
	leftTip: 0 rightTip: 0
	Suspicious: 5
	Short ext: 0
	Mean extensions: 176
	Avg overlap len: 24933
	Min overlap len: 14230
	Inner reads: 0
	Length: 182449
[2025-07-14 07:04:06] DEBUG: Inner: 28720 covered: 41106 total: 41106
[2025-07-14 07:09:47] DEBUG: Discarded disjointig with 8 reads and 4 inner overlaps
[2025-07-14 07:20:38] DEBUG: Discarded disjointig with 8 reads and 3 inner overlaps
[2025-07-14 07:20:38] INFO: Assembled 6 disjointigs
[2025-07-14 07:20:38] INFO: Generating sequence
[2025-07-14 07:20:39] DEBUG: Building positional index
[2025-07-14 07:20:39] DEBUG: Total sequence: 9843303 bp
[2025-07-14 07:20:40] DEBUG: Mean k-mer frequency: 1.04356
[2025-07-14 07:20:40] DEBUG: Repetitive k-mer frequency: 104
[2025-07-14 07:20:40] DEBUG: Filtered 0 repetitive k-mers (0)
[2025-07-14 07:20:40] DEBUG: Sorting k-mer index
[2025-07-14 07:20:40] DEBUG: Selected k-mers: 1715542
[2025-07-14 07:20:40] DEBUG: K-mer index size: 1790272
[2025-07-14 07:20:40] DEBUG: Mean k-mer frequency: 1.04356
[2025-07-14 07:20:40] DEBUG: Minimizer rate: 5.49822
[2025-07-14 07:20:40] INFO: Filtering contained disjointigs
[2025-07-14 07:20:41] DEBUG: Computing transitive closure for overlaps
[2025-07-14 07:20:41] DEBUG: Found 24 overlaps
[2025-07-14 07:20:41] DEBUG: Left 12 overlaps after filtering
[2025-07-14 07:20:41] INFO: Contained seqs: 0
[2025-07-14 07:20:41] DEBUG: Writing FASTA
[2025-07-14 07:20:41] DEBUG: Peak RAM usage: 3 Gb
-----------End assembly log------------
[2025-07-14 07:20:42] root: DEBUG: Disjointigs length: 9843303, N50: 2391060
[2025-07-14 07:20:42] root: INFO: >>>STAGE: consensus
[2025-07-14 07:20:42] root: INFO: Running Minimap2
[2025-07-14 07:21:34] root: INFO: Computing consensus
[2025-07-14 07:22:53] root: INFO: Alignment error rate: 0.055228
[2025-07-14 07:22:53] root: INFO: >>>STAGE: repeat
[2025-07-14 07:22:53] root: INFO: Building and resolving repeat graph
[2025-07-14 07:22:53] root: DEBUG: -----Begin repeat analyser log------
[2025-07-14 07:22:53] root: DEBUG: Running: flye-modules repeat --disjointigs /net/bmc-lab3/data/bcc/charliew/ont_flye/ont_flye_workflow/work/68/5f34ea6106bc171bfb7a70c826ef95/sHF171_40k_50k.assembly/10-consensus/consensus.fasta --reads /net/bmc-lab3/data/bcc/charliew/ont_flye/ont_flye_workflow/work/68/5f34ea6106bc171bfb7a70c826ef95/sHF171_40k_50k.fastq --out-dir /net/bmc-lab3/data/bcc/charliew/ont_flye/ont_flye_workflow/work/68/5f34ea6106bc171bfb7a70c826ef95/sHF171_40k_50k.assembly/20-repeat --config /home/charliew/.conda/envs/flye_2.9.5/lib/python3.12/site-packages/flye/config/bin_cfg/asm_nano_hq.cfg --log /net/bmc-lab3/data/bcc/charliew/ont_flye/ont_flye_workflow/work/68/5f34ea6106bc171bfb7a70c826ef95/sHF171_40k_50k.assembly/flye.log --threads 24 --min-ovlp 10000
[2025-07-14 07:22:53] DEBUG: Build date: Aug 30 2024 21:29:19
[2025-07-14 07:22:53] DEBUG: Total RAM: 376 Gb
[2025-07-14 07:22:53] DEBUG: Available RAM: 349 Gb
[2025-07-14 07:22:53] DEBUG: Total CPUs: 96
[2025-07-14 07:22:53] DEBUG: Loading /home/charliew/.conda/envs/flye_2.9.5/lib/python3.12/site-packages/flye/config/bin_cfg/asm_nano_hq.cfg
[2025-07-14 07:22:53] DEBUG: Loading /home/charliew/.conda/envs/flye_2.9.5/lib/python3.12/site-packages/flye/config/bin_cfg/asm_defaults.cfg
[2025-07-14 07:22:53] DEBUG: 	big_genome_threshold=29000000
[2025-07-14 07:22:53] DEBUG: 	meta_read_filter_kmer_freq=100
[2025-07-14 07:22:53] DEBUG: 	chain_large_gap_penalty=2
[2025-07-14 07:22:53] DEBUG: 	chain_small_gap_penalty=0.5
[2025-07-14 07:22:53] DEBUG: 	chain_gap_jump_threshold=100
[2025-07-14 07:22:53] DEBUG: 	max_jump_gap=500
[2025-07-14 07:22:53] DEBUG: 	max_coverage_drop_rate=5
[2025-07-14 07:22:53] DEBUG: 	max_extensions_drop_rate=5
[2025-07-14 07:22:53] DEBUG: 	chimera_window=100
[2025-07-14 07:22:53] DEBUG: 	chimera_overhang=1000
[2025-07-14 07:22:53] DEBUG: 	min_reads_in_disjointig=4
[2025-07-14 07:22:53] DEBUG: 	max_inner_reads=10
[2025-07-14 07:22:53] DEBUG: 	max_inner_fraction=0.25
[2025-07-14 07:22:53] DEBUG: 	aggressive_dup_filter=1
[2025-07-14 07:22:53] DEBUG: 	max_separation=500
[2025-07-14 07:22:53] DEBUG: 	unique_edge_length=50000
[2025-07-14 07:22:53] DEBUG: 	min_repeat_res_support=0.51
[2025-07-14 07:22:53] DEBUG: 	out_paths_ratio=5
[2025-07-14 07:22:53] DEBUG: 	graph_cov_drop_rate=5
[2025-07-14 07:22:53] DEBUG: 	coverage_estimate_window=100
[2025-07-14 07:22:53] DEBUG: 	max_bubble_length=50000
[2025-07-14 07:22:53] DEBUG: 	loop_coverage_rate=1.5
[2025-07-14 07:22:53] DEBUG: 	repeat_edge_cov_mult=1.75
[2025-07-14 07:22:53] DEBUG: 	weak_detach_rate=5
[2025-07-14 07:22:53] DEBUG: 	tip_coverage_rate=2
[2025-07-14 07:22:53] DEBUG: 	tip_length_rate=2
[2025-07-14 07:22:53] DEBUG: 	output_gfa_before_rr=1
[2025-07-14 07:22:53] DEBUG: 	remove_alt_edges=0
[2025-07-14 07:22:53] DEBUG: 	low_cutoff_warning=0
[2025-07-14 07:22:53] DEBUG: 	kmer_size=17
[2025-07-14 07:22:53] DEBUG: 	use_minimizers=1
[2025-07-14 07:22:53] DEBUG: 	minimizer_window=10
[2025-07-14 07:22:53] DEBUG: 	reads_base_alignment=1
[2025-07-14 07:22:53] DEBUG: 	meta_read_top_kmer_rate=0.75
[2025-07-14 07:22:53] DEBUG: 	maximum_jump=1500
[2025-07-14 07:22:53] DEBUG: 	maximum_overhang=1500
[2025-07-14 07:22:53] DEBUG: 	repeat_kmer_rate=100
[2025-07-14 07:22:53] DEBUG: 	assemble_ovlp_divergence=0.05
[2025-07-14 07:22:53] DEBUG: 	assemble_divergence_relative=1
[2025-07-14 07:22:53] DEBUG: 	repeat_graph_ovlp_divergence=0.05
[2025-07-14 07:22:53] DEBUG: 	read_align_ovlp_divergence=0.10
[2025-07-14 07:22:53] DEBUG: 	hpc_scoring_on=1
[2025-07-14 07:22:53] DEBUG: 	add_unassembled_reads=0
[2025-07-14 07:22:53] DEBUG: 	extend_contigs_with_repeats=0
[2025-07-14 07:22:53] DEBUG: 	min_read_cov_cutoff=3
[2025-07-14 07:22:53] DEBUG: 	short_tip_length=20000
[2025-07-14 07:22:53] DEBUG: 	long_tip_length=100000
[2025-07-14 07:22:53] DEBUG: Running with k-mer size: 17
[2025-07-14 07:22:53] DEBUG: Selected minimum overlap 10000
[2025-07-14 07:22:53] DEBUG: Metagenome mode: N
[2025-07-14 07:22:53] INFO: Parsing disjointigs
[2025-07-14 07:22:53] DEBUG: Building positional index
[2025-07-14 07:22:53] DEBUG: Total sequence: 9838662 bp
[2025-07-14 07:22:53] INFO: Building repeat graph
[2025-07-14 07:22:53] DEBUG: Mean k-mer frequency: 1.05157
[2025-07-14 07:22:53] DEBUG: Repetitive k-mer frequency: 105
[2025-07-14 07:22:53] DEBUG: Filtered 0 repetitive k-mers (0)
[2025-07-14 07:22:54] DEBUG: Sorting k-mer index
[2025-07-14 07:22:54] DEBUG: Selected k-mers: 1701191
[2025-07-14 07:22:54] DEBUG: K-mer index size: 1788925
[2025-07-14 07:22:54] DEBUG: Mean k-mer frequency: 1.05157
[2025-07-14 07:22:54] DEBUG: Minimizer rate: 5.49976
[2025-07-14 07:22:56] DEBUG: Computing transitive closure for overlaps
[2025-07-14 07:22:56] DEBUG: Found 286 overlaps
[2025-07-14 07:22:56] DEBUG: Left 96 overlaps after filtering
[2025-07-14 07:22:56] INFO: Median overlap divergence: 0.0243411
[2025-07-14 07:22:56] DEBUG: Sequence divergence distribution: 

    |**        |                                                                                         
    |**        |                                                                                         
    |**        |                                                                                         
    |**        |                                                                                         
    |**        |                                                                                         
    |**        |                                                                                         
    |**        |                                                                                         
    |**        |                                                                                         
    |**        *                                                                                         
    |**        *                                                                                         
    |**        *                                                                                         
    |**        *                                                                                         
    |**  *     *                                                                                         
    |**  *     *                                                                                         
    |**  *     *                                                                                         
    |**  *     *                                                                                         
    |**  *  * **  ***    **   *                                                                          
    |**  *  * **  ***    **   *                                                                          
    |**  *  * **  ***    **   *                                                                          
    |**  *  * **  ***    **   *                                                                          
    ----------------------------------------------------------------------------------------------------
    0%        5%        10%       15%       20%       25%       30%       35%       40%       45%       

    Q25 = 0.0062, Q50 = 0.024, Q75 = 0.066

[2025-07-14 07:22:56] DEBUG: Computing gluepoints
[2025-07-14 07:22:56] DEBUG: Added 30 gluepoint projections
[2025-07-14 07:22:56] DEBUG: Added 3 gluepoint projections
[2025-07-14 07:22:56] DEBUG: Added 0 gluepoint projections
[2025-07-14 07:22:56] DEBUG: Created 334 gluepoints
[2025-07-14 07:22:56] DEBUG: Artificial loops removed: 0 left, 0 right, 0 both
[2025-07-14 07:22:56] DEBUG: Initializing edges
[2025-07-14 07:22:56] DEBUG: Edges length checksum: 18446744073259107369
[2025-07-14 07:22:56] DEBUG: Filtered 0 singleton segments
[2025-07-14 07:22:56] DEBUG: Removed 0 simple and 0 double chimeric junctions
[2025-07-14 07:22:56] DEBUG: Collapsed 4 edges
[2025-07-14 07:22:56] DEBUG: *	1	+disjointig_1	0	10683	10683	
[2025-07-14 07:22:56] DEBUG:  	2	+disjointig_1	10683	11776	1093	
[2025-07-14 07:22:56] DEBUG:  	4	+disjointig_1	11776	12651	875	
[2025-07-14 07:22:56] DEBUG:  	-23	+disjointig_1	12651	17679	5028	
[2025-07-14 07:22:56] DEBUG:  	2	+disjointig_1	17679	18759	1080	
[2025-07-14 07:22:56] DEBUG:  	4	+disjointig_1	18759	19623	864	
[2025-07-14 07:22:56] DEBUG:  	-23	+disjointig_1	19623	24609	4986	
[2025-07-14 07:22:56] DEBUG:  	2	+disjointig_1	24609	25718	1109	
[2025-07-14 07:22:56] DEBUG:  	4	+disjointig_1	25718	26576	858	
[2025-07-14 07:22:56] DEBUG:  	-23	+disjointig_1	26576	31584	5008	
[2025-07-14 07:22:56] DEBUG:  	2	+disjointig_1	31584	32690	1106	
[2025-07-14 07:22:56] DEBUG:  	4	+disjointig_1	32690	33529	839	
[2025-07-14 07:22:56] DEBUG:  	-23	+disjointig_1	33529	38546	5017	
[2025-07-14 07:22:56] DEBUG:  	2	+disjointig_1	38546	39642	1096	
[2025-07-14 07:22:56] DEBUG:  	4	+disjointig_1	39642	40254	612	
[2025-07-14 07:22:56] DEBUG:  	-23	+disjointig_1	40254	45516	5262	
[2025-07-14 07:22:56] DEBUG:  	2	+disjointig_1	45516	46607	1091	
[2025-07-14 07:22:56] DEBUG:  	4	+disjointig_1	46607	47198	591	
[2025-07-14 07:22:56] DEBUG:  	-23	+disjointig_1	47198	52495	5297	
[2025-07-14 07:22:56] DEBUG:  	2	+disjointig_1	52495	53580	1085	
[2025-07-14 07:22:56] DEBUG:  	4	+disjointig_1	53580	54165	585	
[2025-07-14 07:22:56] DEBUG:  	-23	+disjointig_1	54165	59964	5799	
[2025-07-14 07:22:56] DEBUG:  	-23	+disjointig_2	0	4988	4988	
[2025-07-14 07:22:56] DEBUG:  	2	+disjointig_2	4988	6079	1091	
[2025-07-14 07:22:56] DEBUG:  	4	+disjointig_2	6079	7030	951	
[2025-07-14 07:22:56] DEBUG:  	-23	+disjointig_2	7030	12019	4989	
[2025-07-14 07:22:56] DEBUG:  	2	+disjointig_2	12019	13105	1086	
[2025-07-14 07:22:56] DEBUG:  	4	+disjointig_2	13105	14053	948	
[2025-07-14 07:22:56] DEBUG:  	-23	+disjointig_2	14053	19038	4985	
[2025-07-14 07:22:56] DEBUG:  	2	+disjointig_2	19038	20129	1091	
[2025-07-14 07:22:56] DEBUG:  	4	+disjointig_2	20129	20794	665	
[2025-07-14 07:22:56] DEBUG:  	-23	+disjointig_2	20794	26072	5278	
[2025-07-14 07:22:56] DEBUG:  	2	+disjointig_2	26072	27163	1091	
[2025-07-14 07:22:56] DEBUG:  	4	+disjointig_2	27163	28114	951	
[2025-07-14 07:22:56] DEBUG:  	-23	+disjointig_2	28114	33106	4992	
[2025-07-14 07:22:56] DEBUG:  	2	+disjointig_2	33106	34190	1084	
[2025-07-14 07:22:56] DEBUG:  	4	+disjointig_2	34190	34858	668	
[2025-07-14 07:22:56] DEBUG:  	-23	+disjointig_2	34858	40598	5740	
[2025-07-14 07:22:56] DEBUG:  	2	+disjointig_2	40598	41224	626	
[2025-07-14 07:22:56] DEBUG:  	4	+disjointig_2	41224	41892	668	
[2025-07-14 07:22:56] DEBUG:  	6	+disjointig_2	41892	44050	2158	
[2025-07-14 07:22:56] DEBUG: *	9	+disjointig_2	44050	1625388	1581338	
[2025-07-14 07:22:56] DEBUG:  	11	+disjointig_2	1625388	1633494	8106	
[2025-07-14 07:22:56] DEBUG:  	-12	+disjointig_2	1633494	1646904	13410	
[2025-07-14 07:22:56] DEBUG:  	11	+disjointig_2	1646904	1655009	8105	
[2025-07-14 07:22:56] DEBUG:  	-12	+disjointig_2	1655009	1668418	13409	
[2025-07-14 07:22:56] DEBUG:  	11	+disjointig_2	1668418	1676524	8106	
[2025-07-14 07:22:56] DEBUG: *	25	+disjointig_2	1676524	1773758	97234	
[2025-07-14 07:22:56] DEBUG: *	15	+disjointig_2	1773758	1911733	137975	
[2025-07-14 07:22:56] DEBUG: *	16	+disjointig_3	0	2396352	2396352	
[2025-07-14 07:22:56] DEBUG:  	2	+disjointig_4	2374	3476	1102	
[2025-07-14 07:22:56] DEBUG:  	4	+disjointig_4	3476	4352	876	
[2025-07-14 07:22:56] DEBUG:  	-23	+disjointig_4	4352	9426	5074	
[2025-07-14 07:22:56] DEBUG:  	2	+disjointig_4	9426	10527	1101	
[2025-07-14 07:22:56] DEBUG:  	4	+disjointig_4	10527	11404	877	
[2025-07-14 07:22:56] DEBUG:  	-23	+disjointig_4	11404	16476	5072	
[2025-07-14 07:22:56] DEBUG:  	2	+disjointig_4	16476	17577	1101	
[2025-07-14 07:22:56] DEBUG:  	4	+disjointig_4	17577	18454	877	
[2025-07-14 07:22:56] DEBUG:  	-23	+disjointig_4	18454	23528	5074	
[2025-07-14 07:22:56] DEBUG:  	2	+disjointig_4	23528	24630	1102	
[2025-07-14 07:22:56] DEBUG:  	4	+disjointig_4	24630	25241	611	
[2025-07-14 07:22:56] DEBUG:  	-23	+disjointig_4	25241	30580	5339	
[2025-07-14 07:22:56] DEBUG:  	2	+disjointig_4	30580	31682	1102	
[2025-07-14 07:22:56] DEBUG:  	4	+disjointig_4	31682	32289	607	
[2025-07-14 07:22:56] DEBUG:  	-23	+disjointig_4	32289	37631	5342	
[2025-07-14 07:22:56] DEBUG:  	2	+disjointig_4	37631	38733	1102	
[2025-07-14 07:22:56] DEBUG:  	4	+disjointig_4	38733	39340	607	
[2025-07-14 07:22:56] DEBUG:  	-23	+disjointig_4	39340	45141	5801	
[2025-07-14 07:22:56] DEBUG:  	2	+disjointig_4	45141	45776	635	
[2025-07-14 07:22:56] DEBUG:  	4	+disjointig_4	45776	46392	616	
[2025-07-14 07:22:56] DEBUG:  	6	+disjointig_4	46392	48401	2009	
[2025-07-14 07:22:56] DEBUG: *	10	+disjointig_4	48401	2933022	2884621	
[2025-07-14 07:22:56] DEBUG:  	2	+disjointig_5	3030	4110	1080	
[2025-07-14 07:22:56] DEBUG:  	4	+disjointig_5	4110	5069	959	
[2025-07-14 07:22:56] DEBUG:  	-23	+disjointig_5	5069	10048	4979	
[2025-07-14 07:22:56] DEBUG:  	2	+disjointig_5	10048	11136	1088	
[2025-07-14 07:22:56] DEBUG:  	4	+disjointig_5	11136	12088	952	
[2025-07-14 07:22:56] DEBUG:  	-23	+disjointig_5	12088	17077	4989	
[2025-07-14 07:22:56] DEBUG:  	2	+disjointig_5	17077	18167	1090	
[2025-07-14 07:22:56] DEBUG:  	4	+disjointig_5	18167	18833	666	
[2025-07-14 07:22:56] DEBUG:  	-23	+disjointig_5	18833	24111	5278	
[2025-07-14 07:22:56] DEBUG:  	2	+disjointig_5	24111	25198	1087	
[2025-07-14 07:22:56] DEBUG:  	4	+disjointig_5	25198	25863	665	
[2025-07-14 07:22:56] DEBUG:  	-23	+disjointig_5	25863	31589	5726	
[2025-07-14 07:22:56] DEBUG:  	2	+disjointig_5	31589	32215	626	
[2025-07-14 07:22:56] DEBUG:  	4	+disjointig_5	32215	32883	668	
[2025-07-14 07:22:56] DEBUG:  	-23	+disjointig_5	32883	38637	5754	
[2025-07-14 07:22:56] DEBUG:  	2	+disjointig_5	38637	39270	633	
[2025-07-14 07:22:56] DEBUG:  	4	+disjointig_5	39270	40891	1621	
[2025-07-14 07:22:56] DEBUG:  	-23	+disjointig_5	40891	46221	5330	
[2025-07-14 07:22:56] DEBUG:  	2	+disjointig_5	46221	47313	1092	
[2025-07-14 07:22:56] DEBUG:  	4	+disjointig_5	47313	48032	719	
[2025-07-14 07:22:56] DEBUG: *	24	+disjointig_5	48032	1108084	1060052	
[2025-07-14 07:22:56] DEBUG: *	18	+disjointig_5	1108084	2302785	1194701	
[2025-07-14 07:22:56] DEBUG:  	19	+disjointig_6	12	33773	33761	
[2025-07-14 07:22:56] DEBUG:  	20	+disjointig_6	33773	34706	933	
[2025-07-14 07:22:56] DEBUG: *	21	+disjointig_6	34706	35632	926	
[2025-07-14 07:22:56] DEBUG:  	19	+disjointig_6	35632	69433	33801	
[2025-07-14 07:22:56] DEBUG:  	20	+disjointig_6	69433	70588	1155	
[2025-07-14 07:22:56] DEBUG:  	-19	+disjointig_6	70588	104301	33713	
[2025-07-14 07:22:56] DEBUG: *	-22	+disjointig_6	104301	105219	918	
[2025-07-14 07:22:56] DEBUG:  	-20	+disjointig_6	105219	106153	934	
[2025-07-14 07:22:56] DEBUG:  	-19	+disjointig_6	106153	139981	33828	
[2025-07-14 07:22:56] DEBUG: Total edges: 25
[2025-07-14 07:22:56] INFO: Parsing reads
[2025-07-14 07:22:59] DEBUG: Building positional index
[2025-07-14 07:22:59] DEBUG: Total sequence: 909975345 bp
[2025-07-14 07:22:59] DEBUG: Building positional index
[2025-07-14 07:22:59] DEBUG: Total sequence: 9738421 bp
[2025-07-14 07:22:59] INFO: Aligning reads to the graph
[2025-07-14 07:22:59] DEBUG: Mean k-mer frequency: 1.04243
[2025-07-14 07:22:59] DEBUG: Repetitive k-mer frequency: 104
[2025-07-14 07:22:59] DEBUG: Filtered 0 repetitive k-mers (0)
[2025-07-14 07:23:00] DEBUG: Sorting k-mer index
[2025-07-14 07:23:00] DEBUG: Selected k-mers: 1698362
[2025-07-14 07:23:00] DEBUG: K-mer index size: 1770431
[2025-07-14 07:23:00] DEBUG: Mean k-mer frequency: 1.04243
[2025-07-14 07:23:00] DEBUG: Minimizer rate: 5.50059
[2025-07-14 07:23:23] DEBUG: Total reads : 20553
[2025-07-14 07:23:23] DEBUG: Read with aligned parts : 20545
[2025-07-14 07:23:23] DEBUG: Aligned in one piece : 16466
[2025-07-14 07:23:23] INFO: Aligned read sequence: 892584813 / 909975345 (0.980889)
[2025-07-14 07:23:23] INFO: Median overlap divergence: 0.0141809
[2025-07-14 07:23:23] DEBUG: Sequence divergence distribution: 

    |  *                 |                                                                               
    |  *                 |                                                                               
    |  *                 |                                                                               
    |  *                 |                                                                               
    |  *                 |                                                                               
    |  *                 |                                                                               
    |  *                 |                                                                               
    |  *                 |                                                                               
    | **                 |                                                                               
    | **                 |                                                                               
    | **                 |                                                                               
    | **                 |                                                                               
    | ***                |                                                                               
    | ***                |                                                                               
    | ***                |                                                                               
    | ***                |                                                                               
    | ****               |                                                                               
    | *****              |                                                                               
    | ***********        |                                                                               
    |************************************   *  * ** *                                                    
    ----------------------------------------------------------------------------------------------------
    0%        5%        10%       15%       20%       25%       30%       35%       40%       45%       

    Q25 = 0.011, Q50 = 0.014, Q75 = 0.027

[2025-07-14 07:23:23] INFO: Mean edge coverage: 94
[2025-07-14 07:23:23] DEBUG: 1	len:10683	cov:0	mult:0
[2025-07-14 07:23:23] DEBUG: -1	len:10683	cov:0	mult:0
[2025-07-14 07:23:23] DEBUG: 2	len:1024	cov:1172	mult:12.4681
[2025-07-14 07:23:23] DEBUG: -2	len:1024	cov:1172	mult:12.4681
[2025-07-14 07:23:23] DEBUG: 4	len:764	cov:1225	mult:13.0319
[2025-07-14 07:23:23] DEBUG: -4	len:764	cov:1225	mult:13.0319
[2025-07-14 07:23:23] DEBUG: 6	len:2083	cov:98	mult:1.04255
[2025-07-14 07:23:23] DEBUG: -6	len:2083	cov:98	mult:1.04255
[2025-07-14 07:23:23] DEBUG: 9	len:1581338	cov:76	mult:0.808511
[2025-07-14 07:23:23] DEBUG: -9	len:1581338	cov:76	mult:0.808511
[2025-07-14 07:23:23] DEBUG: 10	len:2884621	cov:76	mult:0.808511
[2025-07-14 07:23:23] DEBUG: -10	len:2884621	cov:76	mult:0.808511
[2025-07-14 07:23:23] DEBUG: 11	len:8105	cov:195	mult:2.07447
[2025-07-14 07:23:23] DEBUG: -11	len:8105	cov:195	mult:2.07447
[2025-07-14 07:23:23] DEBUG: 12	len:13409	cov:120	mult:1.2766
[2025-07-14 07:23:23] DEBUG: -12	len:13409	cov:120	mult:1.2766
[2025-07-14 07:23:23] DEBUG: 15	len:137975	cov:57	mult:0.606383
[2025-07-14 07:23:23] DEBUG: -15	len:137975	cov:57	mult:0.606383
[2025-07-14 07:23:23] DEBUG: 16	len:2396352	cov:76	mult:0.808511
[2025-07-14 07:23:23] DEBUG: -16	len:2396352	cov:76	mult:0.808511
[2025-07-14 07:23:23] DEBUG: 18	len:1194701	cov:76	mult:0.808511
[2025-07-14 07:23:23] DEBUG: -18	len:1194701	cov:76	mult:0.808511
[2025-07-14 07:23:23] DEBUG: 19	len:33775	cov:4710	mult:50.1064
[2025-07-14 07:23:23] DEBUG: -19	len:33775	cov:4710	mult:50.1064
[2025-07-14 07:23:23] DEBUG: 20	len:1007	cov:4609	mult:49.0319
[2025-07-14 07:23:23] DEBUG: -20	len:1007	cov:4609	mult:49.0319
[2025-07-14 07:23:23] DEBUG: 21	len:926	cov:3941	mult:41.9255
[2025-07-14 07:23:23] DEBUG: -21	len:926	cov:3941	mult:41.9255
[2025-07-14 07:23:23] DEBUG: 22	len:918	cov:674	mult:7.17021
[2025-07-14 07:23:23] DEBUG: -22	len:918	cov:674	mult:7.17021
[2025-07-14 07:23:23] DEBUG: 23	len:5245	cov:1078	mult:11.4681
[2025-07-14 07:23:23] DEBUG: -23	len:5245	cov:1078	mult:11.4681
[2025-07-14 07:23:23] DEBUG: 24	len:1060052	cov:81	mult:0.861702
[2025-07-14 07:23:23] DEBUG: -24	len:1060052	cov:81	mult:0.861702
[2025-07-14 07:23:23] DEBUG: 25	len:97234	cov:79	mult:0.840426
[2025-07-14 07:23:23] DEBUG: -25	len:97234	cov:79	mult:0.840426
[2025-07-14 07:23:23] DEBUG: Unique coverage threshold 141
[2025-07-14 07:23:23] INFO: Simplifying the graph
[2025-07-14 07:23:23] DEBUG: Read coverage cutoff: 19
[2025-07-14 07:23:23] DEBUG: [SIMPL] Removed 0 paths with low coverage
[2025-07-14 07:23:23] DEBUG: [SIMPL] Masked 0 heterozygous loops
[2025-07-14 07:23:23] DEBUG: [SIMPL] Masked 0 simple bubbles
[2025-07-14 07:23:23] DEBUG: Finding repeats
[2025-07-14 07:23:23] DEBUG: Read coverage cutoff: 19
[2025-07-14 07:23:23] DEBUG: Low-coverage: 1 0
[2025-07-14 07:23:23] DEBUG: High-cov: 2	1024	1172
[2025-07-14 07:23:23] DEBUG: High-cov: 4	764	1225
[2025-07-14 07:23:23] DEBUG: Short-loop: 4
[2025-07-14 07:23:23] DEBUG: High-cov: 11	8105	195
[2025-07-14 07:23:23] DEBUG: Tandem: 12
[2025-07-14 07:23:23] DEBUG: High-cov: 19	33775	4710
[2025-07-14 07:23:23] DEBUG: High-cov: 20	1007	4609
[2025-07-14 07:23:23] DEBUG: High-cov: 21	926	3941
[2025-07-14 07:23:23] DEBUG: High-cov: 22	918	674
[2025-07-14 07:23:23] DEBUG: High-cov: 23	5245	1078
[2025-07-14 07:23:23] DEBUG: Repeat detection iteration 1
[2025-07-14 07:23:23] DEBUG: Starting 6 aln:100
[2025-07-14 07:23:23] DEBUG: 	    T 10	num:49	flank:22339	span:7
[2025-07-14 07:23:23] DEBUG: 	      9	num:50	flank:23353	span:3
[2025-07-14 07:23:23] DEBUG: Mult: 6	2083	98	 (0,1)
[2025-07-14 07:23:23] DEBUG: Starting 25 aln:189
[2025-07-14 07:23:23] DEBUG: 	      -15	num:42	flank:20607	span:24
[2025-07-14 07:23:23] DEBUG: 	      15	num:81	flank:22664	span:7
[2025-07-14 07:23:23] DEBUG: Mult: 25	97234	79	 (0,1)
[2025-07-14 07:23:23] DEBUG: Writing Dot
[2025-07-14 07:23:23] DEBUG: Writing FASTA
[2025-07-14 07:23:23] DEBUG: Writing Gfa
[2025-07-14 07:23:23] DEBUG: [SIMPL] == Iteration 1 ==
[2025-07-14 07:23:23] DEBUG: Splitting nodes
[2025-07-14 07:23:23] DEBUG: [SIMPL] Split 0 nodes
[2025-07-14 07:23:23] DEBUG: Tip -1 len:10683 cov:0
[2025-07-14 07:23:23] DEBUG: [SIMPL] Clipped 1 short and 0 long tips
[2025-07-14 07:23:23] DEBUG: [SIMPL] Masked 0 heterozygous loops
[2025-07-14 07:23:23] DEBUG: [SIMPL] Masked 0 simple bubbles
[2025-07-14 07:23:23] DEBUG: Finding repeats
[2025-07-14 07:23:23] DEBUG: Read coverage cutoff: 19
[2025-07-14 07:23:23] DEBUG: Low-coverage: 1 0
[2025-07-14 07:23:23] DEBUG: High-cov: -23 -> 2	6269	1093
[2025-07-14 07:23:23] DEBUG: High-cov: 4	764	1225
[2025-07-14 07:23:23] DEBUG: Short-loop: 4
[2025-07-14 07:23:23] DEBUG: High-cov: 11	8105	195
[2025-07-14 07:23:23] DEBUG: Tandem: 12
[2025-07-14 07:23:23] DEBUG: High-cov: 19	33775	4710
[2025-07-14 07:23:23] DEBUG: High-cov: 20	1007	4609
[2025-07-14 07:23:23] DEBUG: High-cov: 21	926	3941
[2025-07-14 07:23:23] DEBUG: High-cov: 22	918	674
[2025-07-14 07:23:23] DEBUG: Repeat detection iteration 1
[2025-07-14 07:23:23] DEBUG: Starting 6 aln:100
[2025-07-14 07:23:23] DEBUG: 	    T 10	num:49	flank:22339	span:7
[2025-07-14 07:23:23] DEBUG: 	      9	num:50	flank:23353	span:3
[2025-07-14 07:23:23] DEBUG: Mult: 6	2083	98	 (0,1)
[2025-07-14 07:23:23] DEBUG: Starting 25 aln:189
[2025-07-14 07:23:23] DEBUG: 	      -15	num:42	flank:20607	span:24
[2025-07-14 07:23:23] DEBUG: 	      15	num:81	flank:22664	span:7
[2025-07-14 07:23:23] DEBUG: Mult: 25	97234	79	 (0,1)
[2025-07-14 07:23:23] DEBUG: Total unique edges: 6
[2025-07-14 07:23:23] DEBUG: 	Connection 24	18	73	0.993197
[2025-07-14 07:23:23] DEBUG: [SIMPL] Resolved repeats: 1
[2025-07-14 07:23:23] DEBUG: RR links: 148
[2025-07-14 07:23:23] DEBUG: Unresolved: 0
[2025-07-14 07:23:23] DEBUG: Removed 0 simple and 0 double chimeric junctions
[2025-07-14 07:23:23] DEBUG: [SIMPL] == Iteration 2 ==
[2025-07-14 07:23:23] DEBUG: Splitting nodes
[2025-07-14 07:23:23] DEBUG: [SIMPL] Split 0 nodes
[2025-07-14 07:23:23] DEBUG: [SIMPL] Clipped 0 short and 0 long tips
[2025-07-14 07:23:23] DEBUG: [SIMPL] Masked 0 heterozygous loops
[2025-07-14 07:23:23] DEBUG: [SIMPL] Masked 0 simple bubbles
[2025-07-14 07:23:23] DEBUG: Finding repeats
[2025-07-14 07:23:23] DEBUG: Read coverage cutoff: 19
[2025-07-14 07:23:23] DEBUG: Low-coverage: 1 0
[2025-07-14 07:23:23] DEBUG: High-cov: -23 -> 2	6269	1093
[2025-07-14 07:23:23] DEBUG: High-cov: 4	764	1225
[2025-07-14 07:23:23] DEBUG: Short-loop: 4
[2025-07-14 07:23:23] DEBUG: High-cov: 11	8105	195
[2025-07-14 07:23:23] DEBUG: Tandem: 12
[2025-07-14 07:23:23] DEBUG: High-cov: 19	33775	4710
[2025-07-14 07:23:23] DEBUG: High-cov: 20	1007	4609
[2025-07-14 07:23:23] DEBUG: High-cov: 21	926	3941
[2025-07-14 07:23:23] DEBUG: High-cov: 22	918	674
[2025-07-14 07:23:23] DEBUG: Repeat detection iteration 1
[2025-07-14 07:23:23] DEBUG: Starting 6 aln:100
[2025-07-14 07:23:23] DEBUG: 	    T 10	num:49	flank:22339	span:7
[2025-07-14 07:23:23] DEBUG: 	      9	num:50	flank:23353	span:3
[2025-07-14 07:23:23] DEBUG: Mult: 6	2083	98	 (0,1)
[2025-07-14 07:23:23] DEBUG: Starting 25 aln:189
[2025-07-14 07:23:23] DEBUG: 	      -15	num:42	flank:20607	span:24
[2025-07-14 07:23:23] DEBUG: 	      15	num:81	flank:22664	span:7
[2025-07-14 07:23:23] DEBUG: Mult: 25	97234	79	 (0,1)
[2025-07-14 07:23:23] DEBUG: Total unique edges: 6
[2025-07-14 07:23:23] DEBUG: [SIMPL] Resolved repeats: 0
[2025-07-14 07:23:23] DEBUG: RR links: 0
[2025-07-14 07:23:23] DEBUG: Unresolved: 0
[2025-07-14 07:23:23] DEBUG: Removed 0 simple and 0 double chimeric junctions
[2025-07-14 07:23:23] DEBUG: [SIMPL] Collapsed 0 haplotypes
[2025-07-14 07:23:23] DEBUG: [SIMPL] Resolved 0 simple repeats
[2025-07-14 07:23:23] DEBUG: Read coverage cutoff: 19
[2025-07-14 07:23:23] DEBUG: [SIMPL] Removed 1 paths with low coverage
[2025-07-14 07:23:23] DEBUG: Finding repeats
[2025-07-14 07:23:23] DEBUG: Read coverage cutoff: 19
[2025-07-14 07:23:23] DEBUG: High-cov: -23 -> 2	6269	1093
[2025-07-14 07:23:23] DEBUG: High-cov: 4	764	1225
[2025-07-14 07:23:23] DEBUG: Short-loop: 4
[2025-07-14 07:23:23] DEBUG: High-cov: 11	8105	195
[2025-07-14 07:23:23] DEBUG: Tandem: 12
[2025-07-14 07:23:23] DEBUG: High-cov: 19	33775	4710
[2025-07-14 07:23:23] DEBUG: High-cov: 20	1007	4609
[2025-07-14 07:23:23] DEBUG: High-cov: 21	926	3941
[2025-07-14 07:23:23] DEBUG: High-cov: 22	918	674
[2025-07-14 07:23:23] DEBUG: Repeat detection iteration 1
[2025-07-14 07:23:23] DEBUG: Starting 6 aln:100
[2025-07-14 07:23:23] DEBUG: 	    T 10	num:49	flank:22339	span:7
[2025-07-14 07:23:23] DEBUG: 	      9	num:50	flank:23353	span:3
[2025-07-14 07:23:23] DEBUG: Mult: 6	2083	98	 (0,1)
[2025-07-14 07:23:23] DEBUG: Starting 25 aln:189
[2025-07-14 07:23:23] DEBUG: 	      -15	num:42	flank:20607	span:24
[2025-07-14 07:23:23] DEBUG: 	      15	num:81	flank:22664	span:7
[2025-07-14 07:23:23] DEBUG: Mult: 25	97234	79	 (0,1)
[2025-07-14 07:23:23] DEBUG: Fixed: 25	97234	79
[2025-07-14 07:23:23] DEBUG: Writing Dot
[2025-07-14 07:23:24] DEBUG: Writing FASTA
[2025-07-14 07:23:24] DEBUG: Peak RAM usage: 1 Gb
-----------End assembly log------------
[2025-07-14 07:23:24] root: INFO: >>>STAGE: contigger
[2025-07-14 07:23:24] root: INFO: Generating contigs
[2025-07-14 07:23:24] root: DEBUG: -----Begin contigger analyser log------
[2025-07-14 07:23:24] root: DEBUG: Running: flye-modules contigger --graph-edges /net/bmc-lab3/data/bcc/charliew/ont_flye/ont_flye_workflow/work/68/5f34ea6106bc171bfb7a70c826ef95/sHF171_40k_50k.assembly/20-repeat/repeat_graph_edges.fasta --reads /net/bmc-lab3/data/bcc/charliew/ont_flye/ont_flye_workflow/work/68/5f34ea6106bc171bfb7a70c826ef95/sHF171_40k_50k.fastq --out-dir /net/bmc-lab3/data/bcc/charliew/ont_flye/ont_flye_workflow/work/68/5f34ea6106bc171bfb7a70c826ef95/sHF171_40k_50k.assembly/30-contigger --config /home/charliew/.conda/envs/flye_2.9.5/lib/python3.12/site-packages/flye/config/bin_cfg/asm_nano_hq.cfg --repeat-graph /net/bmc-lab3/data/bcc/charliew/ont_flye/ont_flye_workflow/work/68/5f34ea6106bc171bfb7a70c826ef95/sHF171_40k_50k.assembly/20-repeat/repeat_graph_dump --graph-aln /net/bmc-lab3/data/bcc/charliew/ont_flye/ont_flye_workflow/work/68/5f34ea6106bc171bfb7a70c826ef95/sHF171_40k_50k.assembly/20-repeat/read_alignment_dump --log /net/bmc-lab3/data/bcc/charliew/ont_flye/ont_flye_workflow/work/68/5f34ea6106bc171bfb7a70c826ef95/sHF171_40k_50k.assembly/flye.log --threads 24 --min-ovlp 10000
[2025-07-14 07:23:24] DEBUG: Build date: Aug 30 2024 21:29:44
[2025-07-14 07:23:24] DEBUG: Total RAM: 376 Gb
[2025-07-14 07:23:24] DEBUG: Available RAM: 356 Gb
[2025-07-14 07:23:24] DEBUG: Total CPUs: 96
[2025-07-14 07:23:24] DEBUG: Loading /home/charliew/.conda/envs/flye_2.9.5/lib/python3.12/site-packages/flye/config/bin_cfg/asm_nano_hq.cfg
[2025-07-14 07:23:24] DEBUG: Loading /home/charliew/.conda/envs/flye_2.9.5/lib/python3.12/site-packages/flye/config/bin_cfg/asm_defaults.cfg
[2025-07-14 07:23:24] DEBUG: 	big_genome_threshold=29000000
[2025-07-14 07:23:24] DEBUG: 	meta_read_filter_kmer_freq=100
[2025-07-14 07:23:24] DEBUG: 	chain_large_gap_penalty=2
[2025-07-14 07:23:24] DEBUG: 	chain_small_gap_penalty=0.5
[2025-07-14 07:23:24] DEBUG: 	chain_gap_jump_threshold=100
[2025-07-14 07:23:24] DEBUG: 	max_jump_gap=500
[2025-07-14 07:23:24] DEBUG: 	max_coverage_drop_rate=5
[2025-07-14 07:23:24] DEBUG: 	max_extensions_drop_rate=5
[2025-07-14 07:23:24] DEBUG: 	chimera_window=100
[2025-07-14 07:23:24] DEBUG: 	chimera_overhang=1000
[2025-07-14 07:23:24] DEBUG: 	min_reads_in_disjointig=4
[2025-07-14 07:23:24] DEBUG: 	max_inner_reads=10
[2025-07-14 07:23:24] DEBUG: 	max_inner_fraction=0.25
[2025-07-14 07:23:24] DEBUG: 	aggressive_dup_filter=1
[2025-07-14 07:23:24] DEBUG: 	max_separation=500
[2025-07-14 07:23:24] DEBUG: 	unique_edge_length=50000
[2025-07-14 07:23:24] DEBUG: 	min_repeat_res_support=0.51
[2025-07-14 07:23:24] DEBUG: 	out_paths_ratio=5
[2025-07-14 07:23:24] DEBUG: 	graph_cov_drop_rate=5
[2025-07-14 07:23:24] DEBUG: 	coverage_estimate_window=100
[2025-07-14 07:23:24] DEBUG: 	max_bubble_length=50000
[2025-07-14 07:23:24] DEBUG: 	loop_coverage_rate=1.5
[2025-07-14 07:23:24] DEBUG: 	repeat_edge_cov_mult=1.75
[2025-07-14 07:23:24] DEBUG: 	weak_detach_rate=5
[2025-07-14 07:23:24] DEBUG: 	tip_coverage_rate=2
[2025-07-14 07:23:24] DEBUG: 	tip_length_rate=2
[2025-07-14 07:23:24] DEBUG: 	output_gfa_before_rr=1
[2025-07-14 07:23:24] DEBUG: 	remove_alt_edges=0
[2025-07-14 07:23:24] DEBUG: 	low_cutoff_warning=0
[2025-07-14 07:23:24] DEBUG: 	kmer_size=17
[2025-07-14 07:23:24] DEBUG: 	use_minimizers=1
[2025-07-14 07:23:24] DEBUG: 	minimizer_window=10
[2025-07-14 07:23:24] DEBUG: 	reads_base_alignment=1
[2025-07-14 07:23:24] DEBUG: 	meta_read_top_kmer_rate=0.75
[2025-07-14 07:23:24] DEBUG: 	maximum_jump=1500
[2025-07-14 07:23:24] DEBUG: 	maximum_overhang=1500
[2025-07-14 07:23:24] DEBUG: 	repeat_kmer_rate=100
[2025-07-14 07:23:24] DEBUG: 	assemble_ovlp_divergence=0.05
[2025-07-14 07:23:24] DEBUG: 	assemble_divergence_relative=1
[2025-07-14 07:23:24] DEBUG: 	repeat_graph_ovlp_divergence=0.05
[2025-07-14 07:23:24] DEBUG: 	read_align_ovlp_divergence=0.10
[2025-07-14 07:23:24] DEBUG: 	hpc_scoring_on=1
[2025-07-14 07:23:24] DEBUG: 	add_unassembled_reads=0
[2025-07-14 07:23:24] DEBUG: 	extend_contigs_with_repeats=0
[2025-07-14 07:23:24] DEBUG: 	min_read_cov_cutoff=3
[2025-07-14 07:23:24] DEBUG: 	short_tip_length=20000
[2025-07-14 07:23:24] DEBUG: 	long_tip_length=100000
[2025-07-14 07:23:24] DEBUG: Running with k-mer size: 17
[2025-07-14 07:23:24] DEBUG: Selected minimum overlap 10000
[2025-07-14 07:23:24] INFO: Reading sequences
[2025-07-14 07:23:27] DEBUG: Building positional index
[2025-07-14 07:23:27] DEBUG: Total sequence: 909975345 bp
[2025-07-14 07:23:27] DEBUG: Flipped 0
[2025-07-14 07:23:27] DEBUG: UPath 1: -23 -> 2
[2025-07-14 07:23:27] DEBUG: UPath 2: 4
[2025-07-14 07:23:27] DEBUG: UPath 3: 6
[2025-07-14 07:23:27] DEBUG: UPath 4: 9
[2025-07-14 07:23:27] DEBUG: UPath 5: 10
[2025-07-14 07:23:27] DEBUG: UPath 6: 11
[2025-07-14 07:23:27] DEBUG: UPath 7: 12
[2025-07-14 07:23:27] DEBUG: UPath 8: 15
[2025-07-14 07:23:27] DEBUG: UPath 9: 16
[2025-07-14 07:23:27] DEBUG: UPath 10: 24 -> 18
[2025-07-14 07:23:27] DEBUG: UPath 11: 19
[2025-07-14 07:23:27] DEBUG: UPath 12: 20
[2025-07-14 07:23:27] DEBUG: UPath 13: 21
[2025-07-14 07:23:27] DEBUG: UPath 14: 22
[2025-07-14 07:23:27] DEBUG: UPath 15: 25
[2025-07-14 07:23:27] DEBUG: Final graph contains 15 egdes
[2025-07-14 07:23:27] DEBUG: Extending contigs into repeats
[2025-07-14 07:23:27] DEBUG: Covered 5 repetitive contigs
[2025-07-14 07:23:27] INFO: Generated 10 contigs
[2025-07-14 07:23:27] DEBUG: Writing FASTA
[2025-07-14 07:23:27] DEBUG: Generating scaffold connections
[2025-07-14 07:23:27] INFO: Added 1 scaffold connections
[2025-07-14 07:23:27] DEBUG: Writing Dot
[2025-07-14 07:23:28] DEBUG: Writing FASTA
[2025-07-14 07:23:28] DEBUG: Writing Gfa
[2025-07-14 07:23:28] DEBUG: Peak RAM usage: 0 Gb
-----------End assembly log------------
[2025-07-14 07:23:28] root: INFO: >>>STAGE: polishing
[2025-07-14 07:23:28] root: INFO: Polishing genome (1/1)
[2025-07-14 07:23:28] root: INFO: Running minimap2
[2025-07-14 07:24:29] root: INFO: Separating alignment into bubbles
[2025-07-14 07:27:04] root: DEBUG: Generated 631222 bubbles
[2025-07-14 07:27:04] root: DEBUG: Split 1 long bubbles
[2025-07-14 07:27:04] root: DEBUG: Skipped 0 empty bubbles
[2025-07-14 07:27:04] root: DEBUG: Skipped 0 bubbles with long branches
[2025-07-14 07:27:04] root: INFO: Alignment error rate: 0.027834
[2025-07-14 07:27:04] root: INFO: Correcting bubbles
[2025-07-14 07:27:54] root: DEBUG: Mean contig coverage: 94, selected threshold: 19
[2025-07-14 07:27:54] root: DEBUG: Filtered 0 contigs of total length 0
[2025-07-14 07:27:54] root: DEBUG: Generating polished GFA
[2025-07-14 07:27:58] root: DEBUG: 0 sequences remained unpolished
[2025-07-14 07:27:58] root: INFO: >>>STAGE: finalize
[2025-07-14 07:27:59] root: DEBUG: ---Output dir contents:----
[2025-07-14 07:27:59] root: DEBUG: sHF171_40k_50k.assembly/
[2025-07-14 07:27:59] root: DEBUG:     49.0 K      flye.log
[2025-07-14 07:27:59] root: DEBUG:     93.0 B      params.json
[2025-07-14 07:27:59] root: DEBUG:     2.0 K       assembly_graph.gv
[2025-07-14 07:27:59] root: DEBUG:     8.0 M       assembly_graph.gfa
[2025-07-14 07:27:59] root: DEBUG:     9.0 M       assembly.fasta
[2025-07-14 07:27:59] root: DEBUG:     00-assembly/
[2025-07-14 07:27:59] root: DEBUG:         9.0 M       draft_assembly.fasta
[2025-07-14 07:27:59] root: DEBUG:         200.0 B     draft_assembly.fasta.fai
[2025-07-14 07:27:59] root: DEBUG:     10-consensus/
[2025-07-14 07:27:59] root: DEBUG:         1.0 K       minimap.stderr
[2025-07-14 07:27:59] root: DEBUG:         85.0 K      minimap.bam.bai
[2025-07-14 07:27:59] root: DEBUG:         9.0 M       consensus.fasta
[2025-07-14 07:27:59] root: DEBUG:     20-repeat/
[2025-07-14 07:27:59] root: DEBUG:         2.0 K       graph_before_rr.gv
[2025-07-14 07:27:59] root: DEBUG:         9.0 M       graph_before_rr.fasta
[2025-07-14 07:27:59] root: DEBUG:         8.0 M       graph_before_rr.gfa
[2025-07-14 07:27:59] root: DEBUG:         2.0 K       graph_after_rr.gv
[2025-07-14 07:27:59] root: DEBUG:         16.0 K      repeat_graph_dump
[2025-07-14 07:27:59] root: DEBUG:         11.0 M      read_alignment_dump
[2025-07-14 07:27:59] root: DEBUG:         9.0 M       repeat_graph_edges.fasta
[2025-07-14 07:27:59] root: DEBUG:     30-contigger/
[2025-07-14 07:27:59] root: DEBUG:         9.0 M       contigs.fasta
[2025-07-14 07:27:59] root: DEBUG:         528.0 B     contigs_stats.txt
[2025-07-14 07:27:59] root: DEBUG:         23.0 B      scaffolds_links.txt
[2025-07-14 07:27:59] root: DEBUG:         2.0 K       graph_final.gv
[2025-07-14 07:27:59] root: DEBUG:         9.0 M       graph_final.fasta
[2025-07-14 07:27:59] root: DEBUG:         8.0 M       graph_final.gfa
[2025-07-14 07:27:59] root: DEBUG:         294.0 B     contigs.fasta.fai
[2025-07-14 07:27:59] root: DEBUG:     40-polishing/
[2025-07-14 07:27:59] root: DEBUG:         1.0 K       minimap.stderr
[2025-07-14 07:27:59] root: DEBUG:         88.0 K      minimap_1.bam.bai
[2025-07-14 07:27:59] root: DEBUG:         219.0 B     contigs_stats.txt
[2025-07-14 07:27:59] root: DEBUG:         3.0 M       base_coverage.bed.gz
[2025-07-14 07:27:59] root: DEBUG:         9.0 M       filtered_contigs.fasta
[2025-07-14 07:27:59] root: DEBUG:         219.0 B     filtered_stats.txt
[2025-07-14 07:27:59] root: DEBUG:         294.0 B     filtered_contigs.fasta.fai
[2025-07-14 07:27:59] root: DEBUG:         5.0 K       edges_aln.bam.bai
[2025-07-14 07:27:59] root: DEBUG:         8.0 M       polished_edges.gfa
[2025-07-14 07:27:59] root: DEBUG: --------------------------
[2025-07-14 07:27:59] root: INFO: Assembly statistics:

	Total length:	9560378
	Fragments:	10
	Fragments N50:	2396458
	Largest frg:	2925430
	Scaffolds:	0
	Mean coverage:	94

[2025-07-14 07:27:59] root: INFO: Final assembly: /net/bmc-lab3/data/bcc/charliew/ont_flye/ont_flye_workflow/work/68/5f34ea6106bc171bfb7a70c826ef95/sHF171_40k_50k.assembly/assembly.fasta
