[2025-07-24 08:26:11] root: INFO: Starting Flye 2.9.5-b1801
[2025-07-24 08:26:11] root: DEBUG: Cmd: /net/ostrom/data/bcc/charliew/.conda/envs/flye_2.9.5/bin/flye --nano-hq sHF171_bs0.75_rep1.fastq --threads 24 --genome-size 10m --out-dir sHF171_bs0.75_rep1.assembly
[2025-07-24 08:26:11] root: DEBUG: Python version: 3.12.5 | packaged by conda-forge | (main, Aug  8 2024, 18:36:51) [GCC 12.4.0]
[2025-07-24 08:26:11] root: INFO: >>>STAGE: configure
[2025-07-24 08:26:11] root: INFO: Configuring run
[2025-07-24 08:26:18] root: INFO: Total read length: 2545189900
[2025-07-24 08:26:18] root: INFO: Input genome size: 10000000
[2025-07-24 08:26:18] root: INFO: Estimated coverage: 254
[2025-07-24 08:26:18] root: INFO: Reads N50/N90: 40188 / 31648
[2025-07-24 08:26:18] root: INFO: Minimum overlap set to 10000
[2025-07-24 08:26:18] root: INFO: >>>STAGE: assembly
[2025-07-24 08:26:18] root: INFO: Assembling disjointigs
[2025-07-24 08:26:18] root: DEBUG: -----Begin assembly log------
[2025-07-24 08:26:18] root: DEBUG: Running: flye-modules assemble --reads /net/bmc-lab3/data/bcc/charliew/ont_flye/ont_flye_workflow/work/9f/c6607b902998f64f110dbb38bd06aa/sHF171_bs0.75_rep1.fastq --out-asm /net/bmc-lab3/data/bcc/charliew/ont_flye/ont_flye_workflow/work/9f/c6607b902998f64f110dbb38bd06aa/sHF171_bs0.75_rep1.assembly/00-assembly/draft_assembly.fasta --config /home/charliew/.conda/envs/flye_2.9.5/lib/python3.12/site-packages/flye/config/bin_cfg/asm_nano_hq.cfg --log /net/bmc-lab3/data/bcc/charliew/ont_flye/ont_flye_workflow/work/9f/c6607b902998f64f110dbb38bd06aa/sHF171_bs0.75_rep1.assembly/flye.log --threads 24 --genome-size 10000000 --min-ovlp 10000
[2025-07-24 08:26:18] DEBUG: Build date: Aug 30 2024 21:28:54
[2025-07-24 08:26:18] DEBUG: Total RAM: 376 Gb
[2025-07-24 08:26:18] DEBUG: Available RAM: 357 Gb
[2025-07-24 08:26:18] DEBUG: Total CPUs: 96
[2025-07-24 08:26:18] DEBUG: Loading /home/charliew/.conda/envs/flye_2.9.5/lib/python3.12/site-packages/flye/config/bin_cfg/asm_nano_hq.cfg
[2025-07-24 08:26:18] DEBUG: Loading /home/charliew/.conda/envs/flye_2.9.5/lib/python3.12/site-packages/flye/config/bin_cfg/asm_defaults.cfg
[2025-07-24 08:26:18] DEBUG: 	big_genome_threshold=29000000
[2025-07-24 08:26:18] DEBUG: 	meta_read_filter_kmer_freq=100
[2025-07-24 08:26:18] DEBUG: 	chain_large_gap_penalty=2
[2025-07-24 08:26:18] DEBUG: 	chain_small_gap_penalty=0.5
[2025-07-24 08:26:18] DEBUG: 	chain_gap_jump_threshold=100
[2025-07-24 08:26:18] DEBUG: 	max_jump_gap=500
[2025-07-24 08:26:18] DEBUG: 	max_coverage_drop_rate=5
[2025-07-24 08:26:18] DEBUG: 	max_extensions_drop_rate=5
[2025-07-24 08:26:18] DEBUG: 	chimera_window=100
[2025-07-24 08:26:18] DEBUG: 	chimera_overhang=1000
[2025-07-24 08:26:18] DEBUG: 	min_reads_in_disjointig=4
[2025-07-24 08:26:18] DEBUG: 	max_inner_reads=10
[2025-07-24 08:26:18] DEBUG: 	max_inner_fraction=0.25
[2025-07-24 08:26:18] DEBUG: 	aggressive_dup_filter=1
[2025-07-24 08:26:18] DEBUG: 	max_separation=500
[2025-07-24 08:26:18] DEBUG: 	unique_edge_length=50000
[2025-07-24 08:26:18] DEBUG: 	min_repeat_res_support=0.51
[2025-07-24 08:26:18] DEBUG: 	out_paths_ratio=5
[2025-07-24 08:26:18] DEBUG: 	graph_cov_drop_rate=5
[2025-07-24 08:26:18] DEBUG: 	coverage_estimate_window=100
[2025-07-24 08:26:18] DEBUG: 	max_bubble_length=50000
[2025-07-24 08:26:18] DEBUG: 	loop_coverage_rate=1.5
[2025-07-24 08:26:18] DEBUG: 	repeat_edge_cov_mult=1.75
[2025-07-24 08:26:18] DEBUG: 	weak_detach_rate=5
[2025-07-24 08:26:18] DEBUG: 	tip_coverage_rate=2
[2025-07-24 08:26:18] DEBUG: 	tip_length_rate=2
[2025-07-24 08:26:18] DEBUG: 	output_gfa_before_rr=1
[2025-07-24 08:26:18] DEBUG: 	remove_alt_edges=0
[2025-07-24 08:26:18] DEBUG: 	low_cutoff_warning=0
[2025-07-24 08:26:18] DEBUG: 	kmer_size=17
[2025-07-24 08:26:18] DEBUG: 	use_minimizers=1
[2025-07-24 08:26:18] DEBUG: 	minimizer_window=10
[2025-07-24 08:26:18] DEBUG: 	reads_base_alignment=1
[2025-07-24 08:26:18] DEBUG: 	meta_read_top_kmer_rate=0.75
[2025-07-24 08:26:18] DEBUG: 	maximum_jump=1500
[2025-07-24 08:26:18] DEBUG: 	maximum_overhang=1500
[2025-07-24 08:26:18] DEBUG: 	repeat_kmer_rate=100
[2025-07-24 08:26:18] DEBUG: 	assemble_ovlp_divergence=0.05
[2025-07-24 08:26:18] DEBUG: 	assemble_divergence_relative=1
[2025-07-24 08:26:18] DEBUG: 	repeat_graph_ovlp_divergence=0.05
[2025-07-24 08:26:18] DEBUG: 	read_align_ovlp_divergence=0.10
[2025-07-24 08:26:18] DEBUG: 	hpc_scoring_on=1
[2025-07-24 08:26:18] DEBUG: 	add_unassembled_reads=0
[2025-07-24 08:26:18] DEBUG: 	extend_contigs_with_repeats=0
[2025-07-24 08:26:18] DEBUG: 	min_read_cov_cutoff=3
[2025-07-24 08:26:18] DEBUG: 	short_tip_length=20000
[2025-07-24 08:26:18] DEBUG: 	long_tip_length=100000
[2025-07-24 08:26:18] DEBUG: Running with k-mer size: 17
[2025-07-24 08:26:18] DEBUG: Running with minimum overlap 10000
[2025-07-24 08:26:18] DEBUG: Metagenome mode: N
[2025-07-24 08:26:18] DEBUG: Short mode: N
[2025-07-24 08:26:18] INFO: Reading sequences
[2025-07-24 08:26:25] DEBUG: Building positional index
[2025-07-24 08:26:25] DEBUG: Total sequence: 2545189900 bp
[2025-07-24 08:26:25] INFO: Building minimizer index
[2025-07-24 08:26:25] INFO: Pre-calculating index storage
[2025-07-24 08:26:37] DEBUG: Mean k-mer frequency: 8.65298
[2025-07-24 08:26:37] DEBUG: Repetitive k-mer frequency: 865
[2025-07-24 08:26:37] DEBUG: Filtered 82183423 repetitive k-mers (0.178049)
[2025-07-24 08:26:38] INFO: Filling index
[2025-07-24 08:26:49] DEBUG: Sorting k-mer index
[2025-07-24 08:26:53] DEBUG: Selected k-mers: 53333268
[2025-07-24 08:26:53] DEBUG: K-mer index size: 379393568
[2025-07-24 08:26:53] DEBUG: Mean k-mer frequency: 7.11364
[2025-07-24 08:26:53] DEBUG: Minimizer rate: 6.70857
[2025-07-24 08:26:53] DEBUG: Peak RAM usage: 4 Gb
[2025-07-24 08:26:53] DEBUG: Estimating k-mer identity bias
[2025-07-24 08:27:53] DEBUG: Initial divergence estimate : 0.0327088
[2025-07-24 08:27:53] DEBUG: Relative threshold: Y
[2025-07-24 08:27:53] DEBUG: Max divergence threshold set to 0.0827088
[2025-07-24 08:27:53] INFO: Extending reads
[2025-07-24 08:27:53] DEBUG: Estimating overlap coverage
[2025-07-24 08:44:13] INFO: Overlap-based coverage: 183
[2025-07-24 08:44:13] INFO: Median overlap divergence: 0.0333969
[2025-07-24 08:44:13] DEBUG: Sequence divergence distribution: 

    |    *           |                                                                                   
    |    *           |                                                                                   
    |    *           |                                                                                   
    |    **          |                                                                                   
    |    **          |                                                                                   
    |    **          |                                                                                   
    |    **          |                                                                                   
    |    **          |                                                                                   
    |    **          |                                                                                   
    |    **          |                                                                                   
    |   ****         |                                                                                   
    |   ****         |                                                                                   
    |   ****         |                                                                                   
    |   ****         |                                                                                   
    |   *****        |                                                                                   
    |   ******       |                                                                                   
    |   **********   |                                                                                   
    |   *****************                                                                                
    |  **********************                                                                            
    |************************************ **    *                                                        
    ----------------------------------------------------------------------------------------------------
    0%        5%        10%       15%       20%       25%       30%       35%       40%       45%       

    Q25 = 0.024, Q50 = 0.033, Q75 = 0.065

[2025-07-24 08:47:15] DEBUG: Assembled disjointig 1
	With 348 reads
	Start read: +558d68d2-db94-4851-836c-aaf10332297e
	At position: 229
	leftTip: 1 rightTip: 0
	Suspicious: 0
	Short ext: 0
	Mean extensions: 174
	Avg overlap len: 58304
	Min overlap len: 18911
	Inner reads: 0
	Length: 2985588
[2025-07-24 08:47:15] DEBUG: Inner: 25484 covered: 30024 total: 123914
[2025-07-24 08:47:15] DEBUG: Discarded disjointig with 350 reads and 348 inner overlaps
[2025-07-24 08:47:15] DEBUG: Discarded disjointig with 350 reads and 348 inner overlaps
[2025-07-24 08:47:15] DEBUG: Discarded disjointig with 345 reads and 343 inner overlaps
[2025-07-24 08:47:15] DEBUG: Discarded disjointig with 332 reads and 330 inner overlaps
[2025-07-24 08:47:15] DEBUG: Discarded disjointig with 341 reads and 339 inner overlaps
[2025-07-24 08:47:15] DEBUG: Discarded disjointig with 338 reads and 336 inner overlaps
[2025-07-24 08:47:15] DEBUG: Discarded disjointig with 332 reads and 330 inner overlaps
[2025-07-24 08:47:16] DEBUG: Discarded disjointig with 313 reads and 311 inner overlaps
[2025-07-24 08:47:17] DEBUG: Discarded disjointig with 97 reads and 95 inner overlaps
[2025-07-24 08:47:17] DEBUG: Discarded disjointig with 144 reads and 142 inner overlaps
[2025-07-24 08:47:29] DEBUG: Assembled disjointig 2
	With 222 reads
	Start read: +8f347951-6b72-4fba-ab8d-e7959e3ce25a
	At position: 50
	leftTip: 0 rightTip: 0
	Suspicious: 0
	Short ext: 0
	Mean extensions: 176
	Avg overlap len: 58221
	Min overlap len: 29237
	Inner reads: 0
	Length: 1947882
[2025-07-24 08:47:30] DEBUG: Inner: 41456 covered: 48742 total: 123914
[2025-07-24 08:47:30] DEBUG: Discarded disjointig with 175 reads and 173 inner overlaps
[2025-07-24 08:47:30] DEBUG: Discarded disjointig with 163 reads and 161 inner overlaps
[2025-07-24 08:47:30] DEBUG: Discarded disjointig with 202 reads and 199 inner overlaps
[2025-07-24 08:47:31] DEBUG: Discarded disjointig with 171 reads and 169 inner overlaps
[2025-07-24 08:47:31] DEBUG: Discarded disjointig with 151 reads and 149 inner overlaps
[2025-07-24 08:47:31] DEBUG: Discarded disjointig with 111 reads and 109 inner overlaps
[2025-07-24 08:47:33] DEBUG: Discarded disjointig with 21 reads and 19 inner overlaps
[2025-07-24 08:49:14] DEBUG: Assembled disjointig 3
	With 272 reads
	Start read: +8af92936-69f2-4bd3-85cb-55a7a0068bcb
	At position: 111
	leftTip: 0 rightTip: 1
	Suspicious: 3
	Short ext: 1
	Mean extensions: 176
	Avg overlap len: 58256
	Min overlap len: 3461
	Inner reads: 0
	Length: 2305641
[2025-07-24 08:49:15] DEBUG: Inner: 61090 covered: 71384 total: 123914
[2025-07-24 08:49:15] DEBUG: Discarded disjointig with 271 reads and 269 inner overlaps
[2025-07-24 08:49:15] DEBUG: Discarded disjointig with 268 reads and 266 inner overlaps
[2025-07-24 08:49:15] DEBUG: Discarded disjointig with 279 reads and 277 inner overlaps
[2025-07-24 08:49:15] DEBUG: Discarded disjointig with 264 reads and 262 inner overlaps
[2025-07-24 08:49:15] DEBUG: Discarded disjointig with 270 reads and 268 inner overlaps
[2025-07-24 08:49:15] DEBUG: Discarded disjointig with 273 reads and 271 inner overlaps
[2025-07-24 08:49:15] DEBUG: Discarded disjointig with 266 reads and 264 inner overlaps
[2025-07-24 08:49:15] DEBUG: Discarded disjointig with 267 reads and 265 inner overlaps
[2025-07-24 08:49:15] DEBUG: Discarded disjointig with 280 reads and 278 inner overlaps
[2025-07-24 08:49:15] DEBUG: Discarded disjointig with 134 reads and 132 inner overlaps
[2025-07-24 08:49:16] DEBUG: Discarded disjointig with 14 reads and 12 inner overlaps
[2025-07-24 08:49:16] DEBUG: Discarded disjointig with 230 reads and 228 inner overlaps
[2025-07-24 08:49:16] DEBUG: Discarded disjointig with 26 reads and 24 inner overlaps
[2025-07-24 08:49:29] DEBUG: Assembled disjointig 4
	With 260 reads
	Start read: +5bd8a3f1-373d-429b-8342-34bffaa88d9c
	At position: 41
	leftTip: 0 rightTip: 1
	Suspicious: 3
	Short ext: 0
	Mean extensions: 178
	Avg overlap len: 59876
	Min overlap len: 12377
	Inner reads: 0
	Length: 2430502
[2025-07-24 08:49:29] DEBUG: Inner: 81630 covered: 94922 total: 123914
[2025-07-24 08:49:32] DEBUG: Discarded disjointig with 262 reads and 260 inner overlaps
[2025-07-24 08:49:32] DEBUG: Discarded disjointig with 152 reads and 150 inner overlaps
[2025-07-24 08:49:32] DEBUG: Discarded disjointig with 259 reads and 257 inner overlaps
[2025-07-24 08:49:32] DEBUG: Discarded disjointig with 260 reads and 258 inner overlaps
[2025-07-24 08:49:32] DEBUG: Discarded disjointig with 263 reads and 261 inner overlaps
[2025-07-24 08:49:32] DEBUG: Discarded disjointig with 259 reads and 257 inner overlaps
[2025-07-24 08:49:32] DEBUG: Discarded disjointig with 261 reads and 259 inner overlaps
[2025-07-24 08:49:32] DEBUG: Discarded disjointig with 259 reads and 257 inner overlaps
[2025-07-24 08:49:32] DEBUG: Discarded disjointig with 262 reads and 260 inner overlaps
[2025-07-24 08:49:32] DEBUG: Discarded disjointig with 25 reads and 23 inner overlaps
[2025-07-24 08:49:32] DEBUG: Discarded disjointig with 261 reads and 259 inner overlaps
[2025-07-24 08:49:32] DEBUG: Discarded disjointig with 258 reads and 256 inner overlaps
[2025-07-24 08:49:32] DEBUG: Discarded disjointig with 264 reads and 262 inner overlaps
[2025-07-24 08:49:32] DEBUG: Discarded disjointig with 25 reads and 23 inner overlaps
[2025-07-24 08:49:33] DEBUG: Discarded disjointig with 208 reads and 206 inner overlaps
[2025-07-24 08:49:33] DEBUG: Discarded disjointig with 172 reads and 170 inner overlaps
[2025-07-24 08:49:33] DEBUG: Discarded disjointig with 174 reads and 172 inner overlaps
[2025-07-24 08:49:33] DEBUG: Discarded disjointig with 106 reads and 104 inner overlaps
[2025-07-24 08:49:33] DEBUG: Discarded disjointig with 127 reads and 125 inner overlaps
[2025-07-24 08:49:34] DEBUG: Discarded disjointig with 217 reads and 215 inner overlaps
[2025-07-24 08:49:34] DEBUG: Discarded disjointig with 226 reads and 224 inner overlaps
[2025-07-24 08:49:34] DEBUG: Discarded disjointig with 125 reads and 123 inner overlaps
[2025-07-24 08:49:34] DEBUG: Discarded disjointig with 234 reads and 232 inner overlaps
[2025-07-24 08:51:03] DEBUG: Assembled disjointig 5
	With 3 reads
	Start read: +f7dc0065-47e9-49cf-92b7-6c7254ca66d6
	At position: 2
	leftTip: 0 rightTip: 0
	Suspicious: 0
	Short ext: 0
	Mean extensions: 189
	Avg overlap len: 28031
	Min overlap len: 20403
	Inner reads: 0
	Length: 49965
[2025-07-24 08:51:03] DEBUG: Inner: 81632 covered: 102516 total: 123914
[2025-07-24 08:55:13] INFO: Assembled 5 disjointigs
[2025-07-24 08:55:13] INFO: Generating sequence
[2025-07-24 08:55:14] DEBUG: Building positional index
[2025-07-24 08:55:14] DEBUG: Total sequence: 9677025 bp
[2025-07-24 08:55:14] DEBUG: Mean k-mer frequency: 1.03623
[2025-07-24 08:55:14] DEBUG: Repetitive k-mer frequency: 103
[2025-07-24 08:55:14] DEBUG: Filtered 432 repetitive k-mers (0.000245473)
[2025-07-24 08:55:15] DEBUG: Sorting k-mer index
[2025-07-24 08:55:15] DEBUG: Selected k-mers: 1698325
[2025-07-24 08:55:15] DEBUG: K-mer index size: 1759436
[2025-07-24 08:55:15] DEBUG: Mean k-mer frequency: 1.03598
[2025-07-24 08:55:15] DEBUG: Minimizer rate: 5.50007
[2025-07-24 08:55:15] INFO: Filtering contained disjointigs
[2025-07-24 08:55:16] DEBUG: Computing transitive closure for overlaps
[2025-07-24 08:55:16] DEBUG: Found 10 overlaps
[2025-07-24 08:55:16] DEBUG: Left 4 overlaps after filtering
[2025-07-24 08:55:16] INFO: Contained seqs: 1
[2025-07-24 08:55:16] DEBUG: Writing FASTA
[2025-07-24 08:55:16] DEBUG: Peak RAM usage: 5 Gb
-----------End assembly log------------
[2025-07-24 08:55:17] root: DEBUG: Disjointigs length: 9627099, N50: 2430590
[2025-07-24 08:55:17] root: INFO: >>>STAGE: consensus
[2025-07-24 08:55:17] root: INFO: Running Minimap2
[2025-07-24 08:56:27] root: INFO: Computing consensus
[2025-07-24 08:59:15] root: INFO: Alignment error rate: 0.039762
[2025-07-24 08:59:15] root: INFO: >>>STAGE: repeat
[2025-07-24 08:59:15] root: INFO: Building and resolving repeat graph
[2025-07-24 08:59:15] root: DEBUG: -----Begin repeat analyser log------
[2025-07-24 08:59:15] root: DEBUG: Running: flye-modules repeat --disjointigs /net/bmc-lab3/data/bcc/charliew/ont_flye/ont_flye_workflow/work/9f/c6607b902998f64f110dbb38bd06aa/sHF171_bs0.75_rep1.assembly/10-consensus/consensus.fasta --reads /net/bmc-lab3/data/bcc/charliew/ont_flye/ont_flye_workflow/work/9f/c6607b902998f64f110dbb38bd06aa/sHF171_bs0.75_rep1.fastq --out-dir /net/bmc-lab3/data/bcc/charliew/ont_flye/ont_flye_workflow/work/9f/c6607b902998f64f110dbb38bd06aa/sHF171_bs0.75_rep1.assembly/20-repeat --config /home/charliew/.conda/envs/flye_2.9.5/lib/python3.12/site-packages/flye/config/bin_cfg/asm_nano_hq.cfg --log /net/bmc-lab3/data/bcc/charliew/ont_flye/ont_flye_workflow/work/9f/c6607b902998f64f110dbb38bd06aa/sHF171_bs0.75_rep1.assembly/flye.log --threads 24 --min-ovlp 10000
[2025-07-24 08:59:15] DEBUG: Build date: Aug 30 2024 21:29:19
[2025-07-24 08:59:15] DEBUG: Total RAM: 376 Gb
[2025-07-24 08:59:15] DEBUG: Available RAM: 356 Gb
[2025-07-24 08:59:15] DEBUG: Total CPUs: 96
[2025-07-24 08:59:15] DEBUG: Loading /home/charliew/.conda/envs/flye_2.9.5/lib/python3.12/site-packages/flye/config/bin_cfg/asm_nano_hq.cfg
[2025-07-24 08:59:15] DEBUG: Loading /home/charliew/.conda/envs/flye_2.9.5/lib/python3.12/site-packages/flye/config/bin_cfg/asm_defaults.cfg
[2025-07-24 08:59:15] DEBUG: 	big_genome_threshold=29000000
[2025-07-24 08:59:15] DEBUG: 	meta_read_filter_kmer_freq=100
[2025-07-24 08:59:15] DEBUG: 	chain_large_gap_penalty=2
[2025-07-24 08:59:15] DEBUG: 	chain_small_gap_penalty=0.5
[2025-07-24 08:59:15] DEBUG: 	chain_gap_jump_threshold=100
[2025-07-24 08:59:15] DEBUG: 	max_jump_gap=500
[2025-07-24 08:59:15] DEBUG: 	max_coverage_drop_rate=5
[2025-07-24 08:59:15] DEBUG: 	max_extensions_drop_rate=5
[2025-07-24 08:59:15] DEBUG: 	chimera_window=100
[2025-07-24 08:59:15] DEBUG: 	chimera_overhang=1000
[2025-07-24 08:59:15] DEBUG: 	min_reads_in_disjointig=4
[2025-07-24 08:59:15] DEBUG: 	max_inner_reads=10
[2025-07-24 08:59:15] DEBUG: 	max_inner_fraction=0.25
[2025-07-24 08:59:15] DEBUG: 	aggressive_dup_filter=1
[2025-07-24 08:59:15] DEBUG: 	max_separation=500
[2025-07-24 08:59:15] DEBUG: 	unique_edge_length=50000
[2025-07-24 08:59:15] DEBUG: 	min_repeat_res_support=0.51
[2025-07-24 08:59:15] DEBUG: 	out_paths_ratio=5
[2025-07-24 08:59:15] DEBUG: 	graph_cov_drop_rate=5
[2025-07-24 08:59:15] DEBUG: 	coverage_estimate_window=100
[2025-07-24 08:59:15] DEBUG: 	max_bubble_length=50000
[2025-07-24 08:59:15] DEBUG: 	loop_coverage_rate=1.5
[2025-07-24 08:59:15] DEBUG: 	repeat_edge_cov_mult=1.75
[2025-07-24 08:59:15] DEBUG: 	weak_detach_rate=5
[2025-07-24 08:59:15] DEBUG: 	tip_coverage_rate=2
[2025-07-24 08:59:15] DEBUG: 	tip_length_rate=2
[2025-07-24 08:59:15] DEBUG: 	output_gfa_before_rr=1
[2025-07-24 08:59:15] DEBUG: 	remove_alt_edges=0
[2025-07-24 08:59:15] DEBUG: 	low_cutoff_warning=0
[2025-07-24 08:59:15] DEBUG: 	kmer_size=17
[2025-07-24 08:59:15] DEBUG: 	use_minimizers=1
[2025-07-24 08:59:15] DEBUG: 	minimizer_window=10
[2025-07-24 08:59:15] DEBUG: 	reads_base_alignment=1
[2025-07-24 08:59:15] DEBUG: 	meta_read_top_kmer_rate=0.75
[2025-07-24 08:59:15] DEBUG: 	maximum_jump=1500
[2025-07-24 08:59:15] DEBUG: 	maximum_overhang=1500
[2025-07-24 08:59:15] DEBUG: 	repeat_kmer_rate=100
[2025-07-24 08:59:15] DEBUG: 	assemble_ovlp_divergence=0.05
[2025-07-24 08:59:15] DEBUG: 	assemble_divergence_relative=1
[2025-07-24 08:59:15] DEBUG: 	repeat_graph_ovlp_divergence=0.05
[2025-07-24 08:59:15] DEBUG: 	read_align_ovlp_divergence=0.10
[2025-07-24 08:59:15] DEBUG: 	hpc_scoring_on=1
[2025-07-24 08:59:15] DEBUG: 	add_unassembled_reads=0
[2025-07-24 08:59:15] DEBUG: 	extend_contigs_with_repeats=0
[2025-07-24 08:59:15] DEBUG: 	min_read_cov_cutoff=3
[2025-07-24 08:59:15] DEBUG: 	short_tip_length=20000
[2025-07-24 08:59:15] DEBUG: 	long_tip_length=100000
[2025-07-24 08:59:15] DEBUG: Running with k-mer size: 17
[2025-07-24 08:59:15] DEBUG: Selected minimum overlap 10000
[2025-07-24 08:59:15] DEBUG: Metagenome mode: N
[2025-07-24 08:59:15] INFO: Parsing disjointigs
[2025-07-24 08:59:15] DEBUG: Building positional index
[2025-07-24 08:59:15] DEBUG: Total sequence: 9637736 bp
[2025-07-24 08:59:15] INFO: Building repeat graph
[2025-07-24 08:59:16] DEBUG: Mean k-mer frequency: 1.03819
[2025-07-24 08:59:16] DEBUG: Repetitive k-mer frequency: 103
[2025-07-24 08:59:16] DEBUG: Filtered 0 repetitive k-mers (0)
[2025-07-24 08:59:16] DEBUG: Sorting k-mer index
[2025-07-24 08:59:16] DEBUG: Selected k-mers: 1688401
[2025-07-24 08:59:16] DEBUG: K-mer index size: 1752885
[2025-07-24 08:59:16] DEBUG: Mean k-mer frequency: 1.03819
[2025-07-24 08:59:16] DEBUG: Minimizer rate: 5.49821
[2025-07-24 08:59:18] DEBUG: Computing transitive closure for overlaps
[2025-07-24 08:59:18] DEBUG: Found 340 overlaps
[2025-07-24 08:59:18] DEBUG: Left 136 overlaps after filtering
[2025-07-24 08:59:18] INFO: Median overlap divergence: 0.0497583
[2025-07-24 08:59:18] DEBUG: Sequence divergence distribution: 

    |*         |                                                                                         
    |*         |                                                                                         
    |*         |                                                                                         
    |*         |                                                                                         
    |*         |                                                                                         
    |*         |                                                                                         
    |*         |                                                                                         
    |*         |                                                                                         
    |*         |* *                                                                                      
    |*         |* *                                                                                      
    |*         |* *                                                                                      
    |*         |* *                                                                                      
    |*      *  |* *                                                                                      
    |*      *  |* *                                                                                      
    |*      *  |* *                                                                                      
    |*      *  |* *                                                                                      
    |**     * *** *                                                                                      
    |**     * *** *                                                                                      
    |**     * *** *                                                                                      
    |**     * *** *                                                                                      
    ----------------------------------------------------------------------------------------------------
    0%        5%        10%       15%       20%       25%       30%       35%       40%       45%       

    Q25 = 0, Q50 = 0.05, Q75 = 0.058

[2025-07-24 08:59:18] DEBUG: Computing gluepoints
[2025-07-24 08:59:18] DEBUG: Added 4 gluepoint projections
[2025-07-24 08:59:18] DEBUG: Added 0 gluepoint projections
[2025-07-24 08:59:18] DEBUG: Created 198 gluepoints
[2025-07-24 08:59:18] DEBUG: Artificial loops removed: 0 left, 0 right, 0 both
[2025-07-24 08:59:18] DEBUG: Initializing edges
[2025-07-24 08:59:18] DEBUG: Edges length checksum: 3464715436
[2025-07-24 08:59:18] DEBUG: Filtered 0 singleton segments
[2025-07-24 08:59:18] DEBUG: Removed 0 simple and 0 double chimeric junctions
[2025-07-24 08:59:18] DEBUG: Collapsed 2 edges
[2025-07-24 08:59:18] DEBUG: *	1	+disjointig_1	0	2883622	2883622	
[2025-07-24 08:59:18] DEBUG:  	2	+disjointig_1	2883622	2885631	2009	
[2025-07-24 08:59:18] DEBUG:  	5	+disjointig_1	2885631	2886235	604	
[2025-07-24 08:59:18] DEBUG:  	14	+disjointig_1	2886235	2892683	6448	
[2025-07-24 08:59:18] DEBUG:  	5	+disjointig_1	2892683	2893287	604	
[2025-07-24 08:59:18] DEBUG:  	14	+disjointig_1	2893287	2899734	6447	
[2025-07-24 08:59:18] DEBUG:  	5	+disjointig_1	2899734	2900338	604	
[2025-07-24 08:59:18] DEBUG:  	14	+disjointig_1	2900338	2906687	6349	
[2025-07-24 08:59:18] DEBUG:  	5	+disjointig_1	2906687	2907388	701	
[2025-07-24 08:59:18] DEBUG:  	14	+disjointig_1	2907388	2913560	6172	
[2025-07-24 08:59:18] DEBUG:  	5	+disjointig_1	2913560	2914440	880	
[2025-07-24 08:59:18] DEBUG:  	14	+disjointig_1	2914440	2920612	6172	
[2025-07-24 08:59:18] DEBUG:  	5	+disjointig_1	2920612	2921323	711	
[2025-07-24 08:59:18] DEBUG:  	14	+disjointig_1	2921323	2927662	6339	
[2025-07-24 08:59:18] DEBUG:  	5	+disjointig_1	2927662	2928374	712	
[2025-07-24 08:59:18] DEBUG:  	14	+disjointig_1	2928374	2934713	6339	
[2025-07-24 08:59:18] DEBUG:  	5	+disjointig_1	2934713	2935425	712	
[2025-07-24 08:59:18] DEBUG:  	14	+disjointig_1	2935425	2941943	6518	
[2025-07-24 08:59:18] DEBUG:  	5	+disjointig_1	2941943	2942476	533	
[2025-07-24 08:59:18] DEBUG:  	14	+disjointig_1	2942476	2948817	6341	
[2025-07-24 08:59:18] DEBUG: *	10	+disjointig_2	55654	193633	137979	
[2025-07-24 08:59:18] DEBUG: *	-15	+disjointig_2	193633	290861	97228	
[2025-07-24 08:59:18] DEBUG:  	12	+disjointig_2	290861	291795	934	
[2025-07-24 08:59:18] DEBUG:  	-13	+disjointig_2	291795	312377	20582	
[2025-07-24 08:59:18] DEBUG:  	12	+disjointig_2	312377	313311	934	
[2025-07-24 08:59:18] DEBUG:  	-13	+disjointig_2	313311	333893	20582	
[2025-07-24 08:59:18] DEBUG:  	12	+disjointig_2	333893	334827	934	
[2025-07-24 08:59:18] DEBUG: *	-3	+disjointig_2	334827	1916189	1581362	
[2025-07-24 08:59:18] DEBUG:  	2	+disjointig_2	1916189	1918347	2158	
[2025-07-24 08:59:18] DEBUG:  	5	+disjointig_2	1918347	1919005	658	
[2025-07-24 08:59:18] DEBUG:  	14	+disjointig_2	1919005	1925272	6267	
[2025-07-24 08:59:18] DEBUG:  	5	+disjointig_2	1925272	1925811	539	
[2025-07-24 08:59:18] DEBUG:  	14	+disjointig_2	1925811	1932120	6309	
[2025-07-24 08:59:18] DEBUG:  	5	+disjointig_2	1932120	1932845	725	
[2025-07-24 08:59:18] DEBUG:  	14	+disjointig_2	1932845	1939332	6487	
[2025-07-24 08:59:18] DEBUG:  	5	+disjointig_2	1939332	1939947	615	
[2025-07-24 08:59:18] DEBUG:  	14	+disjointig_2	1939947	1946188	6241	
[2025-07-24 08:59:18] DEBUG:  	5	+disjointig_2	1946188	1946981	793	
[2025-07-24 08:59:18] DEBUG:  	-5	+disjointig_3	4021	4814	793	
[2025-07-24 08:59:18] DEBUG:  	-14	+disjointig_3	4814	11053	6239	
[2025-07-24 08:59:18] DEBUG:  	-5	+disjointig_3	11053	11845	792	
[2025-07-24 08:59:18] DEBUG:  	-14	+disjointig_3	11845	18087	6242	
[2025-07-24 08:59:18] DEBUG:  	-5	+disjointig_3	18087	18879	792	
[2025-07-24 08:59:18] DEBUG:  	-14	+disjointig_3	18879	25185	6306	
[2025-07-24 08:59:18] DEBUG:  	-5	+disjointig_3	25185	25912	727	
[2025-07-24 08:59:18] DEBUG:  	-14	+disjointig_3	25912	31991	6079	
[2025-07-24 08:59:18] DEBUG:  	-5	+disjointig_3	31991	32649	658	
[2025-07-24 08:59:18] DEBUG:  	-14	+disjointig_3	32649	39066	6417	
[2025-07-24 08:59:18] DEBUG:  	-5	+disjointig_3	39066	40675	1609	
[2025-07-24 08:59:18] DEBUG:  	-14	+disjointig_3	40675	47110	6435	
[2025-07-24 08:59:18] DEBUG:  	-5	+disjointig_3	47110	47726	616	
[2025-07-24 08:59:18] DEBUG: *	8	+disjointig_3	47726	2302422	2254696	
[2025-07-24 08:59:18] DEBUG:  	-5	+disjointig_4	4200	4930	730	
[2025-07-24 08:59:18] DEBUG:  	-14	+disjointig_4	4930	11134	6204	
[2025-07-24 08:59:18] DEBUG:  	-5	+disjointig_4	11134	11930	796	
[2025-07-24 08:59:18] DEBUG:  	-14	+disjointig_4	11930	18229	6299	
[2025-07-24 08:59:18] DEBUG:  	-5	+disjointig_4	18229	18765	536	
[2025-07-24 08:59:18] DEBUG:  	-14	+disjointig_4	18765	24983	6218	
[2025-07-24 08:59:18] DEBUG:  	-5	+disjointig_4	24983	25750	767	
[2025-07-24 08:59:18] DEBUG:  	-14	+disjointig_4	25750	31974	6224	
[2025-07-24 08:59:18] DEBUG:  	-5	+disjointig_4	31974	32604	630	
[2025-07-24 08:59:18] DEBUG:  	-14	+disjointig_4	32604	38996	6392	
[2025-07-24 08:59:18] DEBUG:  	-5	+disjointig_4	38996	39662	666	
[2025-07-24 08:59:18] DEBUG:  	-2	+disjointig_4	39662	41870	2208	
[2025-07-24 08:59:18] DEBUG: *	4	+disjointig_4	41870	2434847	2392977	
[2025-07-24 08:59:18] DEBUG: Total edges: 15
[2025-07-24 08:59:18] INFO: Parsing reads
[2025-07-24 08:59:24] DEBUG: Building positional index
[2025-07-24 08:59:24] DEBUG: Total sequence: 2545189900 bp
[2025-07-24 08:59:24] DEBUG: Building positional index
[2025-07-24 08:59:24] DEBUG: Total sequence: 9569192 bp
[2025-07-24 08:59:24] INFO: Aligning reads to the graph
[2025-07-24 08:59:25] DEBUG: Mean k-mer frequency: 1.03086
[2025-07-24 08:59:25] DEBUG: Repetitive k-mer frequency: 103
[2025-07-24 08:59:25] DEBUG: Filtered 0 repetitive k-mers (0)
[2025-07-24 08:59:25] DEBUG: Sorting k-mer index
[2025-07-24 08:59:25] DEBUG: Selected k-mers: 1688132
[2025-07-24 08:59:25] DEBUG: K-mer index size: 1740233
[2025-07-24 08:59:25] DEBUG: Mean k-mer frequency: 1.03086
[2025-07-24 08:59:25] DEBUG: Minimizer rate: 5.4988
[2025-07-24 09:00:24] DEBUG: Total reads : 61957
[2025-07-24 09:00:24] DEBUG: Read with aligned parts : 48619
[2025-07-24 09:00:24] DEBUG: Aligned in one piece : 45541
[2025-07-24 09:00:24] INFO: Aligned read sequence: 1978801925 / 2545189900 (0.777467)
[2025-07-24 09:00:24] INFO: Median overlap divergence: 0.0139115
[2025-07-24 09:00:24] DEBUG: Sequence divergence distribution: 

    |  *                 |                                                                               
    |  *                 |                                                                               
    |  *                 |                                                                               
    |  *                 |                                                                               
    |  *                 |                                                                               
    |  *                 |                                                                               
    |  *                 |                                                                               
    |  *                 |                                                                               
    |  *                 |                                                                               
    |  *                 |                                                                               
    |  *                 |                                                                               
    |  **                |                                                                               
    | ***                |                                                                               
    | ***                |                                                                               
    | ***                |                                                                               
    | ***                |                                                                               
    | ****               |                                                                               
    | *****              |                                                                               
    | ******             |                                                                               
    |***************************************** * **                                                      
    ----------------------------------------------------------------------------------------------------
    0%        5%        10%       15%       20%       25%       30%       35%       40%       45%       

    Q25 = 0.011, Q50 = 0.014, Q75 = 0.021

[2025-07-24 09:00:24] INFO: Mean edge coverage: 210
[2025-07-24 09:00:24] DEBUG: 1	len:2883622	cov:209	mult:0.995238
[2025-07-24 09:00:24] DEBUG: -1	len:2883622	cov:209	mult:0.995238
[2025-07-24 09:00:24] DEBUG: 2	len:2125	cov:416	mult:1.98095
[2025-07-24 09:00:24] DEBUG: -2	len:2125	cov:416	mult:1.98095
[2025-07-24 09:00:24] DEBUG: 3	len:1581362	cov:213	mult:1.01429
[2025-07-24 09:00:24] DEBUG: -3	len:1581362	cov:213	mult:1.01429
[2025-07-24 09:00:24] DEBUG: 4	len:2392977	cov:209	mult:0.995238
[2025-07-24 09:00:24] DEBUG: -4	len:2392977	cov:209	mult:0.995238
[2025-07-24 09:00:24] DEBUG: 5	len:696	cov:3557	mult:16.9381
[2025-07-24 09:00:24] DEBUG: -5	len:696	cov:3557	mult:16.9381
[2025-07-24 09:00:24] DEBUG: 8	len:2254696	cov:210	mult:1
[2025-07-24 09:00:24] DEBUG: -8	len:2254696	cov:210	mult:1
[2025-07-24 09:00:24] DEBUG: 10	len:137979	cov:162	mult:0.771429
[2025-07-24 09:00:24] DEBUG: -10	len:137979	cov:162	mult:0.771429
[2025-07-24 09:00:24] DEBUG: 12	len:934	cov:539	mult:2.56667
[2025-07-24 09:00:24] DEBUG: -12	len:934	cov:539	mult:2.56667
[2025-07-24 09:00:24] DEBUG: 13	len:20582	cov:372	mult:1.77143
[2025-07-24 09:00:24] DEBUG: -13	len:20582	cov:372	mult:1.77143
[2025-07-24 09:00:24] DEBUG: 14	len:6311	cov:3047	mult:14.5095
[2025-07-24 09:00:24] DEBUG: -14	len:6311	cov:3047	mult:14.5095
[2025-07-24 09:00:24] DEBUG: 15	len:97228	cov:222	mult:1.05714
[2025-07-24 09:00:24] DEBUG: -15	len:97228	cov:222	mult:1.05714
[2025-07-24 09:00:24] DEBUG: Unique coverage threshold 372
[2025-07-24 09:00:24] INFO: Simplifying the graph
[2025-07-24 09:00:24] DEBUG: Read coverage cutoff: 42
[2025-07-24 09:00:24] DEBUG: [SIMPL] Removed 0 paths with low coverage
[2025-07-24 09:00:24] DEBUG: [SIMPL] Masked 0 heterozygous loops
[2025-07-24 09:00:24] DEBUG: [SIMPL] Masked 0 simple bubbles
[2025-07-24 09:00:24] DEBUG: Finding repeats
[2025-07-24 09:00:24] DEBUG: Read coverage cutoff: 42
[2025-07-24 09:00:24] DEBUG: High-cov: 2	2125	416
[2025-07-24 09:00:24] DEBUG: High-cov: 5	696	3557
[2025-07-24 09:00:24] DEBUG: Short-loop: 5
[2025-07-24 09:00:24] DEBUG: High-cov: 12	934	539
[2025-07-24 09:00:24] DEBUG: Tandem: 13
[2025-07-24 09:00:24] DEBUG: High-cov: 14	6311	3047
[2025-07-24 09:00:24] DEBUG: Repeat detection iteration 1
[2025-07-24 09:00:24] DEBUG: Starting 15 aln:495
[2025-07-24 09:00:24] DEBUG: 	      -10	num:181	flank:36497	span:8
[2025-07-24 09:00:24] DEBUG: 	      10	num:143	flank:35862	span:7
[2025-07-24 09:00:24] DEBUG: Mult: 15	97228	222	 (0,1)
[2025-07-24 09:00:24] DEBUG: Writing Dot
[2025-07-24 09:00:24] DEBUG: Writing FASTA
[2025-07-24 09:00:24] DEBUG: Writing Gfa
[2025-07-24 09:00:24] DEBUG: [SIMPL] == Iteration 1 ==
[2025-07-24 09:00:24] DEBUG: Splitting nodes
[2025-07-24 09:00:24] DEBUG: [SIMPL] Split 0 nodes
[2025-07-24 09:00:24] DEBUG: [SIMPL] Clipped 0 short and 0 long tips
[2025-07-24 09:00:24] DEBUG: [SIMPL] Masked 0 heterozygous loops
[2025-07-24 09:00:24] DEBUG: [SIMPL] Masked 0 simple bubbles
[2025-07-24 09:00:24] DEBUG: Finding repeats
[2025-07-24 09:00:24] DEBUG: Read coverage cutoff: 42
[2025-07-24 09:00:24] DEBUG: High-cov: 2	2125	416
[2025-07-24 09:00:24] DEBUG: High-cov: 5	696	3557
[2025-07-24 09:00:24] DEBUG: Short-loop: 5
[2025-07-24 09:00:24] DEBUG: High-cov: 12	934	539
[2025-07-24 09:00:24] DEBUG: Tandem: 13
[2025-07-24 09:00:24] DEBUG: High-cov: 14	6311	3047
[2025-07-24 09:00:24] DEBUG: Repeat detection iteration 1
[2025-07-24 09:00:24] DEBUG: Starting 15 aln:495
[2025-07-24 09:00:24] DEBUG: 	      -10	num:181	flank:36497	span:8
[2025-07-24 09:00:24] DEBUG: 	      10	num:143	flank:35862	span:7
[2025-07-24 09:00:24] DEBUG: Mult: 15	97228	222	 (0,1)
[2025-07-24 09:00:24] DEBUG: Total unique edges: 5
[2025-07-24 09:00:24] DEBUG: [SIMPL] Resolved repeats: 0
[2025-07-24 09:00:24] DEBUG: RR links: 0
[2025-07-24 09:00:24] DEBUG: Unresolved: 0
[2025-07-24 09:00:24] DEBUG: Removed 0 simple and 0 double chimeric junctions
[2025-07-24 09:00:24] DEBUG: [SIMPL] Collapsed 0 haplotypes
[2025-07-24 09:00:24] DEBUG: [SIMPL] Resolved 0 simple repeats
[2025-07-24 09:00:24] DEBUG: Read coverage cutoff: 42
[2025-07-24 09:00:24] DEBUG: [SIMPL] Removed 0 paths with low coverage
[2025-07-24 09:00:24] DEBUG: Finding repeats
[2025-07-24 09:00:24] DEBUG: Read coverage cutoff: 42
[2025-07-24 09:00:24] DEBUG: High-cov: 2	2125	416
[2025-07-24 09:00:24] DEBUG: High-cov: 5	696	3557
[2025-07-24 09:00:24] DEBUG: Short-loop: 5
[2025-07-24 09:00:24] DEBUG: High-cov: 12	934	539
[2025-07-24 09:00:24] DEBUG: Tandem: 13
[2025-07-24 09:00:24] DEBUG: High-cov: 14	6311	3047
[2025-07-24 09:00:24] DEBUG: Repeat detection iteration 1
[2025-07-24 09:00:24] DEBUG: Starting 15 aln:495
[2025-07-24 09:00:24] DEBUG: 	      -10	num:181	flank:36497	span:8
[2025-07-24 09:00:24] DEBUG: 	      10	num:143	flank:35862	span:7
[2025-07-24 09:00:24] DEBUG: Mult: 15	97228	222	 (0,1)
[2025-07-24 09:00:24] DEBUG: Fixed: 15	97228	222
[2025-07-24 09:00:24] DEBUG: Writing Dot
[2025-07-24 09:00:25] DEBUG: Writing FASTA
[2025-07-24 09:00:25] DEBUG: Peak RAM usage: 1 Gb
-----------End assembly log------------
[2025-07-24 09:00:25] root: INFO: >>>STAGE: contigger
[2025-07-24 09:00:25] root: INFO: Generating contigs
[2025-07-24 09:00:25] root: DEBUG: -----Begin contigger analyser log------
[2025-07-24 09:00:25] root: DEBUG: Running: flye-modules contigger --graph-edges /net/bmc-lab3/data/bcc/charliew/ont_flye/ont_flye_workflow/work/9f/c6607b902998f64f110dbb38bd06aa/sHF171_bs0.75_rep1.assembly/20-repeat/repeat_graph_edges.fasta --reads /net/bmc-lab3/data/bcc/charliew/ont_flye/ont_flye_workflow/work/9f/c6607b902998f64f110dbb38bd06aa/sHF171_bs0.75_rep1.fastq --out-dir /net/bmc-lab3/data/bcc/charliew/ont_flye/ont_flye_workflow/work/9f/c6607b902998f64f110dbb38bd06aa/sHF171_bs0.75_rep1.assembly/30-contigger --config /home/charliew/.conda/envs/flye_2.9.5/lib/python3.12/site-packages/flye/config/bin_cfg/asm_nano_hq.cfg --repeat-graph /net/bmc-lab3/data/bcc/charliew/ont_flye/ont_flye_workflow/work/9f/c6607b902998f64f110dbb38bd06aa/sHF171_bs0.75_rep1.assembly/20-repeat/repeat_graph_dump --graph-aln /net/bmc-lab3/data/bcc/charliew/ont_flye/ont_flye_workflow/work/9f/c6607b902998f64f110dbb38bd06aa/sHF171_bs0.75_rep1.assembly/20-repeat/read_alignment_dump --log /net/bmc-lab3/data/bcc/charliew/ont_flye/ont_flye_workflow/work/9f/c6607b902998f64f110dbb38bd06aa/sHF171_bs0.75_rep1.assembly/flye.log --threads 24 --min-ovlp 10000
[2025-07-24 09:00:25] DEBUG: Build date: Aug 30 2024 21:29:44
[2025-07-24 09:00:25] DEBUG: Total RAM: 376 Gb
[2025-07-24 09:00:25] DEBUG: Available RAM: 353 Gb
[2025-07-24 09:00:25] DEBUG: Total CPUs: 96
[2025-07-24 09:00:25] DEBUG: Loading /home/charliew/.conda/envs/flye_2.9.5/lib/python3.12/site-packages/flye/config/bin_cfg/asm_nano_hq.cfg
[2025-07-24 09:00:25] DEBUG: Loading /home/charliew/.conda/envs/flye_2.9.5/lib/python3.12/site-packages/flye/config/bin_cfg/asm_defaults.cfg
[2025-07-24 09:00:25] DEBUG: 	big_genome_threshold=29000000
[2025-07-24 09:00:25] DEBUG: 	meta_read_filter_kmer_freq=100
[2025-07-24 09:00:25] DEBUG: 	chain_large_gap_penalty=2
[2025-07-24 09:00:25] DEBUG: 	chain_small_gap_penalty=0.5
[2025-07-24 09:00:25] DEBUG: 	chain_gap_jump_threshold=100
[2025-07-24 09:00:25] DEBUG: 	max_jump_gap=500
[2025-07-24 09:00:25] DEBUG: 	max_coverage_drop_rate=5
[2025-07-24 09:00:25] DEBUG: 	max_extensions_drop_rate=5
[2025-07-24 09:00:25] DEBUG: 	chimera_window=100
[2025-07-24 09:00:25] DEBUG: 	chimera_overhang=1000
[2025-07-24 09:00:25] DEBUG: 	min_reads_in_disjointig=4
[2025-07-24 09:00:25] DEBUG: 	max_inner_reads=10
[2025-07-24 09:00:25] DEBUG: 	max_inner_fraction=0.25
[2025-07-24 09:00:25] DEBUG: 	aggressive_dup_filter=1
[2025-07-24 09:00:25] DEBUG: 	max_separation=500
[2025-07-24 09:00:25] DEBUG: 	unique_edge_length=50000
[2025-07-24 09:00:25] DEBUG: 	min_repeat_res_support=0.51
[2025-07-24 09:00:25] DEBUG: 	out_paths_ratio=5
[2025-07-24 09:00:25] DEBUG: 	graph_cov_drop_rate=5
[2025-07-24 09:00:25] DEBUG: 	coverage_estimate_window=100
[2025-07-24 09:00:25] DEBUG: 	max_bubble_length=50000
[2025-07-24 09:00:25] DEBUG: 	loop_coverage_rate=1.5
[2025-07-24 09:00:25] DEBUG: 	repeat_edge_cov_mult=1.75
[2025-07-24 09:00:25] DEBUG: 	weak_detach_rate=5
[2025-07-24 09:00:25] DEBUG: 	tip_coverage_rate=2
[2025-07-24 09:00:25] DEBUG: 	tip_length_rate=2
[2025-07-24 09:00:25] DEBUG: 	output_gfa_before_rr=1
[2025-07-24 09:00:25] DEBUG: 	remove_alt_edges=0
[2025-07-24 09:00:25] DEBUG: 	low_cutoff_warning=0
[2025-07-24 09:00:25] DEBUG: 	kmer_size=17
[2025-07-24 09:00:25] DEBUG: 	use_minimizers=1
[2025-07-24 09:00:25] DEBUG: 	minimizer_window=10
[2025-07-24 09:00:25] DEBUG: 	reads_base_alignment=1
[2025-07-24 09:00:25] DEBUG: 	meta_read_top_kmer_rate=0.75
[2025-07-24 09:00:25] DEBUG: 	maximum_jump=1500
[2025-07-24 09:00:25] DEBUG: 	maximum_overhang=1500
[2025-07-24 09:00:25] DEBUG: 	repeat_kmer_rate=100
[2025-07-24 09:00:25] DEBUG: 	assemble_ovlp_divergence=0.05
[2025-07-24 09:00:25] DEBUG: 	assemble_divergence_relative=1
[2025-07-24 09:00:25] DEBUG: 	repeat_graph_ovlp_divergence=0.05
[2025-07-24 09:00:25] DEBUG: 	read_align_ovlp_divergence=0.10
[2025-07-24 09:00:25] DEBUG: 	hpc_scoring_on=1
[2025-07-24 09:00:25] DEBUG: 	add_unassembled_reads=0
[2025-07-24 09:00:25] DEBUG: 	extend_contigs_with_repeats=0
[2025-07-24 09:00:25] DEBUG: 	min_read_cov_cutoff=3
[2025-07-24 09:00:25] DEBUG: 	short_tip_length=20000
[2025-07-24 09:00:25] DEBUG: 	long_tip_length=100000
[2025-07-24 09:00:25] DEBUG: Running with k-mer size: 17
[2025-07-24 09:00:25] DEBUG: Selected minimum overlap 10000
[2025-07-24 09:00:25] INFO: Reading sequences
[2025-07-24 09:00:31] DEBUG: Building positional index
[2025-07-24 09:00:31] DEBUG: Total sequence: 2545189900 bp
[2025-07-24 09:00:32] DEBUG: Flipped 0
[2025-07-24 09:00:32] DEBUG: UPath 1: 1
[2025-07-24 09:00:32] DEBUG: UPath 2: 2
[2025-07-24 09:00:32] DEBUG: UPath 3: 3
[2025-07-24 09:00:32] DEBUG: UPath 4: 4
[2025-07-24 09:00:32] DEBUG: UPath 5: 5
[2025-07-24 09:00:32] DEBUG: UPath 6: 8
[2025-07-24 09:00:32] DEBUG: UPath 7: 10
[2025-07-24 09:00:32] DEBUG: UPath 8: 12
[2025-07-24 09:00:32] DEBUG: UPath 9: 13
[2025-07-24 09:00:32] DEBUG: UPath 10: 14
[2025-07-24 09:00:32] DEBUG: UPath 11: 15
[2025-07-24 09:00:32] DEBUG: Final graph contains 11 egdes
[2025-07-24 09:00:32] DEBUG: Extending contigs into repeats
[2025-07-24 09:00:32] DEBUG: Covered 5 repetitive contigs
[2025-07-24 09:00:32] INFO: Generated 6 contigs
[2025-07-24 09:00:32] DEBUG: Writing FASTA
[2025-07-24 09:00:32] DEBUG: Generating scaffold connections
[2025-07-24 09:00:32] INFO: Added 1 scaffold connections
[2025-07-24 09:00:32] DEBUG: Writing Dot
[2025-07-24 09:00:32] DEBUG: Writing FASTA
[2025-07-24 09:00:32] DEBUG: Writing Gfa
[2025-07-24 09:00:32] DEBUG: Peak RAM usage: 0 Gb
-----------End assembly log------------
[2025-07-24 09:00:32] root: INFO: >>>STAGE: polishing
[2025-07-24 09:00:32] root: INFO: Polishing genome (1/1)
[2025-07-24 09:00:32] root: INFO: Running minimap2
[2025-07-24 09:01:41] root: INFO: Separating alignment into bubbles
[2025-07-24 09:05:03] root: DEBUG: Generated 631257 bubbles
[2025-07-24 09:05:03] root: DEBUG: Split 8 long bubbles
[2025-07-24 09:05:03] root: DEBUG: Skipped 1 empty bubbles
[2025-07-24 09:05:03] root: DEBUG: Skipped 0 bubbles with long branches
[2025-07-24 09:05:03] root: INFO: Alignment error rate: 0.026613
[2025-07-24 09:05:03] root: INFO: Correcting bubbles
[2025-07-24 09:05:33] root: DEBUG: Mean contig coverage: 212, selected threshold: 42
[2025-07-24 09:05:33] root: DEBUG: Filtered 0 contigs of total length 0
[2025-07-24 09:05:33] root: DEBUG: Generating polished GFA
[2025-07-24 09:05:37] root: DEBUG: 0 sequences remained unpolished
[2025-07-24 09:05:37] root: INFO: >>>STAGE: finalize
[2025-07-24 09:05:37] root: DEBUG: ---Output dir contents:----
[2025-07-24 09:05:37] root: DEBUG: sHF171_bs0.75_rep1.assembly/
[2025-07-24 09:05:37] root: DEBUG:     43.0 K      flye.log
[2025-07-24 09:05:37] root: DEBUG:     93.0 B      params.json
[2025-07-24 09:05:37] root: DEBUG:     1.0 K       assembly_graph.gv
[2025-07-24 09:05:37] root: DEBUG:     8.0 M       assembly_graph.gfa
[2025-07-24 09:05:37] root: DEBUG:     9.0 M       assembly.fasta
[2025-07-24 09:05:37] root: DEBUG:     00-assembly/
[2025-07-24 09:05:37] root: DEBUG:         9.0 M       draft_assembly.fasta
[2025-07-24 09:05:37] root: DEBUG:         135.0 B     draft_assembly.fasta.fai
[2025-07-24 09:05:37] root: DEBUG:     10-consensus/
[2025-07-24 09:05:37] root: DEBUG:         1.0 K       minimap.stderr
[2025-07-24 09:05:37] root: DEBUG:         150.0 K     minimap.bam.bai
[2025-07-24 09:05:37] root: DEBUG:         9.0 M       consensus.fasta
[2025-07-24 09:05:37] root: DEBUG:     20-repeat/
[2025-07-24 09:05:37] root: DEBUG:         1.0 K       graph_before_rr.gv
[2025-07-24 09:05:37] root: DEBUG:         9.0 M       graph_before_rr.fasta
[2025-07-24 09:05:37] root: DEBUG:         8.0 M       graph_before_rr.gfa
[2025-07-24 09:05:37] root: DEBUG:         1.0 K       graph_after_rr.gv
[2025-07-24 09:05:37] root: DEBUG:         10.0 K      repeat_graph_dump
[2025-07-24 09:05:37] root: DEBUG:         16.0 M      read_alignment_dump
[2025-07-24 09:05:37] root: DEBUG:         9.0 M       repeat_graph_edges.fasta
[2025-07-24 09:05:37] root: DEBUG:     30-contigger/
[2025-07-24 09:05:37] root: DEBUG:         9.0 M       contigs.fasta
[2025-07-24 09:05:37] root: DEBUG:         475.0 B     contigs_stats.txt
[2025-07-24 09:05:37] root: DEBUG:         23.0 B      scaffolds_links.txt
[2025-07-24 09:05:37] root: DEBUG:         1.0 K       graph_final.gv
[2025-07-24 09:05:37] root: DEBUG:         9.0 M       graph_final.fasta
[2025-07-24 09:05:37] root: DEBUG:         8.0 M       graph_final.gfa
[2025-07-24 09:05:37] root: DEBUG:         179.0 B     contigs.fasta.fai
[2025-07-24 09:05:37] root: DEBUG:     40-polishing/
[2025-07-24 09:05:37] root: DEBUG:         1.0 K       minimap.stderr
[2025-07-24 09:05:37] root: DEBUG:         151.0 K     minimap_1.bam.bai
[2025-07-24 09:05:37] root: DEBUG:         150.0 B     contigs_stats.txt
[2025-07-24 09:05:37] root: DEBUG:         3.0 M       base_coverage.bed.gz
[2025-07-24 09:05:37] root: DEBUG:         9.0 M       filtered_contigs.fasta
[2025-07-24 09:05:37] root: DEBUG:         150.0 B     filtered_stats.txt
[2025-07-24 09:05:37] root: DEBUG:         179.0 B     filtered_contigs.fasta.fai
[2025-07-24 09:05:37] root: DEBUG:         5.0 K       edges_aln.bam.bai
[2025-07-24 09:05:37] root: DEBUG:         8.0 M       polished_edges.gfa
[2025-07-24 09:05:37] root: DEBUG: --------------------------
[2025-07-24 09:05:37] root: INFO: Assembly statistics:

	Total length:	9558094
	Fragments:	6
	Fragments N50:	2407920
	Largest frg:	2936428
	Scaffolds:	0
	Mean coverage:	212

[2025-07-24 09:05:37] root: INFO: Final assembly: /net/bmc-lab3/data/bcc/charliew/ont_flye/ont_flye_workflow/work/9f/c6607b902998f64f110dbb38bd06aa/sHF171_bs0.75_rep1.assembly/assembly.fasta
