[2025-07-14 05:46:18] root: INFO: Starting Flye 2.9.5-b1801
[2025-07-14 05:46:18] root: DEBUG: Cmd: /net/ostrom/data/bcc/charliew/.conda/envs/flye_2.9.5/bin/flye --nano-hq sHF171_30k_40k.fastq --threads 24 --genome-size 10m --out-dir sHF171_30k_40k.assembly
[2025-07-14 05:46:18] root: DEBUG: Python version: 3.12.5 | packaged by conda-forge | (main, Aug  8 2024, 18:36:51) [GCC 12.4.0]
[2025-07-14 05:46:18] root: INFO: >>>STAGE: configure
[2025-07-14 05:46:18] root: INFO: Configuring run
[2025-07-14 05:46:22] root: INFO: Total read length: 1673768419
[2025-07-14 05:46:22] root: INFO: Input genome size: 10000000
[2025-07-14 05:46:22] root: INFO: Estimated coverage: 167
[2025-07-14 05:46:22] root: INFO: Reads N50/N90: 34330 / 30780
[2025-07-14 05:46:22] root: INFO: Minimum overlap set to 10000
[2025-07-14 05:46:22] root: INFO: >>>STAGE: assembly
[2025-07-14 05:46:22] root: INFO: Assembling disjointigs
[2025-07-14 05:46:22] root: DEBUG: -----Begin assembly log------
[2025-07-14 05:46:22] root: DEBUG: Running: flye-modules assemble --reads /net/bmc-lab3/data/bcc/charliew/ont_flye/ont_flye_workflow/work/29/d80a7e3b02c8efbe7a4803f3ce33dc/sHF171_30k_40k.fastq --out-asm /net/bmc-lab3/data/bcc/charliew/ont_flye/ont_flye_workflow/work/29/d80a7e3b02c8efbe7a4803f3ce33dc/sHF171_30k_40k.assembly/00-assembly/draft_assembly.fasta --config /home/charliew/.conda/envs/flye_2.9.5/lib/python3.12/site-packages/flye/config/bin_cfg/asm_nano_hq.cfg --log /net/bmc-lab3/data/bcc/charliew/ont_flye/ont_flye_workflow/work/29/d80a7e3b02c8efbe7a4803f3ce33dc/sHF171_30k_40k.assembly/flye.log --threads 24 --genome-size 10000000 --min-ovlp 10000
[2025-07-14 05:46:22] DEBUG: Build date: Aug 30 2024 21:28:54
[2025-07-14 05:46:22] DEBUG: Total RAM: 376 Gb
[2025-07-14 05:46:22] DEBUG: Available RAM: 362 Gb
[2025-07-14 05:46:22] DEBUG: Total CPUs: 96
[2025-07-14 05:46:22] DEBUG: Loading /home/charliew/.conda/envs/flye_2.9.5/lib/python3.12/site-packages/flye/config/bin_cfg/asm_nano_hq.cfg
[2025-07-14 05:46:22] DEBUG: Loading /home/charliew/.conda/envs/flye_2.9.5/lib/python3.12/site-packages/flye/config/bin_cfg/asm_defaults.cfg
[2025-07-14 05:46:22] DEBUG: 	big_genome_threshold=29000000
[2025-07-14 05:46:22] DEBUG: 	meta_read_filter_kmer_freq=100
[2025-07-14 05:46:22] DEBUG: 	chain_large_gap_penalty=2
[2025-07-14 05:46:22] DEBUG: 	chain_small_gap_penalty=0.5
[2025-07-14 05:46:22] DEBUG: 	chain_gap_jump_threshold=100
[2025-07-14 05:46:22] DEBUG: 	max_jump_gap=500
[2025-07-14 05:46:22] DEBUG: 	max_coverage_drop_rate=5
[2025-07-14 05:46:22] DEBUG: 	max_extensions_drop_rate=5
[2025-07-14 05:46:22] DEBUG: 	chimera_window=100
[2025-07-14 05:46:22] DEBUG: 	chimera_overhang=1000
[2025-07-14 05:46:22] DEBUG: 	min_reads_in_disjointig=4
[2025-07-14 05:46:22] DEBUG: 	max_inner_reads=10
[2025-07-14 05:46:22] DEBUG: 	max_inner_fraction=0.25
[2025-07-14 05:46:22] DEBUG: 	aggressive_dup_filter=1
[2025-07-14 05:46:22] DEBUG: 	max_separation=500
[2025-07-14 05:46:22] DEBUG: 	unique_edge_length=50000
[2025-07-14 05:46:22] DEBUG: 	min_repeat_res_support=0.51
[2025-07-14 05:46:22] DEBUG: 	out_paths_ratio=5
[2025-07-14 05:46:22] DEBUG: 	graph_cov_drop_rate=5
[2025-07-14 05:46:22] DEBUG: 	coverage_estimate_window=100
[2025-07-14 05:46:22] DEBUG: 	max_bubble_length=50000
[2025-07-14 05:46:22] DEBUG: 	loop_coverage_rate=1.5
[2025-07-14 05:46:22] DEBUG: 	repeat_edge_cov_mult=1.75
[2025-07-14 05:46:22] DEBUG: 	weak_detach_rate=5
[2025-07-14 05:46:22] DEBUG: 	tip_coverage_rate=2
[2025-07-14 05:46:22] DEBUG: 	tip_length_rate=2
[2025-07-14 05:46:22] DEBUG: 	output_gfa_before_rr=1
[2025-07-14 05:46:22] DEBUG: 	remove_alt_edges=0
[2025-07-14 05:46:22] DEBUG: 	low_cutoff_warning=0
[2025-07-14 05:46:22] DEBUG: 	kmer_size=17
[2025-07-14 05:46:22] DEBUG: 	use_minimizers=1
[2025-07-14 05:46:22] DEBUG: 	minimizer_window=10
[2025-07-14 05:46:22] DEBUG: 	reads_base_alignment=1
[2025-07-14 05:46:22] DEBUG: 	meta_read_top_kmer_rate=0.75
[2025-07-14 05:46:22] DEBUG: 	maximum_jump=1500
[2025-07-14 05:46:22] DEBUG: 	maximum_overhang=1500
[2025-07-14 05:46:22] DEBUG: 	repeat_kmer_rate=100
[2025-07-14 05:46:22] DEBUG: 	assemble_ovlp_divergence=0.05
[2025-07-14 05:46:22] DEBUG: 	assemble_divergence_relative=1
[2025-07-14 05:46:22] DEBUG: 	repeat_graph_ovlp_divergence=0.05
[2025-07-14 05:46:22] DEBUG: 	read_align_ovlp_divergence=0.10
[2025-07-14 05:46:22] DEBUG: 	hpc_scoring_on=1
[2025-07-14 05:46:22] DEBUG: 	add_unassembled_reads=0
[2025-07-14 05:46:22] DEBUG: 	extend_contigs_with_repeats=0
[2025-07-14 05:46:22] DEBUG: 	min_read_cov_cutoff=3
[2025-07-14 05:46:22] DEBUG: 	short_tip_length=20000
[2025-07-14 05:46:22] DEBUG: 	long_tip_length=100000
[2025-07-14 05:46:22] DEBUG: Running with k-mer size: 17
[2025-07-14 05:46:22] DEBUG: Running with minimum overlap 10000
[2025-07-14 05:46:22] DEBUG: Metagenome mode: N
[2025-07-14 05:46:22] DEBUG: Short mode: N
[2025-07-14 05:46:22] INFO: Reading sequences
[2025-07-14 05:46:27] DEBUG: Building positional index
[2025-07-14 05:46:27] DEBUG: Total sequence: 1673768419 bp
[2025-07-14 05:46:27] INFO: Building minimizer index
[2025-07-14 05:46:27] INFO: Pre-calculating index storage
[2025-07-14 05:46:36] DEBUG: Mean k-mer frequency: 8.54364
[2025-07-14 05:46:36] DEBUG: Repetitive k-mer frequency: 854
[2025-07-14 05:46:36] DEBUG: Filtered 62842562 repetitive k-mers (0.207139)
[2025-07-14 05:46:37] INFO: Filling index
[2025-07-14 05:46:43] DEBUG: Sorting k-mer index
[2025-07-14 05:46:45] DEBUG: Selected k-mers: 35501703
[2025-07-14 05:46:45] DEBUG: K-mer index size: 240541485
[2025-07-14 05:46:45] DEBUG: Mean k-mer frequency: 6.77549
[2025-07-14 05:46:45] DEBUG: Minimizer rate: 6.95834
[2025-07-14 05:46:45] DEBUG: Peak RAM usage: 3 Gb
[2025-07-14 05:46:45] DEBUG: Estimating k-mer identity bias
[2025-07-14 05:47:17] DEBUG: Initial divergence estimate : 0.0332732
[2025-07-14 05:47:17] DEBUG: Relative threshold: Y
[2025-07-14 05:47:17] DEBUG: Max divergence threshold set to 0.0832732
[2025-07-14 05:47:17] INFO: Extending reads
[2025-07-14 05:47:17] DEBUG: Estimating overlap coverage
[2025-07-14 05:59:24] INFO: Overlap-based coverage: 122
[2025-07-14 05:59:24] INFO: Median overlap divergence: 0.0362033
[2025-07-14 05:59:24] DEBUG: Sequence divergence distribution: 

    |    *           |                                                                                   
    |    *           |                                                                                   
    |    *           |                                                                                   
    |    *           |                                                                                   
    |    *           |                                                                                   
    |    **          |                                                                                   
    |    **          |                                                                                   
    |    **          |                                                                                   
    |    **          |                                                                                   
    |    **          |                                                                                   
    |    ***         |                                                                                   
    |   ****         |                                                                                   
    |   *****        |                                                                                   
    |   *****        |                                                                                   
    |   ******       |                                                                                   
    |   ********     |                                                                                   
    |   ***********  | *                                                                                 
    |   ******************                                                                               
    |  *********************                                                                             
    | ************************************** *     * *      **                                           
    ----------------------------------------------------------------------------------------------------
    0%        5%        10%       15%       20%       25%       30%       35%       40%       45%       

    Q25 = 0.024, Q50 = 0.036, Q75 = 0.068

[2025-07-14 06:01:34] DEBUG: Assembled disjointig 1
	With 802 reads
	Start read: +4bb5e414-a9a8-4192-8fe8-c03060fc53d0
	At position: 432
	leftTip: 0 rightTip: 1
	Suspicious: 1
	Short ext: 0
	Mean extensions: 113
	Avg overlap len: 35804
	Min overlap len: 28995
	Inner reads: 0
	Length: 2312633
[2025-07-14 06:01:34] DEBUG: Inner: 15636 covered: 18128 total: 97560
[2025-07-14 06:01:34] DEBUG: Discarded disjointig with 610 reads and 608 inner overlaps
[2025-07-14 06:01:34] DEBUG: Discarded disjointig with 605 reads and 603 inner overlaps
[2025-07-14 06:01:35] DEBUG: Discarded disjointig with 194 reads and 192 inner overlaps
[2025-07-14 06:01:35] DEBUG: Discarded disjointig with 211 reads and 209 inner overlaps
[2025-07-14 06:01:35] DEBUG: Discarded disjointig with 99 reads and 97 inner overlaps
[2025-07-14 06:01:35] DEBUG: Discarded disjointig with 613 reads and 611 inner overlaps
[2025-07-14 06:01:36] DEBUG: Discarded disjointig with 404 reads and 402 inner overlaps
[2025-07-14 06:01:36] DEBUG: Discarded disjointig with 200 reads and 198 inner overlaps
[2025-07-14 06:02:48] DEBUG: Assembled disjointig 2
	With 101 reads
	Start read: +4909f5a8-7d87-498e-9ed7-d29934d5aa67
	At position: 21
	leftTip: 0 rightTip: 0
	Suspicious: 0
	Short ext: 0
	Mean extensions: 106
	Avg overlap len: 35581
	Min overlap len: 26551
	Inner reads: 0
	Length: 328938
[2025-07-14 06:02:48] DEBUG: Inner: 17254 covered: 20156 total: 97560
[2025-07-14 06:03:11] DEBUG: Assembled disjointig 3
	With 552 reads
	Start read: +522c4e8d-11fc-44f9-9b44-44a5b6d6464e
	At position: 302
	leftTip: 0 rightTip: 0
	Suspicious: 0
	Short ext: 0
	Mean extensions: 115
	Avg overlap len: 35758
	Min overlap len: 26344
	Inner reads: 0
	Length: 1655010
[2025-07-14 06:03:11] DEBUG: Inner: 28314 covered: 32380 total: 97560
[2025-07-14 06:03:11] DEBUG: Discarded disjointig with 475 reads and 473 inner overlaps
[2025-07-14 06:03:11] DEBUG: Discarded disjointig with 656 reads and 654 inner overlaps
[2025-07-14 06:03:11] DEBUG: Discarded disjointig with 354 reads and 352 inner overlaps
[2025-07-14 06:04:21] DEBUG: Assembled disjointig 4
	With 1021 reads
	Start read: +59a73eed-f196-460c-8059-fd9133d5905b
	At position: 949
	leftTip: 0 rightTip: 1
	Suspicious: 0
	Short ext: 0
	Mean extensions: 117
	Avg overlap len: 35779
	Min overlap len: 25648
	Inner reads: 0
	Length: 2916953
[2025-07-14 06:04:22] DEBUG: Inner: 48550 covered: 54972 total: 97560
[2025-07-14 06:04:22] DEBUG: Discarded disjointig with 1017 reads and 1015 inner overlaps
[2025-07-14 06:04:22] DEBUG: Discarded disjointig with 387 reads and 385 inner overlaps
[2025-07-14 06:04:22] DEBUG: Discarded disjointig with 1018 reads and 1016 inner overlaps
[2025-07-14 06:04:22] DEBUG: Discarded disjointig with 1018 reads and 1016 inner overlaps
[2025-07-14 06:04:22] DEBUG: Discarded disjointig with 1023 reads and 1021 inner overlaps
[2025-07-14 06:04:22] DEBUG: Discarded disjointig with 287 reads and 285 inner overlaps
[2025-07-14 06:04:22] DEBUG: Discarded disjointig with 1015 reads and 1013 inner overlaps
[2025-07-14 06:04:22] DEBUG: Discarded disjointig with 1016 reads and 1014 inner overlaps
[2025-07-14 06:04:22] DEBUG: Discarded disjointig with 579 reads and 577 inner overlaps
[2025-07-14 06:04:22] DEBUG: Discarded disjointig with 813 reads and 811 inner overlaps
[2025-07-14 06:04:22] DEBUG: Discarded disjointig with 532 reads and 530 inner overlaps
[2025-07-14 06:04:22] DEBUG: Discarded disjointig with 415 reads and 413 inner overlaps
[2025-07-14 06:04:22] DEBUG: Discarded disjointig with 663 reads and 661 inner overlaps
[2025-07-14 06:04:37] DEBUG: Assembled disjointig 5
	With 833 reads
	Start read: +5746d2b9-58d3-4097-8e26-216412fd1e96
	At position: 287
	leftTip: 0 rightTip: 0
	Suspicious: 5
	Short ext: 1
	Mean extensions: 114
	Avg overlap len: 35621
	Min overlap len: 8936
	Inner reads: 0
	Length: 2503373
[2025-07-14 06:04:37] DEBUG: Inner: 64948 covered: 76932 total: 97560
[2025-07-14 06:04:37] DEBUG: Discarded disjointig with 831 reads and 829 inner overlaps
[2025-07-14 06:04:37] DEBUG: Discarded disjointig with 834 reads and 832 inner overlaps
[2025-07-14 06:04:37] DEBUG: Discarded disjointig with 770 reads and 768 inner overlaps
[2025-07-14 06:04:37] DEBUG: Discarded disjointig with 833 reads and 831 inner overlaps
[2025-07-14 06:04:37] DEBUG: Discarded disjointig with 829 reads and 827 inner overlaps
[2025-07-14 06:04:37] DEBUG: Discarded disjointig with 633 reads and 631 inner overlaps
[2025-07-14 06:04:37] DEBUG: Discarded disjointig with 231 reads and 229 inner overlaps
[2025-07-14 06:04:37] DEBUG: Discarded disjointig with 80 reads and 78 inner overlaps
[2025-07-14 06:04:37] DEBUG: Discarded disjointig with 827 reads and 825 inner overlaps
[2025-07-14 06:04:37] DEBUG: Discarded disjointig with 454 reads and 452 inner overlaps
[2025-07-14 06:04:37] DEBUG: Discarded disjointig with 119 reads and 117 inner overlaps
[2025-07-14 06:04:37] DEBUG: Discarded disjointig with 827 reads and 825 inner overlaps
[2025-07-14 06:04:37] DEBUG: Discarded disjointig with 836 reads and 834 inner overlaps
[2025-07-14 06:04:37] DEBUG: Discarded disjointig with 836 reads and 834 inner overlaps
[2025-07-14 06:04:37] DEBUG: Discarded disjointig with 831 reads and 829 inner overlaps
[2025-07-14 06:04:37] DEBUG: Discarded disjointig with 832 reads and 830 inner overlaps
[2025-07-14 06:04:37] DEBUG: Discarded disjointig with 829 reads and 827 inner overlaps
[2025-07-14 06:04:37] DEBUG: Discarded disjointig with 216 reads and 214 inner overlaps
[2025-07-14 06:04:38] DEBUG: Discarded disjointig with 66 reads and 64 inner overlaps
[2025-07-14 06:04:38] DEBUG: Discarded disjointig with 830 reads and 828 inner overlaps
[2025-07-14 06:04:38] DEBUG: Discarded disjointig with 826 reads and 824 inner overlaps
[2025-07-14 06:04:38] DEBUG: Discarded disjointig with 512 reads and 510 inner overlaps
[2025-07-14 06:04:38] DEBUG: Discarded disjointig with 599 reads and 597 inner overlaps
[2025-07-14 06:04:43] DEBUG: Assembled disjointig 6
	With 4 reads
	Start read: +7767226f-f871-4708-ba95-e80306351f76
	At position: 2
	leftTip: 0 rightTip: 0
	Suspicious: 0
	Short ext: 0
	Mean extensions: 101
	Avg overlap len: 36964
	Min overlap len: 34176
	Inner reads: 0
	Length: 44537
[2025-07-14 06:04:43] DEBUG: Inner: 64978 covered: 77604 total: 97560
[2025-07-14 06:04:43] DEBUG: Assembled disjointig 7
	With 3 reads
	Start read: +b70d30bf-2ed5-4a93-932b-dc16b6342c24
	At position: 2
	leftTip: 0 rightTip: 0
	Suspicious: 0
	Short ext: 0
	Mean extensions: 189
	Avg overlap len: 31157
	Min overlap len: 30856
	Inner reads: 0
	Length: 38512
[2025-07-14 06:04:43] DEBUG: Inner: 64988 covered: 77662 total: 97560
[2025-07-14 06:04:48] DEBUG: Assembled disjointig 8
	With 3 reads
	Start read: +92a962f3-0395-40f4-8a5e-eaf1b368efd3
	At position: 2
	leftTip: 0 rightTip: 0
	Suspicious: 0
	Short ext: 0
	Mean extensions: 172
	Avg overlap len: 35373
	Min overlap len: 34894
	Inner reads: 0
	Length: 39941
[2025-07-14 06:04:48] DEBUG: Inner: 64990 covered: 78284 total: 97560
[2025-07-14 06:04:51] DEBUG: Assembled disjointig 9
	With 3 reads
	Start read: +27db2872-62d7-44e5-a8e4-45453813b0f4
	At position: 2
	leftTip: 0 rightTip: 0
	Suspicious: 0
	Short ext: 0
	Mean extensions: 154
	Avg overlap len: 36322
	Min overlap len: 33357
	Inner reads: 0
	Length: 42213
[2025-07-14 06:04:51] DEBUG: Inner: 64994 covered: 78694 total: 97560
[2025-07-14 06:04:56] DEBUG: Assembled disjointig 10
	With 3 reads
	Start read: +02d2a477-b6df-4495-b1e6-df866d53ea6c
	At position: 2
	leftTip: 0 rightTip: 0
	Suspicious: 0
	Short ext: 0
	Mean extensions: 200
	Avg overlap len: 32674
	Min overlap len: 32623
	Inner reads: 0
	Length: 41281
[2025-07-14 06:04:56] DEBUG: Inner: 65002 covered: 79338 total: 97560
[2025-07-14 06:05:00] DEBUG: Assembled disjointig 11
	With 3 reads
	Start read: +73e366c1-16d2-48c9-9359-9836f0e6e40f
	At position: 2
	leftTip: 0 rightTip: 0
	Suspicious: 0
	Short ext: 0
	Mean extensions: 149
	Avg overlap len: 33043
	Min overlap len: 32934
	Inner reads: 0
	Length: 40172
[2025-07-14 06:05:00] DEBUG: Inner: 65010 covered: 79778 total: 97560
[2025-07-14 06:05:15] DEBUG: Assembled disjointig 12
	With 3 reads
	Start read: +2e0cc183-593b-4b0b-a456-5bef560b45e7
	At position: 2
	leftTip: 0 rightTip: 0
	Suspicious: 0
	Short ext: 0
	Mean extensions: 176
	Avg overlap len: 30155
	Min overlap len: 29937
	Inner reads: 0
	Length: 37463
[2025-07-14 06:05:15] DEBUG: Inner: 65012 covered: 81748 total: 97560
[2025-07-14 06:05:19] DEBUG: Assembled disjointig 13
	With 3 reads
	Start read: +ea8fb7ac-e892-4b1a-8bcf-079c561e01a2
	At position: 2
	leftTip: 0 rightTip: 0
	Suspicious: 0
	Short ext: 0
	Mean extensions: 177
	Avg overlap len: 33662
	Min overlap len: 33362
	Inner reads: 0
	Length: 40215
[2025-07-14 06:05:19] DEBUG: Inner: 65014 covered: 82338 total: 97560
[2025-07-14 06:05:21] DEBUG: Assembled disjointig 14
	With 3 reads
	Start read: +a43a7efa-cbf5-48c5-89d0-ee5a99690f73
	At position: 2
	leftTip: 0 rightTip: 0
	Suspicious: 0
	Short ext: 0
	Mean extensions: 218
	Avg overlap len: 31105
	Min overlap len: 30793
	Inner reads: 0
	Length: 40861
[2025-07-14 06:05:21] DEBUG: Inner: 65016 covered: 82564 total: 97560
[2025-07-14 06:05:31] DEBUG: Assembled disjointig 15
	With 3 reads
	Start read: +a51fac96-cf22-4223-8907-f75bb27ba790
	At position: 2
	leftTip: 0 rightTip: 0
	Suspicious: 0
	Short ext: 0
	Mean extensions: 157
	Avg overlap len: 31843
	Min overlap len: 31745
	Inner reads: 0
	Length: 41491
[2025-07-14 06:05:31] DEBUG: Inner: 65022 covered: 83896 total: 97560
[2025-07-14 06:06:03] DEBUG: Assembled disjointig 16
	With 3 reads
	Start read: +4c1203d0-11e8-4dc0-bfb4-d514995bfa24
	At position: 2
	leftTip: 0 rightTip: 0
	Suspicious: 0
	Short ext: 0
	Mean extensions: 187
	Avg overlap len: 31729
	Min overlap len: 31226
	Inner reads: 0
	Length: 41311
[2025-07-14 06:06:03] DEBUG: Inner: 65034 covered: 88204 total: 97560
[2025-07-14 06:06:08] DEBUG: Assembled disjointig 17
	With 3 reads
	Start read: +afdc073e-9ea1-4b17-8feb-42d97ec71651
	At position: 2
	leftTip: 0 rightTip: 0
	Suspicious: 0
	Short ext: 0
	Mean extensions: 216
	Avg overlap len: 32810
	Min overlap len: 32744
	Inner reads: 0
	Length: 40627
[2025-07-14 06:06:08] DEBUG: Inner: 65044 covered: 88964 total: 97560
[2025-07-14 06:07:22] INFO: Assembled 17 disjointigs
[2025-07-14 06:07:22] INFO: Generating sequence
[2025-07-14 06:07:23] DEBUG: Building positional index
[2025-07-14 06:07:23] DEBUG: Total sequence: 10196253 bp
[2025-07-14 06:07:24] DEBUG: Mean k-mer frequency: 1.07824
[2025-07-14 06:07:24] DEBUG: Repetitive k-mer frequency: 107
[2025-07-14 06:07:24] DEBUG: Filtered 2070 repetitive k-mers (0.00111617)
[2025-07-14 06:07:24] DEBUG: Sorting k-mer index
[2025-07-14 06:07:24] DEBUG: Selected k-mers: 1719961
[2025-07-14 06:07:24] DEBUG: K-mer index size: 1852480
[2025-07-14 06:07:24] DEBUG: Mean k-mer frequency: 1.07705
[2025-07-14 06:07:24] DEBUG: Minimizer rate: 5.50411
[2025-07-14 06:07:24] INFO: Filtering contained disjointigs
[2025-07-14 06:07:26] DEBUG: Computing transitive closure for overlaps
[2025-07-14 06:07:26] DEBUG: Found 918 overlaps
[2025-07-14 06:07:26] DEBUG: Left 396 overlaps after filtering
[2025-07-14 06:07:26] INFO: Contained seqs: 12
[2025-07-14 06:07:26] DEBUG: Writing FASTA
[2025-07-14 06:07:26] DEBUG: Peak RAM usage: 4 Gb
-----------End assembly log------------
[2025-07-14 06:07:27] root: DEBUG: Disjointigs length: 9707909, N50: 2502940
[2025-07-14 06:07:27] root: INFO: >>>STAGE: consensus
[2025-07-14 06:07:27] root: INFO: Running Minimap2
[2025-07-14 06:08:38] root: INFO: Computing consensus
[2025-07-14 06:12:36] root: INFO: Alignment error rate: 0.048181
[2025-07-14 06:12:37] root: INFO: >>>STAGE: repeat
[2025-07-14 06:12:37] root: INFO: Building and resolving repeat graph
[2025-07-14 06:12:37] root: DEBUG: -----Begin repeat analyser log------
[2025-07-14 06:12:37] root: DEBUG: Running: flye-modules repeat --disjointigs /net/bmc-lab3/data/bcc/charliew/ont_flye/ont_flye_workflow/work/29/d80a7e3b02c8efbe7a4803f3ce33dc/sHF171_30k_40k.assembly/10-consensus/consensus.fasta --reads /net/bmc-lab3/data/bcc/charliew/ont_flye/ont_flye_workflow/work/29/d80a7e3b02c8efbe7a4803f3ce33dc/sHF171_30k_40k.fastq --out-dir /net/bmc-lab3/data/bcc/charliew/ont_flye/ont_flye_workflow/work/29/d80a7e3b02c8efbe7a4803f3ce33dc/sHF171_30k_40k.assembly/20-repeat --config /home/charliew/.conda/envs/flye_2.9.5/lib/python3.12/site-packages/flye/config/bin_cfg/asm_nano_hq.cfg --log /net/bmc-lab3/data/bcc/charliew/ont_flye/ont_flye_workflow/work/29/d80a7e3b02c8efbe7a4803f3ce33dc/sHF171_30k_40k.assembly/flye.log --threads 24 --min-ovlp 10000
[2025-07-14 06:12:37] DEBUG: Build date: Aug 30 2024 21:29:19
[2025-07-14 06:12:37] DEBUG: Total RAM: 376 Gb
[2025-07-14 06:12:37] DEBUG: Available RAM: 368 Gb
[2025-07-14 06:12:37] DEBUG: Total CPUs: 96
[2025-07-14 06:12:37] DEBUG: Loading /home/charliew/.conda/envs/flye_2.9.5/lib/python3.12/site-packages/flye/config/bin_cfg/asm_nano_hq.cfg
[2025-07-14 06:12:37] DEBUG: Loading /home/charliew/.conda/envs/flye_2.9.5/lib/python3.12/site-packages/flye/config/bin_cfg/asm_defaults.cfg
[2025-07-14 06:12:37] DEBUG: 	big_genome_threshold=29000000
[2025-07-14 06:12:37] DEBUG: 	meta_read_filter_kmer_freq=100
[2025-07-14 06:12:37] DEBUG: 	chain_large_gap_penalty=2
[2025-07-14 06:12:37] DEBUG: 	chain_small_gap_penalty=0.5
[2025-07-14 06:12:37] DEBUG: 	chain_gap_jump_threshold=100
[2025-07-14 06:12:37] DEBUG: 	max_jump_gap=500
[2025-07-14 06:12:37] DEBUG: 	max_coverage_drop_rate=5
[2025-07-14 06:12:37] DEBUG: 	max_extensions_drop_rate=5
[2025-07-14 06:12:37] DEBUG: 	chimera_window=100
[2025-07-14 06:12:37] DEBUG: 	chimera_overhang=1000
[2025-07-14 06:12:37] DEBUG: 	min_reads_in_disjointig=4
[2025-07-14 06:12:37] DEBUG: 	max_inner_reads=10
[2025-07-14 06:12:37] DEBUG: 	max_inner_fraction=0.25
[2025-07-14 06:12:37] DEBUG: 	aggressive_dup_filter=1
[2025-07-14 06:12:37] DEBUG: 	max_separation=500
[2025-07-14 06:12:37] DEBUG: 	unique_edge_length=50000
[2025-07-14 06:12:37] DEBUG: 	min_repeat_res_support=0.51
[2025-07-14 06:12:37] DEBUG: 	out_paths_ratio=5
[2025-07-14 06:12:37] DEBUG: 	graph_cov_drop_rate=5
[2025-07-14 06:12:37] DEBUG: 	coverage_estimate_window=100
[2025-07-14 06:12:37] DEBUG: 	max_bubble_length=50000
[2025-07-14 06:12:37] DEBUG: 	loop_coverage_rate=1.5
[2025-07-14 06:12:37] DEBUG: 	repeat_edge_cov_mult=1.75
[2025-07-14 06:12:37] DEBUG: 	weak_detach_rate=5
[2025-07-14 06:12:37] DEBUG: 	tip_coverage_rate=2
[2025-07-14 06:12:37] DEBUG: 	tip_length_rate=2
[2025-07-14 06:12:37] DEBUG: 	output_gfa_before_rr=1
[2025-07-14 06:12:37] DEBUG: 	remove_alt_edges=0
[2025-07-14 06:12:37] DEBUG: 	low_cutoff_warning=0
[2025-07-14 06:12:37] DEBUG: 	kmer_size=17
[2025-07-14 06:12:37] DEBUG: 	use_minimizers=1
[2025-07-14 06:12:37] DEBUG: 	minimizer_window=10
[2025-07-14 06:12:37] DEBUG: 	reads_base_alignment=1
[2025-07-14 06:12:37] DEBUG: 	meta_read_top_kmer_rate=0.75
[2025-07-14 06:12:37] DEBUG: 	maximum_jump=1500
[2025-07-14 06:12:37] DEBUG: 	maximum_overhang=1500
[2025-07-14 06:12:37] DEBUG: 	repeat_kmer_rate=100
[2025-07-14 06:12:37] DEBUG: 	assemble_ovlp_divergence=0.05
[2025-07-14 06:12:37] DEBUG: 	assemble_divergence_relative=1
[2025-07-14 06:12:37] DEBUG: 	repeat_graph_ovlp_divergence=0.05
[2025-07-14 06:12:37] DEBUG: 	read_align_ovlp_divergence=0.10
[2025-07-14 06:12:37] DEBUG: 	hpc_scoring_on=1
[2025-07-14 06:12:37] DEBUG: 	add_unassembled_reads=0
[2025-07-14 06:12:37] DEBUG: 	extend_contigs_with_repeats=0
[2025-07-14 06:12:37] DEBUG: 	min_read_cov_cutoff=3
[2025-07-14 06:12:37] DEBUG: 	short_tip_length=20000
[2025-07-14 06:12:37] DEBUG: 	long_tip_length=100000
[2025-07-14 06:12:37] DEBUG: Running with k-mer size: 17
[2025-07-14 06:12:37] DEBUG: Selected minimum overlap 10000
[2025-07-14 06:12:37] DEBUG: Metagenome mode: N
[2025-07-14 06:12:37] INFO: Parsing disjointigs
[2025-07-14 06:12:37] DEBUG: Building positional index
[2025-07-14 06:12:37] DEBUG: Total sequence: 9728443 bp
[2025-07-14 06:12:37] INFO: Building repeat graph
[2025-07-14 06:12:37] DEBUG: Mean k-mer frequency: 1.04444
[2025-07-14 06:12:37] DEBUG: Repetitive k-mer frequency: 104
[2025-07-14 06:12:37] DEBUG: Filtered 0 repetitive k-mers (0)
[2025-07-14 06:12:38] DEBUG: Sorting k-mer index
[2025-07-14 06:12:38] DEBUG: Selected k-mers: 1693730
[2025-07-14 06:12:38] DEBUG: K-mer index size: 1769002
[2025-07-14 06:12:38] DEBUG: Mean k-mer frequency: 1.04444
[2025-07-14 06:12:38] DEBUG: Minimizer rate: 5.4994
[2025-07-14 06:12:39] DEBUG: Computing transitive closure for overlaps
[2025-07-14 06:12:39] DEBUG: Found 216 overlaps
[2025-07-14 06:12:39] DEBUG: Left 84 overlaps after filtering
[2025-07-14 06:12:39] INFO: Median overlap divergence: 0.00152088
[2025-07-14 06:12:39] DEBUG: Sequence divergence distribution: 

    |*         |                                                                                         
    |*         |                                                                                         
    |*         |                                                                                         
    |*         |                                                                                         
    |*         |                                                                                         
    |*         |                                                                                         
    |*         |                                                                                         
    |*         |                                                                                         
    |*         |                                                                                         
    |*         |                                                                                         
    |*         |                                                                                         
    |*         |                                                                                         
    |*         |                                                                                         
    |*         |                                                                                         
    |*       * |                                                                                         
    |*       * |                                                                                         
    |*       * |  *                                                                                      
    |*       * |  *                                                                                      
    |** *    * |  *                                                                                      
    |** *    * |  *                                                                                      
    ----------------------------------------------------------------------------------------------------
    0%        5%        10%       15%       20%       25%       30%       35%       40%       45%       

    Q25 = 2.9e-05, Q50 = 0.0015, Q75 = 0.041

[2025-07-14 06:12:39] DEBUG: Computing gluepoints
[2025-07-14 06:12:39] DEBUG: Added 20 gluepoint projections
[2025-07-14 06:12:39] DEBUG: Added 1 gluepoint projections
[2025-07-14 06:12:39] DEBUG: Added 0 gluepoint projections
[2025-07-14 06:12:39] DEBUG: Created 234 gluepoints
[2025-07-14 06:12:39] DEBUG: Artificial loops removed: 1 left, 1 right, 0 both
[2025-07-14 06:12:39] DEBUG: Initializing edges
[2025-07-14 06:12:39] DEBUG: Edges length checksum: 6699984912
[2025-07-14 06:12:39] DEBUG: Filtered 0 singleton segments
[2025-07-14 06:12:39] DEBUG: Removed 0 simple and 0 double chimeric junctions
[2025-07-14 06:12:39] DEBUG: Collapsed 7 edges
[2025-07-14 06:12:39] DEBUG:  	20	+disjointig_1	4564	54858	50294	
[2025-07-14 06:12:39] DEBUG: *	21	+disjointig_1	54858	1336322	1281464	
[2025-07-14 06:12:39] DEBUG: *	7	+disjointig_1	1336322	2309369	973047	
[2025-07-14 06:12:39] DEBUG:  	10	+disjointig_2	2090	3024	934	
[2025-07-14 06:12:39] DEBUG:  	22	+disjointig_2	3024	9262	6238	
[2025-07-14 06:12:39] DEBUG:  	10	+disjointig_2	9262	10196	934	
[2025-07-14 06:12:39] DEBUG:  	22	+disjointig_2	10196	16434	6238	
[2025-07-14 06:12:39] DEBUG:  	10	+disjointig_2	16434	17368	934	
[2025-07-14 06:12:39] DEBUG:  	22	+disjointig_2	17368	23606	6238	
[2025-07-14 06:12:39] DEBUG:  	10	+disjointig_2	23606	24540	934	
[2025-07-14 06:12:39] DEBUG:  	22	+disjointig_2	24540	30777	6237	
[2025-07-14 06:12:39] DEBUG:  	10	+disjointig_2	30777	31711	934	
[2025-07-14 06:12:39] DEBUG:  	22	+disjointig_2	31711	37949	6238	
[2025-07-14 06:12:39] DEBUG:  	10	+disjointig_2	37949	38883	934	
[2025-07-14 06:12:39] DEBUG:  	22	+disjointig_2	38883	45120	6237	
[2025-07-14 06:12:39] DEBUG:  	10	+disjointig_2	45120	46054	934	
[2025-07-14 06:12:39] DEBUG: *	23	+disjointig_2	46054	143285	97231	
[2025-07-14 06:12:39] DEBUG: *	16	+disjointig_2	143285	281266	137981	
[2025-07-14 06:12:39] DEBUG:  	-10	+disjointig_3	1491	2420	929	
[2025-07-14 06:12:39] DEBUG:  	-22	+disjointig_3	2420	8656	6236	
[2025-07-14 06:12:39] DEBUG:  	-10	+disjointig_3	8656	9590	934	
[2025-07-14 06:12:39] DEBUG:  	-22	+disjointig_3	9590	15829	6239	
[2025-07-14 06:12:39] DEBUG:  	-10	+disjointig_3	15829	16762	933	
[2025-07-14 06:12:39] DEBUG:  	-22	+disjointig_3	16762	23000	6238	
[2025-07-14 06:12:39] DEBUG:  	-10	+disjointig_3	23000	23934	934	
[2025-07-14 06:12:39] DEBUG:  	-22	+disjointig_3	23934	30171	6237	
[2025-07-14 06:12:39] DEBUG:  	-10	+disjointig_3	30171	31105	934	
[2025-07-14 06:12:39] DEBUG:  	-22	+disjointig_3	31105	37343	6238	
[2025-07-14 06:12:39] DEBUG:  	-10	+disjointig_3	37343	38277	934	
[2025-07-14 06:12:39] DEBUG: *	11	+disjointig_3	38277	1619620	1581343	
[2025-07-14 06:12:39] DEBUG:  	-5	+disjointig_3	1619620	1621778	2158	
[2025-07-14 06:12:39] DEBUG:  	-20	+disjointig_3	1621778	1656988	35210	
[2025-07-14 06:12:39] DEBUG:  	20	+disjointig_4	2265	37523	35258	
[2025-07-14 06:12:39] DEBUG:  	5	+disjointig_4	37523	39532	2009	
[2025-07-14 06:12:39] DEBUG: *	17	+disjointig_4	39532	2923187	2883655	
[2025-07-14 06:12:39] DEBUG: *	8	+disjointig_5	35518	2431950	2396432	
[2025-07-14 06:12:39] DEBUG:  	24	+disjointig_5	2431950	2503318	71368	
[2025-07-14 06:12:39] DEBUG: Total edges: 24
[2025-07-14 06:12:39] INFO: Parsing reads
[2025-07-14 06:12:44] DEBUG: Building positional index
[2025-07-14 06:12:44] DEBUG: Total sequence: 1673768419 bp
[2025-07-14 06:12:44] DEBUG: Building positional index
[2025-07-14 06:12:44] DEBUG: Total sequence: 9628200 bp
[2025-07-14 06:12:44] INFO: Aligning reads to the graph
[2025-07-14 06:12:44] DEBUG: Mean k-mer frequency: 1.03371
[2025-07-14 06:12:44] DEBUG: Repetitive k-mer frequency: 103
[2025-07-14 06:12:44] DEBUG: Filtered 0 repetitive k-mers (0)
[2025-07-14 06:12:45] DEBUG: Sorting k-mer index
[2025-07-14 06:12:45] DEBUG: Selected k-mers: 1693544
[2025-07-14 06:12:45] DEBUG: K-mer index size: 1750634
[2025-07-14 06:12:45] DEBUG: Mean k-mer frequency: 1.03371
[2025-07-14 06:12:45] DEBUG: Minimizer rate: 5.49984
[2025-07-14 06:13:28] DEBUG: Total reads : 48780
[2025-07-14 06:13:28] DEBUG: Read with aligned parts : 48749
[2025-07-14 06:13:28] DEBUG: Aligned in one piece : 41416
[2025-07-14 06:13:28] INFO: Aligned read sequence: 1637856613 / 1673768419 (0.978544)
[2025-07-14 06:13:28] INFO: Median overlap divergence: 0.0138166
[2025-07-14 06:13:28] DEBUG: Sequence divergence distribution: 

    |  *                 |                                                                               
    |  *                 |                                                                               
    |  *                 |                                                                               
    |  *                 |                                                                               
    |  *                 |                                                                               
    |  *                 |                                                                               
    |  *                 |                                                                               
    | **                 |                                                                               
    | **                 |                                                                               
    | **                 |                                                                               
    | **                 |                                                                               
    | ***                |                                                                               
    | ***                |                                                                               
    | ***                |                                                                               
    | ***                |                                                                               
    | ***                |                                                                               
    | ****               |                                                                               
    | *****              |                                                                               
    | ***********        |                                                                               
    |************************************ **** ****    *                                                 
    ----------------------------------------------------------------------------------------------------
    0%        5%        10%       15%       20%       25%       30%       35%       40%       45%       

    Q25 = 0.01, Q50 = 0.014, Q75 = 0.024

[2025-07-14 06:13:28] INFO: Mean edge coverage: 173
[2025-07-14 06:13:28] DEBUG: 5	len:2083	cov:175	mult:1.01156
[2025-07-14 06:13:28] DEBUG: -5	len:2083	cov:175	mult:1.01156
[2025-07-14 06:13:28] DEBUG: 7	len:973047	cov:129	mult:0.745665
[2025-07-14 06:13:28] DEBUG: -7	len:973047	cov:129	mult:0.745665
[2025-07-14 06:13:28] DEBUG: 8	len:2396432	cov:131	mult:0.757225
[2025-07-14 06:13:28] DEBUG: -8	len:2396432	cov:131	mult:0.757225
[2025-07-14 06:13:28] DEBUG: 10	len:933	cov:786	mult:4.54335
[2025-07-14 06:13:28] DEBUG: -10	len:933	cov:786	mult:4.54335
[2025-07-14 06:13:28] DEBUG: 11	len:1581343	cov:132	mult:0.763006
[2025-07-14 06:13:28] DEBUG: -11	len:1581343	cov:132	mult:0.763006
[2025-07-14 06:13:28] DEBUG: 16	len:137981	cov:101	mult:0.583815
[2025-07-14 06:13:28] DEBUG: -16	len:137981	cov:101	mult:0.583815
[2025-07-14 06:13:28] DEBUG: 17	len:2883655	cov:134	mult:0.774566
[2025-07-14 06:13:28] DEBUG: -17	len:2883655	cov:134	mult:0.774566
[2025-07-14 06:13:28] DEBUG: 20	len:7103	cov:2104	mult:12.1618
[2025-07-14 06:13:28] DEBUG: -20	len:7103	cov:2104	mult:12.1618
[2025-07-14 06:13:28] DEBUG: 21	len:1281464	cov:131	mult:0.757225
[2025-07-14 06:13:28] DEBUG: -21	len:1281464	cov:131	mult:0.757225
[2025-07-14 06:13:28] DEBUG: 22	len:6237	cov:686	mult:3.96532
[2025-07-14 06:13:28] DEBUG: -22	len:6237	cov:686	mult:3.96532
[2025-07-14 06:13:28] DEBUG: 23	len:97231	cov:140	mult:0.809249
[2025-07-14 06:13:28] DEBUG: -23	len:97231	cov:140	mult:0.809249
[2025-07-14 06:13:28] DEBUG: 24	len:35684	cov:10988	mult:63.5145
[2025-07-14 06:13:28] DEBUG: -24	len:35684	cov:10988	mult:63.5145
[2025-07-14 06:13:28] DEBUG: Unique coverage threshold 245
[2025-07-14 06:13:28] INFO: Simplifying the graph
[2025-07-14 06:13:28] DEBUG: Read coverage cutoff: 35
[2025-07-14 06:13:28] DEBUG: [SIMPL] Removed 0 paths with low coverage
[2025-07-14 06:13:28] DEBUG: [SIMPL] Masked 0 heterozygous loops
[2025-07-14 06:13:28] DEBUG: [SIMPL] Masked 0 simple bubbles
[2025-07-14 06:13:28] DEBUG: Finding repeats
[2025-07-14 06:13:28] DEBUG: Read coverage cutoff: 35
[2025-07-14 06:13:28] DEBUG: High-cov: 10	933	786
[2025-07-14 06:13:28] DEBUG: High-cov: 20	7103	2104
[2025-07-14 06:13:28] DEBUG: High-cov: 22	6237	686
[2025-07-14 06:13:28] DEBUG: High-cov: 24	35684	10988
[2025-07-14 06:13:28] DEBUG: Repeat detection iteration 1
[2025-07-14 06:13:28] DEBUG: Starting 5 aln:191
[2025-07-14 06:13:28] DEBUG: 	    T 17	num:70	flank:18782	span:7
[2025-07-14 06:13:28] DEBUG: 	      -11	num:96	flank:18077	span:14
[2025-07-14 06:13:28] DEBUG: Mult: 5	2083	175	 (0,1)
[2025-07-14 06:13:28] DEBUG: Starting 23 aln:315
[2025-07-14 06:13:28] DEBUG: 	      -16	num:109	flank:19417	span:10
[2025-07-14 06:13:28] DEBUG: 	      16	num:96	flank:15786	span:7
[2025-07-14 06:13:28] DEBUG: Mult: 23	97231	140	 (0,1)
[2025-07-14 06:13:28] DEBUG: Writing Dot
[2025-07-14 06:13:28] DEBUG: Writing FASTA
[2025-07-14 06:13:28] DEBUG: Writing Gfa
[2025-07-14 06:13:28] DEBUG: [SIMPL] == Iteration 1 ==
[2025-07-14 06:13:28] DEBUG: Splitting nodes
[2025-07-14 06:13:28] DEBUG: [SIMPL] Split 0 nodes
[2025-07-14 06:13:28] DEBUG: [SIMPL] Clipped 0 short and 0 long tips
[2025-07-14 06:13:28] DEBUG: [SIMPL] Masked 0 heterozygous loops
[2025-07-14 06:13:28] DEBUG: [SIMPL] Masked 0 simple bubbles
[2025-07-14 06:13:28] DEBUG: Finding repeats
[2025-07-14 06:13:28] DEBUG: Read coverage cutoff: 35
[2025-07-14 06:13:28] DEBUG: High-cov: 10	933	786
[2025-07-14 06:13:28] DEBUG: High-cov: 20	7103	2104
[2025-07-14 06:13:28] DEBUG: High-cov: 22	6237	686
[2025-07-14 06:13:28] DEBUG: High-cov: 24	35684	10988
[2025-07-14 06:13:28] DEBUG: Repeat detection iteration 1
[2025-07-14 06:13:28] DEBUG: Starting 5 aln:191
[2025-07-14 06:13:28] DEBUG: 	    T 17	num:70	flank:18782	span:7
[2025-07-14 06:13:28] DEBUG: 	      -11	num:96	flank:18077	span:14
[2025-07-14 06:13:28] DEBUG: Mult: 5	2083	175	 (0,1)
[2025-07-14 06:13:28] DEBUG: Starting 23 aln:315
[2025-07-14 06:13:28] DEBUG: 	      -16	num:109	flank:19417	span:10
[2025-07-14 06:13:28] DEBUG: 	      16	num:96	flank:15786	span:7
[2025-07-14 06:13:28] DEBUG: Mult: 23	97231	140	 (0,1)
[2025-07-14 06:13:28] DEBUG: Total unique edges: 6
[2025-07-14 06:13:28] DEBUG: 	Connection 21	7	134	0.996283
[2025-07-14 06:13:28] DEBUG: [SIMPL] Resolved repeats: 1
[2025-07-14 06:13:28] DEBUG: RR links: 270
[2025-07-14 06:13:28] DEBUG: Unresolved: 0
[2025-07-14 06:13:28] DEBUG: Removed 0 simple and 0 double chimeric junctions
[2025-07-14 06:13:28] DEBUG: [SIMPL] == Iteration 2 ==
[2025-07-14 06:13:28] DEBUG: Splitting nodes
[2025-07-14 06:13:28] DEBUG: [SIMPL] Split 0 nodes
[2025-07-14 06:13:28] DEBUG: [SIMPL] Clipped 0 short and 0 long tips
[2025-07-14 06:13:28] DEBUG: [SIMPL] Masked 0 heterozygous loops
[2025-07-14 06:13:28] DEBUG: [SIMPL] Masked 0 simple bubbles
[2025-07-14 06:13:28] DEBUG: Finding repeats
[2025-07-14 06:13:28] DEBUG: Read coverage cutoff: 35
[2025-07-14 06:13:28] DEBUG: High-cov: 10	933	786
[2025-07-14 06:13:28] DEBUG: High-cov: 20	7103	2104
[2025-07-14 06:13:28] DEBUG: High-cov: 22	6237	686
[2025-07-14 06:13:28] DEBUG: High-cov: 24	35684	10988
[2025-07-14 06:13:28] DEBUG: Repeat detection iteration 1
[2025-07-14 06:13:28] DEBUG: Starting 5 aln:191
[2025-07-14 06:13:28] DEBUG: 	    T 17	num:70	flank:18782	span:7
[2025-07-14 06:13:28] DEBUG: 	      -11	num:96	flank:18077	span:14
[2025-07-14 06:13:28] DEBUG: Mult: 5	2083	175	 (0,1)
[2025-07-14 06:13:28] DEBUG: Starting 23 aln:315
[2025-07-14 06:13:28] DEBUG: 	      -16	num:109	flank:19417	span:10
[2025-07-14 06:13:28] DEBUG: 	      16	num:96	flank:15786	span:7
[2025-07-14 06:13:28] DEBUG: Mult: 23	97231	140	 (0,1)
[2025-07-14 06:13:28] DEBUG: Total unique edges: 6
[2025-07-14 06:13:28] DEBUG: [SIMPL] Resolved repeats: 0
[2025-07-14 06:13:28] DEBUG: RR links: 0
[2025-07-14 06:13:28] DEBUG: Unresolved: 0
[2025-07-14 06:13:28] DEBUG: Removed 0 simple and 0 double chimeric junctions
[2025-07-14 06:13:28] DEBUG: [SIMPL] Collapsed 0 haplotypes
[2025-07-14 06:13:28] DEBUG: [SIMPL] Resolved 0 simple repeats
[2025-07-14 06:13:28] DEBUG: Read coverage cutoff: 35
[2025-07-14 06:13:28] DEBUG: [SIMPL] Removed 0 paths with low coverage
[2025-07-14 06:13:28] DEBUG: Finding repeats
[2025-07-14 06:13:28] DEBUG: Read coverage cutoff: 35
[2025-07-14 06:13:28] DEBUG: High-cov: 10	933	786
[2025-07-14 06:13:28] DEBUG: High-cov: 20	7103	2104
[2025-07-14 06:13:28] DEBUG: High-cov: 22	6237	686
[2025-07-14 06:13:28] DEBUG: High-cov: 24	35684	10988
[2025-07-14 06:13:28] DEBUG: Repeat detection iteration 1
[2025-07-14 06:13:28] DEBUG: Starting 5 aln:191
[2025-07-14 06:13:28] DEBUG: 	    T 17	num:70	flank:18782	span:7
[2025-07-14 06:13:28] DEBUG: 	      -11	num:96	flank:18077	span:14
[2025-07-14 06:13:28] DEBUG: Mult: 5	2083	175	 (0,1)
[2025-07-14 06:13:28] DEBUG: Starting 23 aln:315
[2025-07-14 06:13:28] DEBUG: 	      -16	num:109	flank:19417	span:10
[2025-07-14 06:13:28] DEBUG: 	      16	num:96	flank:15786	span:7
[2025-07-14 06:13:28] DEBUG: Mult: 23	97231	140	 (0,1)
[2025-07-14 06:13:28] DEBUG: Fixed: 23	97231	140
[2025-07-14 06:13:28] DEBUG: Writing Dot
[2025-07-14 06:13:29] DEBUG: Writing FASTA
[2025-07-14 06:13:29] DEBUG: Peak RAM usage: 1 Gb
-----------End assembly log------------
[2025-07-14 06:13:29] root: INFO: >>>STAGE: contigger
[2025-07-14 06:13:29] root: INFO: Generating contigs
[2025-07-14 06:13:29] root: DEBUG: -----Begin contigger analyser log------
[2025-07-14 06:13:29] root: DEBUG: Running: flye-modules contigger --graph-edges /net/bmc-lab3/data/bcc/charliew/ont_flye/ont_flye_workflow/work/29/d80a7e3b02c8efbe7a4803f3ce33dc/sHF171_30k_40k.assembly/20-repeat/repeat_graph_edges.fasta --reads /net/bmc-lab3/data/bcc/charliew/ont_flye/ont_flye_workflow/work/29/d80a7e3b02c8efbe7a4803f3ce33dc/sHF171_30k_40k.fastq --out-dir /net/bmc-lab3/data/bcc/charliew/ont_flye/ont_flye_workflow/work/29/d80a7e3b02c8efbe7a4803f3ce33dc/sHF171_30k_40k.assembly/30-contigger --config /home/charliew/.conda/envs/flye_2.9.5/lib/python3.12/site-packages/flye/config/bin_cfg/asm_nano_hq.cfg --repeat-graph /net/bmc-lab3/data/bcc/charliew/ont_flye/ont_flye_workflow/work/29/d80a7e3b02c8efbe7a4803f3ce33dc/sHF171_30k_40k.assembly/20-repeat/repeat_graph_dump --graph-aln /net/bmc-lab3/data/bcc/charliew/ont_flye/ont_flye_workflow/work/29/d80a7e3b02c8efbe7a4803f3ce33dc/sHF171_30k_40k.assembly/20-repeat/read_alignment_dump --log /net/bmc-lab3/data/bcc/charliew/ont_flye/ont_flye_workflow/work/29/d80a7e3b02c8efbe7a4803f3ce33dc/sHF171_30k_40k.assembly/flye.log --threads 24 --min-ovlp 10000
[2025-07-14 06:13:29] DEBUG: Build date: Aug 30 2024 21:29:44
[2025-07-14 06:13:29] DEBUG: Total RAM: 376 Gb
[2025-07-14 06:13:29] DEBUG: Available RAM: 358 Gb
[2025-07-14 06:13:29] DEBUG: Total CPUs: 96
[2025-07-14 06:13:29] DEBUG: Loading /home/charliew/.conda/envs/flye_2.9.5/lib/python3.12/site-packages/flye/config/bin_cfg/asm_nano_hq.cfg
[2025-07-14 06:13:29] DEBUG: Loading /home/charliew/.conda/envs/flye_2.9.5/lib/python3.12/site-packages/flye/config/bin_cfg/asm_defaults.cfg
[2025-07-14 06:13:29] DEBUG: 	big_genome_threshold=29000000
[2025-07-14 06:13:29] DEBUG: 	meta_read_filter_kmer_freq=100
[2025-07-14 06:13:29] DEBUG: 	chain_large_gap_penalty=2
[2025-07-14 06:13:29] DEBUG: 	chain_small_gap_penalty=0.5
[2025-07-14 06:13:29] DEBUG: 	chain_gap_jump_threshold=100
[2025-07-14 06:13:29] DEBUG: 	max_jump_gap=500
[2025-07-14 06:13:29] DEBUG: 	max_coverage_drop_rate=5
[2025-07-14 06:13:29] DEBUG: 	max_extensions_drop_rate=5
[2025-07-14 06:13:29] DEBUG: 	chimera_window=100
[2025-07-14 06:13:29] DEBUG: 	chimera_overhang=1000
[2025-07-14 06:13:29] DEBUG: 	min_reads_in_disjointig=4
[2025-07-14 06:13:29] DEBUG: 	max_inner_reads=10
[2025-07-14 06:13:29] DEBUG: 	max_inner_fraction=0.25
[2025-07-14 06:13:29] DEBUG: 	aggressive_dup_filter=1
[2025-07-14 06:13:29] DEBUG: 	max_separation=500
[2025-07-14 06:13:29] DEBUG: 	unique_edge_length=50000
[2025-07-14 06:13:29] DEBUG: 	min_repeat_res_support=0.51
[2025-07-14 06:13:29] DEBUG: 	out_paths_ratio=5
[2025-07-14 06:13:29] DEBUG: 	graph_cov_drop_rate=5
[2025-07-14 06:13:29] DEBUG: 	coverage_estimate_window=100
[2025-07-14 06:13:29] DEBUG: 	max_bubble_length=50000
[2025-07-14 06:13:29] DEBUG: 	loop_coverage_rate=1.5
[2025-07-14 06:13:29] DEBUG: 	repeat_edge_cov_mult=1.75
[2025-07-14 06:13:29] DEBUG: 	weak_detach_rate=5
[2025-07-14 06:13:29] DEBUG: 	tip_coverage_rate=2
[2025-07-14 06:13:29] DEBUG: 	tip_length_rate=2
[2025-07-14 06:13:29] DEBUG: 	output_gfa_before_rr=1
[2025-07-14 06:13:29] DEBUG: 	remove_alt_edges=0
[2025-07-14 06:13:29] DEBUG: 	low_cutoff_warning=0
[2025-07-14 06:13:29] DEBUG: 	kmer_size=17
[2025-07-14 06:13:29] DEBUG: 	use_minimizers=1
[2025-07-14 06:13:29] DEBUG: 	minimizer_window=10
[2025-07-14 06:13:29] DEBUG: 	reads_base_alignment=1
[2025-07-14 06:13:29] DEBUG: 	meta_read_top_kmer_rate=0.75
[2025-07-14 06:13:29] DEBUG: 	maximum_jump=1500
[2025-07-14 06:13:29] DEBUG: 	maximum_overhang=1500
[2025-07-14 06:13:29] DEBUG: 	repeat_kmer_rate=100
[2025-07-14 06:13:29] DEBUG: 	assemble_ovlp_divergence=0.05
[2025-07-14 06:13:29] DEBUG: 	assemble_divergence_relative=1
[2025-07-14 06:13:29] DEBUG: 	repeat_graph_ovlp_divergence=0.05
[2025-07-14 06:13:29] DEBUG: 	read_align_ovlp_divergence=0.10
[2025-07-14 06:13:29] DEBUG: 	hpc_scoring_on=1
[2025-07-14 06:13:29] DEBUG: 	add_unassembled_reads=0
[2025-07-14 06:13:29] DEBUG: 	extend_contigs_with_repeats=0
[2025-07-14 06:13:29] DEBUG: 	min_read_cov_cutoff=3
[2025-07-14 06:13:29] DEBUG: 	short_tip_length=20000
[2025-07-14 06:13:29] DEBUG: 	long_tip_length=100000
[2025-07-14 06:13:29] DEBUG: Running with k-mer size: 17
[2025-07-14 06:13:29] DEBUG: Selected minimum overlap 10000
[2025-07-14 06:13:29] INFO: Reading sequences
[2025-07-14 06:13:34] DEBUG: Building positional index
[2025-07-14 06:13:34] DEBUG: Total sequence: 1673768419 bp
[2025-07-14 06:13:34] DEBUG: Flipped 0
[2025-07-14 06:13:34] DEBUG: UPath 1: 5
[2025-07-14 06:13:34] DEBUG: UPath 2: 21 -> 7
[2025-07-14 06:13:34] DEBUG: UPath 3: 8
[2025-07-14 06:13:34] DEBUG: UPath 4: 10
[2025-07-14 06:13:34] DEBUG: UPath 5: 11
[2025-07-14 06:13:34] DEBUG: UPath 6: 16
[2025-07-14 06:13:34] DEBUG: UPath 7: 17
[2025-07-14 06:13:34] DEBUG: UPath 8: 20
[2025-07-14 06:13:34] DEBUG: UPath 9: 22
[2025-07-14 06:13:34] DEBUG: UPath 10: 23
[2025-07-14 06:13:34] DEBUG: UPath 11: 24
[2025-07-14 06:13:34] DEBUG: Final graph contains 11 egdes
[2025-07-14 06:13:34] DEBUG: Extending contigs into repeats
[2025-07-14 06:13:34] DEBUG: Covered 4 repetitive contigs
[2025-07-14 06:13:34] INFO: Generated 7 contigs
[2025-07-14 06:13:34] DEBUG: Writing FASTA
[2025-07-14 06:13:34] DEBUG: Generating scaffold connections
[2025-07-14 06:13:34] INFO: Added 1 scaffold connections
[2025-07-14 06:13:34] DEBUG: Writing Dot
[2025-07-14 06:13:34] DEBUG: Writing FASTA
[2025-07-14 06:13:35] DEBUG: Writing Gfa
[2025-07-14 06:13:35] DEBUG: Peak RAM usage: 0 Gb
-----------End assembly log------------
[2025-07-14 06:13:35] root: INFO: >>>STAGE: polishing
[2025-07-14 06:13:35] root: INFO: Polishing genome (1/1)
[2025-07-14 06:13:35] root: INFO: Running minimap2
[2025-07-14 06:14:58] root: INFO: Separating alignment into bubbles
[2025-07-14 06:17:08] root: DEBUG: Generated 630740 bubbles
[2025-07-14 06:17:08] root: DEBUG: Split 3 long bubbles
[2025-07-14 06:17:08] root: DEBUG: Skipped 1 empty bubbles
[2025-07-14 06:17:08] root: DEBUG: Skipped 0 bubbles with long branches
[2025-07-14 06:17:08] root: INFO: Alignment error rate: 0.025459
[2025-07-14 06:17:08] root: INFO: Correcting bubbles
[2025-07-14 06:17:39] root: DEBUG: Mean contig coverage: 175, selected threshold: 35
[2025-07-14 06:17:39] root: DEBUG: Filtered 0 contigs of total length 0
[2025-07-14 06:17:39] root: DEBUG: Generating polished GFA
[2025-07-14 06:17:42] root: DEBUG: 0 sequences remained unpolished
[2025-07-14 06:17:42] root: INFO: >>>STAGE: finalize
[2025-07-14 06:17:42] root: DEBUG: ---Output dir contents:----
[2025-07-14 06:17:42] root: DEBUG: sHF171_30k_40k.assembly/
[2025-07-14 06:17:42] root: DEBUG:     47.0 K      flye.log
[2025-07-14 06:17:42] root: DEBUG:     93.0 B      params.json
[2025-07-14 06:17:42] root: DEBUG:     1.0 K       assembly_graph.gv
[2025-07-14 06:17:42] root: DEBUG:     8.0 M       assembly_graph.gfa
[2025-07-14 06:17:42] root: DEBUG:     9.0 M       assembly.fasta
[2025-07-14 06:17:42] root: DEBUG:     00-assembly/
[2025-07-14 06:17:42] root: DEBUG:         9.0 M       draft_assembly.fasta
[2025-07-14 06:17:42] root: DEBUG:         169.0 B     draft_assembly.fasta.fai
[2025-07-14 06:17:42] root: DEBUG:     10-consensus/
[2025-07-14 06:17:42] root: DEBUG:         1.0 K       minimap.stderr
[2025-07-14 06:17:42] root: DEBUG:         216.0 K     minimap.bam.bai
[2025-07-14 06:17:42] root: DEBUG:         9.0 M       consensus.fasta
[2025-07-14 06:17:42] root: DEBUG:     20-repeat/
[2025-07-14 06:17:42] root: DEBUG:         2.0 K       graph_before_rr.gv
[2025-07-14 06:17:42] root: DEBUG:         9.0 M       graph_before_rr.fasta
[2025-07-14 06:17:42] root: DEBUG:         8.0 M       graph_before_rr.gfa
[2025-07-14 06:17:42] root: DEBUG:         2.0 K       graph_after_rr.gv
[2025-07-14 06:17:42] root: DEBUG:         8.0 K       repeat_graph_dump
[2025-07-14 06:17:42] root: DEBUG:         20.0 M      read_alignment_dump
[2025-07-14 06:17:42] root: DEBUG:         9.0 M       repeat_graph_edges.fasta
[2025-07-14 06:17:42] root: DEBUG:     30-contigger/
[2025-07-14 06:17:42] root: DEBUG:         9.0 M       contigs.fasta
[2025-07-14 06:17:42] root: DEBUG:         411.0 B     contigs_stats.txt
[2025-07-14 06:17:42] root: DEBUG:         23.0 B      scaffolds_links.txt
[2025-07-14 06:17:42] root: DEBUG:         1.0 K       graph_final.gv
[2025-07-14 06:17:42] root: DEBUG:         9.0 M       graph_final.fasta
[2025-07-14 06:17:42] root: DEBUG:         8.0 M       graph_final.gfa
[2025-07-14 06:17:42] root: DEBUG:         209.0 B     contigs.fasta.fai
[2025-07-14 06:17:42] root: DEBUG:     40-polishing/
[2025-07-14 06:17:42] root: DEBUG:         1.0 K       minimap.stderr
[2025-07-14 06:17:42] root: DEBUG:         207.0 K     minimap_1.bam.bai
[2025-07-14 06:17:42] root: DEBUG:         172.0 B     contigs_stats.txt
[2025-07-14 06:17:42] root: DEBUG:         3.0 M       base_coverage.bed.gz
[2025-07-14 06:17:42] root: DEBUG:         9.0 M       filtered_contigs.fasta
[2025-07-14 06:17:42] root: DEBUG:         172.0 B     filtered_stats.txt
[2025-07-14 06:17:42] root: DEBUG:         206.0 B     filtered_contigs.fasta.fai
[2025-07-14 06:17:42] root: DEBUG:         5.0 K       edges_aln.bam.bai
[2025-07-14 06:17:42] root: DEBUG:         8.0 M       polished_edges.gfa
[2025-07-14 06:17:42] root: DEBUG: --------------------------
[2025-07-14 06:17:42] root: INFO: Assembly statistics:

	Total length:	9552317
	Fragments:	7
	Fragments N50:	2415391
	Largest frg:	2919783
	Scaffolds:	0
	Mean coverage:	175

[2025-07-14 06:17:42] root: INFO: Final assembly: /net/bmc-lab3/data/bcc/charliew/ont_flye/ont_flye_workflow/work/29/d80a7e3b02c8efbe7a4803f3ce33dc/sHF171_30k_40k.assembly/assembly.fasta
